2026-05-19T16:40:31 UTC | INFO     | main | ============================================================
2026-05-19T16:40:31 UTC | INFO     | main | AUTOMATED STOCK RESEARCH SYSTEM — starting run
2026-05-19T16:40:31 UTC | INFO     | main | DISCLAIMER: This system does NOT perform trading, does NOT give investment advice, and does NOT make price predictions. It is a research data aggregation and scoring tool only.
2026-05-19T16:40:31 UTC | INFO     | main | ============================================================
2026-05-19T16:40:31 UTC | INFO     | main | [SCHEDULER] Time gate passed — matched slot 11:45-13:15
2026-05-19T16:40:31 UTC | WARNING  | main | Validated tickers file is 70 days old (limit 30). Consider re-running validate_tickers.py.
2026-05-19T16:40:31 UTC | INFO     | main | Run slot: 11:45-13:15
2026-05-19T16:40:31 UTC | INFO     | state_manager | New trading day (2026-05-19) — resetting state
2026-05-19T16:40:32 UTC | INFO     | market_collector | Index dow: 49524.32 Falling (-0.33%)
2026-05-19T16:40:32 UTC | INFO     | market_collector | Index sp500: 7370.52 Falling (-0.44%)
2026-05-19T16:40:33 UTC | INFO     | market_collector | Index nasdaq: 25898.45 Falling (-0.74%)
2026-05-19T16:40:33 UTC | INFO     | market_regime | VIX fetched: 17.93
2026-05-19T16:40:33 UTC | INFO     | market_regime | Regime: normal vix=17.93 risk_mult=1.0 opp_mult=1.0
2026-05-19T16:40:33 UTC | INFO     | main | Regime: normal vix=17.93
2026-05-19T16:41:27 UTC | INFO     | market_breadth | Market breadth: 77/130 advancing (0.59) — neutral breadth — mixed market movement
2026-05-19T16:41:28 UTC | INFO     | spy_sma | [SPY] price=735.33 sma200=674.49 above=True
2026-05-19T16:41:36 UTC | INFO     | market_breadth | [B200] 80/125 above 200d SMA = 64.0%
2026-05-19T16:41:36 UTC | INFO     | market_regime_classifier | [MRC] regime=BULL score=3 spy_above=True vix=17.93 breadth_pct=64.0
2026-05-19T16:41:36 UTC | INFO     | main | [MR] market_regime=BULL score=3 breadth_pct=64.0
2026-05-19T16:41:38 UTC | INFO     | sector_breadth_ma | Sector breadth MA technology: 8/10 = 0.80 (sector is genuinely strong)
2026-05-19T16:41:40 UTC | INFO     | sector_breadth_ma | Sector breadth MA semiconductors: 10/10 = 1.00 (sector is genuinely strong)
2026-05-19T16:41:42 UTC | INFO     | sector_breadth_ma | Sector breadth MA healthcare: 3/10 = 0.30 (mixed signals)
2026-05-19T16:41:44 UTC | INFO     | sector_breadth_ma | Sector breadth MA financials: 7/10 = 0.70 (healthy participation)
2026-05-19T16:41:46 UTC | INFO     | sector_breadth_ma | Sector breadth MA consumer_discretionary: 4/10 = 0.40 (mixed signals)
2026-05-19T16:41:48 UTC | INFO     | sector_breadth_ma | Sector breadth MA consumer_staples: 7/10 = 0.70 (healthy participation)
2026-05-19T16:41:51 UTC | INFO     | sector_breadth_ma | Sector breadth MA industrials: 5/10 = 0.50 (mixed signals)
2026-05-19T16:41:53 UTC | INFO     | sector_breadth_ma | Sector breadth MA defense: 1/10 = 0.10 (sector is structurally weak)
2026-05-19T16:41:55 UTC | INFO     | sector_breadth_ma | Sector breadth MA energy: 10/10 = 1.00 (sector is genuinely strong)
2026-05-19T16:41:58 UTC | INFO     | sector_breadth_ma | Sector breadth MA materials: 4/10 = 0.40 (mixed signals)
2026-05-19T16:42:00 UTC | INFO     | sector_breadth_ma | Sector breadth MA utilities: 2/10 = 0.20 (sector is structurally weak)
2026-05-19T16:42:03 UTC | INFO     | sector_breadth_ma | Sector breadth MA real_estate: 9/10 = 0.90 (sector is genuinely strong)
2026-05-19T16:42:04 UTC | INFO     | sector_breadth_ma | Sector breadth MA communication_services: 2/10 = 0.20 (sector is structurally weak)
2026-05-19T16:42:10 UTC | INFO     | sector_momentum | Top 5 sectors: ['energy', 'consumer_staples', 'healthcare', 'technology', 'communication_services']
2026-05-19T16:42:10 UTC | INFO     | sector_momentum | Sector momentum history updated (6 entries)
2026-05-19T16:42:10 UTC | INFO     | sector_rotation_speed | Rotation technology: rank 4 -> 4 speed=0 (stable)
2026-05-19T16:42:10 UTC | INFO     | sector_rotation_speed | Rotation healthcare: rank 7 -> 3 speed=4 (rapidly gaining strength)
2026-05-19T16:42:10 UTC | INFO     | sector_rotation_speed | Rotation financials: rank 3 -> 6 speed=-3 (losing momentum)
2026-05-19T16:42:10 UTC | INFO     | sector_rotation_speed | Rotation consumer_discretionary: rank 8 -> 12 speed=-4 (rapidly losing strength)
2026-05-19T16:42:10 UTC | INFO     | sector_rotation_speed | Rotation consumer_staples: rank 10 -> 2 speed=8 (rapidly gaining strength)
2026-05-19T16:42:10 UTC | INFO     | sector_rotation_speed | Rotation industrials: rank 6 -> 10 speed=-4 (rapidly losing strength)
2026-05-19T16:42:10 UTC | INFO     | sector_rotation_speed | Rotation materials: rank 13 -> 13 speed=0 (stable)
2026-05-19T16:42:10 UTC | INFO     | sector_rotation_speed | Rotation energy: rank 1 -> 1 speed=0 (stable)
2026-05-19T16:42:10 UTC | INFO     | sector_rotation_speed | Rotation utilities: rank 12 -> 11 speed=1 (stable)
2026-05-19T16:42:10 UTC | INFO     | sector_rotation_speed | Rotation real_estate: rank 9 -> 7 speed=2 (gaining momentum)
2026-05-19T16:42:10 UTC | INFO     | sector_rotation_speed | Rotation communication_services: rank 5 -> 5 speed=0 (stable)
2026-05-19T16:42:10 UTC | INFO     | sector_rotation_speed | Rotation semiconductors: rank 2 -> 8 speed=-6 (rapidly losing strength)
2026-05-19T16:42:10 UTC | INFO     | sector_rotation_speed | Rotation defense: rank 11 -> 9 speed=2 (gaining momentum)
2026-05-19T16:42:10 UTC | INFO     | news_collector | reuters RSS: fetched 0 articles
2026-05-19T16:42:11 UTC | INFO     | news_collector | ft RSS: fetched 9 articles
2026-05-19T16:42:11 UTC | INFO     | news_collector | Finnhub: fetched 100 articles
2026-05-19T16:42:11 UTC | INFO     | news_collector | Filter: 109 raw → 28 passed
2026-05-19T16:42:11 UTC | INFO     | news_collector | Dedup: 28 → 28 articles
2026-05-19T16:42:11 UTC | INFO     | news_collector | Sector confirmed: energy score=16.0 headlines=5
2026-05-19T16:42:11 UTC | INFO     | news_collector | Sector confirmed: materials score=15.9 headlines=6
2026-05-19T16:42:11 UTC | INFO     | news_collector | Sector confirmed: consumer_staples score=14.3 headlines=5
2026-05-19T16:42:11 UTC | INFO     | news_collector | Sector confirmed: consumer_discretionary score=37.8 headlines=11
2026-05-19T16:42:11 UTC | INFO     | news_collector | Sector confirmed: technology score=20.2 headlines=7
2026-05-19T16:42:11 UTC | INFO     | news_collector | Sector confirmed: industrials score=7.6 headlines=3
2026-05-19T16:42:11 UTC | INFO     | news_collector | Sector confirmed: utilities score=18.0 headlines=5
2026-05-19T16:42:11 UTC | INFO     | news_collector | Sector confirmed: financials score=22.0 headlines=5
2026-05-19T16:42:11 UTC | INFO     | news_collector | Sector confirmed: real_estate score=18.4 headlines=4
2026-05-19T16:42:11 UTC | INFO     | news_collector | Sector gated: defense score=5.4 headlines=1 (need score>=4, headlines>=2)
2026-05-19T16:42:11 UTC | INFO     | news_collector | Confirmed sectors: ['energy', 'materials', 'consumer_staples', 'consumer_discretionary', 'technology', 'industrials', 'utilities', 'financials', 'real_estate']
2026-05-19T16:42:11 UTC | INFO     | market_collector | get_index_history dow: 30 points
2026-05-19T16:42:11 UTC | INFO     | market_collector | get_index_history sp500: 30 points
2026-05-19T16:42:12 UTC | INFO     | market_collector | get_index_history nasdaq: 30 points
2026-05-19T16:42:12 UTC | INFO     | main | News: 28 articles, 9 candidate sectors
2026-05-19T16:42:12 UTC | INFO     | news_impact_scorer | SPY day move: 0.44%
2026-05-19T16:42:12 UTC | INFO     | news_impact_scorer | Impact [energy]: sources=5 kw=16.0 spy=0.44% → impact=0.706 ✓ passes
2026-05-19T16:42:12 UTC | INFO     | news_impact_scorer | Impact [materials]: sources=6 kw=15.9 spy=0.44% → impact=0.705 ✓ passes
2026-05-19T16:42:12 UTC | INFO     | news_impact_scorer | Impact [consumer_staples]: sources=5 kw=14.3 spy=0.44% → impact=0.681 ✓ passes
2026-05-19T16:42:12 UTC | INFO     | news_impact_scorer | Impact [consumer_discretionary]: sources=11 kw=37.9 spy=0.44% → impact=0.766 ✓ passes
2026-05-19T16:42:12 UTC | INFO     | news_impact_scorer | Impact [technology]: sources=7 kw=20.2 spy=0.44% → impact=0.766 ✓ passes
2026-05-19T16:42:12 UTC | INFO     | news_impact_scorer | Impact [industrials]: sources=3 kw=7.6 spy=0.44% → impact=0.580 ✗ below threshold
2026-05-19T16:42:12 UTC | INFO     | news_impact_scorer | Sector dropped by impact gate: industrials (sources=3 kw=7.6 spy=0.44% → impact=0.580 ✗ below threshold)
2026-05-19T16:42:12 UTC | INFO     | news_impact_scorer | Impact [utilities]: sources=5 kw=18.0 spy=0.44% → impact=0.736 ✓ passes
2026-05-19T16:42:12 UTC | INFO     | news_impact_scorer | Impact [financials]: sources=5 kw=22.0 spy=0.44% → impact=0.766 ✓ passes
2026-05-19T16:42:12 UTC | INFO     | news_impact_scorer | Impact [real_estate]: sources=4 kw=18.4 spy=0.44% → impact=0.741 ✓ passes
2026-05-19T16:42:12 UTC | INFO     | news_impact_scorer | Impact gate: 9 → 8 sectors passed
2026-05-19T16:42:12 UTC | INFO     | main | Momentum gate: 8 → 3 sectors
2026-05-19T16:42:12 UTC | INFO     | sector_mapper | Mapped 0 events → 0 sectors
2026-05-19T16:42:12 UTC | INFO     | sector_validator | Sector energy/XLE: sig1=True sig2=True sig3=False tf_ok=True → CONFIRMED
2026-05-19T16:42:12 UTC | INFO     | sector_validator | Sector consumer_staples/XLP: sig1=True sig2=True sig3=False tf_ok=True → CONFIRMED
2026-05-19T16:42:12 UTC | INFO     | sector_validator | Sector technology/XLK: sig1=False sig2=False sig3=False tf_ok=False → REJECTED
2026-05-19T16:42:12 UTC | INFO     | main | Sector technology: ETF confirmation failed
2026-05-19T16:42:12 UTC | INFO     | main | Confirmed sectors: ['energy', 'consumer_staples']
2026-05-19T16:42:13 UTC | INFO     | financial_parser | XOM: using cached financials (4d old)
2026-05-19T16:42:13 UTC | INFO     | main | DEBUG filter XOM: ok=True reason=
2026-05-19T16:42:13 UTC | INFO     | volume_confirmation | XOM volume ratio=0.39 score=0.13 label=lower activity than usual
2026-05-19T16:42:13 UTC | INFO     | risk_adjusted_momentum | XOM RAM raw=4.34 score=0.72
2026-05-19T16:42:14 UTC | INFO     | multi_timeframe_momentum | XOM MTF 1m=10.393486725987758 3m=8.195575420634784 6m=37.57710661721333 score=0.79
2026-05-19T16:42:14 UTC | INFO     | trend_stability | XOM trend stability: dev=0.0283 score=0.72
2026-05-19T16:42:14 UTC | INFO     | drawdown_risk | XOM drawdown=4.9% score=0.88
2026-05-19T16:42:14 UTC | INFO     | risk_model | Risk components: debt=4.6 vol=0.0 liq=0.0 eps=10.3 margin=68.9 mcap=0.0 drawdown=12.3 regime_mult=1.0
2026-05-19T16:42:14 UTC | INFO     | opportunity_model | Opp buckets: financial_health=27.1 price_trend=67.1 market_confirmation=54.2
2026-05-19T16:42:14 UTC | INFO     | signal_agreement | Signal agreement: m=0.72 s=1.00 e=0.50 v=0.13 -> 0.047
2026-05-19T16:42:14 UTC | INFO     | main | DEBUG scores XOM: opp_financial_health=27.1 opp_price_trend=67.1 opp_market_confirmation=54.2
2026-05-19T16:42:14 UTC | INFO     | financial_parser | CVX: using cached financials (4d old)
2026-05-19T16:42:14 UTC | INFO     | main | DEBUG filter CVX: ok=True reason=
2026-05-19T16:42:14 UTC | INFO     | volume_confirmation | CVX volume ratio=0.37 score=0.12 label=lower activity than usual
2026-05-19T16:42:15 UTC | INFO     | risk_adjusted_momentum | CVX RAM raw=3.84 score=0.69
2026-05-19T16:42:15 UTC | INFO     | multi_timeframe_momentum | CVX MTF 1m=6.979532489021999 3m=6.618805945575241 6m=26.994427544486975 score=0.71
2026-05-19T16:42:15 UTC | INFO     | trend_stability | CVX trend stability: dev=0.0263 score=0.74
2026-05-19T16:42:15 UTC | INFO     | drawdown_risk | CVX drawdown=7.2% score=0.82
2026-05-19T16:42:15 UTC | INFO     | risk_model | Risk components: debt=6.0 vol=0.1 liq=3.2 eps=11.4 margin=76.3 mcap=0.0 drawdown=17.9 regime_mult=1.0
2026-05-19T16:42:15 UTC | INFO     | opportunity_model | Opp buckets: financial_health=18.4 price_trend=63.3 market_confirmation=53.9
2026-05-19T16:42:15 UTC | INFO     | signal_agreement | Signal agreement: m=0.69 s=1.00 e=0.50 v=0.12 -> 0.043
2026-05-19T16:42:15 UTC | INFO     | main | DEBUG scores CVX: opp_financial_health=18.4 opp_price_trend=63.3 opp_market_confirmation=53.9
2026-05-19T16:42:15 UTC | INFO     | financial_parser | COP: using cached financials (4d old)
2026-05-19T16:42:15 UTC | INFO     | main | DEBUG filter COP: ok=True reason=
2026-05-19T16:42:16 UTC | INFO     | volume_confirmation | COP volume ratio=0.28 score=0.09 label=lower activity than usual
2026-05-19T16:42:16 UTC | INFO     | risk_adjusted_momentum | COP RAM raw=6.56 score=0.83
2026-05-19T16:42:16 UTC | INFO     | multi_timeframe_momentum | COP MTF 1m=8.442730087291451 3m=14.261279214477284 6m=40.57691562317673 score=0.85
2026-05-19T16:42:17 UTC | INFO     | trend_stability | COP trend stability: dev=0.0308 score=0.69
2026-05-19T16:42:17 UTC | INFO     | drawdown_risk | COP drawdown=5.6% score=0.86
2026-05-19T16:42:17 UTC | INFO     | risk_model | Risk components: debt=9.0 vol=0.0 liq=22.7 eps=12.5 margin=50.7 mcap=0.0 drawdown=14.1 regime_mult=1.0
2026-05-19T16:42:17 UTC | INFO     | opportunity_model | Opp buckets: financial_health=42.6 price_trend=72.2 market_confirmation=52.7
2026-05-19T16:42:17 UTC | INFO     | signal_agreement | Signal agreement: m=0.83 s=1.00 e=0.50 v=0.09 -> 0.039
2026-05-19T16:42:17 UTC | INFO     | main | DEBUG scores COP: opp_financial_health=42.6 opp_price_trend=72.2 opp_market_confirmation=52.7
2026-05-19T16:42:17 UTC | INFO     | financial_parser | SLB: using cached financials (4d old)
2026-05-19T16:42:17 UTC | INFO     | main | DEBUG filter SLB: ok=True reason=
2026-05-19T16:42:17 UTC | INFO     | volume_confirmation | SLB volume ratio=0.26 score=0.09 label=lower activity than usual
2026-05-19T16:42:17 UTC | INFO     | risk_adjusted_momentum | SLB RAM raw=4.72 score=0.74
2026-05-19T16:42:17 UTC | INFO     | multi_timeframe_momentum | SLB MTF 1m=9.137931777867404 3m=10.428379632104653 6m=56.35811864076895 score=0.90
2026-05-19T16:42:18 UTC | INFO     | trend_stability | SLB trend stability: dev=0.0833 score=0.17
2026-05-19T16:42:18 UTC | INFO     | drawdown_risk | SLB drawdown=0.3% score=0.99
2026-05-19T16:42:18 UTC | INFO     | risk_model | Risk components: debt=10.6 vol=11.5 liq=0.0 eps=8.9 margin=62.9 mcap=0.0 drawdown=0.8 regime_mult=1.0
2026-05-19T16:42:18 UTC | INFO     | opportunity_model | Opp buckets: financial_health=30.7 price_trend=71.9 market_confirmation=52.4
2026-05-19T16:42:18 UTC | INFO     | signal_agreement | Signal agreement: m=0.74 s=1.00 e=0.50 v=0.09 -> 0.032
2026-05-19T16:42:18 UTC | INFO     | main | DEBUG scores SLB: opp_financial_health=30.7 opp_price_trend=71.9 opp_market_confirmation=52.4
2026-05-19T16:42:18 UTC | INFO     | financial_parser | EOG: using cached financials (4d old)
2026-05-19T16:42:18 UTC | INFO     | main | DEBUG filter EOG: ok=True reason=
2026-05-19T16:42:18 UTC | INFO     | volume_confirmation | EOG volume ratio=0.34 score=0.11 label=lower activity than usual
2026-05-19T16:42:18 UTC | INFO     | risk_adjusted_momentum | EOG RAM raw=9.30 score=0.96
2026-05-19T16:42:19 UTC | INFO     | multi_timeframe_momentum | EOG MTF 1m=11.470270998259817 3m=18.66596984574757 6m=32.67753504888747 score=0.86
2026-05-19T16:42:19 UTC | INFO     | trend_stability | EOG trend stability: dev=0.0305 score=0.70
2026-05-19T16:42:19 UTC | INFO     | drawdown_risk | EOG drawdown=3.2% score=0.92
2026-05-19T16:42:19 UTC | INFO     | risk_model | Risk components: debt=6.7 vol=0.0 liq=60.4 eps=16.7 margin=6.7 mcap=0.0 drawdown=8.0 regime_mult=1.0
2026-05-19T16:42:19 UTC | INFO     | opportunity_model | Opp buckets: financial_health=50.2 price_trend=75.9 market_confirmation=53.4
2026-05-19T16:42:19 UTC | INFO     | signal_agreement | Signal agreement: m=0.96 s=1.00 e=0.50 v=0.11 -> 0.054
2026-05-19T16:42:19 UTC | INFO     | main | DEBUG scores EOG: opp_financial_health=50.2 opp_price_trend=75.9 opp_market_confirmation=53.4
2026-05-19T16:42:19 UTC | INFO     | financial_parser | MPC: using cached financials (4d old)
2026-05-19T16:42:19 UTC | INFO     | main | DEBUG filter MPC: ok=True reason=
2026-05-19T16:42:19 UTC | INFO     | volume_confirmation | MPC volume ratio=0.28 score=0.09 label=lower activity than usual
2026-05-19T16:42:20 UTC | INFO     | risk_adjusted_momentum | MPC RAM raw=13.69 score=1.00
2026-05-19T16:42:20 UTC | INFO     | multi_timeframe_momentum | MPC MTF 1m=21.96431900419082 3m=30.856333272676395 6m=31.903298344296164 score=0.99
2026-05-19T16:42:20 UTC | INFO     | trend_stability | MPC trend stability: dev=0.0857 score=0.14
2026-05-19T16:42:20 UTC | INFO     | drawdown_risk | MPC drawdown=0.0% score=1.00
2026-05-19T16:42:20 UTC | INFO     | risk_model | Risk components: debt=36.6 vol=1.5 liq=79.2 eps=36.9 margin=86.4 mcap=0.0 drawdown=0.0 regime_mult=1.0
2026-05-19T16:42:20 UTC | INFO     | opportunity_model | Opp buckets: financial_health=33.0 price_trend=82.1 market_confirmation=52.6
2026-05-19T16:42:20 UTC | INFO     | signal_agreement | Signal agreement: m=1.00 s=1.00 e=0.50 v=0.09 -> 0.046
2026-05-19T16:42:20 UTC | INFO     | main | DEBUG scores MPC: opp_financial_health=33.0 opp_price_trend=82.1 opp_market_confirmation=52.6
2026-05-19T16:42:20 UTC | INFO     | financial_parser | PSX: using cached financials (4d old)
2026-05-19T16:42:20 UTC | INFO     | main | DEBUG filter PSX: ok=True reason=
2026-05-19T16:42:21 UTC | INFO     | volume_confirmation | PSX volume ratio=0.31 score=0.10 label=lower activity than usual
2026-05-19T16:42:21 UTC | INFO     | risk_adjusted_momentum | PSX RAM raw=9.11 score=0.96
2026-05-19T16:42:21 UTC | INFO     | multi_timeframe_momentum | PSX MTF 1m=18.352251965010474 3m=18.074370588854947 6m=31.695749338524408 score=0.87
2026-05-19T16:42:21 UTC | INFO     | trend_stability | PSX trend stability: dev=0.0368 score=0.63
2026-05-19T16:42:21 UTC | INFO     | drawdown_risk | PSX drawdown=2.1% score=0.95
2026-05-19T16:42:21 UTC | INFO     | risk_model | Risk components: debt=22.8 vol=9.6 liq=74.3 eps=62.6 margin=87.7 mcap=0.0 drawdown=5.2 regime_mult=1.0
2026-05-19T16:42:21 UTC | INFO     | opportunity_model | Opp buckets: financial_health=25.9 price_trend=76.2 market_confirmation=53.1
2026-05-19T16:42:21 UTC | INFO     | signal_agreement | Signal agreement: m=0.96 s=1.00 e=0.50 v=0.10 -> 0.050
2026-05-19T16:42:21 UTC | INFO     | main | DEBUG scores PSX: opp_financial_health=25.9 opp_price_trend=76.2 opp_market_confirmation=53.1
2026-05-19T16:42:21 UTC | INFO     | financial_parser | VLO: using cached financials (4d old)
2026-05-19T16:42:21 UTC | INFO     | main | DEBUG filter VLO: ok=True reason=
2026-05-19T16:42:22 UTC | INFO     | volume_confirmation | VLO volume ratio=0.49 score=0.16 label=lower activity than usual
2026-05-19T16:42:22 UTC | INFO     | risk_adjusted_momentum | VLO RAM raw=12.20 score=1.00
2026-05-19T16:42:22 UTC | INFO     | multi_timeframe_momentum | VLO MTF 1m=15.43221390141236 3m=30.953576363672948 6m=45.496613961908935 score=1.00
2026-05-19T16:42:22 UTC | INFO     | trend_stability | VLO trend stability: dev=0.0481 score=0.52
2026-05-19T16:42:23 UTC | INFO     | drawdown_risk | VLO drawdown=0.0% score=1.00
2026-05-19T16:42:23 UTC | INFO     | risk_model | Risk components: debt=10.7 vol=3.5 liq=70.7 eps=52.5 margin=85.7 mcap=0.0 drawdown=0.0 regime_mult=1.0
2026-05-19T16:42:23 UTC | INFO     | opportunity_model | Opp buckets: financial_health=49.0 price_trend=82.5 market_confirmation=55.4
2026-05-19T16:42:23 UTC | INFO     | signal_agreement | Signal agreement: m=1.00 s=1.00 e=0.50 v=0.16 -> 0.081
2026-05-19T16:42:23 UTC | INFO     | main | DEBUG scores VLO: opp_financial_health=49.0 opp_price_trend=82.5 opp_market_confirmation=55.4
2026-05-19T16:42:23 UTC | INFO     | financial_parser | DVN: using cached financials (4d old)
2026-05-19T16:42:23 UTC | INFO     | main | DEBUG filter DVN: ok=True reason=
2026-05-19T16:42:23 UTC | INFO     | volume_confirmation | DVN volume ratio=0.37 score=0.12 label=lower activity than usual
2026-05-19T16:42:24 UTC | INFO     | risk_adjusted_momentum | DVN RAM raw=5.20 score=0.76
2026-05-19T16:42:24 UTC | INFO     | multi_timeframe_momentum | DVN MTF 1m=10.324885060383671 3m=12.148882730637316 6m=39.954831882664976 score=0.84
2026-05-19T16:42:24 UTC | INFO     | trend_stability | DVN trend stability: dev=0.0429 score=0.57
2026-05-19T16:42:24 UTC | INFO     | drawdown_risk | DVN drawdown=4.8% score=0.88
2026-05-19T16:42:24 UTC | INFO     | risk_model | Risk components: debt=14.1 vol=0.0 liq=0.0 eps=11.8 margin=43.3 mcap=0.0 drawdown=12.0 regime_mult=1.0
2026-05-19T16:42:24 UTC | INFO     | opportunity_model | Opp buckets: financial_health=44.8 price_trend=69.9 market_confirmation=53.8
2026-05-19T16:42:24 UTC | INFO     | signal_agreement | Signal agreement: m=0.76 s=1.00 e=0.50 v=0.12 -> 0.046
2026-05-19T16:42:24 UTC | INFO     | main | DEBUG scores DVN: opp_financial_health=44.8 opp_price_trend=69.9 opp_market_confirmation=53.8
2026-05-19T16:42:24 UTC | INFO     | financial_parser | FANG: using cached financials (4d old)
2026-05-19T16:42:24 UTC | INFO     | main | DEBUG filter FANG: ok=True reason=
2026-05-19T16:42:25 UTC | INFO     | volume_confirmation | FANG volume ratio=0.20 score=0.07 label=lower activity than usual
2026-05-19T16:42:25 UTC | INFO     | risk_adjusted_momentum | FANG RAM raw=9.99 score=1.00
2026-05-19T16:42:25 UTC | INFO     | multi_timeframe_momentum | FANG MTF 1m=13.660693616093114 3m=20.543012111777827 6m=40.58773290254879 score=0.92
2026-05-19T16:42:25 UTC | INFO     | trend_stability | FANG trend stability: dev=0.0603 score=0.40
2026-05-19T16:42:25 UTC | INFO     | drawdown_risk | FANG drawdown=2.4% score=0.94
2026-05-19T16:42:25 UTC | INFO     | risk_model | Risk components: debt=8.1 vol=0.0 liq=73.4 eps=100 margin=92.1 mcap=0.0 drawdown=6.1 regime_mult=1.0
2026-05-19T16:42:25 UTC | INFO     | opportunity_model | Opp buckets: financial_health=31.0 price_trend=79.3 market_confirmation=51.6
2026-05-19T16:42:25 UTC | INFO     | signal_agreement | Signal agreement: m=1.00 s=1.00 e=0.50 v=0.07 -> 0.034
2026-05-19T16:42:25 UTC | INFO     | main | DEBUG scores FANG: opp_financial_health=31.0 opp_price_trend=79.3 opp_market_confirmation=51.6
2026-05-19T16:42:25 UTC | INFO     | financial_parser | APA: using cached financials (4d old)
2026-05-19T16:42:25 UTC | INFO     | main | DEBUG filter APA: ok=True reason=
2026-05-19T16:42:25 UTC | WARNING  | financial_parser | APA cross-validation divergence: market_cap yf=13477820416.00 av=14191831000.00 (>5% diff)
2026-05-19T16:42:26 UTC | INFO     | volume_confirmation | APA volume ratio=0.55 score=0.18 label=lower activity than usual
2026-05-19T16:42:26 UTC | INFO     | risk_adjusted_momentum | APA RAM raw=12.67 score=1.00
2026-05-19T16:42:26 UTC | INFO     | multi_timeframe_momentum | APA MTF 1m=13.333468565251625 3m=42.488818565938885 6m=66.00929794102277 score=1.00
2026-05-19T16:42:27 UTC | INFO     | trend_stability | APA trend stability: dev=0.0579 score=0.42
2026-05-19T16:42:27 UTC | INFO     | drawdown_risk | APA drawdown=8.2% score=0.80
2026-05-19T16:42:27 UTC | INFO     | risk_model | Risk components: debt=15.3 vol=0.0 liq=30.7 eps=20.8 margin=26.7 mcap=0.0 drawdown=20.4 regime_mult=1.0
2026-05-19T16:42:27 UTC | INFO     | opportunity_model | Opp buckets: financial_health=43.1 price_trend=82.5 market_confirmation=56.3
2026-05-19T16:42:27 UTC | INFO     | signal_agreement | Signal agreement: m=1.00 s=1.00 e=0.50 v=0.18 -> 0.092
2026-05-19T16:42:27 UTC | INFO     | main | DEBUG scores APA: opp_financial_health=43.1 opp_price_trend=82.5 opp_market_confirmation=56.3
2026-05-19T16:42:27 UTC | INFO     | financial_parser | BKR: using cached financials (4d old)
2026-05-19T16:42:27 UTC | INFO     | main | DEBUG filter BKR: ok=True reason=
2026-05-19T16:42:28 UTC | INFO     | volume_confirmation | BKR volume ratio=0.27 score=0.09 label=lower activity than usual
2026-05-19T16:42:28 UTC | INFO     | risk_adjusted_momentum | BKR RAM raw=2.67 score=0.63
2026-05-19T16:42:28 UTC | INFO     | multi_timeframe_momentum | BKR MTF 1m=11.95840915577122 3m=7.646716204638782 6m=36.45740482348662 score=0.79
2026-05-19T16:42:28 UTC | INFO     | trend_stability | BKR trend stability: dev=0.0632 score=0.37
2026-05-19T16:42:28 UTC | INFO     | drawdown_risk | BKR drawdown=4.9% score=0.88
2026-05-19T16:42:28 UTC | INFO     | risk_model | Risk components: debt=20.7 vol=23.5 liq=26.9 eps=15.0 margin=55.3 mcap=0.0 drawdown=12.3 regime_mult=1.0
2026-05-19T16:42:28 UTC | INFO     | opportunity_model | Opp buckets: financial_health=44.1 price_trend=64.8 market_confirmation=52.5
2026-05-19T16:42:28 UTC | INFO     | signal_agreement | Signal agreement: m=0.63 s=1.00 e=0.50 v=0.09 -> 0.029
2026-05-19T16:42:28 UTC | INFO     | main | DEBUG scores BKR: opp_financial_health=44.1 opp_price_trend=64.8 opp_market_confirmation=52.5
2026-05-19T16:42:28 UTC | INFO     | financial_parser | HAL: using cached financials (4d old)
2026-05-19T16:42:28 UTC | INFO     | main | DEBUG filter HAL: ok=True reason=
2026-05-19T16:42:29 UTC | INFO     | volume_confirmation | HAL volume ratio=0.23 score=0.08 label=lower activity than usual
2026-05-19T16:42:29 UTC | INFO     | risk_adjusted_momentum | HAL RAM raw=11.35 score=1.00
2026-05-19T16:42:29 UTC | INFO     | multi_timeframe_momentum | HAL MTF 1m=17.461828587806988 3m=24.514612930587614 6m=59.593315533504885 score=1.00
2026-05-19T16:42:29 UTC | INFO     | trend_stability | HAL trend stability: dev=0.0893 score=0.11
2026-05-19T16:42:30 UTC | INFO     | drawdown_risk | HAL drawdown=0.0% score=1.00
2026-05-19T16:42:30 UTC | INFO     | risk_model | Risk components: debt=18.7 vol=12.1 liq=0.0 eps=33.5 margin=72.2 mcap=0.0 drawdown=0.0 regime_mult=1.0
2026-05-19T16:42:30 UTC | INFO     | opportunity_model | Opp buckets: financial_health=39.0 price_trend=82.5 market_confirmation=52.0
2026-05-19T16:42:30 UTC | INFO     | signal_agreement | Signal agreement: m=1.00 s=1.00 e=0.50 v=0.08 -> 0.038
2026-05-19T16:42:30 UTC | INFO     | main | DEBUG scores HAL: opp_financial_health=39.0 opp_price_trend=82.5 opp_market_confirmation=52.0
2026-05-19T16:42:30 UTC | INFO     | financial_parser | NOV: using cached financials (4d old)
2026-05-19T16:42:30 UTC | INFO     | main | DEBUG filter NOV: ok=True reason=
2026-05-19T16:42:30 UTC | INFO     | volume_confirmation | NOV volume ratio=0.20 score=0.07 label=lower activity than usual
2026-05-19T16:42:30 UTC | INFO     | risk_adjusted_momentum | NOV RAM raw=2.08 score=0.60
2026-05-19T16:42:31 UTC | INFO     | multi_timeframe_momentum | NOV MTF 1m=9.691752919220095 3m=5.53489745573641 6m=34.8215303848652 score=0.75
2026-05-19T16:42:31 UTC | INFO     | trend_stability | NOV trend stability: dev=0.0429 score=0.57
2026-05-19T16:42:31 UTC | INFO     | drawdown_risk | NOV drawdown=0.8% score=0.98
2026-05-19T16:42:31 UTC | INFO     | risk_model | Risk components: debt=9.3 vol=21.0 liq=60.3 eps=100 margin=95.8 mcap=41.4 drawdown=2.1 regime_mult=1.0
2026-05-19T16:42:31 UTC | INFO     | opportunity_model | Opp buckets: financial_health=1.2 price_trend=62.7 market_confirmation=51.5
2026-05-19T16:42:31 UTC | INFO     | signal_agreement | Signal agreement: m=0.60 s=1.00 e=0.50 v=0.07 -> 0.020
2026-05-19T16:42:31 UTC | INFO     | main | DEBUG scores NOV: opp_financial_health=1.2 opp_price_trend=62.7 opp_market_confirmation=51.5
2026-05-19T16:42:31 UTC | INFO     | financial_parser | OXY: using cached financials (4d old)
2026-05-19T16:42:31 UTC | INFO     | main | DEBUG filter OXY: ok=True reason=
2026-05-19T16:42:31 UTC | INFO     | volume_confirmation | OXY volume ratio=0.53 score=0.18 label=lower activity than usual
2026-05-19T16:42:31 UTC | INFO     | risk_adjusted_momentum | OXY RAM raw=6.43 score=0.82
2026-05-19T16:42:32 UTC | INFO     | multi_timeframe_momentum | OXY MTF 1m=10.728710113464137 3m=28.659358754951185 6m=42.57147534959402 score=0.99
2026-05-19T16:42:32 UTC | INFO     | trend_stability | OXY trend stability: dev=0.0401 score=0.60
2026-05-19T16:42:32 UTC | INFO     | drawdown_risk | OXY drawdown=8.9% score=0.78
2026-05-19T16:42:32 UTC | INFO     | risk_model | Risk components: debt=10.5 vol=0.0 liq=0.0 eps=66.0 margin=10.3 mcap=0.0 drawdown=22.3 regime_mult=1.0
2026-05-19T16:42:32 UTC | INFO     | opportunity_model | Opp buckets: financial_health=45.0 price_trend=77.5 market_confirmation=55.9
2026-05-19T16:42:32 UTC | INFO     | signal_agreement | Signal agreement: m=0.82 s=1.00 e=0.50 v=0.17 -> 0.072
2026-05-19T16:42:32 UTC | INFO     | main | DEBUG scores OXY: opp_financial_health=45.0 opp_price_trend=77.5 opp_market_confirmation=55.9
2026-05-19T16:42:32 UTC | INFO     | financial_parser | RRC: using cached financials (4d old)
2026-05-19T16:42:32 UTC | INFO     | main | DEBUG filter RRC: ok=True reason=
2026-05-19T16:42:33 UTC | INFO     | volume_confirmation | RRC volume ratio=0.27 score=0.09 label=lower activity than usual
2026-05-19T16:42:33 UTC | INFO     | risk_adjusted_momentum | RRC RAM raw=5.39 score=0.77
2026-05-19T16:42:33 UTC | INFO     | multi_timeframe_momentum | RRC MTF 1m=4.970836203165179 3m=15.336932468834435 6m=13.506433477948306 score=0.71
2026-05-19T16:42:33 UTC | INFO     | trend_stability | RRC trend stability: dev=0.0268 score=0.73
2026-05-19T16:42:33 UTC | INFO     | drawdown_risk | RRC drawdown=9.4% score=0.77
2026-05-19T16:42:33 UTC | INFO     | risk_model | Risk components: debt=5.3 vol=0.0 liq=71.9 eps=23.9 margin=0.0 mcap=20.9 drawdown=23.4 regime_mult=1.0
2026-05-19T16:42:33 UTC | INFO     | opportunity_model | Opp buckets: financial_health=84.3 price_trend=65.2 market_confirmation=52.6
2026-05-19T16:42:33 UTC | INFO     | signal_agreement | Signal agreement: m=0.77 s=1.00 e=0.50 v=0.09 -> 0.035
2026-05-19T16:42:33 UTC | INFO     | main | DEBUG scores RRC: opp_financial_health=84.3 opp_price_trend=65.2 opp_market_confirmation=52.6
2026-05-19T16:42:33 UTC | INFO     | financial_parser | EQT: using cached financials (4d old)
2026-05-19T16:42:33 UTC | INFO     | main | DEBUG filter EQT: ok=True reason=
2026-05-19T16:42:34 UTC | INFO     | volume_confirmation | EQT volume ratio=0.57 score=0.19 label=lower activity than usual
2026-05-19T16:42:34 UTC | INFO     | risk_adjusted_momentum | EQT RAM raw=-0.28 score=0.49
2026-05-19T16:42:34 UTC | INFO     | multi_timeframe_momentum | EQT MTF 1m=4.363431924935878 3m=1.4619690733246007 6m=-0.4092853667560527 score=0.52
2026-05-19T16:42:35 UTC | INFO     | trend_stability | EQT trend stability: dev=0.0553 score=0.45
2026-05-19T16:42:35 UTC | INFO     | drawdown_risk | EQT drawdown=12.4% score=0.69
2026-05-19T16:42:35 UTC | INFO     | risk_model | Risk components: debt=5.2 vol=4.4 liq=31.6 eps=34.5 margin=0.0 mcap=0.0 drawdown=31.1 regime_mult=1.0
2026-05-19T16:42:35 UTC | INFO     | opportunity_model | Opp buckets: financial_health=100 price_trend=50.6 market_confirmation=56.5
2026-05-19T16:42:35 UTC | INFO     | signal_agreement | Signal agreement: m=0.49 s=1.00 e=0.50 v=0.19 -> 0.046
2026-05-19T16:42:35 UTC | INFO     | main | DEBUG scores EQT: opp_financial_health=100 opp_price_trend=50.6 opp_market_confirmation=56.5
2026-05-19T16:42:35 UTC | INFO     | financial_parser | CNX: using cached financials (4d old)
2026-05-19T16:42:35 UTC | INFO     | main | DEBUG filter CNX: ok=True reason=
2026-05-19T16:42:35 UTC | INFO     | volume_confirmation | CNX volume ratio=0.24 score=0.08 label=lower activity than usual
2026-05-19T16:42:36 UTC | INFO     | risk_adjusted_momentum | CNX RAM raw=-4.04 score=0.30
2026-05-19T16:42:36 UTC | INFO     | multi_timeframe_momentum | CNX MTF 1m=-1.1067245723292218 3m=-6.641795853158452 6m=2.039151780565496 score=0.45
2026-05-19T16:42:36 UTC | INFO     | trend_stability | CNX trend stability: dev=0.0676 score=0.32
2026-05-19T16:42:36 UTC | INFO     | drawdown_risk | CNX drawdown=11.9% score=0.70
2026-05-19T16:42:36 UTC | INFO     | risk_model | Risk components: debt=13.7 vol=7.2 liq=82.4 eps=59.6 margin=0.0 mcap=59.0 drawdown=29.8 regime_mult=1.0
2026-05-19T16:42:36 UTC | INFO     | opportunity_model | Opp buckets: financial_health=100 price_trend=43.0 market_confirmation=52.1
2026-05-19T16:42:36 UTC | INFO     | signal_agreement | Signal agreement: m=0.30 s=1.00 e=0.50 v=0.08 -> 0.012
2026-05-19T16:42:36 UTC | INFO     | main | DEBUG scores CNX: opp_financial_health=100 opp_price_trend=43.0 opp_market_confirmation=52.1
2026-05-19T16:42:36 UTC | INFO     | financial_parser | AR: using cached financials (4d old)
2026-05-19T16:42:36 UTC | INFO     | main | DEBUG filter AR: ok=True reason=
2026-05-19T16:42:36 UTC | INFO     | volume_confirmation | AR volume ratio=0.56 score=0.19 label=lower activity than usual
2026-05-19T16:42:37 UTC | INFO     | risk_adjusted_momentum | AR RAM raw=4.52 score=0.73
2026-05-19T16:42:37 UTC | INFO     | multi_timeframe_momentum | AR MTF 1m=6.1525841366590015 3m=14.682426720056654 6m=12.980206650895699 score=0.71
2026-05-19T16:42:37 UTC | INFO     | trend_stability | AR trend stability: dev=0.0431 score=0.57
2026-05-19T16:42:37 UTC | INFO     | drawdown_risk | AR drawdown=14.0% score=0.65
2026-05-19T16:42:37 UTC | INFO     | risk_model | Risk components: debt=14.4 vol=0.0 liq=54.9 eps=37.6 margin=31.6 mcap=6.1 drawdown=35.0 regime_mult=1.0
2026-05-19T16:42:37 UTC | INFO     | opportunity_model | Opp buckets: financial_health=81.9 price_trend=64.0 market_confirmation=56.4
2026-05-19T16:42:37 UTC | INFO     | signal_agreement | Signal agreement: m=0.73 s=1.00 e=0.50 v=0.19 -> 0.068
2026-05-19T16:42:37 UTC | INFO     | main | DEBUG scores AR: opp_financial_health=81.9 opp_price_trend=64.0 opp_market_confirmation=56.4
2026-05-19T16:42:37 UTC | INFO     | financial_parser | CTRA: using cached financials (4d old)
2026-05-19T16:42:37 UTC | INFO     | main | DEBUG filter CTRA: ok=True reason=
2026-05-19T16:42:38 UTC | INFO     | risk_adjusted_momentum | CTRA RAM raw=3.18 score=0.66
2026-05-19T16:42:38 UTC | INFO     | multi_timeframe_momentum | CTRA MTF 1m=-2.6897720735422577 3m=8.206111672610746 6m=27.952620073507394 score=0.70
2026-05-19T16:42:38 UTC | INFO     | trend_stability | CTRA trend stability: dev=0.0622 score=0.38
2026-05-19T16:42:39 UTC | INFO     | drawdown_risk | CTRA drawdown=10.3% score=0.74
2026-05-19T16:42:39 UTC | INFO     | risk_model | Risk components: debt=6.1 vol=0.0 liq=20.8 eps=12.5 margin=9.3 mcap=0.0 drawdown=25.8 regime_mult=1.0
2026-05-19T16:42:39 UTC | INFO     | opportunity_model | Opp buckets: financial_health=79.8 price_trend=61.9 market_confirmation=68.9
2026-05-19T16:42:39 UTC | INFO     | signal_agreement | Signal agreement: m=0.66 s=1.00 e=0.50 v=0.50 -> 0.165
2026-05-19T16:42:39 UTC | INFO     | main | DEBUG scores CTRA: opp_financial_health=79.8 opp_price_trend=61.9 opp_market_confirmation=68.9
2026-05-19T16:42:39 UTC | INFO     | financial_parser | SM: using cached financials (4d old)
2026-05-19T16:42:39 UTC | INFO     | main | DEBUG filter SM: ok=True reason=
2026-05-19T16:42:39 UTC | INFO     | main | AV budget exhausted — skipping AV for SM
2026-05-19T16:42:39 UTC | INFO     | volume_confirmation | SM volume ratio=0.25 score=0.08 label=lower activity than usual
2026-05-19T16:42:39 UTC | INFO     | risk_adjusted_momentum | SM RAM raw=12.71 score=1.00
2026-05-19T16:42:40 UTC | INFO     | multi_timeframe_momentum | SM MTF 1m=25.454881041790557 3m=45.61388509594793 6m=82.49963861855541 score=1.00
2026-05-19T16:42:40 UTC | INFO     | trend_stability | SM trend stability: dev=0.0909 score=0.09
2026-05-19T16:42:40 UTC | INFO     | drawdown_risk | SM drawdown=0.0% score=1.00
2026-05-19T16:42:40 UTC | INFO     | risk_model | Risk components: debt=31.2 vol=11.8 liq=50.8 eps=11.0 margin=85.5 mcap=37.8 drawdown=0.0 regime_mult=1.0
2026-05-19T16:42:40 UTC | INFO     | opportunity_model | Opp buckets: financial_health=40.8 price_trend=82.5 market_confirmation=52.2
2026-05-19T16:42:40 UTC | INFO     | signal_agreement | Signal agreement: m=1.00 s=1.00 e=0.50 v=0.08 -> 0.042
2026-05-19T16:42:40 UTC | INFO     | main | DEBUG scores SM: opp_financial_health=40.8 opp_price_trend=82.5 opp_market_confirmation=52.2
2026-05-19T16:42:40 UTC | INFO     | financial_parser | OVV: using cached financials (4d old)
2026-05-19T16:42:40 UTC | INFO     | main | DEBUG filter OVV: ok=True reason=
2026-05-19T16:42:40 UTC | INFO     | main | AV budget exhausted — skipping AV for OVV
2026-05-19T16:42:41 UTC | INFO     | volume_confirmation | OVV volume ratio=0.33 score=0.11 label=lower activity than usual
2026-05-19T16:42:41 UTC | INFO     | risk_adjusted_momentum | OVV RAM raw=9.08 score=0.95
2026-05-19T16:42:41 UTC | INFO     | multi_timeframe_momentum | OVV MTF 1m=13.433115440017293 3m=24.211387209513152 6m=56.88305573597026 score=1.00
2026-05-19T16:42:41 UTC | INFO     | trend_stability | OVV trend stability: dev=0.0557 score=0.44
2026-05-19T16:42:41 UTC | INFO     | drawdown_risk | OVV drawdown=3.9% score=0.90
2026-05-19T16:42:41 UTC | INFO     | risk_model | Risk components: debt=16.9 vol=4.1 liq=62.6 eps=69.5 margin=65.2 mcap=0.0 drawdown=9.7 regime_mult=1.0
2026-05-19T16:42:41 UTC | INFO     | opportunity_model | Opp buckets: financial_health=43.5 price_trend=81.3 market_confirmation=53.4
2026-05-19T16:42:41 UTC | INFO     | signal_agreement | Signal agreement: m=0.95 s=1.00 e=0.50 v=0.11 -> 0.053
2026-05-19T16:42:41 UTC | INFO     | main | DEBUG scores OVV: opp_financial_health=43.5 opp_price_trend=81.3 opp_market_confirmation=53.4
2026-05-19T16:42:41 UTC | INFO     | financial_parser | TRGP: using cached financials (4d old)
2026-05-19T16:42:41 UTC | INFO     | main | DEBUG filter TRGP: ok=False reason=debt-to-equity 5.85 above 2.5 threshold
2026-05-19T16:42:41 UTC | INFO     | financial_parser | WMB: using cached financials (4d old)
2026-05-19T16:42:41 UTC | INFO     | main | DEBUG filter WMB: ok=True reason=
2026-05-19T16:42:41 UTC | INFO     | main | AV budget exhausted — skipping AV for WMB
2026-05-19T16:42:42 UTC | INFO     | volume_confirmation | WMB volume ratio=0.42 score=0.14 label=lower activity than usual
2026-05-19T16:42:42 UTC | INFO     | risk_adjusted_momentum | WMB RAM raw=8.04 score=0.90
2026-05-19T16:42:42 UTC | INFO     | multi_timeframe_momentum | WMB MTF 1m=11.57805480252662 3m=10.464450784207479 6m=31.740472558337117 score=0.78
2026-05-19T16:42:43 UTC | INFO     | trend_stability | WMB trend stability: dev=0.0363 score=0.64
2026-05-19T16:42:43 UTC | INFO     | drawdown_risk | WMB drawdown=0.0% score=1.00
2026-05-19T16:42:43 UTC | INFO     | risk_model | Risk components: debt=50.0 vol=6.7 liq=49.4 eps=8.3 margin=7.8 mcap=0.0 drawdown=0.0 regime_mult=1.0
2026-05-19T16:42:43 UTC | INFO     | opportunity_model | Opp buckets: financial_health=47.1 price_trend=71.4 market_confirmation=54.6
2026-05-19T16:42:43 UTC | INFO     | signal_agreement | Signal agreement: m=0.90 s=1.00 e=0.50 v=0.14 -> 0.064
2026-05-19T16:42:43 UTC | INFO     | main | DEBUG scores WMB: opp_financial_health=47.1 opp_price_trend=71.4 opp_market_confirmation=54.6
2026-05-19T16:42:43 UTC | INFO     | financial_parser | OKE: using cached financials (4d old)
2026-05-19T16:42:43 UTC | INFO     | main | DEBUG filter OKE: ok=True reason=
2026-05-19T16:42:43 UTC | INFO     | main | AV budget exhausted — skipping AV for OKE
2026-05-19T16:42:43 UTC | INFO     | volume_confirmation | OKE volume ratio=0.37 score=0.12 label=lower activity than usual
2026-05-19T16:42:44 UTC | INFO     | risk_adjusted_momentum | OKE RAM raw=5.82 score=0.79
2026-05-19T16:42:44 UTC | INFO     | multi_timeframe_momentum | OKE MTF 1m=14.77519767899854 3m=10.79463070698218 6m=38.28307498464719 score=0.83
2026-05-19T16:42:44 UTC | INFO     | trend_stability | OKE trend stability: dev=0.0394 score=0.61
2026-05-19T16:42:44 UTC | INFO     | drawdown_risk | OKE drawdown=0.0% score=1.00
2026-05-19T16:42:44 UTC | INFO     | risk_model | Risk components: debt=37.4 vol=13.1 liq=60.3 eps=7.7 margin=59.9 mcap=0.0 drawdown=0.0 regime_mult=1.0
2026-05-19T16:42:44 UTC | INFO     | opportunity_model | Opp buckets: financial_health=67.9 price_trend=70.5 market_confirmation=53.8
2026-05-19T16:42:44 UTC | INFO     | signal_agreement | Signal agreement: m=0.79 s=1.00 e=0.50 v=0.12 -> 0.048
2026-05-19T16:42:44 UTC | INFO     | main | DEBUG scores OKE: opp_financial_health=67.9 opp_price_trend=70.5 opp_market_confirmation=53.8
2026-05-19T16:42:44 UTC | INFO     | financial_parser | KMI: using cached financials (4d old)
2026-05-19T16:42:44 UTC | INFO     | main | DEBUG filter KMI: ok=True reason=
2026-05-19T16:42:44 UTC | INFO     | main | AV budget exhausted — skipping AV for KMI
2026-05-19T16:42:45 UTC | INFO     | volume_confirmation | KMI volume ratio=0.40 score=0.13 label=lower activity than usual
2026-05-19T16:42:45 UTC | INFO     | risk_adjusted_momentum | KMI RAM raw=5.40 score=0.77
2026-05-19T16:42:45 UTC | INFO     | multi_timeframe_momentum | KMI MTF 1m=8.634500648039413 3m=7.456980745699863 6m=27.769987933282387 score=0.73
2026-05-19T16:42:45 UTC | INFO     | trend_stability | KMI trend stability: dev=0.0214 score=0.79
2026-05-19T16:42:45 UTC | INFO     | drawdown_risk | KMI drawdown=0.0% score=1.00
2026-05-19T16:42:45 UTC | INFO     | risk_model | Risk components: debt=24.7 vol=3.2 liq=0.0 eps=10.7 margin=24.3 mcap=0.0 drawdown=0.0 regime_mult=1.0
2026-05-19T16:42:45 UTC | INFO     | opportunity_model | Opp buckets: financial_health=57.4 price_trend=65.9 market_confirmation=54.2
2026-05-19T16:42:45 UTC | INFO     | signal_agreement | Signal agreement: m=0.77 s=1.00 e=0.50 v=0.13 -> 0.051
2026-05-19T16:42:45 UTC | INFO     | main | DEBUG scores KMI: opp_financial_health=57.4 opp_price_trend=65.9 opp_market_confirmation=54.2
2026-05-19T16:42:45 UTC | INFO     | financial_parser | ET: using cached financials (4d old)
2026-05-19T16:42:45 UTC | INFO     | main | DEBUG filter ET: ok=True reason=
2026-05-19T16:42:45 UTC | INFO     | main | AV budget exhausted — skipping AV for ET
2026-05-19T16:42:46 UTC | INFO     | volume_confirmation | ET volume ratio=0.34 score=0.11 label=lower activity than usual
2026-05-19T16:42:46 UTC | INFO     | risk_adjusted_momentum | ET RAM raw=9.31 score=0.97
2026-05-19T16:42:46 UTC | INFO     | multi_timeframe_momentum | ET MTF 1m=9.822214328434843 3m=10.113358734490692 6m=24.37990689757234 score=0.74
2026-05-19T16:42:46 UTC | INFO     | trend_stability | ET trend stability: dev=0.0566 score=0.43
2026-05-19T16:42:47 UTC | INFO     | drawdown_risk | ET drawdown=0.0% score=1.00
2026-05-19T16:42:47 UTC | INFO     | risk_model | Risk components: debt=35.6 vol=3.6 liq=0.0 eps=7.5 margin=81.1 mcap=0.0 drawdown=0.0 regime_mult=1.0
2026-05-19T16:42:47 UTC | INFO     | opportunity_model | Opp buckets: financial_health=30.6 price_trend=71.2 market_confirmation=53.5
2026-05-19T16:42:47 UTC | INFO     | signal_agreement | Signal agreement: m=0.96 s=1.00 e=0.50 v=0.11 -> 0.055
2026-05-19T16:42:47 UTC | INFO     | main | DEBUG scores ET: opp_financial_health=30.6 opp_price_trend=71.2 opp_market_confirmation=53.5
2026-05-19T16:42:47 UTC | INFO     | financial_parser | WMT: using cached financials (7d old)
2026-05-19T16:42:47 UTC | INFO     | main | DEBUG filter WMT: ok=True reason=
2026-05-19T16:42:47 UTC | INFO     | main | AV budget exhausted — skipping AV for WMT
2026-05-19T16:42:47 UTC | INFO     | volume_confirmation | WMT volume ratio=0.43 score=0.14 label=lower activity than usual
2026-05-19T16:42:48 UTC | INFO     | risk_adjusted_momentum | WMT RAM raw=5.90 score=0.79
2026-05-19T16:42:48 UTC | INFO     | multi_timeframe_momentum | WMT MTF 1m=5.747863149547174 3m=7.052816987249074 6m=32.53960942774257 score=0.74
2026-05-19T16:42:48 UTC | INFO     | trend_stability | WMT trend stability: dev=0.0410 score=0.59
2026-05-19T16:42:48 UTC | INFO     | drawdown_risk | WMT drawdown=0.0% score=1.00
2026-05-19T16:42:48 UTC | INFO     | risk_model | Earnings proximity warning: 2 days away
2026-05-19T16:42:48 UTC | INFO     | risk_model | Risk components: debt=16.1 vol=7.6 liq=0.0 eps=10.8 margin=87.7 mcap=0.0 drawdown=0.0 regime_mult=1.0
2026-05-19T16:42:48 UTC | INFO     | opportunity_model | Opp buckets: financial_health=11.3 price_trend=67.0 market_confirmation=43.2
2026-05-19T16:42:48 UTC | INFO     | signal_agreement | Signal agreement: m=0.80 s=0.92 e=0.50 v=0.14 -> 0.052
2026-05-19T16:42:48 UTC | INFO     | main | DEBUG scores WMT: opp_financial_health=11.3 opp_price_trend=67.0 opp_market_confirmation=43.2
2026-05-19T16:42:48 UTC | INFO     | financial_parser | PG: using cached financials (7d old)
2026-05-19T16:42:48 UTC | INFO     | main | DEBUG filter PG: ok=True reason=
2026-05-19T16:42:48 UTC | INFO     | main | AV budget exhausted — skipping AV for PG
2026-05-19T16:42:49 UTC | INFO     | volume_confirmation | PG volume ratio=0.25 score=0.08 label=lower activity than usual
2026-05-19T16:42:49 UTC | INFO     | risk_adjusted_momentum | PG RAM raw=-7.03 score=0.15
2026-05-19T16:42:49 UTC | INFO     | multi_timeframe_momentum | PG MTF 1m=-0.8786909777128881 3m=-8.695405446966511 6m=-2.3245968033648525 score=0.41
2026-05-19T16:42:50 UTC | INFO     | trend_stability | PG trend stability: dev=0.0161 score=0.84
2026-05-19T16:42:50 UTC | INFO     | drawdown_risk | PG drawdown=14.4% score=0.64
2026-05-19T16:42:50 UTC | INFO     | risk_model | Risk components: debt=16.9 vol=0.0 liq=18.8 eps=5.8 margin=23.4 mcap=0.0 drawdown=35.9 regime_mult=1.0
2026-05-19T16:42:50 UTC | INFO     | opportunity_model | Opp buckets: financial_health=44.8 price_trend=37.7 market_confirmation=40.8
2026-05-19T16:42:50 UTC | INFO     | signal_agreement | Signal agreement: m=0.15 s=0.92 e=0.50 v=0.08 -> 0.006
2026-05-19T16:42:50 UTC | INFO     | main | DEBUG scores PG: opp_financial_health=44.8 opp_price_trend=37.7 opp_market_confirmation=40.8
2026-05-19T16:42:50 UTC | INFO     | financial_parser | KO: using cached financials (7d old)
2026-05-19T16:42:50 UTC | INFO     | main | DEBUG filter KO: ok=True reason=
2026-05-19T16:42:50 UTC | INFO     | main | AV budget exhausted — skipping AV for KO
2026-05-19T16:42:50 UTC | INFO     | volume_confirmation | KO volume ratio=0.53 score=0.18 label=lower activity than usual
2026-05-19T16:42:50 UTC | INFO     | risk_adjusted_momentum | KO RAM raw=4.83 score=0.74
2026-05-19T16:42:51 UTC | INFO     | multi_timeframe_momentum | KO MTF 1m=9.128244678350987 3m=4.335613826448656 6m=17.367761525741624 score=0.65
2026-05-19T16:42:51 UTC | INFO     | trend_stability | KO trend stability: dev=0.0339 score=0.66
2026-05-19T16:42:51 UTC | INFO     | drawdown_risk | KO drawdown=0.0% score=1.00
2026-05-19T16:42:51 UTC | INFO     | risk_model | Risk components: debt=31.2 vol=0.0 liq=0.0 eps=9.8 margin=0.0 mcap=0.0 drawdown=0.0 regime_mult=1.0
2026-05-19T16:42:51 UTC | INFO     | opportunity_model | Opp buckets: financial_health=48.6 price_trend=62.1 market_confirmation=44.5
2026-05-19T16:42:51 UTC | INFO     | signal_agreement | Signal agreement: m=0.74 s=0.92 e=0.50 v=0.18 -> 0.060
2026-05-19T16:42:51 UTC | INFO     | main | DEBUG scores KO: opp_financial_health=48.6 opp_price_trend=62.1 opp_market_confirmation=44.5
2026-05-19T16:42:51 UTC | INFO     | financial_parser | PEP: using cached financials (7d old)
2026-05-19T16:42:51 UTC | INFO     | main | DEBUG filter PEP: ok=True reason=
2026-05-19T16:42:51 UTC | INFO     | main | AV budget exhausted — skipping AV for PEP
2026-05-19T16:42:51 UTC | INFO     | volume_confirmation | PEP volume ratio=0.52 score=0.17 label=lower activity than usual
2026-05-19T16:42:52 UTC | INFO     | risk_adjusted_momentum | PEP RAM raw=-6.32 score=0.18
2026-05-19T16:42:52 UTC | INFO     | multi_timeframe_momentum | PEP MTF 1m=-4.044847366918608 3m=-7.545571931391308 6m=5.226187406743174 score=0.45
2026-05-19T16:42:52 UTC | INFO     | trend_stability | PEP trend stability: dev=0.0227 score=0.77
2026-05-19T16:42:53 UTC | INFO     | drawdown_risk | PEP drawdown=10.9% score=0.73
2026-05-19T16:42:53 UTC | INFO     | risk_model | Risk components: debt=61.2 vol=0.0 liq=49.4 eps=13.4 margin=63.4 mcap=0.0 drawdown=27.1 regime_mult=1.0
2026-05-19T16:42:53 UTC | INFO     | opportunity_model | Opp buckets: financial_health=37.3 price_trend=40.1 market_confirmation=44.4
2026-05-19T16:42:53 UTC | INFO     | signal_agreement | Signal agreement: m=0.18 s=0.92 e=0.50 v=0.17 -> 0.015
2026-05-19T16:42:53 UTC | INFO     | main | DEBUG scores PEP: opp_financial_health=37.3 opp_price_trend=40.1 opp_market_confirmation=44.4
2026-05-19T16:42:53 UTC | INFO     | financial_parser | COST: using cached financials (7d old)
2026-05-19T16:42:53 UTC | INFO     | main | DEBUG filter COST: ok=True reason=
2026-05-19T16:42:53 UTC | INFO     | main | AV budget exhausted — skipping AV for COST
2026-05-19T16:42:53 UTC | INFO     | volume_confirmation | COST volume ratio=0.58 score=0.19 label=lower activity than usual
2026-05-19T16:42:53 UTC | INFO     | risk_adjusted_momentum | COST RAM raw=9.53 score=0.98
2026-05-19T16:42:53 UTC | INFO     | multi_timeframe_momentum | COST MTF 1m=9.811960521957745 3m=10.005989766035848 6m=18.88065671803322 score=0.71
2026-05-19T16:42:53 UTC | INFO     | trend_stability | COST trend stability: dev=0.0297 score=0.70
2026-05-19T16:42:54 UTC | INFO     | drawdown_risk | COST drawdown=0.0% score=1.00
2026-05-19T16:42:54 UTC | INFO     | risk_model | Risk components: debt=15.1 vol=20.4 liq=85.4 eps=7.7 margin=88.1 mcap=0.0 drawdown=0.0 regime_mult=1.0
2026-05-19T16:42:54 UTC | INFO     | opportunity_model | Opp buckets: financial_health=11.3 price_trend=70.3 market_confirmation=45.2
2026-05-19T16:42:54 UTC | INFO     | signal_agreement | Signal agreement: m=0.98 s=0.92 e=0.50 v=0.19 -> 0.087
2026-05-19T16:42:54 UTC | INFO     | main | DEBUG scores COST: opp_financial_health=11.3 opp_price_trend=70.3 opp_market_confirmation=45.2
2026-05-19T16:42:54 UTC | INFO     | financial_parser | MDLZ: using cached financials (7d old)
2026-05-19T16:42:54 UTC | INFO     | main | DEBUG filter MDLZ: ok=True reason=
2026-05-19T16:42:54 UTC | INFO     | main | AV budget exhausted — skipping AV for MDLZ
2026-05-19T16:42:54 UTC | INFO     | volume_confirmation | MDLZ volume ratio=0.28 score=0.09 label=lower activity than usual
2026-05-19T16:42:54 UTC | INFO     | risk_adjusted_momentum | MDLZ RAM raw=3.96 score=0.70
2026-05-19T16:42:54 UTC | INFO     | multi_timeframe_momentum | MDLZ MTF 1m=7.6426402869695975 3m=3.568751788010354 6m=10.441380677149802 score=0.61
2026-05-19T16:42:54 UTC | INFO     | trend_stability | MDLZ trend stability: dev=0.0589 score=0.41
2026-05-19T16:42:55 UTC | INFO     | drawdown_risk | MDLZ drawdown=0.6% score=0.99
2026-05-19T16:42:55 UTC | INFO     | risk_model | Risk components: debt=20.9 vol=0.0 liq=26.2 eps=10.6 margin=73.4 mcap=0.0 drawdown=1.5 regime_mult=1.0
2026-05-19T16:42:55 UTC | INFO     | opportunity_model | Opp buckets: financial_health=34.0 price_trend=59.2 market_confirmation=41.2
2026-05-19T16:42:55 UTC | INFO     | signal_agreement | Signal agreement: m=0.70 s=0.92 e=0.50 v=0.09 -> 0.030
2026-05-19T16:42:55 UTC | INFO     | main | DEBUG scores MDLZ: opp_financial_health=34.0 opp_price_trend=59.2 opp_market_confirmation=41.2
2026-05-19T16:42:55 UTC | INFO     | financial_parser | CL: using cached financials (7d old)
2026-05-19T16:42:55 UTC | INFO     | main | DEBUG filter CL: ok=False reason=debt-to-equity 16.41 above 2.5 threshold
2026-05-19T16:42:55 UTC | INFO     | financial_parser | KMB: using cached financials (7d old)
2026-05-19T16:42:55 UTC | INFO     | main | DEBUG filter KMB: ok=False reason=debt-to-equity 3.71 above 2.5 threshold
2026-05-19T16:42:55 UTC | INFO     | financial_parser | GIS: using cached financials (7d old)
2026-05-19T16:42:55 UTC | INFO     | main | DEBUG filter GIS: ok=True reason=
2026-05-19T16:42:55 UTC | INFO     | main | AV budget exhausted — skipping AV for GIS
2026-05-19T16:42:55 UTC | INFO     | volume_confirmation | GIS volume ratio=0.58 score=0.19 label=lower activity than usual
2026-05-19T16:42:55 UTC | INFO     | risk_adjusted_momentum | GIS RAM raw=-15.69 score=0.00
2026-05-19T16:42:56 UTC | INFO     | multi_timeframe_momentum | GIS MTF 1m=-3.869041697843096 3m=-23.969477007700018 6m=-26.2324694941714 score=0.16
2026-05-19T16:42:56 UTC | INFO     | trend_stability | GIS trend stability: dev=0.0743 score=0.26
2026-05-19T16:42:57 UTC | INFO     | drawdown_risk | GIS drawdown=29.6% score=0.26
2026-05-19T16:42:57 UTC | INFO     | risk_model | Risk components: debt=54.4 vol=0.0 liq=26.0 eps=33.3 margin=51.8 mcap=0.0 drawdown=74.1 regime_mult=1.0
2026-05-19T16:42:57 UTC | INFO     | opportunity_model | Opp buckets: financial_health=36.1 price_trend=23.7 market_confirmation=45.1
2026-05-19T16:42:57 UTC | INFO     | signal_agreement | Signal agreement: m=0.50 s=0.92 e=0.50 v=0.19 -> 0.044
2026-05-19T16:42:57 UTC | INFO     | main | DEBUG scores GIS: opp_financial_health=36.1 opp_price_trend=23.7 opp_market_confirmation=45.1
2026-05-19T16:42:57 UTC | INFO     | financial_parser | HSY: using cached financials (7d old)
2026-05-19T16:42:57 UTC | INFO     | main | DEBUG filter HSY: ok=True reason=
2026-05-19T16:42:57 UTC | INFO     | main | AV budget exhausted — skipping AV for HSY
2026-05-19T16:42:57 UTC | INFO     | volume_confirmation | HSY volume ratio=0.38 score=0.13 label=lower activity than usual
2026-05-19T16:42:57 UTC | INFO     | risk_adjusted_momentum | HSY RAM raw=-6.95 score=0.15
2026-05-19T16:42:58 UTC | INFO     | multi_timeframe_momentum | HSY MTF 1m=2.4004703825182956 3m=-11.70703838726867 6m=10.967208002640927 score=0.47
2026-05-19T16:42:58 UTC | INFO     | trend_stability | HSY trend stability: dev=0.0804 score=0.20
2026-05-19T16:42:58 UTC | INFO     | drawdown_risk | HSY drawdown=17.0% score=0.57
2026-05-19T16:42:58 UTC | INFO     | risk_model | Risk components: debt=30.0 vol=0.0 liq=84.8 eps=25.9 margin=63.5 mcap=0.0 drawdown=42.6 regime_mult=1.0
2026-05-19T16:42:58 UTC | INFO     | opportunity_model | Opp buckets: financial_health=38.8 price_trend=39.9 market_confirmation=42.5
2026-05-19T16:42:58 UTC | INFO     | signal_agreement | Signal agreement: m=0.15 s=0.92 e=0.50 v=0.13 -> 0.009
2026-05-19T16:42:58 UTC | INFO     | main | DEBUG scores HSY: opp_financial_health=38.8 opp_price_trend=39.9 opp_market_confirmation=42.5
2026-05-19T16:42:58 UTC | INFO     | financial_parser | MKC: using cached financials (7d old)
2026-05-19T16:42:58 UTC | INFO     | main | DEBUG filter MKC: ok=True reason=
2026-05-19T16:42:58 UTC | INFO     | main | AV budget exhausted — skipping AV for MKC
2026-05-19T16:42:59 UTC | INFO     | volume_confirmation | MKC volume ratio=0.26 score=0.09 label=lower activity than usual
2026-05-19T16:42:59 UTC | INFO     | risk_adjusted_momentum | MKC RAM raw=-14.43 score=0.00
2026-05-19T16:42:59 UTC | INFO     | multi_timeframe_momentum | MKC MTF 1m=-10.520336270806702 3m=-31.860138159661595 6m=-26.456296193993982 score=0.07
2026-05-19T16:42:59 UTC | INFO     | trend_stability | MKC trend stability: dev=0.1155 score=0.00
2026-05-19T16:43:00 UTC | INFO     | drawdown_risk | MKC drawdown=33.4% score=0.16
2026-05-19T16:43:00 UTC | INFO     | risk_model | Risk components: debt=16.3 vol=8.5 liq=66.9 eps=51.4 margin=7.5 mcap=0.0 drawdown=83.5 regime_mult=1.0
2026-05-19T16:43:00 UTC | INFO     | opportunity_model | Opp buckets: financial_health=68.9 price_trend=20.2 market_confirmation=40.9
2026-05-19T16:43:00 UTC | INFO     | signal_agreement | Signal agreement: m=0.50 s=0.92 e=0.50 v=0.09 -> 0.020
2026-05-19T16:43:00 UTC | INFO     | main | DEBUG scores MKC: opp_financial_health=68.9 opp_price_trend=20.2 opp_market_confirmation=40.9
2026-05-19T16:43:00 UTC | INFO     | financial_parser | CAG: using cached financials (7d old)
2026-05-19T16:43:00 UTC | INFO     | main | DEBUG filter CAG: ok=True reason=
2026-05-19T16:43:00 UTC | INFO     | main | AV budget exhausted — skipping AV for CAG
2026-05-19T16:43:00 UTC | INFO     | volume_confirmation | CAG volume ratio=0.51 score=0.17 label=lower activity than usual
2026-05-19T16:43:00 UTC | INFO     | risk_adjusted_momentum | CAG RAM raw=-12.01 score=0.00
2026-05-19T16:43:00 UTC | INFO     | multi_timeframe_momentum | CAG MTF 1m=-4.179598098158839 3m=-24.322790722263594 6m=-16.903755587696104 score=0.20
2026-05-19T16:43:01 UTC | INFO     | trend_stability | CAG trend stability: dev=0.0836 score=0.16
2026-05-19T16:43:01 UTC | INFO     | drawdown_risk | CAG drawdown=29.0% score=0.28
2026-05-19T16:43:01 UTC | INFO     | risk_model | Risk components: debt=22.5 vol=0.0 liq=0.0 eps=100 margin=100 mcap=45.9 drawdown=72.4 regime_mult=1.0
2026-05-19T16:43:01 UTC | INFO     | opportunity_model | Opp buckets: financial_health=33.8 price_trend=25.4 market_confirmation=44.2
2026-05-19T16:43:01 UTC | INFO     | signal_agreement | Signal agreement: m=0.50 s=0.92 e=0.50 v=0.17 -> 0.039
2026-05-19T16:43:01 UTC | INFO     | main | DEBUG scores CAG: opp_financial_health=33.8 opp_price_trend=25.4 opp_market_confirmation=44.2
2026-05-19T16:43:01 UTC | INFO     | financial_parser | SJM: using cached financials (7d old)
2026-05-19T16:43:01 UTC | INFO     | main | DEBUG filter SJM: ok=True reason=
2026-05-19T16:43:01 UTC | INFO     | main | AV budget exhausted — skipping AV for SJM
2026-05-19T16:43:01 UTC | INFO     | volume_confirmation | SJM volume ratio=0.22 score=0.07 label=lower activity than usual
2026-05-19T16:43:02 UTC | INFO     | risk_adjusted_momentum | SJM RAM raw=-2.31 score=0.38
2026-05-19T16:43:02 UTC | INFO     | multi_timeframe_momentum | SJM MTF 1m=9.318470583751406 3m=-2.4061855331880584 6m=-2.739021242208002 score=0.50
2026-05-19T16:43:02 UTC | INFO     | trend_stability | SJM trend stability: dev=0.0293 score=0.71
2026-05-19T16:43:02 UTC | INFO     | drawdown_risk | SJM drawdown=9.4% score=0.77
2026-05-19T16:43:02 UTC | INFO     | risk_model | Risk components: debt=35.8 vol=0.0 liq=82.3 eps=58.9 margin=100 mcap=14.5 drawdown=23.5 regime_mult=1.0
2026-05-19T16:43:02 UTC | INFO     | opportunity_model | Opp buckets: financial_health=16.7 price_trend=47.0 market_confirmation=40.4
2026-05-19T16:43:02 UTC | INFO     | signal_agreement | Signal agreement: m=0.39 s=0.92 e=0.50 v=0.07 -> 0.013
2026-05-19T16:43:02 UTC | INFO     | main | DEBUG scores SJM: opp_financial_health=16.7 opp_price_trend=47.0 opp_market_confirmation=40.4
2026-05-19T16:43:02 UTC | INFO     | financial_parser | HRL: using cached financials (7d old)
2026-05-19T16:43:02 UTC | INFO     | main | DEBUG filter HRL: ok=True reason=
2026-05-19T16:43:02 UTC | INFO     | main | AV budget exhausted — skipping AV for HRL
2026-05-19T16:43:03 UTC | INFO     | volume_confirmation | HRL volume ratio=0.32 score=0.11 label=lower activity than usual
2026-05-19T16:43:03 UTC | INFO     | risk_adjusted_momentum | HRL RAM raw=-10.37 score=0.00
2026-05-19T16:43:03 UTC | INFO     | multi_timeframe_momentum | HRL MTF 1m=-4.242853679711899 3m=-15.376491716466282 6m=-7.330111698011582 score=0.32
2026-05-19T16:43:03 UTC | INFO     | trend_stability | HRL trend stability: dev=0.0649 score=0.35
2026-05-19T16:43:04 UTC | INFO     | drawdown_risk | HRL drawdown=19.7% score=0.51
2026-05-19T16:43:04 UTC | INFO     | risk_model | Risk components: debt=1.1 vol=0.0 liq=61.7 eps=39.6 margin=83.9 mcap=11.1 drawdown=49.3 regime_mult=1.0
2026-05-19T16:43:04 UTC | INFO     | opportunity_model | Opp buckets: financial_health=29.3 price_trend=30.3 market_confirmation=41.7
2026-05-19T16:43:04 UTC | INFO     | signal_agreement | Signal agreement: m=0.50 s=0.92 e=0.50 v=0.11 -> 0.024
2026-05-19T16:43:04 UTC | INFO     | main | DEBUG scores HRL: opp_financial_health=29.3 opp_price_trend=30.3 opp_market_confirmation=41.7
2026-05-19T16:43:04 UTC | INFO     | financial_parser | CPB: using cached financials (7d old)
2026-05-19T16:43:04 UTC | INFO     | main | DEBUG filter CPB: ok=True reason=
2026-05-19T16:43:04 UTC | INFO     | main | AV budget exhausted — skipping AV for CPB
2026-05-19T16:43:04 UTC | INFO     | volume_confirmation | CPB volume ratio=0.39 score=0.13 label=lower activity than usual
2026-05-19T16:43:04 UTC | INFO     | risk_adjusted_momentum | CPB RAM raw=-11.80 score=0.00
2026-05-19T16:43:05 UTC | INFO     | multi_timeframe_momentum | CPB MTF 1m=-3.904044754329282 3m=-24.47391346501318 6m=-32.54782740885188 score=0.12
2026-05-19T16:43:05 UTC | INFO     | trend_stability | CPB trend stability: dev=0.0465 score=0.53
2026-05-19T16:43:05 UTC | INFO     | drawdown_risk | CPB drawdown=29.5% score=0.26
2026-05-19T16:43:05 UTC | INFO     | risk_model | Risk components: debt=46.3 vol=0.0 liq=29.3 eps=18.3 margin=78.1 mcap=51.1 drawdown=73.7 regime_mult=1.0
2026-05-19T16:43:05 UTC | INFO     | opportunity_model | Opp buckets: financial_health=33.9 price_trend=22.3 market_confirmation=42.6
2026-05-19T16:43:05 UTC | INFO     | signal_agreement | Signal agreement: m=0.50 s=0.92 e=0.50 v=0.13 -> 0.030
2026-05-19T16:43:05 UTC | INFO     | main | DEBUG scores CPB: opp_financial_health=33.9 opp_price_trend=22.3 opp_market_confirmation=42.6
2026-05-19T16:43:05 UTC | INFO     | financial_parser | TAP: using cached financials (7d old)
2026-05-19T16:43:05 UTC | INFO     | main | DEBUG filter TAP: ok=True reason=
2026-05-19T16:43:05 UTC | INFO     | main | AV budget exhausted — skipping AV for TAP
2026-05-19T16:43:06 UTC | INFO     | volume_confirmation | TAP volume ratio=0.22 score=0.07 label=lower activity than usual
2026-05-19T16:43:06 UTC | INFO     | risk_adjusted_momentum | TAP RAM raw=-6.54 score=0.17
2026-05-19T16:43:06 UTC | INFO     | multi_timeframe_momentum | TAP MTF 1m=-4.718898418119407 3m=-16.10686350799093 6m=-7.237727913707806 score=0.31
2026-05-19T16:43:06 UTC | INFO     | trend_stability | TAP trend stability: dev=0.0408 score=0.59
2026-05-19T16:43:06 UTC | INFO     | drawdown_risk | TAP drawdown=21.6% score=0.46
2026-05-19T16:43:06 UTC | INFO     | risk_model | Risk components: debt=15.6 vol=0.0 liq=74.1 eps=100 margin=100 mcap=37.6 drawdown=54.0 regime_mult=1.0
2026-05-19T16:43:06 UTC | INFO     | opportunity_model | Opp buckets: financial_health=12.1 price_trend=34.4 market_confirmation=40.4
2026-05-19T16:43:06 UTC | INFO     | signal_agreement | Signal agreement: m=0.17 s=0.92 e=0.50 v=0.07 -> 0.006
2026-05-19T16:43:06 UTC | INFO     | main | DEBUG scores TAP: opp_financial_health=12.1 opp_price_trend=34.4 opp_market_confirmation=40.4
2026-05-19T16:43:06 UTC | INFO     | financial_parser | STZ: using cached financials (7d old)
2026-05-19T16:43:06 UTC | INFO     | main | DEBUG filter STZ: ok=True reason=
2026-05-19T16:43:06 UTC | INFO     | main | AV budget exhausted — skipping AV for STZ
2026-05-19T16:43:07 UTC | INFO     | volume_confirmation | STZ volume ratio=0.26 score=0.09 label=lower activity than usual
2026-05-19T16:43:07 UTC | INFO     | risk_adjusted_momentum | STZ RAM raw=-2.24 score=0.39
2026-05-19T16:43:07 UTC | INFO     | multi_timeframe_momentum | STZ MTF 1m=-7.455535267399667 3m=-5.36529330317233 6m=15.257966683746002 score=0.51
2026-05-19T16:43:07 UTC | INFO     | trend_stability | STZ trend stability: dev=0.0395 score=0.61
2026-05-19T16:43:07 UTC | INFO     | drawdown_risk | STZ drawdown=11.3% score=0.72
2026-05-19T16:43:07 UTC | INFO     | risk_model | Risk components: debt=33.4 vol=0.0 liq=83.7 eps=71.1 margin=26.2 mcap=0.0 drawdown=28.2 regime_mult=1.0
2026-05-19T16:43:07 UTC | INFO     | opportunity_model | Opp buckets: financial_health=65.8 price_trend=47.5 market_confirmation=40.9
2026-05-19T16:43:07 UTC | INFO     | signal_agreement | Signal agreement: m=0.39 s=0.92 e=0.50 v=0.09 -> 0.016
2026-05-19T16:43:07 UTC | INFO     | main | DEBUG scores STZ: opp_financial_health=65.8 opp_price_trend=47.5 opp_market_confirmation=40.9
2026-05-19T16:43:07 UTC | INFO     | financial_parser | DEO: using cached financials (7d old)
2026-05-19T16:43:07 UTC | INFO     | main | DEBUG filter DEO: ok=True reason=
2026-05-19T16:43:07 UTC | INFO     | main | AV budget exhausted — skipping AV for DEO
2026-05-19T16:43:08 UTC | INFO     | volume_confirmation | DEO volume ratio=0.29 score=0.10 label=lower activity than usual
2026-05-19T16:43:08 UTC | INFO     | risk_adjusted_momentum | DEO RAM raw=-4.18 score=0.29
2026-05-19T16:43:08 UTC | INFO     | multi_timeframe_momentum | DEO MTF 1m=2.616837634679794 3m=-10.51677391441865 6m=-9.97760657649286 score=0.37
2026-05-19T16:43:09 UTC | INFO     | trend_stability | DEO trend stability: dev=0.0449 score=0.55
2026-05-19T16:43:09 UTC | INFO     | drawdown_risk | DEO drawdown=16.6% score=0.58
2026-05-19T16:43:09 UTC | INFO     | risk_model | Risk components: debt=44.3 vol=0.0 liq=84.4 eps=50.0 margin=51.2 mcap=0.0 drawdown=41.6 regime_mult=1.0
2026-05-19T16:43:09 UTC | INFO     | opportunity_model | Opp buckets: financial_health=47.5 price_trend=39.6 market_confirmation=41.3
2026-05-19T16:43:09 UTC | INFO     | signal_agreement | Signal agreement: m=0.29 s=0.92 e=0.50 v=0.10 -> 0.013
2026-05-19T16:43:09 UTC | INFO     | main | DEBUG scores DEO: opp_financial_health=47.5 opp_price_trend=39.6 opp_market_confirmation=41.3
2026-05-19T16:43:09 UTC | INFO     | financial_parser | PM: using cached financials (7d old)
2026-05-19T16:43:09 UTC | INFO     | candidate_filter | PM: D/E missing — will be flagged in report but not excluded
2026-05-19T16:43:09 UTC | INFO     | main | DEBUG filter PM: ok=True reason=
2026-05-19T16:43:09 UTC | INFO     | main | AV budget exhausted — skipping AV for PM
2026-05-19T16:43:09 UTC | INFO     | volume_confirmation | PM volume ratio=0.27 score=0.09 label=lower activity than usual
2026-05-19T16:43:09 UTC | INFO     | risk_adjusted_momentum | PM RAM raw=2.75 score=0.64
2026-05-19T16:43:09 UTC | INFO     | multi_timeframe_momentum | PM MTF 1m=22.396066631949008 3m=6.507054294546105 6m=26.314721047600877 score=0.76
2026-05-19T16:43:10 UTC | INFO     | trend_stability | PM trend stability: dev=0.0776 score=0.22
2026-05-19T16:43:10 UTC | INFO     | drawdown_risk | PM drawdown=0.0% score=1.00
2026-05-19T16:43:10 UTC | INFO     | risk_model | Risk components: debt=50.0 vol=0.0 liq=60.8 eps=9.5 margin=0.0 mcap=0.0 drawdown=0.0 regime_mult=1.0
2026-05-19T16:43:10 UTC | INFO     | opportunity_model | Opp buckets: financial_health=50.7 price_trend=63.8 market_confirmation=41.0
2026-05-19T16:43:10 UTC | INFO     | signal_agreement | Signal agreement: m=0.64 s=0.92 e=0.50 v=0.09 -> 0.026
2026-05-19T16:43:10 UTC | INFO     | main | DEBUG scores PM: opp_financial_health=50.7 opp_price_trend=63.8 opp_market_confirmation=41.0
2026-05-19T16:43:10 UTC | INFO     | financial_parser | MO: using cached financials (7d old)
2026-05-19T16:43:10 UTC | INFO     | candidate_filter | MO: D/E missing — will be flagged in report but not excluded
2026-05-19T16:43:10 UTC | INFO     | main | DEBUG filter MO: ok=True reason=
2026-05-19T16:43:10 UTC | INFO     | main | AV budget exhausted — skipping AV for MO
2026-05-19T16:43:10 UTC | INFO     | volume_confirmation | MO volume ratio=0.22 score=0.07 label=lower activity than usual
2026-05-19T16:43:10 UTC | INFO     | risk_adjusted_momentum | MO RAM raw=6.97 score=0.85
2026-05-19T16:43:10 UTC | INFO     | multi_timeframe_momentum | MO MTF 1m=14.982201228496644 3m=13.126885793921057 6m=32.18283383912062 score=0.82
2026-05-19T16:43:11 UTC | INFO     | trend_stability | MO trend stability: dev=0.0747 score=0.25
2026-05-19T16:43:11 UTC | INFO     | drawdown_risk | MO drawdown=0.3% score=0.99
2026-05-19T16:43:11 UTC | INFO     | risk_model | Risk components: debt=50.0 vol=1.0 liq=24.3 eps=16.2 margin=0.0 mcap=0.0 drawdown=0.9 regime_mult=1.0
2026-05-19T16:43:11 UTC | INFO     | opportunity_model | Opp buckets: financial_health=45.0 price_trend=71.5 market_confirmation=40.3
2026-05-19T16:43:11 UTC | INFO     | signal_agreement | Signal agreement: m=0.85 s=0.92 e=0.50 v=0.07 -> 0.028
2026-05-19T16:43:11 UTC | INFO     | main | DEBUG scores MO: opp_financial_health=45.0 opp_price_trend=71.5 opp_market_confirmation=40.3
2026-05-19T16:43:11 UTC | INFO     | financial_parser | BTI: using cached financials (7d old)
2026-05-19T16:43:11 UTC | INFO     | main | DEBUG filter BTI: ok=True reason=
2026-05-19T16:43:11 UTC | INFO     | main | AV budget exhausted — skipping AV for BTI
2026-05-19T16:43:11 UTC | INFO     | volume_confirmation | BTI volume ratio=0.38 score=0.13 label=lower activity than usual
2026-05-19T16:43:12 UTC | INFO     | risk_adjusted_momentum | BTI RAM raw=5.53 score=0.78
2026-05-19T16:43:12 UTC | INFO     | multi_timeframe_momentum | BTI MTF 1m=16.105850693180486 3m=14.17245213817287 6m=25.822960467541307 score=0.80
2026-05-19T16:43:12 UTC | INFO     | trend_stability | BTI trend stability: dev=0.0578 score=0.42
2026-05-19T16:43:12 UTC | INFO     | drawdown_risk | BTI drawdown=0.7% score=0.98
2026-05-19T16:43:12 UTC | INFO     | risk_model | Risk components: debt=18.2 vol=0.0 liq=62.9 eps=50.0 margin=0.0 mcap=0.0 drawdown=1.7 regime_mult=1.0
2026-05-19T16:43:12 UTC | INFO     | opportunity_model | Opp buckets: financial_health=56.2 price_trend=69.0 market_confirmation=42.5
2026-05-19T16:43:12 UTC | INFO     | signal_agreement | Signal agreement: m=0.78 s=0.92 e=0.50 v=0.13 -> 0.045
2026-05-19T16:43:12 UTC | INFO     | main | DEBUG scores BTI: opp_financial_health=56.2 opp_price_trend=69.0 opp_market_confirmation=42.5
2026-05-19T16:43:12 UTC | INFO     | financial_parser | KR: using cached financials (7d old)
2026-05-19T16:43:12 UTC | INFO     | main | DEBUG filter KR: ok=False reason=debt-to-equity 4.16 above 2.5 threshold
2026-05-19T16:43:12 UTC | INFO     | financial_parser | SYY: using cached financials (7d old)
2026-05-19T16:43:12 UTC | INFO     | main | DEBUG filter SYY: ok=False reason=debt-to-equity 6.70 above 2.5 threshold
2026-05-19T16:43:12 UTC | INFO     | financial_parser | USFD: using cached financials (7d old)
2026-05-19T16:43:12 UTC | INFO     | main | DEBUG filter USFD: ok=True reason=
2026-05-19T16:43:12 UTC | INFO     | main | AV budget exhausted — skipping AV for USFD
2026-05-19T16:43:13 UTC | INFO     | volume_confirmation | USFD volume ratio=0.47 score=0.16 label=lower activity than usual
2026-05-19T16:43:13 UTC | INFO     | risk_adjusted_momentum | USFD RAM raw=-9.40 score=0.03
2026-05-19T16:43:13 UTC | INFO     | multi_timeframe_momentum | USFD MTF 1m=-12.474530851932727 3m=-15.482963835452143 6m=13.792869483005878 score=0.40
2026-05-19T16:43:13 UTC | INFO     | trend_stability | USFD trend stability: dev=0.0527 score=0.47
2026-05-19T16:43:13 UTC | INFO     | drawdown_risk | USFD drawdown=19.9% score=0.50
2026-05-19T16:43:13 UTC | INFO     | risk_model | Risk components: debt=30.7 vol=19.8 liq=80.3 eps=14.2 margin=93.2 mcap=0.0 drawdown=49.9 regime_mult=1.0
2026-05-19T16:43:13 UTC | INFO     | opportunity_model | Opp buckets: financial_health=26.3 price_trend=34.2 market_confirmation=43.7
2026-05-19T16:43:13 UTC | INFO     | signal_agreement | Signal agreement: m=0.03 s=0.92 e=0.50 v=0.16 -> 0.002
2026-05-19T16:43:13 UTC | INFO     | main | DEBUG scores USFD: opp_financial_health=26.3 opp_price_trend=34.2 opp_market_confirmation=43.7
2026-05-19T16:43:13 UTC | INFO     | financial_parser | PFGC: using cached financials (7d old)
2026-05-19T16:43:13 UTC | INFO     | main | DEBUG filter PFGC: ok=True reason=
2026-05-19T16:43:13 UTC | INFO     | main | AV budget exhausted — skipping AV for PFGC
2026-05-19T16:43:14 UTC | INFO     | volume_confirmation | PFGC volume ratio=0.14 score=0.05 label=lower activity than usual
2026-05-19T16:43:14 UTC | INFO     | risk_adjusted_momentum | PFGC RAM raw=-0.88 score=0.46
2026-05-19T16:43:14 UTC | INFO     | multi_timeframe_momentum | PFGC MTF 1m=4.900148016752862 3m=-2.5547411381379854 6m=1.0938166759559973 score=0.50
2026-05-19T16:43:14 UTC | INFO     | trend_stability | PFGC trend stability: dev=0.0566 score=0.43
2026-05-19T16:43:14 UTC | INFO     | drawdown_risk | PFGC drawdown=2.6% score=0.94
2026-05-19T16:43:14 UTC | INFO     | risk_model | Risk components: debt=41.7 vol=21.1 liq=85.6 eps=22.9 margin=97.9 mcap=0.0 drawdown=6.4 regime_mult=1.0
2026-05-19T16:43:14 UTC | INFO     | opportunity_model | Opp buckets: financial_health=16.9 price_trend=48.9 market_confirmation=39.3
2026-05-19T16:43:14 UTC | INFO     | signal_agreement | Signal agreement: m=0.46 s=0.92 e=0.50 v=0.05 -> 0.010
2026-05-19T16:43:14 UTC | INFO     | main | DEBUG scores PFGC: opp_financial_health=16.9 opp_price_trend=48.9 opp_market_confirmation=39.3
2026-05-19T16:43:14 UTC | INFO     | main | DEBUG candidate: XOM opp_pt=67.1 opp_fh=27.1 risk_vol=0.0 risk_dd=12.3 cap=70
2026-05-19T16:43:14 UTC | INFO     | main | DEBUG candidate: CVX opp_pt=63.3 opp_fh=18.4 risk_vol=0.1 risk_dd=17.9 cap=70
2026-05-19T16:43:14 UTC | INFO     | main | DEBUG candidate: COP opp_pt=72.2 opp_fh=42.6 risk_vol=0.0 risk_dd=14.1 cap=70
2026-05-19T16:43:14 UTC | INFO     | main | DEBUG candidate: SLB opp_pt=71.9 opp_fh=30.7 risk_vol=11.5 risk_dd=0.8 cap=70
2026-05-19T16:43:14 UTC | INFO     | main | DEBUG candidate: EOG opp_pt=75.9 opp_fh=50.2 risk_vol=0.0 risk_dd=8.0 cap=70
2026-05-19T16:43:14 UTC | INFO     | main | DEBUG candidate: MPC opp_pt=82.1 opp_fh=33.0 risk_vol=1.5 risk_dd=0.0 cap=70
2026-05-19T16:43:14 UTC | INFO     | main | DEBUG candidate: PSX opp_pt=76.2 opp_fh=25.9 risk_vol=9.6 risk_dd=5.2 cap=70
2026-05-19T16:43:14 UTC | INFO     | main | DEBUG candidate: VLO opp_pt=82.5 opp_fh=49.0 risk_vol=3.5 risk_dd=0.0 cap=70
2026-05-19T16:43:14 UTC | INFO     | main | DEBUG candidate: DVN opp_pt=69.9 opp_fh=44.8 risk_vol=0.0 risk_dd=12.0 cap=70
2026-05-19T16:43:14 UTC | INFO     | main | DEBUG candidate: FANG opp_pt=79.3 opp_fh=31.0 risk_vol=0.0 risk_dd=6.1 cap=70
2026-05-19T16:43:14 UTC | INFO     | main | DEBUG candidate: APA opp_pt=82.5 opp_fh=43.1 risk_vol=0.0 risk_dd=20.4 cap=70
2026-05-19T16:43:14 UTC | INFO     | main | DEBUG candidate: BKR opp_pt=64.8 opp_fh=44.1 risk_vol=23.5 risk_dd=12.3 cap=70
2026-05-19T16:43:14 UTC | INFO     | main | DEBUG candidate: HAL opp_pt=82.5 opp_fh=39.0 risk_vol=12.1 risk_dd=0.0 cap=70
2026-05-19T16:43:14 UTC | INFO     | main | DEBUG candidate: NOV opp_pt=62.7 opp_fh=1.2 risk_vol=21.0 risk_dd=2.1 cap=70
2026-05-19T16:43:14 UTC | INFO     | main | DEBUG candidate: OXY opp_pt=77.5 opp_fh=45.0 risk_vol=0.0 risk_dd=22.3 cap=70
2026-05-19T16:43:14 UTC | INFO     | main | DEBUG candidate: RRC opp_pt=65.2 opp_fh=84.3 risk_vol=0.0 risk_dd=23.4 cap=70
2026-05-19T16:43:14 UTC | INFO     | main | DEBUG candidate: EQT opp_pt=50.6 opp_fh=100 risk_vol=4.4 risk_dd=31.1 cap=70
2026-05-19T16:43:14 UTC | INFO     | main | DEBUG candidate: CNX opp_pt=43.0 opp_fh=100 risk_vol=7.2 risk_dd=29.8 cap=70
2026-05-19T16:43:14 UTC | INFO     | main | DEBUG candidate: AR opp_pt=64.0 opp_fh=81.9 risk_vol=0.0 risk_dd=35.0 cap=70
2026-05-19T16:43:14 UTC | INFO     | main | DEBUG candidate: CTRA opp_pt=61.9 opp_fh=79.8 risk_vol=0.0 risk_dd=25.8 cap=70
2026-05-19T16:43:14 UTC | INFO     | main | DEBUG candidate: SM opp_pt=82.5 opp_fh=40.8 risk_vol=11.8 risk_dd=0.0 cap=70
2026-05-19T16:43:14 UTC | INFO     | main | DEBUG candidate: OVV opp_pt=81.3 opp_fh=43.5 risk_vol=4.1 risk_dd=9.7 cap=70
2026-05-19T16:43:14 UTC | INFO     | main | DEBUG candidate: WMB opp_pt=71.4 opp_fh=47.1 risk_vol=6.7 risk_dd=0.0 cap=70
2026-05-19T16:43:14 UTC | INFO     | main | DEBUG candidate: OKE opp_pt=70.5 opp_fh=67.9 risk_vol=13.1 risk_dd=0.0 cap=70
2026-05-19T16:43:14 UTC | INFO     | main | DEBUG candidate: KMI opp_pt=65.9 opp_fh=57.4 risk_vol=3.2 risk_dd=0.0 cap=70
2026-05-19T16:43:14 UTC | INFO     | main | DEBUG candidate: ET opp_pt=71.2 opp_fh=30.6 risk_vol=3.6 risk_dd=0.0 cap=70
2026-05-19T16:43:14 UTC | INFO     | main | DEBUG candidate: WMT opp_pt=67.0 opp_fh=11.3 risk_vol=7.6 risk_dd=0.0 cap=70
2026-05-19T16:43:14 UTC | INFO     | main | DEBUG candidate: PG opp_pt=37.7 opp_fh=44.8 risk_vol=0.0 risk_dd=35.9 cap=70
2026-05-19T16:43:14 UTC | INFO     | main | DEBUG candidate: KO opp_pt=62.1 opp_fh=48.6 risk_vol=0.0 risk_dd=0.0 cap=70
2026-05-19T16:43:14 UTC | INFO     | main | DEBUG candidate: PEP opp_pt=40.1 opp_fh=37.3 risk_vol=0.0 risk_dd=27.1 cap=70
2026-05-19T16:43:14 UTC | INFO     | main | DEBUG candidate: COST opp_pt=70.3 opp_fh=11.3 risk_vol=20.4 risk_dd=0.0 cap=70
2026-05-19T16:43:14 UTC | INFO     | main | DEBUG candidate: MDLZ opp_pt=59.2 opp_fh=34.0 risk_vol=0.0 risk_dd=1.5 cap=70
2026-05-19T16:43:14 UTC | INFO     | main | DEBUG candidate: GIS opp_pt=23.7 opp_fh=36.1 risk_vol=0.0 risk_dd=74.1 cap=70
2026-05-19T16:43:14 UTC | INFO     | main | DEBUG candidate: HSY opp_pt=39.9 opp_fh=38.8 risk_vol=0.0 risk_dd=42.6 cap=70
2026-05-19T16:43:14 UTC | INFO     | main | DEBUG candidate: MKC opp_pt=20.2 opp_fh=68.9 risk_vol=8.5 risk_dd=83.5 cap=70
2026-05-19T16:43:14 UTC | INFO     | main | DEBUG candidate: CAG opp_pt=25.4 opp_fh=33.8 risk_vol=0.0 risk_dd=72.4 cap=70
2026-05-19T16:43:14 UTC | INFO     | main | DEBUG candidate: SJM opp_pt=47.0 opp_fh=16.7 risk_vol=0.0 risk_dd=23.5 cap=70
2026-05-19T16:43:14 UTC | INFO     | main | DEBUG candidate: HRL opp_pt=30.3 opp_fh=29.3 risk_vol=0.0 risk_dd=49.3 cap=70
2026-05-19T16:43:14 UTC | INFO     | main | DEBUG candidate: CPB opp_pt=22.3 opp_fh=33.9 risk_vol=0.0 risk_dd=73.7 cap=70
2026-05-19T16:43:14 UTC | INFO     | main | DEBUG candidate: TAP opp_pt=34.4 opp_fh=12.1 risk_vol=0.0 risk_dd=54.0 cap=70
2026-05-19T16:43:14 UTC | INFO     | main | DEBUG candidate: STZ opp_pt=47.5 opp_fh=65.8 risk_vol=0.0 risk_dd=28.2 cap=70
2026-05-19T16:43:14 UTC | INFO     | main | DEBUG candidate: DEO opp_pt=39.6 opp_fh=47.5 risk_vol=0.0 risk_dd=41.6 cap=70
2026-05-19T16:43:14 UTC | INFO     | main | DEBUG candidate: PM opp_pt=63.8 opp_fh=50.7 risk_vol=0.0 risk_dd=0.0 cap=70
2026-05-19T16:43:14 UTC | INFO     | main | DEBUG candidate: MO opp_pt=71.5 opp_fh=45.0 risk_vol=1.0 risk_dd=0.9 cap=70
2026-05-19T16:43:14 UTC | INFO     | main | DEBUG candidate: BTI opp_pt=69.0 opp_fh=56.2 risk_vol=0.0 risk_dd=1.7 cap=70
2026-05-19T16:43:14 UTC | INFO     | main | DEBUG candidate: USFD opp_pt=34.2 opp_fh=26.3 risk_vol=19.8 risk_dd=49.9 cap=70
2026-05-19T16:43:14 UTC | INFO     | main | DEBUG candidate: PFGC opp_pt=48.9 opp_fh=16.9 risk_vol=21.1 risk_dd=6.4 cap=70
2026-05-19T16:43:14 UTC | INFO     | zscore_ranker | Ranker: excluded 4 candidates above risk_cap=70
2026-05-19T16:43:14 UTC | INFO     | zscore_ranker | Sector cap (3): skipped AR (energy)
2026-05-19T16:43:14 UTC | INFO     | zscore_ranker | Sector cap (3): skipped CTRA (energy)
2026-05-19T16:43:14 UTC | INFO     | zscore_ranker | Sector cap (3): skipped OKE (energy)
2026-05-19T16:43:14 UTC | INFO     | zscore_ranker | Sector cap (3): skipped KMI (energy)
2026-05-19T16:43:14 UTC | INFO     | zscore_ranker | Sector cap (3): skipped EOG (energy)
2026-05-19T16:43:14 UTC | INFO     | zscore_ranker | Sector cap (3): skipped VLO (energy)
2026-05-19T16:43:14 UTC | INFO     | zscore_ranker | Sector cap (3): skipped KO (consumer_staples)
2026-05-19T16:43:14 UTC | INFO     | zscore_ranker | Sector cap (3): skipped DEO (consumer_staples)
2026-05-19T16:43:14 UTC | INFO     | zscore_ranker | Sector cap (3): skipped WMB (energy)
2026-05-19T16:43:14 UTC | INFO     | zscore_ranker | Sector cap (3): skipped OXY (energy)
2026-05-19T16:43:14 UTC | INFO     | zscore_ranker | Sector cap (3): skipped MO (consumer_staples)
2026-05-19T16:43:14 UTC | INFO     | zscore_ranker | Sector cap (3): skipped DVN (energy)
2026-05-19T16:43:14 UTC | INFO     | zscore_ranker | Sector cap (3): skipped PG (consumer_staples)
2026-05-19T16:43:14 UTC | INFO     | zscore_ranker | Sector cap (3): skipped BKR (energy)
2026-05-19T16:43:14 UTC | INFO     | zscore_ranker | Sector cap (3): skipped OVV (energy)
2026-05-19T16:43:14 UTC | INFO     | zscore_ranker | Sector cap (3): skipped APA (energy)
2026-05-19T16:43:14 UTC | INFO     | zscore_ranker | Sector cap (3): skipped COP (energy)
2026-05-19T16:43:14 UTC | INFO     | zscore_ranker | Sector cap (3): skipped SM (energy)
2026-05-19T16:43:14 UTC | INFO     | zscore_ranker | Sector cap (3): skipped HAL (energy)
2026-05-19T16:43:14 UTC | INFO     | zscore_ranker | Sector cap (3): skipped HSY (consumer_staples)
2026-05-19T16:43:14 UTC | INFO     | zscore_ranker | Sector cap (3): skipped PEP (consumer_staples)
2026-05-19T16:43:14 UTC | INFO     | zscore_ranker | Sector cap (3): skipped MDLZ (consumer_staples)
2026-05-19T16:43:14 UTC | INFO     | zscore_ranker | Sector cap (3): skipped MPC (energy)
2026-05-19T16:43:14 UTC | INFO     | zscore_ranker | Sector cap (3): skipped FANG (energy)
2026-05-19T16:43:14 UTC | INFO     | zscore_ranker | Sector cap (3): skipped SLB (energy)
2026-05-19T16:43:14 UTC | INFO     | zscore_ranker | Sector cap (3): skipped ET (energy)
2026-05-19T16:43:14 UTC | INFO     | zscore_ranker | Sector cap (3): skipped HRL (consumer_staples)
2026-05-19T16:43:14 UTC | INFO     | zscore_ranker | Sector cap (3): skipped XOM (energy)
2026-05-19T16:43:14 UTC | INFO     | zscore_ranker | Sector cap (3): skipped USFD (consumer_staples)
2026-05-19T16:43:14 UTC | INFO     | zscore_ranker | Sector cap (3): skipped PSX (energy)
2026-05-19T16:43:14 UTC | INFO     | zscore_ranker | Sector cap (3): skipped CVX (energy)
2026-05-19T16:43:14 UTC | INFO     | zscore_ranker | Sector cap (3): skipped PFGC (consumer_staples)
2026-05-19T16:43:14 UTC | INFO     | zscore_ranker | Sector cap (3): skipped SJM (consumer_staples)
2026-05-19T16:43:14 UTC | INFO     | zscore_ranker | Sector cap (3): skipped TAP (consumer_staples)
2026-05-19T16:43:14 UTC | INFO     | zscore_ranker | Sector cap (3): skipped COST (consumer_staples)
2026-05-19T16:43:14 UTC | INFO     | zscore_ranker | Sector cap (3): skipped WMT (consumer_staples)
2026-05-19T16:43:14 UTC | INFO     | zscore_ranker | Sector cap (3): skipped NOV (energy)
2026-05-19T16:43:14 UTC | INFO     | zscore_ranker | Ranking complete: 47 → 43 eligible → 6 final (max 25, cap 3/sector)
2026-05-19T16:43:14 UTC | INFO     | main | Post-ranking count: 6
2026-05-19T16:43:14 UTC | INFO     | main | Industry dedup [Oil & Gas E&P]: kept=['RRC', 'EQT'] dropped=['CNX']
2026-05-19T16:43:14 UTC | INFO     | main | Final company count after industry dedup: 5
2026-05-19T16:43:14 UTC | INFO     | main | Final company count after score stability filter: 5
2026-05-19T16:43:14 UTC | INFO     | main | [EQ] Running earnings quality analysis on 5 tickers
2026-05-19T16:43:20 UTC | INFO     | main | [EQ] RRC: no EQ data — skipped or error
2026-05-19T16:43:20 UTC | INFO     | main | [EQ] STZ: no EQ data — skipped or error
2026-05-19T16:43:20 UTC | INFO     | main | [EQ] BTI: no EQ data — skipped or error
2026-05-19T16:43:20 UTC | INFO     | main | [EQ] Enrichment complete. 2 enriched / 5 total
2026-05-19T16:43:20 UTC | INFO     | main | [ROT] Running rotation analysis on 5 candidates
2026-05-19T16:43:29 UTC | INFO     | main | [ROT] Enrichment complete. 5 enriched / 5 total
2026-05-19T16:43:29 UTC | INFO     | main | [PS] Running price structure analysis on 5 tickers
2026-05-19T16:43:30 UTC | INFO     | main | [PS] Enrichment complete. 5 enriched / 5 total
2026-05-19T16:43:30 UTC | INFO     | main | [ER] Event risk enrichment complete. 5/5 processed
2026-05-19T16:44:43 UTC | INFO     | main | [INS] Insider enrichment complete. 5/5 processed
2026-05-19T16:44:43 UTC | INFO     | expectations | [EXP] EQT: no Finnhub token — skipping beat streak
2026-05-19T16:44:43 UTC | INFO     | expectations | [EXP] RRC: no Finnhub token — skipping beat streak
2026-05-19T16:44:43 UTC | INFO     | expectations | [EXP] STZ: no Finnhub token — skipping beat streak
2026-05-19T16:44:43 UTC | INFO     | expectations | [EXP] BTI: no Finnhub token — skipping beat streak
2026-05-19T16:44:43 UTC | INFO     | expectations | [EXP] PM: no Finnhub token — skipping beat streak
2026-05-19T16:44:43 UTC | INFO     | main | [EXP] Expectations enrichment complete. 5/5 processed
2026-05-19T16:44:43 UTC | INFO     | main | [PL] Portfolio analysis complete. Selected: ['BTI', 'RRC'] | Diversification: 0.929
2026-05-19T16:44:50 UTC | INFO     | paper_trading.live_engine | [PT] EQT: skip — closed this run, cooldown applies
2026-05-19T16:44:50 UTC | INFO     | paper_trading.live_engine | [PT] RRC: skip — closed this run, cooldown applies
2026-05-19T16:44:50 UTC | INFO     | paper_trading.live_engine | [PT] STZ: skip — already has open trade
2026-05-19T16:44:50 UTC | INFO     | paper_trading.live_engine | [PT] BTI: skip — already has open trade
2026-05-19T16:44:50 UTC | INFO     | paper_trading.live_engine | [PT] PM: skip — already has open trade
2026-05-19T16:44:50 UTC | INFO     | paper_trading.live_engine | [PT][PERF] 2 real closed trades | Win rate: 100.0% | Avg win: 0.2296 | Avg loss: 0.0 | Expectancy: 0.2296 | Max drawdown: -0.0
2026-05-19T16:44:51 UTC | INFO     | main | [PT] Paper trading complete. Open: 14 | New: 0 | Closed: 6 | Replay enriched: 6
2026-05-19T16:44:52 UTC | INFO     | dashboard_builder | tests.json updated. Total entries: 16
2026-05-19T16:44:52 UTC | INFO     | main | [Step 27m] Scheduled run log written to tests.json/tests.html
2026-05-19T16:44:52 UTC | INFO     | report_builder | Email report written: /home/runner/work/Financial_Assistant_Project/Financial_Assistant_Project/reports/output/intraday_email_1145_1315_20260519T164452Z.html
2026-05-19T16:44:52 UTC | INFO     | report_builder | Full report written: /home/runner/work/Financial_Assistant_Project/Financial_Assistant_Project/reports/output/intraday_full_1145_1315_20260519T164452Z.html
2026-05-19T16:44:52 UTC | INFO     | report_builder | Full report served at docs/reports/intraday_full_1145_1315_20260519T164452Z.html
2026-05-19T16:44:52 UTC | INFO     | dashboard_builder | News JSON written: 9 sectors
2026-05-19T16:44:52 UTC | INFO     | dashboard_builder | index.html written
2026-05-19T16:44:52 UTC | INFO     | dashboard_builder | rank.html written
2026-05-19T16:44:52 UTC | INFO     | dashboard_builder | archive.html written
2026-05-19T16:44:52 UTC | INFO     | dashboard_builder | news.html written
2026-05-19T16:44:52 UTC | INFO     | dashboard_builder | trades.json written: 22 total trades (14 real open, 8 real closed, 0 test).
2026-05-19T16:44:52 UTC | INFO     | dashboard_builder | trades.html written
2026-05-19T16:44:52 UTC | INFO     | dashboard_builder | build_dashboard complete
2026-05-19T16:44:52 UTC | INFO     | email_sender | Using pre-built HTML: /home/runner/work/Financial_Assistant_Project/Financial_Assistant_Project/reports/output/intraday_email_1145_1315_20260519T164452Z.html
2026-05-19T16:44:54 UTC | INFO     | email_sender | Email sent to francisco.ale.caballero01+stocks@gmail.com: ■ Stock Research — 11:45-13:15 Update — 5 opportunities found
