2026-04-03T03:32:41 UTC | INFO     | main | ============================================================
2026-04-03T03:32:41 UTC | INFO     | main | AUTOMATED STOCK RESEARCH SYSTEM — starting run
2026-04-03T03:32:41 UTC | INFO     | main | DISCLAIMER: This system does NOT perform trading, does NOT give investment advice, and does NOT make price predictions. It is a research data aggregation and scoring tool only.
2026-04-03T03:32:41 UTC | INFO     | main | ============================================================
2026-04-03T03:32:41 UTC | INFO     | main | [DEBUG] FORCE_TICKERS detected — entering debug mode
2026-04-03T03:32:41 UTC | INFO     | state_manager | New trading day (2026-04-03) — resetting state
2026-04-03T03:32:41 UTC | INFO     | main | [DEBUG] Using slot: 9:45-11:15
2026-04-03T03:32:41 UTC | INFO     | main | [DEBUG] Force-ticker mode active — tickers: ['XOM', 'CVX', 'COP']
2026-04-03T03:32:41 UTC | INFO     | main | [DEBUG] Skipping all sector/news gates
2026-04-03T03:32:41 UTC | INFO     | market_collector | Index dow: 46504.67 Falling (-0.13%)
2026-04-03T03:32:42 UTC | INFO     | market_collector | Index sp500: 6582.69 Rising (+0.11%)
2026-04-03T03:32:42 UTC | INFO     | market_collector | Index nasdaq: 21879.18 Rising (+0.18%)
2026-04-03T03:32:42 UTC | INFO     | market_regime | VIX fetched: 23.87
2026-04-03T03:32:42 UTC | INFO     | market_regime | Regime: normal vix=23.87 risk_mult=1.0 opp_mult=1.0
2026-04-03T03:32:59 UTC | INFO     | market_breadth | Market breadth: 78/130 advancing (0.60) — neutral breadth — mixed market movement
2026-04-03T03:33:00 UTC | INFO     | sector_breadth_ma | Sector breadth MA technology: 1/10 = 0.10 (sector is structurally weak)
2026-04-03T03:33:00 UTC | INFO     | sector_breadth_ma | Sector breadth MA semiconductors: 4/10 = 0.40 (mixed signals)
2026-04-03T03:33:01 UTC | INFO     | sector_breadth_ma | Sector breadth MA healthcare: 3/10 = 0.30 (mixed signals)
2026-04-03T03:33:02 UTC | INFO     | sector_breadth_ma | Sector breadth MA financials: 1/10 = 0.10 (sector is structurally weak)
2026-04-03T03:33:03 UTC | INFO     | sector_breadth_ma | Sector breadth MA consumer_discretionary: 2/10 = 0.20 (sector is structurally weak)
2026-04-03T03:33:04 UTC | INFO     | sector_breadth_ma | Sector breadth MA consumer_staples: 4/10 = 0.40 (mixed signals)
2026-04-03T03:33:05 UTC | INFO     | sector_breadth_ma | Sector breadth MA industrials: 3/10 = 0.30 (mixed signals)
2026-04-03T03:33:05 UTC | INFO     | sector_breadth_ma | Sector breadth MA defense: 0/10 = 0.00 (sector is structurally weak)
2026-04-03T03:33:06 UTC | INFO     | sector_breadth_ma | Sector breadth MA energy: 10/10 = 1.00 (sector is genuinely strong)
2026-04-03T03:33:07 UTC | INFO     | sector_breadth_ma | Sector breadth MA materials: 4/10 = 0.40 (mixed signals)
2026-04-03T03:33:08 UTC | INFO     | sector_breadth_ma | Sector breadth MA utilities: 9/10 = 0.90 (sector is genuinely strong)
2026-04-03T03:33:08 UTC | INFO     | sector_breadth_ma | Sector breadth MA real_estate: 5/10 = 0.50 (mixed signals)
2026-04-03T03:33:09 UTC | INFO     | sector_breadth_ma | Sector breadth MA communication_services: 3/10 = 0.30 (mixed signals)
2026-04-03T03:33:11 UTC | INFO     | sector_momentum | Top 5 sectors: ['materials', 'real_estate', 'semiconductors', 'utilities', 'communication_services']
2026-04-03T03:33:11 UTC | INFO     | sector_momentum | Sector momentum history updated (3 entries)
2026-04-03T03:33:11 UTC | INFO     | sector_rotation_speed | Rotation technology: rank 4 -> 6 speed=-2 (losing momentum)
2026-04-03T03:33:11 UTC | INFO     | sector_rotation_speed | Rotation healthcare: rank 7 -> 10 speed=-3 (losing momentum)
2026-04-03T03:33:11 UTC | INFO     | sector_rotation_speed | Rotation financials: rank 3 -> 7 speed=-4 (rapidly losing strength)
2026-04-03T03:33:11 UTC | INFO     | sector_rotation_speed | Rotation consumer_discretionary: rank 8 -> 12 speed=-4 (rapidly losing strength)
2026-04-03T03:33:11 UTC | INFO     | sector_rotation_speed | Rotation consumer_staples: rank 10 -> 9 speed=1 (stable)
2026-04-03T03:33:11 UTC | INFO     | sector_rotation_speed | Rotation industrials: rank 6 -> 8 speed=-2 (losing momentum)
2026-04-03T03:33:11 UTC | INFO     | sector_rotation_speed | Rotation materials: rank 13 -> 1 speed=12 (rapidly gaining strength)
2026-04-03T03:33:11 UTC | INFO     | sector_rotation_speed | Rotation energy: rank 1 -> 13 speed=-12 (rapidly losing strength)
2026-04-03T03:33:11 UTC | INFO     | sector_rotation_speed | Rotation utilities: rank 12 -> 4 speed=8 (rapidly gaining strength)
2026-04-03T03:33:11 UTC | INFO     | sector_rotation_speed | Rotation real_estate: rank 9 -> 2 speed=7 (rapidly gaining strength)
2026-04-03T03:33:11 UTC | INFO     | sector_rotation_speed | Rotation communication_services: rank 5 -> 5 speed=0 (stable)
2026-04-03T03:33:11 UTC | INFO     | sector_rotation_speed | Rotation semiconductors: rank 2 -> 3 speed=-1 (stable)
2026-04-03T03:33:11 UTC | INFO     | sector_rotation_speed | Rotation defense: rank 11 -> 11 speed=0 (stable)
2026-04-03T03:33:11 UTC | INFO     | news_collector | reuters RSS: fetched 0 articles
2026-04-03T03:33:11 UTC | INFO     | news_collector | ft RSS: fetched 11 articles
2026-04-03T03:33:11 UTC | INFO     | news_collector | Finnhub: fetched 100 articles
2026-04-03T03:33:11 UTC | INFO     | news_collector | Filter: 111 raw → 36 passed
2026-04-03T03:33:12 UTC | INFO     | news_collector | Dedup: 36 → 36 articles
2026-04-03T03:33:12 UTC | INFO     | news_collector | Sector confirmed: defense score=10.4 headlines=5
2026-04-03T03:33:12 UTC | INFO     | news_collector | Sector confirmed: energy score=10.7 headlines=4
2026-04-03T03:33:12 UTC | INFO     | news_collector | Sector confirmed: materials score=28.3 headlines=12
2026-04-03T03:33:12 UTC | INFO     | news_collector | Sector confirmed: technology score=41.5 headlines=17
2026-04-03T03:33:12 UTC | INFO     | news_collector | Sector confirmed: consumer_discretionary score=59.6 headlines=22
2026-04-03T03:33:12 UTC | INFO     | news_collector | Sector confirmed: industrials score=47.8 headlines=19
2026-04-03T03:33:12 UTC | INFO     | news_collector | Sector confirmed: utilities score=13.3 headlines=7
2026-04-03T03:33:12 UTC | INFO     | news_collector | Sector confirmed: consumer_staples score=10.0 headlines=4
2026-04-03T03:33:12 UTC | INFO     | news_collector | Sector confirmed: financials score=23.4 headlines=8
2026-04-03T03:33:12 UTC | INFO     | news_collector | Sector confirmed: semiconductors score=8.0 headlines=3
2026-04-03T03:33:12 UTC | INFO     | news_collector | Sector confirmed: communication_services score=4.5 headlines=2
2026-04-03T03:33:12 UTC | INFO     | news_collector | Sector confirmed: real_estate score=7.6 headlines=3
2026-04-03T03:33:12 UTC | INFO     | news_collector | Confirmed sectors: ['defense', 'energy', 'materials', 'technology', 'consumer_discretionary', 'industrials', 'utilities', 'consumer_staples', 'financials', 'semiconductors', 'communication_services', 'real_estate']
2026-04-03T03:33:12 UTC | INFO     | market_collector | get_index_history dow: 30 points
2026-04-03T03:33:12 UTC | INFO     | market_collector | get_index_history sp500: 30 points
2026-04-03T03:33:12 UTC | INFO     | market_collector | get_index_history nasdaq: 30 points
2026-04-03T03:33:12 UTC | INFO     | main | [DEBUG] Processing forced ticker: XOM
2026-04-03T03:33:12 UTC | INFO     | financial_parser | XOM: using cached financials (0d old)
2026-04-03T03:33:12 UTC | INFO     | volume_confirmation | XOM volume ratio=1.04 score=0.35 label=normal trading activity
2026-04-03T03:33:12 UTC | INFO     | risk_adjusted_momentum | XOM RAM raw=17.38 score=1.00
2026-04-03T03:33:12 UTC | INFO     | multi_timeframe_momentum | XOM MTF 1m=7.255369500592956 3m=34.420030269135424 6m=45.70580073728853 score=1.00
2026-04-03T03:33:12 UTC | INFO     | trend_stability | XOM trend stability: dev=0.1117 score=0.00
2026-04-03T03:33:12 UTC | INFO     | drawdown_risk | XOM drawdown=6.3% score=0.84
2026-04-03T03:33:12 UTC | INFO     | risk_model | Risk score: raw=8.8 penalty=0 mult=1.0 final=8.8
2026-04-03T03:33:12 UTC | INFO     | opportunity_model | Opp score: b1=31.3 b2=77.2 b3=43.9 raw=52.2 x1.0 x1.0 = 52.2
2026-04-03T03:33:12 UTC | INFO     | signal_agreement | Signal agreement: m=1.00 s=0.50 e=0.50 v=0.35 -> 0.087
2026-04-03T03:33:12 UTC | INFO     | opportunity_model | Composite confidence: 61.9 (Moderate confidence)
2026-04-03T03:33:12 UTC | INFO     | main | [DEBUG] XOM: conf=61.9 risk=8.8 opp=52.2
2026-04-03T03:33:12 UTC | INFO     | main | [DEBUG] Processing forced ticker: CVX
2026-04-03T03:33:12 UTC | INFO     | financial_parser | CVX: using cached financials (0d old)
2026-04-03T03:33:13 UTC | INFO     | volume_confirmation | CVX volume ratio=0.82 score=0.27 label=normal trading activity
2026-04-03T03:33:13 UTC | INFO     | risk_adjusted_momentum | CVX RAM raw=17.89 score=1.00
2026-04-03T03:33:13 UTC | INFO     | multi_timeframe_momentum | CVX MTF 1m=6.955868691241604 3m=31.82625342222915 6m=31.427304352471197 score=0.95
2026-04-03T03:33:13 UTC | INFO     | trend_stability | CVX trend stability: dev=0.1166 score=0.00
2026-04-03T03:33:13 UTC | INFO     | drawdown_risk | CVX drawdown=5.8% score=0.86
2026-04-03T03:33:13 UTC | INFO     | risk_model | Risk score: raw=11.3 penalty=0 mult=1.0 final=11.3
2026-04-03T03:33:13 UTC | INFO     | opportunity_model | Opp score: b1=22.8 b2=75.9 b3=40.9 raw=47.7 x1.0 x1.0 = 47.7
2026-04-03T03:33:13 UTC | INFO     | signal_agreement | Signal agreement: m=1.00 s=0.50 e=0.50 v=0.27 -> 0.068
2026-04-03T03:33:13 UTC | INFO     | opportunity_model | Composite confidence: 59.1 (Moderate confidence)
2026-04-03T03:33:13 UTC | INFO     | main | [DEBUG] CVX: conf=59.1 risk=11.3 opp=47.7
2026-04-03T03:33:13 UTC | INFO     | main | [DEBUG] Processing forced ticker: COP
2026-04-03T03:33:13 UTC | INFO     | financial_parser | COP: using cached financials (0d old)
2026-04-03T03:33:13 UTC | INFO     | main | AV budget exhausted — skipping AV for COP
2026-04-03T03:33:13 UTC | INFO     | volume_confirmation | COP volume ratio=0.67 score=0.22 label=lower activity than usual
2026-04-03T03:33:13 UTC | INFO     | risk_adjusted_momentum | COP RAM raw=18.58 score=1.00
2026-04-03T03:33:13 UTC | INFO     | multi_timeframe_momentum | COP MTF 1m=12.85776268948391 3m=40.51460282561571 6m=39.069977061099024 score=1.00
2026-04-03T03:33:13 UTC | INFO     | trend_stability | COP trend stability: dev=0.1655 score=0.00
2026-04-03T03:33:14 UTC | INFO     | drawdown_risk | COP drawdown=2.5% score=0.94
2026-04-03T03:33:14 UTC | INFO     | risk_model | Risk score: raw=12.3 penalty=0 mult=1.0 final=12.3
2026-04-03T03:33:14 UTC | INFO     | opportunity_model | Opp score: b1=43.6 b2=77.2 b3=38.9 raw=56.1 x1.0 x1.0 = 56.1
2026-04-03T03:33:14 UTC | INFO     | signal_agreement | Signal agreement: m=1.00 s=0.50 e=0.50 v=0.22 -> 0.056
2026-04-03T03:33:14 UTC | INFO     | opportunity_model | Composite confidence: 61.4 (Moderate confidence)
2026-04-03T03:33:14 UTC | INFO     | main | [DEBUG] COP: conf=61.4 risk=12.3 opp=56.1
2026-04-03T03:33:14 UTC | INFO     | main | [DEBUG][EQ] Running EQ analysis on 3 forced tickers
2026-04-03T03:33:17 UTC | INFO     | main | [DEBUG][EQ] XOM: no EQ data — skipped or error
2026-04-03T03:33:17 UTC | INFO     | main | [DEBUG][EQ] CVX: no EQ data — skipped or error
2026-04-03T03:33:17 UTC | INFO     | main | [ROT] Running rotation analysis on 3 candidates
2026-04-03T03:33:19 UTC | INFO     | main | [ROT] Enrichment complete. 3 enriched / 3 total
2026-04-03T03:33:19 UTC | INFO     | report_builder | Email report written: /home/runner/work/Financial_Assistant_Project/Financial_Assistant_Project/reports/output/intraday_email_945_1115_20260403T033319Z.html
2026-04-03T03:33:19 UTC | INFO     | report_builder | Full report written: /home/runner/work/Financial_Assistant_Project/Financial_Assistant_Project/reports/output/intraday_full_945_1115_20260403T033319Z.html
2026-04-03T03:33:19 UTC | INFO     | report_builder | Full report served at docs/reports/intraday_full_945_1115_20260403T033319Z.html
2026-04-03T03:33:19 UTC | INFO     | dashboard_builder | News JSON written: 12 sectors
2026-04-03T03:33:19 UTC | INFO     | dashboard_builder | index.html written
2026-04-03T03:33:19 UTC | INFO     | dashboard_builder | rank.html written
2026-04-03T03:33:19 UTC | INFO     | dashboard_builder | archive.html written
2026-04-03T03:33:19 UTC | INFO     | dashboard_builder | news.html written
2026-04-03T03:33:19 UTC | INFO     | dashboard_builder | build_dashboard complete
2026-04-03T03:33:19 UTC | INFO     | email_sender | Using pre-built HTML: /home/runner/work/Financial_Assistant_Project/Financial_Assistant_Project/reports/output/intraday_email_945_1115_20260403T033319Z.html
2026-04-03T03:33:20 UTC | INFO     | email_sender | Email sent to francisco.ale.caballero01+stocks@gmail.com: ■ Stock Research — 9:45-11:15 Update — 3 opportunities found
2026-04-03T03:33:21 UTC | INFO     | main | Git: committed and pushed
2026-04-03T03:33:21 UTC | INFO     | main | [DEBUG] Force-ticker run complete. Tickers: ['XOM', 'CVX', 'COP']
2026-04-03T14:26:57 UTC | INFO     | main | ============================================================
2026-04-03T14:26:57 UTC | INFO     | main | AUTOMATED STOCK RESEARCH SYSTEM — starting run
2026-04-03T14:26:57 UTC | INFO     | main | DISCLAIMER: This system does NOT perform trading, does NOT give investment advice, and does NOT make price predictions. It is a research data aggregation and scoring tool only.
2026-04-03T14:26:57 UTC | INFO     | main | ============================================================
2026-04-03T14:26:57 UTC | INFO     | main | [SCHEDULER] Time gate passed — matched slot 9:45-11:15
2026-04-03T14:26:57 UTC | INFO     | main | Run slot: 9:45-11:15
2026-04-03T14:26:57 UTC | INFO     | market_collector | Index dow: 46504.67 Falling (-0.13%)
2026-04-03T14:26:57 UTC | INFO     | market_collector | Index sp500: 6582.69 Rising (+0.11%)
2026-04-03T14:26:57 UTC | INFO     | market_collector | Index nasdaq: 21879.18 Rising (+0.18%)
2026-04-03T14:26:57 UTC | INFO     | market_regime | VIX fetched: 23.87
2026-04-03T14:26:57 UTC | INFO     | market_regime | Regime: normal vix=23.87 risk_mult=1.0 opp_mult=1.0
2026-04-03T14:26:57 UTC | INFO     | main | Regime: normal vix=23.87
2026-04-03T14:27:19 UTC | INFO     | market_breadth | Market breadth: 78/130 advancing (0.60) — neutral breadth — mixed market movement
2026-04-03T14:27:20 UTC | INFO     | sector_breadth_ma | Sector breadth MA technology: 1/10 = 0.10 (sector is structurally weak)
2026-04-03T14:27:20 UTC | INFO     | sector_breadth_ma | Sector breadth MA semiconductors: 4/10 = 0.40 (mixed signals)
2026-04-03T14:27:21 UTC | INFO     | sector_breadth_ma | Sector breadth MA healthcare: 3/10 = 0.30 (mixed signals)
2026-04-03T14:27:22 UTC | INFO     | sector_breadth_ma | Sector breadth MA financials: 1/10 = 0.10 (sector is structurally weak)
2026-04-03T14:27:23 UTC | INFO     | sector_breadth_ma | Sector breadth MA consumer_discretionary: 2/10 = 0.20 (sector is structurally weak)
2026-04-03T14:27:24 UTC | INFO     | sector_breadth_ma | Sector breadth MA consumer_staples: 4/10 = 0.40 (mixed signals)
2026-04-03T14:27:26 UTC | INFO     | sector_breadth_ma | Sector breadth MA industrials: 3/10 = 0.30 (mixed signals)
2026-04-03T14:27:27 UTC | INFO     | sector_breadth_ma | Sector breadth MA defense: 0/10 = 0.00 (sector is structurally weak)
2026-04-03T14:27:28 UTC | INFO     | sector_breadth_ma | Sector breadth MA energy: 10/10 = 1.00 (sector is genuinely strong)
2026-04-03T14:27:29 UTC | INFO     | sector_breadth_ma | Sector breadth MA materials: 4/10 = 0.40 (mixed signals)
2026-04-03T14:27:30 UTC | INFO     | sector_breadth_ma | Sector breadth MA utilities: 9/10 = 0.90 (sector is genuinely strong)
2026-04-03T14:27:30 UTC | INFO     | sector_breadth_ma | Sector breadth MA real_estate: 5/10 = 0.50 (mixed signals)
2026-04-03T14:27:31 UTC | INFO     | sector_breadth_ma | Sector breadth MA communication_services: 3/10 = 0.30 (mixed signals)
2026-04-03T14:27:33 UTC | INFO     | sector_momentum | Top 5 sectors: ['materials', 'real_estate', 'semiconductors', 'utilities', 'communication_services']
2026-04-03T14:27:33 UTC | INFO     | sector_momentum | Sector momentum history updated (3 entries)
2026-04-03T14:27:33 UTC | INFO     | sector_rotation_speed | Rotation technology: rank 4 -> 6 speed=-2 (losing momentum)
2026-04-03T14:27:33 UTC | INFO     | sector_rotation_speed | Rotation healthcare: rank 7 -> 10 speed=-3 (losing momentum)
2026-04-03T14:27:33 UTC | INFO     | sector_rotation_speed | Rotation financials: rank 3 -> 7 speed=-4 (rapidly losing strength)
2026-04-03T14:27:33 UTC | INFO     | sector_rotation_speed | Rotation consumer_discretionary: rank 8 -> 12 speed=-4 (rapidly losing strength)
2026-04-03T14:27:33 UTC | INFO     | sector_rotation_speed | Rotation consumer_staples: rank 10 -> 9 speed=1 (stable)
2026-04-03T14:27:33 UTC | INFO     | sector_rotation_speed | Rotation industrials: rank 6 -> 8 speed=-2 (losing momentum)
2026-04-03T14:27:33 UTC | INFO     | sector_rotation_speed | Rotation materials: rank 13 -> 1 speed=12 (rapidly gaining strength)
2026-04-03T14:27:33 UTC | INFO     | sector_rotation_speed | Rotation energy: rank 1 -> 13 speed=-12 (rapidly losing strength)
2026-04-03T14:27:33 UTC | INFO     | sector_rotation_speed | Rotation utilities: rank 12 -> 4 speed=8 (rapidly gaining strength)
2026-04-03T14:27:33 UTC | INFO     | sector_rotation_speed | Rotation real_estate: rank 9 -> 2 speed=7 (rapidly gaining strength)
2026-04-03T14:27:33 UTC | INFO     | sector_rotation_speed | Rotation communication_services: rank 5 -> 5 speed=0 (stable)
2026-04-03T14:27:33 UTC | INFO     | sector_rotation_speed | Rotation semiconductors: rank 2 -> 3 speed=-1 (stable)
2026-04-03T14:27:33 UTC | INFO     | sector_rotation_speed | Rotation defense: rank 11 -> 11 speed=0 (stable)
2026-04-03T14:27:33 UTC | INFO     | news_collector | reuters RSS: fetched 0 articles
2026-04-03T14:27:34 UTC | INFO     | news_collector | ft RSS: fetched 11 articles
2026-04-03T14:27:34 UTC | INFO     | news_collector | Finnhub: fetched 100 articles
2026-04-03T14:27:34 UTC | INFO     | news_collector | Filter: 111 raw → 27 passed
2026-04-03T14:27:34 UTC | INFO     | news_collector | Dedup: 27 → 27 articles
2026-04-03T14:27:34 UTC | INFO     | news_collector | Sector confirmed: financials score=11.2 headlines=5
2026-04-03T14:27:34 UTC | INFO     | news_collector | Sector confirmed: real_estate score=12.4 headlines=5
2026-04-03T14:27:34 UTC | INFO     | news_collector | Sector confirmed: utilities score=10.8 headlines=5
2026-04-03T14:27:34 UTC | INFO     | news_collector | Sector confirmed: consumer_discretionary score=14.9 headlines=7
2026-04-03T14:27:34 UTC | INFO     | news_collector | Sector confirmed: technology score=12.0 headlines=6
2026-04-03T14:27:34 UTC | INFO     | news_collector | Sector gated: consumer_staples score=1.3 headlines=1 (need score>=4, headlines>=2)
2026-04-03T14:27:34 UTC | INFO     | news_collector | Sector confirmed: industrials score=5.1 headlines=2
2026-04-03T14:27:34 UTC | INFO     | news_collector | Sector confirmed: materials score=4.2 headlines=2
2026-04-03T14:27:34 UTC | INFO     | news_collector | Sector gated: defense score=1.7 headlines=1 (need score>=4, headlines>=2)
2026-04-03T14:27:34 UTC | INFO     | news_collector | Confirmed sectors: ['financials', 'real_estate', 'utilities', 'consumer_discretionary', 'technology', 'industrials', 'materials']
2026-04-03T14:27:34 UTC | INFO     | market_collector | get_index_history dow: 30 points
2026-04-03T14:27:34 UTC | INFO     | market_collector | get_index_history sp500: 30 points
2026-04-03T14:27:34 UTC | INFO     | market_collector | get_index_history nasdaq: 30 points
2026-04-03T14:27:34 UTC | INFO     | main | News: 27 articles, 7 candidate sectors
2026-04-03T14:27:34 UTC | INFO     | news_impact_scorer | SPY day move: 0.09%
2026-04-03T14:27:34 UTC | INFO     | news_impact_scorer | Impact [financials]: sources=5 kw=11.2 spy=0.09% → impact=0.582 ✗ below threshold
2026-04-03T14:27:34 UTC | INFO     | news_impact_scorer | Sector dropped by impact gate: financials (sources=5 kw=11.2 spy=0.09% → impact=0.582 ✗ below threshold)
2026-04-03T14:27:34 UTC | INFO     | news_impact_scorer | Impact [real_estate]: sources=5 kw=12.4 spy=0.09% → impact=0.600 ✓ passes
2026-04-03T14:27:34 UTC | INFO     | news_impact_scorer | Impact [utilities]: sources=5 kw=10.8 spy=0.09% → impact=0.576 ✗ below threshold
2026-04-03T14:27:34 UTC | INFO     | news_impact_scorer | Sector dropped by impact gate: utilities (sources=5 kw=10.8 spy=0.09% → impact=0.576 ✗ below threshold)
2026-04-03T14:27:34 UTC | INFO     | news_impact_scorer | Impact [consumer_discretionary]: sources=7 kw=14.9 spy=0.09% → impact=0.637 ✓ passes
2026-04-03T14:27:34 UTC | INFO     | news_impact_scorer | Impact [technology]: sources=6 kw=12.0 spy=0.09% → impact=0.594 ✗ below threshold
2026-04-03T14:27:34 UTC | INFO     | news_impact_scorer | Sector dropped by impact gate: technology (sources=6 kw=12.0 spy=0.09% → impact=0.594 ✗ below threshold)
2026-04-03T14:27:34 UTC | INFO     | news_impact_scorer | Impact [industrials]: sources=2 kw=5.1 spy=0.09% → impact=0.357 ✗ below threshold
2026-04-03T14:27:34 UTC | INFO     | news_impact_scorer | Sector dropped by impact gate: industrials (sources=2 kw=5.1 spy=0.09% → impact=0.357 ✗ below threshold)
2026-04-03T14:27:34 UTC | INFO     | news_impact_scorer | Impact [materials]: sources=2 kw=4.2 spy=0.09% → impact=0.343 ✗ below threshold
2026-04-03T14:27:34 UTC | INFO     | news_impact_scorer | Sector dropped by impact gate: materials (sources=2 kw=4.2 spy=0.09% → impact=0.343 ✗ below threshold)
2026-04-03T14:27:34 UTC | INFO     | news_impact_scorer | Impact gate: 7 → 2 sectors passed
2026-04-03T14:27:34 UTC | INFO     | main | Momentum gate: 2 → 1 sectors
2026-04-03T14:27:34 UTC | INFO     | sector_mapper | Mapped 0 events → 0 sectors
2026-04-03T14:27:34 UTC | INFO     | sector_validator | Sector real_estate/XLRE: sig1=True sig2=True sig3=False tf_ok=False → REJECTED
2026-04-03T14:27:34 UTC | INFO     | main | Sector real_estate: ETF confirmation failed
2026-04-03T14:27:34 UTC | INFO     | main | No sectors confirmed — writing empty report
2026-04-03T14:27:34 UTC | INFO     | main | Empty report written: reports/output/empty_945-1115_2026-04-03T142734Z.html
2026-04-03T14:27:35 UTC | INFO     | main | Git: committed and pushed
2026-04-03T14:27:35 UTC | INFO     | state_manager | Slot 9:45-11:15 marked complete
2026-04-03T15:28:18 UTC | INFO     | main | ============================================================
2026-04-03T15:28:18 UTC | INFO     | main | AUTOMATED STOCK RESEARCH SYSTEM — starting run
2026-04-03T15:28:18 UTC | INFO     | main | DISCLAIMER: This system does NOT perform trading, does NOT give investment advice, and does NOT make price predictions. It is a research data aggregation and scoring tool only.
2026-04-03T15:28:18 UTC | INFO     | main | ============================================================
2026-04-03T15:28:18 UTC | INFO     | main | [SCHEDULER] Current ET time 11:28 is outside all scheduled windows — exiting.
2026-04-03T16:20:55 UTC | INFO     | main | ============================================================
2026-04-03T16:20:55 UTC | INFO     | main | AUTOMATED STOCK RESEARCH SYSTEM — starting run
2026-04-03T16:20:55 UTC | INFO     | main | DISCLAIMER: This system does NOT perform trading, does NOT give investment advice, and does NOT make price predictions. It is a research data aggregation and scoring tool only.
2026-04-03T16:20:55 UTC | INFO     | main | ============================================================
2026-04-03T16:20:55 UTC | INFO     | main | [SCHEDULER] Time gate passed — matched slot 11:45-13:15
2026-04-03T16:20:55 UTC | INFO     | main | Run slot: 11:45-13:15
2026-04-03T16:20:55 UTC | INFO     | market_collector | Index dow: 46504.67 Falling (-0.13%)
2026-04-03T16:20:55 UTC | INFO     | market_collector | Index sp500: 6582.69 Rising (+0.11%)
2026-04-03T16:20:55 UTC | INFO     | market_collector | Index nasdaq: 21879.18 Rising (+0.18%)
2026-04-03T16:20:55 UTC | INFO     | market_regime | VIX fetched: 23.87
2026-04-03T16:20:55 UTC | INFO     | market_regime | Regime: normal vix=23.87 risk_mult=1.0 opp_mult=1.0
2026-04-03T16:20:55 UTC | INFO     | main | Regime: normal vix=23.87
2026-04-03T16:21:19 UTC | INFO     | market_breadth | Market breadth: 78/130 advancing (0.60) — neutral breadth — mixed market movement
2026-04-03T16:21:20 UTC | INFO     | sector_breadth_ma | Sector breadth MA technology: 1/10 = 0.10 (sector is structurally weak)
2026-04-03T16:21:21 UTC | INFO     | sector_breadth_ma | Sector breadth MA semiconductors: 4/10 = 0.40 (mixed signals)
2026-04-03T16:21:22 UTC | INFO     | sector_breadth_ma | Sector breadth MA healthcare: 3/10 = 0.30 (mixed signals)
2026-04-03T16:21:23 UTC | INFO     | sector_breadth_ma | Sector breadth MA financials: 1/10 = 0.10 (sector is structurally weak)
2026-04-03T16:21:24 UTC | INFO     | sector_breadth_ma | Sector breadth MA consumer_discretionary: 2/10 = 0.20 (sector is structurally weak)
2026-04-03T16:21:25 UTC | INFO     | sector_breadth_ma | Sector breadth MA consumer_staples: 4/10 = 0.40 (mixed signals)
2026-04-03T16:21:26 UTC | INFO     | sector_breadth_ma | Sector breadth MA industrials: 3/10 = 0.30 (mixed signals)
2026-04-03T16:21:27 UTC | INFO     | sector_breadth_ma | Sector breadth MA defense: 0/10 = 0.00 (sector is structurally weak)
2026-04-03T16:21:28 UTC | INFO     | sector_breadth_ma | Sector breadth MA energy: 10/10 = 1.00 (sector is genuinely strong)
2026-04-03T16:21:29 UTC | INFO     | sector_breadth_ma | Sector breadth MA materials: 4/10 = 0.40 (mixed signals)
2026-04-03T16:21:30 UTC | INFO     | sector_breadth_ma | Sector breadth MA utilities: 9/10 = 0.90 (sector is genuinely strong)
2026-04-03T16:21:31 UTC | INFO     | sector_breadth_ma | Sector breadth MA real_estate: 5/10 = 0.50 (mixed signals)
2026-04-03T16:21:32 UTC | INFO     | sector_breadth_ma | Sector breadth MA communication_services: 3/10 = 0.30 (mixed signals)
2026-04-03T16:21:34 UTC | INFO     | sector_momentum | Top 5 sectors: ['materials', 'real_estate', 'semiconductors', 'utilities', 'communication_services']
2026-04-03T16:21:34 UTC | INFO     | sector_momentum | Sector momentum history updated (3 entries)
2026-04-03T16:21:34 UTC | INFO     | sector_rotation_speed | Rotation technology: rank 4 -> 6 speed=-2 (losing momentum)
2026-04-03T16:21:34 UTC | INFO     | sector_rotation_speed | Rotation healthcare: rank 7 -> 10 speed=-3 (losing momentum)
2026-04-03T16:21:34 UTC | INFO     | sector_rotation_speed | Rotation financials: rank 3 -> 7 speed=-4 (rapidly losing strength)
2026-04-03T16:21:34 UTC | INFO     | sector_rotation_speed | Rotation consumer_discretionary: rank 8 -> 12 speed=-4 (rapidly losing strength)
2026-04-03T16:21:34 UTC | INFO     | sector_rotation_speed | Rotation consumer_staples: rank 10 -> 9 speed=1 (stable)
2026-04-03T16:21:34 UTC | INFO     | sector_rotation_speed | Rotation industrials: rank 6 -> 8 speed=-2 (losing momentum)
2026-04-03T16:21:34 UTC | INFO     | sector_rotation_speed | Rotation materials: rank 13 -> 1 speed=12 (rapidly gaining strength)
2026-04-03T16:21:34 UTC | INFO     | sector_rotation_speed | Rotation energy: rank 1 -> 13 speed=-12 (rapidly losing strength)
2026-04-03T16:21:34 UTC | INFO     | sector_rotation_speed | Rotation utilities: rank 12 -> 4 speed=8 (rapidly gaining strength)
2026-04-03T16:21:34 UTC | INFO     | sector_rotation_speed | Rotation real_estate: rank 9 -> 2 speed=7 (rapidly gaining strength)
2026-04-03T16:21:34 UTC | INFO     | sector_rotation_speed | Rotation communication_services: rank 5 -> 5 speed=0 (stable)
2026-04-03T16:21:34 UTC | INFO     | sector_rotation_speed | Rotation semiconductors: rank 2 -> 3 speed=-1 (stable)
2026-04-03T16:21:34 UTC | INFO     | sector_rotation_speed | Rotation defense: rank 11 -> 11 speed=0 (stable)
2026-04-03T16:21:35 UTC | INFO     | news_collector | reuters RSS: fetched 0 articles
2026-04-03T16:21:35 UTC | INFO     | news_collector | ft RSS: fetched 11 articles
2026-04-03T16:21:35 UTC | INFO     | news_collector | Finnhub: fetched 100 articles
2026-04-03T16:21:35 UTC | INFO     | news_collector | Filter: 111 raw → 29 passed
2026-04-03T16:21:35 UTC | INFO     | news_collector | Dedup: 29 → 29 articles
2026-04-03T16:21:35 UTC | INFO     | news_collector | Sector confirmed: financials score=4.6 headlines=2
2026-04-03T16:21:35 UTC | INFO     | news_collector | Sector confirmed: real_estate score=5.4 headlines=2
2026-04-03T16:21:35 UTC | INFO     | news_collector | Sector confirmed: utilities score=4.8 headlines=2
2026-04-03T16:21:35 UTC | INFO     | news_collector | Sector confirmed: consumer_discretionary score=4.3 headlines=2
2026-04-03T16:21:35 UTC | INFO     | news_collector | Sector confirmed: technology score=4.0 headlines=2
2026-04-03T16:21:35 UTC | INFO     | news_collector | Confirmed sectors: ['financials', 'real_estate', 'utilities', 'consumer_discretionary', 'technology']
2026-04-03T16:21:35 UTC | INFO     | market_collector | get_index_history dow: 30 points
2026-04-03T16:21:35 UTC | INFO     | market_collector | get_index_history sp500: 30 points
2026-04-03T16:21:35 UTC | INFO     | market_collector | get_index_history nasdaq: 30 points
2026-04-03T16:21:35 UTC | INFO     | main | News: 29 articles, 5 candidate sectors
2026-04-03T16:21:35 UTC | INFO     | news_impact_scorer | SPY day move: 0.09%
2026-04-03T16:21:35 UTC | INFO     | news_impact_scorer | Impact [financials]: sources=2 kw=4.7 spy=0.09% → impact=0.350 ✗ below threshold
2026-04-03T16:21:35 UTC | INFO     | news_impact_scorer | Sector dropped by impact gate: financials (sources=2 kw=4.7 spy=0.09% → impact=0.350 ✗ below threshold)
2026-04-03T16:21:35 UTC | INFO     | news_impact_scorer | Impact [real_estate]: sources=2 kw=5.4 spy=0.09% → impact=0.361 ✗ below threshold
2026-04-03T16:21:35 UTC | INFO     | news_impact_scorer | Sector dropped by impact gate: real_estate (sources=2 kw=5.4 spy=0.09% → impact=0.361 ✗ below threshold)
2026-04-03T16:21:35 UTC | INFO     | news_impact_scorer | Impact [utilities]: sources=2 kw=4.8 spy=0.09% → impact=0.352 ✗ below threshold
2026-04-03T16:21:35 UTC | INFO     | news_impact_scorer | Sector dropped by impact gate: utilities (sources=2 kw=4.8 spy=0.09% → impact=0.352 ✗ below threshold)
2026-04-03T16:21:35 UTC | INFO     | news_impact_scorer | Impact [consumer_discretionary]: sources=2 kw=4.3 spy=0.09% → impact=0.345 ✗ below threshold
2026-04-03T16:21:35 UTC | INFO     | news_impact_scorer | Sector dropped by impact gate: consumer_discretionary (sources=2 kw=4.3 spy=0.09% → impact=0.345 ✗ below threshold)
2026-04-03T16:21:35 UTC | INFO     | news_impact_scorer | Impact [technology]: sources=2 kw=4.0 spy=0.09% → impact=0.341 ✗ below threshold
2026-04-03T16:21:35 UTC | INFO     | news_impact_scorer | Sector dropped by impact gate: technology (sources=2 kw=4.0 spy=0.09% → impact=0.341 ✗ below threshold)
2026-04-03T16:21:35 UTC | INFO     | news_impact_scorer | Impact gate: 5 → 0 sectors passed
2026-04-03T16:21:35 UTC | INFO     | main | Momentum gate: 0 → 0 sectors
2026-04-03T16:21:35 UTC | INFO     | sector_mapper | Mapped 0 events → 0 sectors
2026-04-03T16:21:35 UTC | INFO     | main | No sectors confirmed — writing empty report
2026-04-03T16:21:35 UTC | INFO     | main | Empty report written: reports/output/empty_1145-1315_2026-04-03T162135Z.html
