2026-04-05T22:27:27 UTC | INFO     | main | ============================================================
2026-04-05T22:27:27 UTC | INFO     | main | AUTOMATED STOCK RESEARCH SYSTEM — starting run
2026-04-05T22:27:27 UTC | INFO     | main | DISCLAIMER: This system does NOT perform trading, does NOT give investment advice, and does NOT make price predictions. It is a research data aggregation and scoring tool only.
2026-04-05T22:27:27 UTC | INFO     | main | ============================================================
2026-04-05T22:27:27 UTC | INFO     | main | [DEBUG] FORCE_TICKERS detected — entering debug mode
2026-04-05T22:27:27 UTC | INFO     | state_manager | New trading day (2026-04-05) — resetting state
2026-04-05T22:27:27 UTC | INFO     | main | [DEBUG] Using slot: 9:45-11:15
2026-04-05T22:27:27 UTC | INFO     | main | [DEBUG] Force-ticker mode active — tickers: ['AAPL']
2026-04-05T22:27:27 UTC | INFO     | main | [DEBUG] Skipping all sector/news gates
2026-04-05T22:27:28 UTC | INFO     | market_collector | Index dow: 46504.67 Falling (-0.13%)
2026-04-05T22:27:28 UTC | INFO     | market_collector | Index sp500: 6582.69 Rising (+0.11%)
2026-04-05T22:27:28 UTC | INFO     | market_collector | Index nasdaq: 21879.18 Rising (+0.18%)
2026-04-05T22:27:28 UTC | INFO     | market_regime | VIX fetched: 23.87
2026-04-05T22:27:28 UTC | INFO     | market_regime | Regime: normal vix=23.87 risk_mult=1.0 opp_mult=1.0
2026-04-05T22:27:56 UTC | INFO     | market_breadth | Market breadth: 78/130 advancing (0.60) — neutral breadth — mixed market movement
2026-04-05T22:27:57 UTC | INFO     | sector_breadth_ma | Sector breadth MA technology: 1/10 = 0.10 (sector is structurally weak)
2026-04-05T22:27:58 UTC | INFO     | sector_breadth_ma | Sector breadth MA semiconductors: 4/10 = 0.40 (mixed signals)
2026-04-05T22:28:00 UTC | INFO     | sector_breadth_ma | Sector breadth MA healthcare: 3/10 = 0.30 (mixed signals)
2026-04-05T22:28:01 UTC | INFO     | sector_breadth_ma | Sector breadth MA financials: 1/10 = 0.10 (sector is structurally weak)
2026-04-05T22:28:02 UTC | INFO     | sector_breadth_ma | Sector breadth MA consumer_discretionary: 2/10 = 0.20 (sector is structurally weak)
2026-04-05T22:28:03 UTC | INFO     | sector_breadth_ma | Sector breadth MA consumer_staples: 4/10 = 0.40 (mixed signals)
2026-04-05T22:28:04 UTC | INFO     | sector_breadth_ma | Sector breadth MA industrials: 3/10 = 0.30 (mixed signals)
2026-04-05T22:28:05 UTC | INFO     | sector_breadth_ma | Sector breadth MA defense: 0/10 = 0.00 (sector is structurally weak)
2026-04-05T22:28:06 UTC | INFO     | sector_breadth_ma | Sector breadth MA energy: 10/10 = 1.00 (sector is genuinely strong)
2026-04-05T22:28:07 UTC | INFO     | sector_breadth_ma | Sector breadth MA materials: 4/10 = 0.40 (mixed signals)
2026-04-05T22:28:09 UTC | INFO     | sector_breadth_ma | Sector breadth MA utilities: 9/10 = 0.90 (sector is genuinely strong)
2026-04-05T22:28:10 UTC | INFO     | sector_breadth_ma | Sector breadth MA real_estate: 5/10 = 0.50 (mixed signals)
2026-04-05T22:28:11 UTC | INFO     | sector_breadth_ma | Sector breadth MA communication_services: 3/10 = 0.30 (mixed signals)
2026-04-05T22:28:14 UTC | INFO     | sector_momentum | Top 5 sectors: ['materials', 'real_estate', 'semiconductors', 'utilities', 'communication_services']
2026-04-05T22:28:14 UTC | INFO     | sector_momentum | Sector momentum history updated (3 entries)
2026-04-05T22:28:14 UTC | INFO     | sector_rotation_speed | Rotation technology: rank 4 -> 6 speed=-2 (losing momentum)
2026-04-05T22:28:14 UTC | INFO     | sector_rotation_speed | Rotation healthcare: rank 7 -> 10 speed=-3 (losing momentum)
2026-04-05T22:28:14 UTC | INFO     | sector_rotation_speed | Rotation financials: rank 3 -> 7 speed=-4 (rapidly losing strength)
2026-04-05T22:28:14 UTC | INFO     | sector_rotation_speed | Rotation consumer_discretionary: rank 8 -> 12 speed=-4 (rapidly losing strength)
2026-04-05T22:28:14 UTC | INFO     | sector_rotation_speed | Rotation consumer_staples: rank 10 -> 9 speed=1 (stable)
2026-04-05T22:28:14 UTC | INFO     | sector_rotation_speed | Rotation industrials: rank 6 -> 8 speed=-2 (losing momentum)
2026-04-05T22:28:14 UTC | INFO     | sector_rotation_speed | Rotation materials: rank 13 -> 1 speed=12 (rapidly gaining strength)
2026-04-05T22:28:14 UTC | INFO     | sector_rotation_speed | Rotation energy: rank 1 -> 13 speed=-12 (rapidly losing strength)
2026-04-05T22:28:14 UTC | INFO     | sector_rotation_speed | Rotation utilities: rank 12 -> 4 speed=8 (rapidly gaining strength)
2026-04-05T22:28:14 UTC | INFO     | sector_rotation_speed | Rotation real_estate: rank 9 -> 2 speed=7 (rapidly gaining strength)
2026-04-05T22:28:14 UTC | INFO     | sector_rotation_speed | Rotation communication_services: rank 5 -> 5 speed=0 (stable)
2026-04-05T22:28:14 UTC | INFO     | sector_rotation_speed | Rotation semiconductors: rank 2 -> 3 speed=-1 (stable)
2026-04-05T22:28:14 UTC | INFO     | sector_rotation_speed | Rotation defense: rank 11 -> 11 speed=0 (stable)
2026-04-05T22:28:14 UTC | INFO     | news_collector | reuters RSS: fetched 0 articles
2026-04-05T22:28:14 UTC | INFO     | news_collector | ft RSS: fetched 11 articles
2026-04-05T22:28:14 UTC | INFO     | news_collector | Finnhub: fetched 100 articles
2026-04-05T22:28:14 UTC | INFO     | news_collector | Filter: 111 raw → 19 passed
2026-04-05T22:28:14 UTC | INFO     | news_collector | Dedup: 19 → 19 articles
2026-04-05T22:28:14 UTC | INFO     | news_collector | Sector gated: consumer_discretionary score=1.6 headlines=2 (need score>=4, headlines>=2)
2026-04-05T22:28:14 UTC | INFO     | news_collector | Sector gated: financials score=1.4 headlines=2 (need score>=4, headlines>=2)
2026-04-05T22:28:14 UTC | INFO     | news_collector | Sector gated: industrials score=0.7 headlines=1 (need score>=4, headlines>=2)
2026-04-05T22:28:14 UTC | INFO     | news_collector | Sector gated: real_estate score=0.6 headlines=1 (need score>=4, headlines>=2)
2026-04-05T22:28:14 UTC | INFO     | news_collector | Sector gated: consumer_staples score=0.7 headlines=1 (need score>=4, headlines>=2)
2026-04-05T22:28:14 UTC | INFO     | news_collector | Sector gated: utilities score=0.6 headlines=1 (need score>=4, headlines>=2)
2026-04-05T22:28:14 UTC | INFO     | news_collector | Confirmed sectors: []
2026-04-05T22:28:14 UTC | INFO     | market_collector | get_index_history dow: 30 points
2026-04-05T22:28:14 UTC | INFO     | market_collector | get_index_history sp500: 30 points
2026-04-05T22:28:14 UTC | INFO     | market_collector | get_index_history nasdaq: 30 points
2026-04-05T22:28:14 UTC | INFO     | main | [DEBUG] Processing forced ticker: AAPL
2026-04-05T22:28:14 UTC | INFO     | financial_parser | AAPL: using cached financials (1d old)
2026-04-05T22:28:15 UTC | INFO     | volume_confirmation | AAPL volume ratio=0.76 score=0.25 label=lower activity than usual
2026-04-05T22:28:15 UTC | INFO     | risk_adjusted_momentum | AAPL RAM raw=-3.53 score=0.32
2026-04-05T22:28:15 UTC | INFO     | multi_timeframe_momentum | AAPL MTF 1m=-2.514090782010066 3m=-5.775220843192906 6m=0.37494038507724103 score=0.45
2026-04-05T22:28:15 UTC | INFO     | trend_stability | AAPL trend stability: dev=0.0349 score=0.65
2026-04-05T22:28:15 UTC | INFO     | drawdown_risk | AAPL drawdown=10.5% score=0.74
2026-04-05T22:28:15 UTC | INFO     | risk_model | Risk score: raw=15.6 penalty=0 mult=1.0 final=15.6
2026-04-05T22:28:15 UTC | INFO     | opportunity_model | Opp score: b1=43.4 b2=42.7 b3=40.1 raw=42.5 x1.0 x1.0 = 42.5
2026-04-05T22:28:15 UTC | INFO     | signal_agreement | Signal agreement: m=0.32 s=0.50 e=0.50 v=0.25 -> 0.020
2026-04-05T22:28:15 UTC | INFO     | opportunity_model | Composite confidence: 54.8 (Moderate confidence)
2026-04-05T22:28:15 UTC | INFO     | main | [DEBUG] AAPL: conf=54.8 risk=15.6 opp=42.5
2026-04-05T22:28:15 UTC | INFO     | main | [DEBUG][EQ] Running EQ analysis on 1 forced tickers
2026-04-05T22:28:17 UTC | INFO     | main | [ROT] Running rotation analysis on 1 candidates
2026-04-05T22:28:18 UTC | INFO     | main | [ROT] Enrichment complete. 1 enriched / 1 total
2026-04-05T22:28:18 UTC | INFO     | main | [PS] Running price structure analysis on 1 forced tickers
2026-04-05T22:28:18 UTC | INFO     | main | [PS] Enrichment complete. 1 enriched / 1 total
2026-04-05T22:28:18 UTC | INFO     | report_builder | Email report written: /home/runner/work/Financial_Assistant_Project/Financial_Assistant_Project/reports/output/intraday_email_945_1115_20260405T222818Z.html
2026-04-05T22:28:18 UTC | INFO     | report_builder | Full report written: /home/runner/work/Financial_Assistant_Project/Financial_Assistant_Project/reports/output/intraday_full_945_1115_20260405T222818Z.html
2026-04-05T22:28:18 UTC | INFO     | report_builder | Full report served at docs/reports/intraday_full_945_1115_20260405T222818Z.html
2026-04-05T22:28:18 UTC | INFO     | dashboard_builder | index.html written
2026-04-05T22:28:18 UTC | INFO     | dashboard_builder | rank.html written
2026-04-05T22:28:18 UTC | INFO     | dashboard_builder | archive.html written
2026-04-05T22:28:18 UTC | INFO     | dashboard_builder | news.html written
2026-04-05T22:28:18 UTC | INFO     | dashboard_builder | build_dashboard complete
2026-04-05T22:28:18 UTC | INFO     | email_sender | Using pre-built HTML: /home/runner/work/Financial_Assistant_Project/Financial_Assistant_Project/reports/output/intraday_email_945_1115_20260405T222818Z.html
2026-04-05T22:28:21 UTC | INFO     | email_sender | Email sent to francisco.ale.caballero01+stocks@gmail.com: ■ Stock Research — 9:45-11:15 Update — 1 opportunity found
2026-04-05T22:28:22 UTC | INFO     | main | Git: committed and pushed
2026-04-05T22:28:22 UTC | INFO     | main | [DEBUG] Force-ticker run complete. Tickers: ['AAPL']
