2026-05-15T15:51:01 UTC | INFO     | main | ============================================================
2026-05-15T15:51:01 UTC | INFO     | main | AUTOMATED STOCK RESEARCH SYSTEM — starting run
2026-05-15T15:51:01 UTC | INFO     | main | DISCLAIMER: This system does NOT perform trading, does NOT give investment advice, and does NOT make price predictions. It is a research data aggregation and scoring tool only.
2026-05-15T15:51:01 UTC | INFO     | main | ============================================================
2026-05-15T15:51:01 UTC | INFO     | main | [SCHEDULER] Time gate passed — matched slot 11:45-13:15
2026-05-15T15:51:01 UTC | WARNING  | main | Validated tickers file is 66 days old (limit 30). Consider re-running validate_tickers.py.
2026-05-15T15:51:01 UTC | INFO     | main | Run slot: 11:45-13:15
2026-05-15T15:51:01 UTC | INFO     | state_manager | New trading day (2026-05-15) — resetting state
2026-05-15T15:51:02 UTC | INFO     | market_collector | Index dow: 49540.22 Falling (-1.05%)
2026-05-15T15:51:02 UTC | INFO     | market_collector | Index sp500: 7417.78 Falling (-1.11%)
2026-05-15T15:51:02 UTC | INFO     | market_collector | Index nasdaq: 26245.96 Falling (-1.46%)
2026-05-15T15:51:02 UTC | INFO     | market_regime | VIX fetched: 18.11
2026-05-15T15:51:02 UTC | INFO     | market_regime | Regime: normal vix=18.11 risk_mult=1.0 opp_mult=1.0
2026-05-15T15:51:02 UTC | INFO     | main | Regime: normal vix=18.11
2026-05-15T15:51:35 UTC | INFO     | market_breadth | Market breadth: 29/130 advancing (0.22) — weak breadth — most stocks declining
2026-05-15T15:51:35 UTC | INFO     | spy_sma | [SPY] price=739.86 sma200=673.34 above=True
2026-05-15T15:51:41 UTC | INFO     | market_breadth | [B200] 77/125 above 200d SMA = 61.6%
2026-05-15T15:51:41 UTC | INFO     | market_regime_classifier | [MRC] regime=BULL score=3 spy_above=True vix=18.11 breadth_pct=61.6
2026-05-15T15:51:41 UTC | INFO     | main | [MR] market_regime=BULL score=3 breadth_pct=61.6
2026-05-15T15:51:43 UTC | INFO     | sector_breadth_ma | Sector breadth MA technology: 7/10 = 0.70 (healthy participation)
2026-05-15T15:51:44 UTC | INFO     | sector_breadth_ma | Sector breadth MA semiconductors: 10/10 = 1.00 (sector is genuinely strong)
2026-05-15T15:51:45 UTC | INFO     | sector_breadth_ma | Sector breadth MA healthcare: 3/10 = 0.30 (mixed signals)
2026-05-15T15:51:46 UTC | INFO     | sector_breadth_ma | Sector breadth MA financials: 4/10 = 0.40 (mixed signals)
2026-05-15T15:51:48 UTC | INFO     | sector_breadth_ma | Sector breadth MA consumer_discretionary: 4/10 = 0.40 (mixed signals)
2026-05-15T15:51:49 UTC | INFO     | sector_breadth_ma | Sector breadth MA consumer_staples: 7/10 = 0.70 (healthy participation)
2026-05-15T15:51:50 UTC | INFO     | sector_breadth_ma | Sector breadth MA industrials: 5/10 = 0.50 (mixed signals)
2026-05-15T15:51:52 UTC | INFO     | sector_breadth_ma | Sector breadth MA defense: 1/10 = 0.10 (sector is structurally weak)
2026-05-15T15:51:53 UTC | INFO     | sector_breadth_ma | Sector breadth MA energy: 8/10 = 0.80 (sector is genuinely strong)
2026-05-15T15:51:54 UTC | INFO     | sector_breadth_ma | Sector breadth MA materials: 6/10 = 0.60 (healthy participation)
2026-05-15T15:51:56 UTC | INFO     | sector_breadth_ma | Sector breadth MA utilities: 1/10 = 0.10 (sector is structurally weak)
2026-05-15T15:51:57 UTC | INFO     | sector_breadth_ma | Sector breadth MA real_estate: 7/10 = 0.70 (healthy participation)
2026-05-15T15:51:58 UTC | INFO     | sector_breadth_ma | Sector breadth MA communication_services: 2/10 = 0.20 (sector is structurally weak)
2026-05-15T15:52:01 UTC | INFO     | sector_momentum | Top 5 sectors: ['energy', 'technology', 'semiconductors', 'healthcare', 'consumer_staples']
2026-05-15T15:52:01 UTC | INFO     | sector_momentum | Sector momentum history updated (6 entries)
2026-05-15T15:52:01 UTC | INFO     | sector_rotation_speed | Rotation technology: rank 4 -> 2 speed=2 (gaining momentum)
2026-05-15T15:52:01 UTC | INFO     | sector_rotation_speed | Rotation healthcare: rank 7 -> 4 speed=3 (gaining momentum)
2026-05-15T15:52:01 UTC | INFO     | sector_rotation_speed | Rotation financials: rank 3 -> 7 speed=-4 (rapidly losing strength)
2026-05-15T15:52:01 UTC | INFO     | sector_rotation_speed | Rotation consumer_discretionary: rank 8 -> 13 speed=-5 (rapidly losing strength)
2026-05-15T15:52:01 UTC | INFO     | sector_rotation_speed | Rotation consumer_staples: rank 10 -> 5 speed=5 (rapidly gaining strength)
2026-05-15T15:52:01 UTC | INFO     | sector_rotation_speed | Rotation industrials: rank 6 -> 8 speed=-2 (losing momentum)
2026-05-15T15:52:01 UTC | INFO     | sector_rotation_speed | Rotation materials: rank 13 -> 10 speed=3 (gaining momentum)
2026-05-15T15:52:01 UTC | INFO     | sector_rotation_speed | Rotation energy: rank 1 -> 1 speed=0 (stable)
2026-05-15T15:52:01 UTC | INFO     | sector_rotation_speed | Rotation utilities: rank 12 -> 11 speed=1 (stable)
2026-05-15T15:52:01 UTC | INFO     | sector_rotation_speed | Rotation real_estate: rank 9 -> 12 speed=-3 (losing momentum)
2026-05-15T15:52:01 UTC | INFO     | sector_rotation_speed | Rotation communication_services: rank 5 -> 6 speed=-1 (stable)
2026-05-15T15:52:01 UTC | INFO     | sector_rotation_speed | Rotation semiconductors: rank 2 -> 3 speed=-1 (stable)
2026-05-15T15:52:01 UTC | INFO     | sector_rotation_speed | Rotation defense: rank 11 -> 9 speed=2 (gaining momentum)
2026-05-15T15:52:02 UTC | INFO     | news_collector | reuters RSS: fetched 0 articles
2026-05-15T15:52:02 UTC | INFO     | news_collector | ft RSS: fetched 12 articles
2026-05-15T15:52:03 UTC | INFO     | news_collector | Finnhub: fetched 100 articles
2026-05-15T15:52:03 UTC | INFO     | news_collector | Filter: 112 raw → 28 passed
2026-05-15T15:52:03 UTC | INFO     | news_collector | Dedup: 28 → 28 articles
2026-05-15T15:52:03 UTC | INFO     | news_collector | Sector confirmed: technology score=51.8 headlines=10
2026-05-15T15:52:03 UTC | INFO     | news_collector | Sector gated: semiconductors score=0.9 headlines=1 (need score>=4, headlines>=2)
2026-05-15T15:52:03 UTC | INFO     | news_collector | Sector gated: communication_services score=0.8 headlines=1 (need score>=4, headlines>=2)
2026-05-15T15:52:03 UTC | INFO     | news_collector | Sector confirmed: industrials score=12.5 headlines=4
2026-05-15T15:52:03 UTC | INFO     | news_collector | Sector confirmed: utilities score=47.7 headlines=7
2026-05-15T15:52:03 UTC | INFO     | news_collector | Sector confirmed: financials score=46.9 headlines=5
2026-05-15T15:52:03 UTC | INFO     | news_collector | Sector confirmed: real_estate score=41.4 headlines=4
2026-05-15T15:52:03 UTC | INFO     | news_collector | Sector confirmed: consumer_discretionary score=70.6 headlines=11
2026-05-15T15:52:03 UTC | INFO     | news_collector | Sector confirmed: energy score=26.4 headlines=5
2026-05-15T15:52:03 UTC | INFO     | news_collector | Sector confirmed: materials score=24.9 headlines=6
2026-05-15T15:52:03 UTC | INFO     | news_collector | Sector confirmed: consumer_staples score=29.4 headlines=4
2026-05-15T15:52:03 UTC | INFO     | news_collector | Sector gated: defense score=2.7 headlines=1 (need score>=4, headlines>=2)
2026-05-15T15:52:03 UTC | INFO     | news_collector | Confirmed sectors: ['technology', 'industrials', 'utilities', 'financials', 'real_estate', 'consumer_discretionary', 'energy', 'materials', 'consumer_staples']
2026-05-15T15:52:03 UTC | INFO     | market_collector | get_index_history dow: 30 points
2026-05-15T15:52:03 UTC | INFO     | market_collector | get_index_history sp500: 30 points
2026-05-15T15:52:03 UTC | INFO     | market_collector | get_index_history nasdaq: 30 points
2026-05-15T15:52:03 UTC | INFO     | main | News: 28 articles, 9 candidate sectors
2026-05-15T15:52:03 UTC | INFO     | news_impact_scorer | SPY day move: 1.12%
2026-05-15T15:52:03 UTC | INFO     | news_impact_scorer | Impact [technology]: sources=10 kw=51.8 spy=1.12% → impact=0.868 ✓ passes
2026-05-15T15:52:03 UTC | INFO     | news_impact_scorer | Impact [industrials]: sources=4 kw=12.5 spy=1.12% → impact=0.756 ✓ passes
2026-05-15T15:52:03 UTC | INFO     | news_impact_scorer | Impact [utilities]: sources=7 kw=47.7 spy=1.12% → impact=0.868 ✓ passes
2026-05-15T15:52:03 UTC | INFO     | news_impact_scorer | Impact [financials]: sources=5 kw=46.9 spy=1.12% → impact=0.868 ✓ passes
2026-05-15T15:52:03 UTC | INFO     | news_impact_scorer | Impact [real_estate]: sources=4 kw=41.4 spy=1.12% → impact=0.868 ✓ passes
2026-05-15T15:52:03 UTC | INFO     | news_impact_scorer | Impact [consumer_discretionary]: sources=11 kw=70.6 spy=1.12% → impact=0.868 ✓ passes
2026-05-15T15:52:03 UTC | INFO     | news_impact_scorer | Impact [energy]: sources=5 kw=26.4 spy=1.12% → impact=0.868 ✓ passes
2026-05-15T15:52:03 UTC | INFO     | news_impact_scorer | Impact [materials]: sources=6 kw=24.9 spy=1.12% → impact=0.868 ✓ passes
2026-05-15T15:52:03 UTC | INFO     | news_impact_scorer | Impact [consumer_staples]: sources=4 kw=29.4 spy=1.12% → impact=0.868 ✓ passes
2026-05-15T15:52:03 UTC | INFO     | news_impact_scorer | Impact gate: 9 → 9 sectors passed
2026-05-15T15:52:03 UTC | INFO     | main | Momentum gate: 9 → 3 sectors
2026-05-15T15:52:03 UTC | INFO     | sector_mapper | Mapped 0 events → 0 sectors
2026-05-15T15:52:04 UTC | INFO     | sector_validator | Sector technology/XLK: sig1=False sig2=False sig3=False tf_ok=True → REJECTED
2026-05-15T15:52:04 UTC | INFO     | main | Sector technology: ETF confirmation failed
2026-05-15T15:52:04 UTC | INFO     | sector_validator | Sector energy/XLE: sig1=True sig2=True sig3=False tf_ok=True → CONFIRMED
2026-05-15T15:52:04 UTC | INFO     | sector_validator | Sector consumer_staples/XLP: sig1=False sig2=True sig3=False tf_ok=True → REJECTED
2026-05-15T15:52:04 UTC | INFO     | main | Sector consumer_staples: ETF confirmation failed
2026-05-15T15:52:04 UTC | INFO     | main | Confirmed sectors: ['energy']
2026-05-15T15:52:04 UTC | INFO     | financial_parser | XOM: cache expired (16d old) — refreshing
2026-05-15T15:52:05 UTC | INFO     | financial_parser | XOM: financials fetched OK (price=156.07)
2026-05-15T15:52:05 UTC | INFO     | main | DEBUG filter XOM: ok=True reason=
2026-05-15T15:52:05 UTC | INFO     | volume_confirmation | XOM volume ratio=0.46 score=0.15 label=lower activity than usual
2026-05-15T15:52:05 UTC | INFO     | risk_adjusted_momentum | XOM RAM raw=3.69 score=0.68
2026-05-15T15:52:06 UTC | INFO     | multi_timeframe_momentum | XOM MTF 1m=2.69115127757473 3m=5.133048523155791 6m=34.17240574143599 score=0.72
2026-05-15T15:52:06 UTC | INFO     | trend_stability | XOM trend stability: dev=0.0225 score=0.78
2026-05-15T15:52:06 UTC | INFO     | drawdown_risk | XOM drawdown=9.0% score=0.78
2026-05-15T15:52:06 UTC | INFO     | risk_model | Risk components: debt=4.6 vol=0.0 liq=0.0 eps=10.3 margin=68.9 mcap=0.0 drawdown=22.5 regime_mult=1.0
2026-05-15T15:52:06 UTC | INFO     | opportunity_model | Opp buckets: financial_health=26.2 price_trend=63.5 market_confirmation=49.9
2026-05-15T15:52:06 UTC | INFO     | signal_agreement | Signal agreement: m=0.69 s=1.00 e=0.50 v=0.15 -> 0.053
2026-05-15T15:52:06 UTC | INFO     | main | DEBUG scores XOM: opp_financial_health=26.2 opp_price_trend=63.5 opp_market_confirmation=49.9
2026-05-15T15:52:06 UTC | INFO     | financial_parser | CVX: cache expired (16d old) — refreshing
2026-05-15T15:52:07 UTC | INFO     | financial_parser | CVX: financials fetched OK (price=189.05)
2026-05-15T15:52:07 UTC | INFO     | main | DEBUG filter CVX: ok=True reason=
2026-05-15T15:52:07 UTC | INFO     | volume_confirmation | CVX volume ratio=0.30 score=0.10 label=lower activity than usual
2026-05-15T15:52:07 UTC | INFO     | risk_adjusted_momentum | CVX RAM raw=3.03 score=0.65
2026-05-15T15:52:08 UTC | INFO     | multi_timeframe_momentum | CVX MTF 1m=0.4783466300661168 3m=3.8964586042468503 6m=25.90099741553805 score=0.66
2026-05-15T15:52:08 UTC | INFO     | trend_stability | CVX trend stability: dev=0.0266 score=0.73
2026-05-15T15:52:08 UTC | INFO     | drawdown_risk | CVX drawdown=10.5% score=0.74
2026-05-15T15:52:08 UTC | INFO     | risk_model | Risk components: debt=6.0 vol=0.1 liq=3.2 eps=11.4 margin=76.3 mcap=0.0 drawdown=26.2 regime_mult=1.0
2026-05-15T15:52:08 UTC | INFO     | opportunity_model | Opp buckets: financial_health=17.2 price_trend=60.3 market_confirmation=47.7
2026-05-15T15:52:08 UTC | INFO     | signal_agreement | Signal agreement: m=0.65 s=1.00 e=0.50 v=0.10 -> 0.032
2026-05-15T15:52:08 UTC | INFO     | main | DEBUG scores CVX: opp_financial_health=17.2 opp_price_trend=60.3 opp_market_confirmation=47.7
2026-05-15T15:52:08 UTC | INFO     | financial_parser | COP: cache expired (16d old) — refreshing
2026-05-15T15:52:09 UTC | INFO     | financial_parser | COP: financials fetched OK (price=121.76)
2026-05-15T15:52:09 UTC | INFO     | main | DEBUG filter COP: ok=True reason=
2026-05-15T15:52:09 UTC | INFO     | volume_confirmation | COP volume ratio=0.28 score=0.09 label=lower activity than usual
2026-05-15T15:52:09 UTC | INFO     | risk_adjusted_momentum | COP RAM raw=6.72 score=0.84
2026-05-15T15:52:09 UTC | INFO     | multi_timeframe_momentum | COP MTF 1m=0.9089025602209588 3m=10.94823519058318 6m=40.08841192073208 score=0.79
2026-05-15T15:52:10 UTC | INFO     | trend_stability | COP trend stability: dev=0.0341 score=0.66
2026-05-15T15:52:10 UTC | INFO     | drawdown_risk | COP drawdown=8.3% score=0.79
2026-05-15T15:52:10 UTC | INFO     | risk_model | Risk components: debt=9.0 vol=0.0 liq=22.7 eps=12.5 margin=50.7 mcap=0.0 drawdown=20.8 regime_mult=1.0
2026-05-15T15:52:10 UTC | INFO     | opportunity_model | Opp buckets: financial_health=42.6 price_trend=70.2 market_confirmation=47.5
2026-05-15T15:52:10 UTC | INFO     | signal_agreement | Signal agreement: m=0.84 s=1.00 e=0.50 v=0.09 -> 0.039
2026-05-15T15:52:10 UTC | INFO     | main | DEBUG scores COP: opp_financial_health=42.6 opp_price_trend=70.2 opp_market_confirmation=47.5
2026-05-15T15:52:10 UTC | INFO     | financial_parser | SLB: cache expired (16d old) — refreshing
2026-05-15T15:52:11 UTC | INFO     | financial_parser | SLB: financials fetched OK (price=55.42)
2026-05-15T15:52:11 UTC | INFO     | main | DEBUG filter SLB: ok=True reason=
2026-05-15T15:52:11 UTC | INFO     | volume_confirmation | SLB volume ratio=0.23 score=0.08 label=lower activity than usual
2026-05-15T15:52:11 UTC | INFO     | risk_adjusted_momentum | SLB RAM raw=4.98 score=0.75
2026-05-15T15:52:11 UTC | INFO     | multi_timeframe_momentum | SLB MTF 1m=7.116759160601411 3m=9.965270281032437 6m=55.74883441354406 score=0.89
2026-05-15T15:52:11 UTC | INFO     | trend_stability | SLB trend stability: dev=0.0841 score=0.16
2026-05-15T15:52:11 UTC | INFO     | drawdown_risk | SLB drawdown=2.7% score=0.93
2026-05-15T15:52:11 UTC | INFO     | risk_model | Risk components: debt=10.6 vol=11.5 liq=0.0 eps=8.9 margin=62.9 mcap=0.0 drawdown=6.6 regime_mult=1.0
2026-05-15T15:52:11 UTC | INFO     | opportunity_model | Opp buckets: financial_health=29.8 price_trend=71.7 market_confirmation=46.8
2026-05-15T15:52:11 UTC | INFO     | signal_agreement | Signal agreement: m=0.75 s=1.00 e=0.50 v=0.08 -> 0.029
2026-05-15T15:52:11 UTC | INFO     | main | DEBUG scores SLB: opp_financial_health=29.8 opp_price_trend=71.7 opp_market_confirmation=46.8
2026-05-15T15:52:11 UTC | INFO     | financial_parser | EOG: cache expired (16d old) — refreshing
2026-05-15T15:52:12 UTC | INFO     | financial_parser | EOG: financials fetched OK (price=139.4)
2026-05-15T15:52:12 UTC | INFO     | main | DEBUG filter EOG: ok=True reason=
2026-05-15T15:52:12 UTC | INFO     | volume_confirmation | EOG volume ratio=0.28 score=0.09 label=lower activity than usual
2026-05-15T15:52:12 UTC | INFO     | risk_adjusted_momentum | EOG RAM raw=9.43 score=0.97
2026-05-15T15:52:13 UTC | INFO     | multi_timeframe_momentum | EOG MTF 1m=3.975524935548208 3m=16.36074856049121 6m=30.42258521789389 score=0.80
2026-05-15T15:52:13 UTC | INFO     | trend_stability | EOG trend stability: dev=0.0276 score=0.72
2026-05-15T15:52:13 UTC | INFO     | drawdown_risk | EOG drawdown=6.3% score=0.84
2026-05-15T15:52:13 UTC | INFO     | risk_model | Risk components: debt=6.7 vol=0.0 liq=60.4 eps=16.7 margin=6.7 mcap=0.0 drawdown=15.7 regime_mult=1.0
2026-05-15T15:52:13 UTC | INFO     | opportunity_model | Opp buckets: financial_health=50.2 price_trend=73.9 market_confirmation=47.5
2026-05-15T15:52:13 UTC | INFO     | signal_agreement | Signal agreement: m=0.97 s=1.00 e=0.50 v=0.09 -> 0.045
2026-05-15T15:52:13 UTC | INFO     | main | DEBUG scores EOG: opp_financial_health=50.2 opp_price_trend=73.9 opp_market_confirmation=47.5
2026-05-15T15:52:13 UTC | INFO     | financial_parser | MPC: cache expired (16d old) — refreshing
2026-05-15T15:52:14 UTC | INFO     | financial_parser | MPC: financials fetched OK (price=254.065)
2026-05-15T15:52:14 UTC | INFO     | main | DEBUG filter MPC: ok=True reason=
2026-05-15T15:52:14 UTC | INFO     | volume_confirmation | MPC volume ratio=0.26 score=0.09 label=lower activity than usual
2026-05-15T15:52:14 UTC | INFO     | risk_adjusted_momentum | MPC RAM raw=11.36 score=1.00
2026-05-15T15:52:14 UTC | INFO     | multi_timeframe_momentum | MPC MTF 1m=12.298884491091004 3m=25.621502016459115 6m=30.332089063892326 score=0.91
2026-05-15T15:52:14 UTC | INFO     | trend_stability | MPC trend stability: dev=0.0796 score=0.20
2026-05-15T15:52:14 UTC | INFO     | drawdown_risk | MPC drawdown=2.5% score=0.94
2026-05-15T15:52:14 UTC | INFO     | risk_model | Risk components: debt=36.6 vol=1.5 liq=79.2 eps=36.9 margin=86.4 mcap=0.0 drawdown=6.2 regime_mult=1.0
2026-05-15T15:52:14 UTC | INFO     | opportunity_model | Opp buckets: financial_health=33.0 price_trend=78.7 market_confirmation=47.2
2026-05-15T15:52:14 UTC | INFO     | signal_agreement | Signal agreement: m=1.00 s=1.00 e=0.50 v=0.09 -> 0.043
2026-05-15T15:52:14 UTC | INFO     | main | DEBUG scores MPC: opp_financial_health=33.0 opp_price_trend=78.7 opp_market_confirmation=47.2
2026-05-15T15:52:14 UTC | INFO     | financial_parser | PSX: cache expired (16d old) — refreshing
2026-05-15T15:52:16 UTC | INFO     | financial_parser | PSX: financials fetched OK (price=175.01)
2026-05-15T15:52:16 UTC | INFO     | main | DEBUG filter PSX: ok=True reason=
2026-05-15T15:52:16 UTC | INFO     | volume_confirmation | PSX volume ratio=0.19 score=0.06 label=lower activity than usual
2026-05-15T15:52:16 UTC | INFO     | risk_adjusted_momentum | PSX RAM raw=5.47 score=0.77
2026-05-15T15:52:16 UTC | INFO     | multi_timeframe_momentum | PSX MTF 1m=7.151161785856589 3m=10.43923781557562 6m=28.92999431871705 score=0.76
2026-05-15T15:52:16 UTC | INFO     | trend_stability | PSX trend stability: dev=0.0305 score=0.70
2026-05-15T15:52:16 UTC | INFO     | drawdown_risk | PSX drawdown=7.0% score=0.82
2026-05-15T15:52:16 UTC | INFO     | risk_model | Risk components: debt=22.8 vol=9.6 liq=74.3 eps=62.6 margin=87.7 mcap=0.0 drawdown=17.6 regime_mult=1.0
2026-05-15T15:52:16 UTC | INFO     | opportunity_model | Opp buckets: financial_health=25.9 price_trend=67.0 market_confirmation=46.3
2026-05-15T15:52:16 UTC | INFO     | signal_agreement | Signal agreement: m=0.77 s=1.00 e=0.50 v=0.06 -> 0.025
2026-05-15T15:52:16 UTC | INFO     | main | DEBUG scores PSX: opp_financial_health=25.9 opp_price_trend=67.0 opp_market_confirmation=46.3
2026-05-15T15:52:16 UTC | INFO     | financial_parser | VLO: cache expired (16d old) — refreshing
2026-05-15T15:52:17 UTC | INFO     | financial_parser | VLO: financials fetched OK (price=247.895)
2026-05-15T15:52:17 UTC | INFO     | main | DEBUG filter VLO: ok=True reason=
2026-05-15T15:52:17 UTC | INFO     | volume_confirmation | VLO volume ratio=0.21 score=0.07 label=lower activity than usual
2026-05-15T15:52:17 UTC | INFO     | risk_adjusted_momentum | VLO RAM raw=10.14 score=1.00
2026-05-15T15:52:18 UTC | INFO     | multi_timeframe_momentum | VLO MTF 1m=2.546123371984008 3m=23.84223736827698 6m=41.36749289749181 score=0.91
2026-05-15T15:52:18 UTC | INFO     | trend_stability | VLO trend stability: dev=0.0459 score=0.54
2026-05-15T15:52:18 UTC | INFO     | drawdown_risk | VLO drawdown=2.5% score=0.94
2026-05-15T15:52:18 UTC | INFO     | risk_model | Risk components: debt=10.7 vol=3.5 liq=70.7 eps=52.5 margin=85.7 mcap=0.0 drawdown=6.3 regime_mult=1.0
2026-05-15T15:52:18 UTC | INFO     | opportunity_model | Opp buckets: financial_health=49.0 price_trend=79.1 market_confirmation=46.6
2026-05-15T15:52:18 UTC | INFO     | signal_agreement | Signal agreement: m=1.00 s=1.00 e=0.50 v=0.07 -> 0.035
2026-05-15T15:52:18 UTC | INFO     | main | DEBUG scores VLO: opp_financial_health=49.0 opp_price_trend=79.1 opp_market_confirmation=46.6
2026-05-15T15:52:18 UTC | INFO     | financial_parser | DVN: cache expired (16d old) — refreshing
2026-05-15T15:52:19 UTC | INFO     | financial_parser | DVN: financials fetched OK (price=48.765)
2026-05-15T15:52:19 UTC | INFO     | main | DEBUG filter DVN: ok=True reason=
2026-05-15T15:52:19 UTC | INFO     | volume_confirmation | DVN volume ratio=0.40 score=0.13 label=lower activity than usual
2026-05-15T15:52:19 UTC | INFO     | risk_adjusted_momentum | DVN RAM raw=5.14 score=0.76
2026-05-15T15:52:19 UTC | INFO     | multi_timeframe_momentum | DVN MTF 1m=6.520316054926309 3m=9.761979564541205 6m=40.07744256540305 score=0.80
2026-05-15T15:52:19 UTC | INFO     | trend_stability | DVN trend stability: dev=0.0480 score=0.52
2026-05-15T15:52:20 UTC | INFO     | drawdown_risk | DVN drawdown=6.3% score=0.84
2026-05-15T15:52:20 UTC | INFO     | risk_model | Risk components: debt=14.1 vol=0.0 liq=0.0 eps=11.8 margin=43.3 mcap=0.0 drawdown=15.9 regime_mult=1.0
2026-05-15T15:52:20 UTC | INFO     | opportunity_model | Opp buckets: financial_health=44.8 price_trend=68.5 market_confirmation=49.0
2026-05-15T15:52:20 UTC | INFO     | signal_agreement | Signal agreement: m=0.76 s=1.00 e=0.50 v=0.13 -> 0.050
2026-05-15T15:52:20 UTC | INFO     | main | DEBUG scores DVN: opp_financial_health=44.8 opp_price_trend=68.5 opp_market_confirmation=49.0
2026-05-15T15:52:20 UTC | INFO     | financial_parser | FANG: cache expired (16d old) — refreshing
2026-05-15T15:52:21 UTC | INFO     | financial_parser | FANG: financials fetched OK (price=203.52)
2026-05-15T15:52:21 UTC | INFO     | main | DEBUG filter FANG: ok=True reason=
2026-05-15T15:52:21 UTC | INFO     | volume_confirmation | FANG volume ratio=0.17 score=0.06 label=lower activity than usual
2026-05-15T15:52:21 UTC | INFO     | risk_adjusted_momentum | FANG RAM raw=10.85 score=1.00
2026-05-15T15:52:21 UTC | INFO     | multi_timeframe_momentum | FANG MTF 1m=9.638027044604593 3m=21.711363135927414 6m=41.80794864845929 score=0.92
2026-05-15T15:52:21 UTC | INFO     | trend_stability | FANG trend stability: dev=0.0628 score=0.37
2026-05-15T15:52:21 UTC | INFO     | drawdown_risk | FANG drawdown=4.2% score=0.89
2026-05-15T15:52:21 UTC | INFO     | risk_model | Risk components: debt=8.1 vol=0.0 liq=73.4 eps=100 margin=92.1 mcap=0.0 drawdown=10.6 regime_mult=1.0
2026-05-15T15:52:21 UTC | INFO     | opportunity_model | Opp buckets: financial_health=31.0 price_trend=79.4 market_confirmation=45.9
2026-05-15T15:52:21 UTC | INFO     | signal_agreement | Signal agreement: m=1.00 s=1.00 e=0.50 v=0.06 -> 0.028
2026-05-15T15:52:21 UTC | INFO     | main | DEBUG scores FANG: opp_financial_health=31.0 opp_price_trend=79.4 opp_market_confirmation=45.9
2026-05-15T15:52:21 UTC | INFO     | financial_parser | APA: cache expired (16d old) — refreshing
2026-05-15T15:52:22 UTC | INFO     | financial_parser | APA: financials fetched OK (price=38.13)
2026-05-15T15:52:22 UTC | INFO     | main | DEBUG filter APA: ok=True reason=
2026-05-15T15:52:22 UTC | INFO     | volume_confirmation | APA volume ratio=0.30 score=0.10 label=lower activity than usual
2026-05-15T15:52:23 UTC | INFO     | risk_adjusted_momentum | APA RAM raw=12.70 score=1.00
2026-05-15T15:52:23 UTC | INFO     | multi_timeframe_momentum | APA MTF 1m=1.2536985017730415 3m=37.44682287960499 6m=62.16020740686168 score=1.00
2026-05-15T15:52:23 UTC | INFO     | trend_stability | APA trend stability: dev=0.0634 score=0.37
2026-05-15T15:52:23 UTC | INFO     | drawdown_risk | APA drawdown=13.6% score=0.66
2026-05-15T15:52:23 UTC | INFO     | risk_model | Risk components: debt=15.3 vol=0.0 liq=30.7 eps=20.8 margin=26.7 mcap=0.0 drawdown=33.9 regime_mult=1.0
2026-05-15T15:52:23 UTC | INFO     | opportunity_model | Opp buckets: financial_health=43.1 price_trend=82.5 market_confirmation=47.8
2026-05-15T15:52:23 UTC | INFO     | signal_agreement | Signal agreement: m=1.00 s=1.00 e=0.50 v=0.10 -> 0.051
2026-05-15T15:52:23 UTC | INFO     | main | DEBUG scores APA: opp_financial_health=43.1 opp_price_trend=82.5 opp_market_confirmation=47.8
2026-05-15T15:52:23 UTC | INFO     | financial_parser | BKR: cache expired (16d old) — refreshing
2026-05-15T15:52:24 UTC | INFO     | financial_parser | BKR: financials fetched OK (price=64.37)
2026-05-15T15:52:24 UTC | INFO     | main | DEBUG filter BKR: ok=True reason=
2026-05-15T15:52:24 UTC | INFO     | volume_confirmation | BKR volume ratio=0.22 score=0.07 label=lower activity than usual
2026-05-15T15:52:24 UTC | INFO     | risk_adjusted_momentum | BKR RAM raw=3.57 score=0.68
2026-05-15T15:52:24 UTC | INFO     | multi_timeframe_momentum | BKR MTF 1m=6.55976913002043 3m=5.913111713063376 6m=36.37454706410892 score=0.75
2026-05-15T15:52:24 UTC | INFO     | trend_stability | BKR trend stability: dev=0.0704 score=0.30
2026-05-15T15:52:25 UTC | INFO     | drawdown_risk | BKR drawdown=7.3% score=0.82
2026-05-15T15:52:25 UTC | INFO     | risk_model | Risk components: debt=20.7 vol=23.5 liq=26.9 eps=15.0 margin=55.3 mcap=0.0 drawdown=18.3 regime_mult=1.0
2026-05-15T15:52:25 UTC | INFO     | opportunity_model | Opp buckets: financial_health=44.1 price_trend=64.6 market_confirmation=46.7
2026-05-15T15:52:25 UTC | INFO     | signal_agreement | Signal agreement: m=0.68 s=1.00 e=0.50 v=0.07 -> 0.025
2026-05-15T15:52:25 UTC | INFO     | main | DEBUG scores BKR: opp_financial_health=44.1 opp_price_trend=64.6 opp_market_confirmation=46.7
2026-05-15T15:52:25 UTC | INFO     | financial_parser | HAL: cache expired (16d old) — refreshing
2026-05-15T15:52:26 UTC | INFO     | financial_parser | HAL: financials fetched OK (price=41.185)
2026-05-15T15:52:26 UTC | INFO     | main | DEBUG filter HAL: ok=True reason=
2026-05-15T15:52:26 UTC | INFO     | volume_confirmation | HAL volume ratio=0.18 score=0.06 label=lower activity than usual
2026-05-15T15:52:26 UTC | INFO     | risk_adjusted_momentum | HAL RAM raw=11.43 score=1.00
2026-05-15T15:52:26 UTC | INFO     | multi_timeframe_momentum | HAL MTF 1m=7.955438338195947 3m=21.86257017758022 6m=54.65142804101835 score=0.98
2026-05-15T15:52:26 UTC | INFO     | trend_stability | HAL trend stability: dev=0.0895 score=0.10
2026-05-15T15:52:27 UTC | INFO     | drawdown_risk | HAL drawdown=2.6% score=0.93
2026-05-15T15:52:27 UTC | INFO     | risk_model | Risk components: debt=18.7 vol=12.1 liq=0.0 eps=33.5 margin=72.2 mcap=0.0 drawdown=6.6 regime_mult=1.0
2026-05-15T15:52:27 UTC | INFO     | opportunity_model | Opp buckets: financial_health=38.2 price_trend=81.8 market_confirmation=46.1
2026-05-15T15:52:27 UTC | INFO     | signal_agreement | Signal agreement: m=1.00 s=1.00 e=0.50 v=0.06 -> 0.029
2026-05-15T15:52:27 UTC | INFO     | main | DEBUG scores HAL: opp_financial_health=38.2 opp_price_trend=81.8 opp_market_confirmation=46.1
2026-05-15T15:52:27 UTC | INFO     | financial_parser | NOV: cache expired (16d old) — refreshing
2026-05-15T15:52:28 UTC | INFO     | financial_parser | NOV: financials fetched OK (price=20.41)
2026-05-15T15:52:28 UTC | INFO     | main | DEBUG filter NOV: ok=True reason=
2026-05-15T15:52:28 UTC | INFO     | volume_confirmation | NOV volume ratio=0.18 score=0.06 label=lower activity than usual
2026-05-15T15:52:28 UTC | INFO     | risk_adjusted_momentum | NOV RAM raw=3.66 score=0.68
2026-05-15T15:52:28 UTC | INFO     | multi_timeframe_momentum | NOV MTF 1m=6.412927646848937 3m=6.815616872700499 6m=33.78831645015147 score=0.75
2026-05-15T15:52:28 UTC | INFO     | trend_stability | NOV trend stability: dev=0.0400 score=0.60
2026-05-15T15:52:28 UTC | INFO     | drawdown_risk | NOV drawdown=2.0% score=0.95
2026-05-15T15:52:28 UTC | INFO     | risk_model | Risk components: debt=9.3 vol=21.0 liq=60.3 eps=100 margin=95.8 mcap=41.4 drawdown=4.9 regime_mult=1.0
2026-05-15T15:52:28 UTC | INFO     | opportunity_model | Opp buckets: financial_health=1.2 price_trend=64.5 market_confirmation=46.1
2026-05-15T15:52:28 UTC | INFO     | signal_agreement | Signal agreement: m=0.68 s=1.00 e=0.50 v=0.06 -> 0.020
2026-05-15T15:52:28 UTC | INFO     | main | DEBUG scores NOV: opp_financial_health=1.2 opp_price_trend=64.5 opp_market_confirmation=46.1
2026-05-15T15:52:28 UTC | INFO     | financial_parser | OXY: cache expired (16d old) — refreshing
2026-05-15T15:52:29 UTC | INFO     | financial_parser | OXY: financials fetched OK (price=59.02)
2026-05-15T15:52:29 UTC | INFO     | main | DEBUG filter OXY: ok=True reason=
2026-05-15T15:52:29 UTC | INFO     | volume_confirmation | OXY volume ratio=0.56 score=0.19 label=lower activity than usual
2026-05-15T15:52:29 UTC | INFO     | risk_adjusted_momentum | OXY RAM raw=10.66 score=1.00
2026-05-15T15:52:30 UTC | INFO     | multi_timeframe_momentum | OXY MTF 1m=3.8157236229978957 3m=28.761288672629053 6m=42.29658515380682 score=0.96
2026-05-15T15:52:30 UTC | INFO     | trend_stability | OXY trend stability: dev=0.0426 score=0.57
2026-05-15T15:52:30 UTC | INFO     | drawdown_risk | OXY drawdown=10.9% score=0.73
2026-05-15T15:52:30 UTC | INFO     | risk_model | Risk components: debt=10.5 vol=0.0 liq=0.0 eps=66.0 margin=10.3 mcap=0.0 drawdown=27.2 regime_mult=1.0
2026-05-15T15:52:30 UTC | INFO     | opportunity_model | Opp buckets: financial_health=45.0 price_trend=81.1 market_confirmation=51.2
2026-05-15T15:52:30 UTC | INFO     | signal_agreement | Signal agreement: m=1.00 s=1.00 e=0.50 v=0.19 -> 0.093
2026-05-15T15:52:30 UTC | INFO     | main | DEBUG scores OXY: opp_financial_health=45.0 opp_price_trend=81.1 opp_market_confirmation=51.2
2026-05-15T15:52:30 UTC | INFO     | financial_parser | RRC: cache expired (16d old) — refreshing
2026-05-15T15:52:31 UTC | INFO     | financial_parser | RRC: financials fetched OK (price=41.98)
2026-05-15T15:52:31 UTC | INFO     | main | DEBUG filter RRC: ok=True reason=
2026-05-15T15:52:31 UTC | INFO     | volume_confirmation | RRC volume ratio=0.13 score=0.04 label=lower activity than usual
2026-05-15T15:52:31 UTC | INFO     | risk_adjusted_momentum | RRC RAM raw=7.40 score=0.87
2026-05-15T15:52:31 UTC | INFO     | multi_timeframe_momentum | RRC MTF 1m=-0.686067926157497 3m=11.999279039571608 6m=9.736442398166167 score=0.65
2026-05-15T15:52:31 UTC | INFO     | trend_stability | RRC trend stability: dev=0.0285 score=0.71
2026-05-15T15:52:32 UTC | INFO     | drawdown_risk | RRC drawdown=11.9% score=0.70
2026-05-15T15:52:32 UTC | INFO     | risk_model | Risk components: debt=5.3 vol=0.0 liq=71.9 eps=23.9 margin=0.0 mcap=20.9 drawdown=29.7 regime_mult=1.0
2026-05-15T15:52:32 UTC | INFO     | opportunity_model | Opp buckets: financial_health=84.3 price_trend=65.1 market_confirmation=45.5
2026-05-15T15:52:32 UTC | INFO     | signal_agreement | Signal agreement: m=0.87 s=1.00 e=0.50 v=0.04 -> 0.019
2026-05-15T15:52:32 UTC | INFO     | main | DEBUG scores RRC: opp_financial_health=84.3 opp_price_trend=65.1 opp_market_confirmation=45.5
2026-05-15T15:52:32 UTC | INFO     | financial_parser | EQT: cache expired (16d old) — refreshing
2026-05-15T15:52:33 UTC | INFO     | financial_parser | EQT: financials fetched OK (price=56.602)
2026-05-15T15:52:33 UTC | INFO     | main | DEBUG filter EQT: ok=True reason=
2026-05-15T15:52:33 UTC | INFO     | volume_confirmation | EQT volume ratio=0.23 score=0.08 label=lower activity than usual
2026-05-15T15:52:33 UTC | INFO     | risk_adjusted_momentum | EQT RAM raw=-1.04 score=0.45
2026-05-15T15:52:33 UTC | INFO     | multi_timeframe_momentum | EQT MTF 1m=-2.7890054867217557 3m=-3.0298176346578716 6m=-6.440666659058102 score=0.43
2026-05-15T15:52:33 UTC | INFO     | trend_stability | EQT trend stability: dev=0.0550 score=0.45
2026-05-15T15:52:33 UTC | INFO     | drawdown_risk | EQT drawdown=16.4% score=0.59
2026-05-15T15:52:33 UTC | INFO     | risk_model | Risk components: debt=5.2 vol=4.4 liq=31.6 eps=34.5 margin=0.0 mcap=0.0 drawdown=41.1 regime_mult=1.0
2026-05-15T15:52:33 UTC | INFO     | opportunity_model | Opp buckets: financial_health=100 price_trend=46.0 market_confirmation=46.9
2026-05-15T15:52:33 UTC | INFO     | signal_agreement | Signal agreement: m=0.45 s=1.00 e=0.50 v=0.08 -> 0.017
2026-05-15T15:52:33 UTC | INFO     | main | DEBUG scores EQT: opp_financial_health=100 opp_price_trend=46.0 opp_market_confirmation=46.9
2026-05-15T15:52:33 UTC | INFO     | financial_parser | CNX: cache expired (16d old) — refreshing
2026-05-15T15:52:34 UTC | INFO     | financial_parser | CNX: financials fetched OK (price=36.19)
2026-05-15T15:52:34 UTC | INFO     | main | DEBUG filter CNX: ok=True reason=
2026-05-15T15:52:34 UTC | INFO     | volume_confirmation | CNX volume ratio=0.28 score=0.09 label=lower activity than usual
2026-05-15T15:52:35 UTC | INFO     | risk_adjusted_momentum | CNX RAM raw=-4.84 score=0.26
2026-05-15T15:52:35 UTC | INFO     | multi_timeframe_momentum | CNX MTF 1m=-8.978872850934653 3m=-10.862068997916573 6m=-2.242036252813236 score=0.37
2026-05-15T15:52:35 UTC | INFO     | trend_stability | CNX trend stability: dev=0.0631 score=0.37
2026-05-15T15:52:35 UTC | INFO     | drawdown_risk | CNX drawdown=15.1% score=0.62
2026-05-15T15:52:35 UTC | INFO     | risk_model | Risk components: debt=13.7 vol=7.2 liq=82.4 eps=59.6 margin=0.0 mcap=59.0 drawdown=37.7 regime_mult=1.0
2026-05-15T15:52:35 UTC | INFO     | opportunity_model | Opp buckets: financial_health=100 price_trend=38.7 market_confirmation=47.4
2026-05-15T15:52:35 UTC | INFO     | signal_agreement | Signal agreement: m=0.26 s=1.00 e=0.50 v=0.09 -> 0.012
2026-05-15T15:52:35 UTC | INFO     | main | DEBUG scores CNX: opp_financial_health=100 opp_price_trend=38.7 opp_market_confirmation=47.4
2026-05-15T15:52:35 UTC | INFO     | financial_parser | AR: cache expired (16d old) — refreshing
2026-05-15T15:52:36 UTC | INFO     | financial_parser | AR: financials fetched OK (price=37.87)
2026-05-15T15:52:36 UTC | INFO     | main | DEBUG filter AR: ok=True reason=
2026-05-15T15:52:36 UTC | INFO     | volume_confirmation | AR volume ratio=0.26 score=0.09 label=lower activity than usual
2026-05-15T15:52:36 UTC | INFO     | risk_adjusted_momentum | AR RAM raw=5.22 score=0.76
2026-05-15T15:52:36 UTC | INFO     | multi_timeframe_momentum | AR MTF 1m=1.0135962560818674 3m=8.947067780567101 6m=9.895530870598957 score=0.63
2026-05-15T15:52:36 UTC | INFO     | trend_stability | AR trend stability: dev=0.0415 score=0.58
2026-05-15T15:52:36 UTC | INFO     | drawdown_risk | AR drawdown=16.1% score=0.60
2026-05-15T15:52:36 UTC | INFO     | risk_model | Risk components: debt=14.4 vol=0.0 liq=54.9 eps=37.6 margin=31.6 mcap=6.1 drawdown=40.3 regime_mult=1.0
2026-05-15T15:52:36 UTC | INFO     | opportunity_model | Opp buckets: financial_health=81.9 price_trend=61.6 market_confirmation=47.2
2026-05-15T15:52:36 UTC | INFO     | signal_agreement | Signal agreement: m=0.76 s=1.00 e=0.50 v=0.09 -> 0.033
2026-05-15T15:52:36 UTC | INFO     | main | DEBUG scores AR: opp_financial_health=81.9 opp_price_trend=61.6 opp_market_confirmation=47.2
2026-05-15T15:52:36 UTC | INFO     | financial_parser | CTRA: cache expired (16d old) — refreshing
2026-05-15T15:52:37 UTC | INFO     | financial_parser | CTRA: financials fetched OK (price=32.56)
2026-05-15T15:52:37 UTC | INFO     | main | DEBUG filter CTRA: ok=True reason=
2026-05-15T15:52:38 UTC | INFO     | risk_adjusted_momentum | CTRA RAM raw=3.18 score=0.66
2026-05-15T15:52:38 UTC | INFO     | multi_timeframe_momentum | CTRA MTF 1m=-2.6897720735422577 3m=8.206111672610746 6m=27.952620073507394 score=0.70
2026-05-15T15:52:38 UTC | INFO     | trend_stability | CTRA trend stability: dev=0.0660 score=0.34
2026-05-15T15:52:38 UTC | INFO     | drawdown_risk | CTRA drawdown=10.3% score=0.74
2026-05-15T15:52:38 UTC | INFO     | risk_model | Risk components: debt=6.1 vol=0.0 liq=20.8 eps=12.5 margin=9.3 mcap=0.0 drawdown=25.8 regime_mult=1.0
2026-05-15T15:52:38 UTC | INFO     | opportunity_model | Opp buckets: financial_health=79.8 price_trend=61.9 market_confirmation=63.7
2026-05-15T15:52:38 UTC | INFO     | signal_agreement | Signal agreement: m=0.66 s=1.00 e=0.50 v=0.50 -> 0.165
2026-05-15T15:52:38 UTC | INFO     | main | DEBUG scores CTRA: opp_financial_health=79.8 opp_price_trend=61.9 opp_market_confirmation=63.7
2026-05-15T15:52:38 UTC | INFO     | financial_parser | SM: cache expired (16d old) — refreshing
2026-05-15T15:52:39 UTC | INFO     | financial_parser | SM: financials fetched OK (price=32.45)
2026-05-15T15:52:39 UTC | INFO     | main | DEBUG filter SM: ok=True reason=
2026-05-15T15:52:39 UTC | INFO     | main | AV budget exhausted — skipping AV for SM
2026-05-15T15:52:39 UTC | INFO     | volume_confirmation | SM volume ratio=0.21 score=0.07 label=lower activity than usual
2026-05-15T15:52:39 UTC | INFO     | risk_adjusted_momentum | SM RAM raw=13.93 score=1.00
2026-05-15T15:52:39 UTC | INFO     | multi_timeframe_momentum | SM MTF 1m=15.455834248686337 3m=52.362474875418016 6m=80.38380259531098 score=1.00
2026-05-15T15:52:39 UTC | INFO     | trend_stability | SM trend stability: dev=0.0863 score=0.14
2026-05-15T15:52:40 UTC | INFO     | drawdown_risk | SM drawdown=0.9% score=0.98
2026-05-15T15:52:40 UTC | INFO     | risk_model | Risk components: debt=31.2 vol=11.8 liq=50.8 eps=11.0 margin=85.5 mcap=37.8 drawdown=2.3 regime_mult=1.0
2026-05-15T15:52:40 UTC | INFO     | opportunity_model | Opp buckets: financial_health=40.8 price_trend=82.5 market_confirmation=46.6
2026-05-15T15:52:40 UTC | INFO     | signal_agreement | Signal agreement: m=1.00 s=1.00 e=0.50 v=0.07 -> 0.035
2026-05-15T15:52:40 UTC | INFO     | main | DEBUG scores SM: opp_financial_health=40.8 opp_price_trend=82.5 opp_market_confirmation=46.6
2026-05-15T15:52:40 UTC | INFO     | financial_parser | OVV: cache expired (16d old) — refreshing
2026-05-15T15:52:41 UTC | INFO     | financial_parser | OVV: financials fetched OK (price=59.61)
2026-05-15T15:52:41 UTC | INFO     | main | DEBUG filter OVV: ok=True reason=
2026-05-15T15:52:41 UTC | INFO     | main | AV budget exhausted — skipping AV for OVV
2026-05-15T15:52:41 UTC | INFO     | volume_confirmation | OVV volume ratio=0.36 score=0.12 label=lower activity than usual
2026-05-15T15:52:41 UTC | INFO     | risk_adjusted_momentum | OVV RAM raw=12.67 score=1.00
2026-05-15T15:52:41 UTC | INFO     | multi_timeframe_momentum | OVV MTF 1m=6.981333999330716 3m=27.71649208335145 6m=57.95561830757953 score=1.00
2026-05-15T15:52:41 UTC | INFO     | trend_stability | OVV trend stability: dev=0.0609 score=0.39
2026-05-15T15:52:41 UTC | INFO     | drawdown_risk | OVV drawdown=5.5% score=0.86
2026-05-15T15:52:41 UTC | INFO     | risk_model | Risk components: debt=16.9 vol=4.1 liq=62.6 eps=69.5 margin=65.2 mcap=0.0 drawdown=13.8 regime_mult=1.0
2026-05-15T15:52:41 UTC | INFO     | opportunity_model | Opp buckets: financial_health=43.5 price_trend=82.5 market_confirmation=48.5
2026-05-15T15:52:41 UTC | INFO     | signal_agreement | Signal agreement: m=1.00 s=1.00 e=0.50 v=0.12 -> 0.059
2026-05-15T15:52:41 UTC | INFO     | main | DEBUG scores OVV: opp_financial_health=43.5 opp_price_trend=82.5 opp_market_confirmation=48.5
2026-05-15T15:52:41 UTC | INFO     | financial_parser | TRGP: cache expired (16d old) — refreshing
2026-05-15T15:52:42 UTC | INFO     | financial_parser | TRGP: financials fetched OK (price=270.91)
2026-05-15T15:52:42 UTC | INFO     | main | DEBUG filter TRGP: ok=False reason=debt-to-equity 5.85 above 2.5 threshold
2026-05-15T15:52:42 UTC | INFO     | financial_parser | WMB: cache expired (16d old) — refreshing
2026-05-15T15:52:43 UTC | INFO     | financial_parser | WMB: financials fetched OK (price=77.36)
2026-05-15T15:52:43 UTC | INFO     | main | DEBUG filter WMB: ok=True reason=
2026-05-15T15:52:43 UTC | INFO     | main | AV budget exhausted — skipping AV for WMB
2026-05-15T15:52:43 UTC | INFO     | volume_confirmation | WMB volume ratio=0.49 score=0.16 label=lower activity than usual
2026-05-15T15:52:44 UTC | INFO     | risk_adjusted_momentum | WMB RAM raw=6.45 score=0.82
2026-05-15T15:52:44 UTC | INFO     | multi_timeframe_momentum | WMB MTF 1m=9.173017138036052 3m=7.798000304478989 6m=30.003621992223934 score=0.75
2026-05-15T15:52:44 UTC | INFO     | trend_stability | WMB trend stability: dev=0.0269 score=0.73
2026-05-15T15:52:44 UTC | INFO     | drawdown_risk | WMB drawdown=0.4% score=0.99
2026-05-15T15:52:44 UTC | INFO     | risk_model | Risk components: debt=50.0 vol=6.7 liq=49.4 eps=8.3 margin=7.8 mcap=0.0 drawdown=1.1 regime_mult=1.0
2026-05-15T15:52:44 UTC | INFO     | opportunity_model | Opp buckets: financial_health=45.9 price_trend=67.9 market_confirmation=50.3
2026-05-15T15:52:44 UTC | INFO     | signal_agreement | Signal agreement: m=0.82 s=1.00 e=0.50 v=0.16 -> 0.067
2026-05-15T15:52:44 UTC | INFO     | main | DEBUG scores WMB: opp_financial_health=45.9 opp_price_trend=67.9 opp_market_confirmation=50.3
2026-05-15T15:52:44 UTC | INFO     | financial_parser | OKE: cache expired (16d old) — refreshing
2026-05-15T15:52:45 UTC | INFO     | financial_parser | OKE: financials fetched OK (price=91.755)
2026-05-15T15:52:45 UTC | INFO     | main | DEBUG filter OKE: ok=True reason=
2026-05-15T15:52:45 UTC | INFO     | main | AV budget exhausted — skipping AV for OKE
2026-05-15T15:52:45 UTC | INFO     | volume_confirmation | OKE volume ratio=0.24 score=0.08 label=lower activity than usual
2026-05-15T15:52:45 UTC | INFO     | risk_adjusted_momentum | OKE RAM raw=4.64 score=0.73
2026-05-15T15:52:45 UTC | INFO     | multi_timeframe_momentum | OKE MTF 1m=8.971411034639857 3m=7.832468495580411 6m=36.61300031135899 score=0.78
2026-05-15T15:52:46 UTC | INFO     | trend_stability | OKE trend stability: dev=0.0317 score=0.68
2026-05-15T15:52:46 UTC | INFO     | drawdown_risk | OKE drawdown=1.2% score=0.97
2026-05-15T15:52:46 UTC | INFO     | risk_model | Risk components: debt=37.4 vol=13.1 liq=60.3 eps=7.7 margin=59.9 mcap=0.0 drawdown=2.9 regime_mult=1.0
2026-05-15T15:52:46 UTC | INFO     | opportunity_model | Opp buckets: financial_health=67.9 price_trend=66.9 market_confirmation=47.0
2026-05-15T15:52:46 UTC | INFO     | signal_agreement | Signal agreement: m=0.73 s=1.00 e=0.50 v=0.08 -> 0.030
2026-05-15T15:52:46 UTC | INFO     | main | DEBUG scores OKE: opp_financial_health=67.9 opp_price_trend=66.9 opp_market_confirmation=47.0
2026-05-15T15:52:46 UTC | INFO     | financial_parser | KMI: cache expired (16d old) — refreshing
2026-05-15T15:52:47 UTC | INFO     | financial_parser | KMI: financials fetched OK (price=33.415)
2026-05-15T15:52:47 UTC | INFO     | main | DEBUG filter KMI: ok=True reason=
2026-05-15T15:52:47 UTC | INFO     | main | AV budget exhausted — skipping AV for KMI
2026-05-15T15:52:47 UTC | INFO     | volume_confirmation | KMI volume ratio=0.37 score=0.12 label=lower activity than usual
2026-05-15T15:52:47 UTC | INFO     | risk_adjusted_momentum | KMI RAM raw=4.09 score=0.70
2026-05-15T15:52:47 UTC | INFO     | multi_timeframe_momentum | KMI MTF 1m=6.08347256003279 3m=4.343861973012122 6m=26.068709455942617 score=0.69
2026-05-15T15:52:47 UTC | INFO     | trend_stability | KMI trend stability: dev=0.0184 score=0.82
2026-05-15T15:52:47 UTC | INFO     | drawdown_risk | KMI drawdown=1.0% score=0.97
2026-05-15T15:52:47 UTC | INFO     | risk_model | Risk components: debt=24.7 vol=3.2 liq=0.0 eps=10.7 margin=24.3 mcap=0.0 drawdown=2.5 regime_mult=1.0
2026-05-15T15:52:47 UTC | INFO     | opportunity_model | Opp buckets: financial_health=56.6 price_trend=62.6 market_confirmation=48.7
2026-05-15T15:52:47 UTC | INFO     | signal_agreement | Signal agreement: m=0.70 s=1.00 e=0.50 v=0.12 -> 0.044
2026-05-15T15:52:47 UTC | INFO     | main | DEBUG scores KMI: opp_financial_health=56.6 opp_price_trend=62.6 opp_market_confirmation=48.7
2026-05-15T15:52:47 UTC | INFO     | financial_parser | ET: cache expired (16d old) — refreshing
2026-05-15T15:52:48 UTC | INFO     | financial_parser | ET: financials fetched OK (price=20.215)
2026-05-15T15:52:48 UTC | INFO     | main | DEBUG filter ET: ok=True reason=
2026-05-15T15:52:48 UTC | INFO     | main | AV budget exhausted — skipping AV for ET
2026-05-15T15:52:48 UTC | INFO     | volume_confirmation | ET volume ratio=0.22 score=0.07 label=lower activity than usual
2026-05-15T15:52:48 UTC | INFO     | risk_adjusted_momentum | ET RAM raw=9.85 score=0.99
2026-05-15T15:52:48 UTC | INFO     | multi_timeframe_momentum | ET MTF 1m=8.97682224547851 3m=9.674273528940926 6m=26.35556768689756 score=0.74
2026-05-15T15:52:48 UTC | INFO     | trend_stability | ET trend stability: dev=0.0520 score=0.48
2026-05-15T15:52:49 UTC | INFO     | drawdown_risk | ET drawdown=0.7% score=0.98
2026-05-15T15:52:49 UTC | INFO     | risk_model | Risk components: debt=35.6 vol=3.6 liq=0.0 eps=7.5 margin=81.1 mcap=0.0 drawdown=1.8 regime_mult=1.0
2026-05-15T15:52:49 UTC | INFO     | opportunity_model | Opp buckets: financial_health=30.6 price_trend=72.0 market_confirmation=46.6
2026-05-15T15:52:49 UTC | INFO     | signal_agreement | Signal agreement: m=0.99 s=1.00 e=0.50 v=0.07 -> 0.036
2026-05-15T15:52:49 UTC | INFO     | main | DEBUG scores ET: opp_financial_health=30.6 opp_price_trend=72.0 opp_market_confirmation=46.6
2026-05-15T15:52:49 UTC | INFO     | main | DEBUG candidate: XOM opp_pt=63.5 opp_fh=26.2 risk_vol=0.0 risk_dd=22.5 cap=70
2026-05-15T15:52:49 UTC | INFO     | main | DEBUG candidate: CVX opp_pt=60.3 opp_fh=17.2 risk_vol=0.1 risk_dd=26.2 cap=70
2026-05-15T15:52:49 UTC | INFO     | main | DEBUG candidate: COP opp_pt=70.2 opp_fh=42.6 risk_vol=0.0 risk_dd=20.8 cap=70
2026-05-15T15:52:49 UTC | INFO     | main | DEBUG candidate: SLB opp_pt=71.7 opp_fh=29.8 risk_vol=11.5 risk_dd=6.6 cap=70
2026-05-15T15:52:49 UTC | INFO     | main | DEBUG candidate: EOG opp_pt=73.9 opp_fh=50.2 risk_vol=0.0 risk_dd=15.7 cap=70
2026-05-15T15:52:49 UTC | INFO     | main | DEBUG candidate: MPC opp_pt=78.7 opp_fh=33.0 risk_vol=1.5 risk_dd=6.2 cap=70
2026-05-15T15:52:49 UTC | INFO     | main | DEBUG candidate: PSX opp_pt=67.0 opp_fh=25.9 risk_vol=9.6 risk_dd=17.6 cap=70
2026-05-15T15:52:49 UTC | INFO     | main | DEBUG candidate: VLO opp_pt=79.1 opp_fh=49.0 risk_vol=3.5 risk_dd=6.3 cap=70
2026-05-15T15:52:49 UTC | INFO     | main | DEBUG candidate: DVN opp_pt=68.5 opp_fh=44.8 risk_vol=0.0 risk_dd=15.9 cap=70
2026-05-15T15:52:49 UTC | INFO     | main | DEBUG candidate: FANG opp_pt=79.4 opp_fh=31.0 risk_vol=0.0 risk_dd=10.6 cap=70
2026-05-15T15:52:49 UTC | INFO     | main | DEBUG candidate: APA opp_pt=82.5 opp_fh=43.1 risk_vol=0.0 risk_dd=33.9 cap=70
2026-05-15T15:52:49 UTC | INFO     | main | DEBUG candidate: BKR opp_pt=64.6 opp_fh=44.1 risk_vol=23.5 risk_dd=18.3 cap=70
2026-05-15T15:52:49 UTC | INFO     | main | DEBUG candidate: HAL opp_pt=81.8 opp_fh=38.2 risk_vol=12.1 risk_dd=6.6 cap=70
2026-05-15T15:52:49 UTC | INFO     | main | DEBUG candidate: NOV opp_pt=64.5 opp_fh=1.2 risk_vol=21.0 risk_dd=4.9 cap=70
2026-05-15T15:52:49 UTC | INFO     | main | DEBUG candidate: OXY opp_pt=81.1 opp_fh=45.0 risk_vol=0.0 risk_dd=27.2 cap=70
2026-05-15T15:52:49 UTC | INFO     | main | DEBUG candidate: RRC opp_pt=65.1 opp_fh=84.3 risk_vol=0.0 risk_dd=29.7 cap=70
2026-05-15T15:52:49 UTC | INFO     | main | DEBUG candidate: EQT opp_pt=46.0 opp_fh=100 risk_vol=4.4 risk_dd=41.1 cap=70
2026-05-15T15:52:49 UTC | INFO     | main | DEBUG candidate: CNX opp_pt=38.7 opp_fh=100 risk_vol=7.2 risk_dd=37.7 cap=70
2026-05-15T15:52:49 UTC | INFO     | main | DEBUG candidate: AR opp_pt=61.6 opp_fh=81.9 risk_vol=0.0 risk_dd=40.3 cap=70
2026-05-15T15:52:49 UTC | INFO     | main | DEBUG candidate: CTRA opp_pt=61.9 opp_fh=79.8 risk_vol=0.0 risk_dd=25.8 cap=70
2026-05-15T15:52:49 UTC | INFO     | main | DEBUG candidate: SM opp_pt=82.5 opp_fh=40.8 risk_vol=11.8 risk_dd=2.3 cap=70
2026-05-15T15:52:49 UTC | INFO     | main | DEBUG candidate: OVV opp_pt=82.5 opp_fh=43.5 risk_vol=4.1 risk_dd=13.8 cap=70
2026-05-15T15:52:49 UTC | INFO     | main | DEBUG candidate: WMB opp_pt=67.9 opp_fh=45.9 risk_vol=6.7 risk_dd=1.1 cap=70
2026-05-15T15:52:49 UTC | INFO     | main | DEBUG candidate: OKE opp_pt=66.9 opp_fh=67.9 risk_vol=13.1 risk_dd=2.9 cap=70
2026-05-15T15:52:49 UTC | INFO     | main | DEBUG candidate: KMI opp_pt=62.6 opp_fh=56.6 risk_vol=3.2 risk_dd=2.5 cap=70
2026-05-15T15:52:49 UTC | INFO     | main | DEBUG candidate: ET opp_pt=72.0 opp_fh=30.6 risk_vol=3.6 risk_dd=1.8 cap=70
2026-05-15T15:52:49 UTC | INFO     | zscore_ranker | Sector cap (3): skipped AR (energy)
2026-05-15T15:52:49 UTC | INFO     | zscore_ranker | Sector cap (3): skipped CTRA (energy)
2026-05-15T15:52:49 UTC | INFO     | zscore_ranker | Sector cap (3): skipped OKE (energy)
2026-05-15T15:52:49 UTC | INFO     | zscore_ranker | Sector cap (3): skipped KMI (energy)
2026-05-15T15:52:49 UTC | INFO     | zscore_ranker | Sector cap (3): skipped EOG (energy)
2026-05-15T15:52:49 UTC | INFO     | zscore_ranker | Sector cap (3): skipped VLO (energy)
2026-05-15T15:52:49 UTC | INFO     | zscore_ranker | Sector cap (3): skipped WMB (energy)
2026-05-15T15:52:49 UTC | INFO     | zscore_ranker | Sector cap (3): skipped OXY (energy)
2026-05-15T15:52:49 UTC | INFO     | zscore_ranker | Sector cap (3): skipped DVN (energy)
2026-05-15T15:52:49 UTC | INFO     | zscore_ranker | Sector cap (3): skipped BKR (energy)
2026-05-15T15:52:49 UTC | INFO     | zscore_ranker | Sector cap (3): skipped OVV (energy)
2026-05-15T15:52:49 UTC | INFO     | zscore_ranker | Sector cap (3): skipped APA (energy)
2026-05-15T15:52:49 UTC | INFO     | zscore_ranker | Sector cap (3): skipped COP (energy)
2026-05-15T15:52:49 UTC | INFO     | zscore_ranker | Sector cap (3): skipped SM (energy)
2026-05-15T15:52:49 UTC | INFO     | zscore_ranker | Sector cap (3): skipped HAL (energy)
2026-05-15T15:52:49 UTC | INFO     | zscore_ranker | Sector cap (3): skipped MPC (energy)
2026-05-15T15:52:49 UTC | INFO     | zscore_ranker | Sector cap (3): skipped FANG (energy)
2026-05-15T15:52:49 UTC | INFO     | zscore_ranker | Sector cap (3): skipped ET (energy)
2026-05-15T15:52:49 UTC | INFO     | zscore_ranker | Sector cap (3): skipped SLB (energy)
2026-05-15T15:52:49 UTC | INFO     | zscore_ranker | Sector cap (3): skipped XOM (energy)
2026-05-15T15:52:49 UTC | INFO     | zscore_ranker | Sector cap (3): skipped PSX (energy)
2026-05-15T15:52:49 UTC | INFO     | zscore_ranker | Sector cap (3): skipped CVX (energy)
2026-05-15T15:52:49 UTC | INFO     | zscore_ranker | Sector cap (3): skipped NOV (energy)
2026-05-15T15:52:49 UTC | INFO     | zscore_ranker | Ranking complete: 26 → 26 eligible → 3 final (max 25, cap 3/sector)
2026-05-15T15:52:49 UTC | INFO     | main | Post-ranking count: 3
2026-05-15T15:52:49 UTC | INFO     | main | Industry dedup [Oil & Gas E&P]: kept=['RRC', 'EQT'] dropped=['CNX']
2026-05-15T15:52:49 UTC | INFO     | main | Final company count after industry dedup: 2
2026-05-15T15:52:49 UTC | INFO     | main | Final company count after score stability filter: 2
2026-05-15T15:52:49 UTC | INFO     | main | [EQ] Running earnings quality analysis on 2 tickers
2026-05-15T15:52:51 UTC | INFO     | main | [EQ] RRC: no EQ data — skipped or error
2026-05-15T15:52:51 UTC | INFO     | main | [EQ] Enrichment complete. 1 enriched / 2 total
2026-05-15T15:52:51 UTC | INFO     | main | [ROT] Running rotation analysis on 2 candidates
2026-05-15T15:52:53 UTC | INFO     | main | [ROT] Enrichment complete. 2 enriched / 2 total
2026-05-15T15:52:53 UTC | INFO     | main | [PS] Running price structure analysis on 2 tickers
2026-05-15T15:52:54 UTC | INFO     | main | [PS] Enrichment complete. 2 enriched / 2 total
2026-05-15T15:52:54 UTC | INFO     | main | [ER] Event risk enrichment complete. 2/2 processed
2026-05-15T15:53:35 UTC | INFO     | main | [INS] Insider enrichment complete. 2/2 processed
2026-05-15T15:53:35 UTC | INFO     | expectations | [EXP] EQT: no Finnhub token — skipping beat streak
2026-05-15T15:53:35 UTC | INFO     | expectations | [EXP] RRC: no Finnhub token — skipping beat streak
2026-05-15T15:53:35 UTC | INFO     | main | [EXP] Expectations enrichment complete. 2/2 processed
2026-05-15T15:53:35 UTC | INFO     | main | [PL] Portfolio analysis complete. Selected: ['RRC'] | Diversification: 0.1766
2026-05-15T15:53:52 UTC | ERROR    | paper_trading.sheets_ledger | Failed to authenticate or open sheet: APIError: [503]: The service is currently unavailable.
2026-05-15T15:53:53 UTC | ERROR    | paper_trading.sheets_ledger | Failed to update rows: module 'gspread' has no attribute 'models'
2026-05-15T15:53:53 UTC | ERROR    | paper_trading.state_manager | Failed to commit updates: update_rows failed
2026-05-15T15:53:54 UTC | ERROR    | paper_trading.sheets_ledger | Failed to update rows: module 'gspread' has no attribute 'models'
2026-05-15T15:53:54 UTC | WARNING  | main | [PT] Failed to persist replay enrichment to Sheets (non-fatal)
2026-05-15T15:53:54 UTC | INFO     | main | [PT] Paper trading complete. Open: 2 | New: 2 | Closed: 1 | Replay enriched: 1
2026-05-15T15:53:54 UTC | INFO     | dashboard_builder | tests.json updated. Total entries: 11
2026-05-15T15:53:54 UTC | INFO     | main | [Step 27m] Scheduled run log written to tests.json/tests.html
2026-05-15T15:53:54 UTC | INFO     | report_builder | Email report written: /home/runner/work/Financial_Assistant_Project/Financial_Assistant_Project/reports/output/intraday_email_1145_1315_20260515T155354Z.html
2026-05-15T15:53:54 UTC | INFO     | report_builder | Full report written: /home/runner/work/Financial_Assistant_Project/Financial_Assistant_Project/reports/output/intraday_full_1145_1315_20260515T155354Z.html
2026-05-15T15:53:54 UTC | INFO     | report_builder | Full report served at docs/reports/intraday_full_1145_1315_20260515T155354Z.html
2026-05-15T15:53:54 UTC | INFO     | dashboard_builder | News JSON written: 9 sectors
2026-05-15T15:53:54 UTC | INFO     | dashboard_builder | index.html written
2026-05-15T15:53:54 UTC | INFO     | dashboard_builder | rank.html written
2026-05-15T15:53:54 UTC | INFO     | dashboard_builder | archive.html written
2026-05-15T15:53:54 UTC | INFO     | dashboard_builder | news.html written
2026-05-15T15:53:54 UTC | INFO     | dashboard_builder | trades.json written: 11 total trades (10 real open, 1 real closed, 0 test).
2026-05-15T15:53:54 UTC | INFO     | dashboard_builder | trades.html written
2026-05-15T15:53:54 UTC | INFO     | dashboard_builder | build_dashboard complete
2026-05-15T15:53:55 UTC | INFO     | email_sender | Using pre-built HTML: /home/runner/work/Financial_Assistant_Project/Financial_Assistant_Project/reports/output/intraday_email_1145_1315_20260515T155354Z.html
2026-05-15T15:53:57 UTC | INFO     | email_sender | Email sent to francisco.ale.caballero01+stocks@gmail.com: ■ Stock Research — 11:45-13:15 Update — 2 opportunities found
2026-05-15T15:53:58 UTC | INFO     | main | Git: committed and pushed
2026-05-15T15:53:58 UTC | INFO     | state_manager | Added to reported: ['EQT', 'RRC']
2026-05-15T15:53:58 UTC | INFO     | state_manager | Slot 11:45-13:15 marked complete
2026-05-15T15:53:58 UTC | INFO     | main | Run complete. Reported: ['EQT', 'RRC']
