2026-05-01T14:40:38 UTC | INFO     | main | ============================================================
2026-05-01T14:40:38 UTC | INFO     | main | AUTOMATED STOCK RESEARCH SYSTEM — starting run
2026-05-01T14:40:38 UTC | INFO     | main | DISCLAIMER: This system does NOT perform trading, does NOT give investment advice, and does NOT make price predictions. It is a research data aggregation and scoring tool only.
2026-05-01T14:40:38 UTC | INFO     | main | ============================================================
2026-05-01T14:40:38 UTC | INFO     | main | [SCHEDULER] Time gate passed — matched slot 9:45-11:15
2026-05-01T14:40:38 UTC | WARNING  | main | Validated tickers file is 52 days old (limit 30). Consider re-running validate_tickers.py.
2026-05-01T14:40:38 UTC | INFO     | main | Run slot: 9:45-11:15
2026-05-01T14:40:38 UTC | INFO     | state_manager | New trading day (2026-05-01) — resetting state
2026-05-01T14:40:38 UTC | INFO     | market_collector | Index dow: 49807.30 Rising (+0.31%)
2026-05-01T14:40:38 UTC | INFO     | market_collector | Index sp500: 7250.14 Rising (+0.57%)
2026-05-01T14:40:38 UTC | INFO     | market_collector | Index nasdaq: 25085.48 Rising (+0.78%)
2026-05-01T14:40:38 UTC | INFO     | market_regime | VIX fetched: 16.54
2026-05-01T14:40:38 UTC | INFO     | market_regime | Regime: normal vix=16.54 risk_mult=1.0 opp_mult=1.0
2026-05-01T14:40:38 UTC | INFO     | main | Regime: normal vix=16.54
2026-05-01T14:41:03 UTC | INFO     | market_breadth | Market breadth: 67/130 advancing (0.52) — neutral breadth — mixed market movement
2026-05-01T14:41:03 UTC | INFO     | spy_sma | [SPY] price=722.65 sma200=667.95 above=True
2026-05-01T14:41:07 UTC | INFO     | market_breadth | [B200] 89/125 above 200d SMA = 71.2%
2026-05-01T14:41:07 UTC | INFO     | market_regime_classifier | [MRC] regime=BULL score=3 spy_above=True vix=16.54 breadth_pct=71.2
2026-05-01T14:41:07 UTC | INFO     | main | [MR] market_regime=BULL score=3 breadth_pct=71.2
2026-05-01T14:41:08 UTC | INFO     | sector_breadth_ma | Sector breadth MA technology: 7/10 = 0.70 (healthy participation)
2026-05-01T14:41:09 UTC | INFO     | sector_breadth_ma | Sector breadth MA semiconductors: 10/10 = 1.00 (sector is genuinely strong)
2026-05-01T14:41:10 UTC | INFO     | sector_breadth_ma | Sector breadth MA healthcare: 2/10 = 0.20 (sector is structurally weak)
2026-05-01T14:41:11 UTC | INFO     | sector_breadth_ma | Sector breadth MA financials: 8/10 = 0.80 (sector is genuinely strong)
2026-05-01T14:41:12 UTC | INFO     | sector_breadth_ma | Sector breadth MA consumer_discretionary: 4/10 = 0.40 (mixed signals)
2026-05-01T14:41:13 UTC | INFO     | sector_breadth_ma | Sector breadth MA consumer_staples: 8/10 = 0.80 (sector is genuinely strong)
2026-05-01T14:41:14 UTC | INFO     | sector_breadth_ma | Sector breadth MA industrials: 7/10 = 0.70 (healthy participation)
2026-05-01T14:41:15 UTC | INFO     | sector_breadth_ma | Sector breadth MA defense: 2/10 = 0.20 (sector is structurally weak)
2026-05-01T14:41:17 UTC | INFO     | sector_breadth_ma | Sector breadth MA energy: 8/10 = 0.80 (sector is genuinely strong)
2026-05-01T14:41:18 UTC | INFO     | sector_breadth_ma | Sector breadth MA materials: 5/10 = 0.50 (mixed signals)
2026-05-01T14:41:19 UTC | INFO     | sector_breadth_ma | Sector breadth MA utilities: 8/10 = 0.80 (sector is genuinely strong)
2026-05-01T14:41:20 UTC | INFO     | sector_breadth_ma | Sector breadth MA real_estate: 10/10 = 1.00 (sector is genuinely strong)
2026-05-01T14:41:21 UTC | INFO     | sector_breadth_ma | Sector breadth MA communication_services: 2/10 = 0.20 (sector is structurally weak)
2026-05-01T14:41:23 UTC | INFO     | sector_momentum | Top 5 sectors: ['energy', 'semiconductors', 'consumer_staples', 'utilities', 'technology']
2026-05-01T14:41:23 UTC | INFO     | sector_momentum | Sector momentum history updated (6 entries)
2026-05-01T14:41:23 UTC | INFO     | sector_rotation_speed | Rotation technology: rank 4 -> 5 speed=-1 (stable)
2026-05-01T14:41:23 UTC | INFO     | sector_rotation_speed | Rotation healthcare: rank 7 -> 9 speed=-2 (losing momentum)
2026-05-01T14:41:23 UTC | INFO     | sector_rotation_speed | Rotation financials: rank 3 -> 6 speed=-3 (losing momentum)
2026-05-01T14:41:23 UTC | INFO     | sector_rotation_speed | Rotation consumer_discretionary: rank 8 -> 11 speed=-3 (losing momentum)
2026-05-01T14:41:23 UTC | INFO     | sector_rotation_speed | Rotation consumer_staples: rank 10 -> 3 speed=7 (rapidly gaining strength)
2026-05-01T14:41:23 UTC | INFO     | sector_rotation_speed | Rotation industrials: rank 6 -> 8 speed=-2 (losing momentum)
2026-05-01T14:41:23 UTC | INFO     | sector_rotation_speed | Rotation materials: rank 13 -> 12 speed=1 (stable)
2026-05-01T14:41:23 UTC | INFO     | sector_rotation_speed | Rotation energy: rank 1 -> 1 speed=0 (stable)
2026-05-01T14:41:23 UTC | INFO     | sector_rotation_speed | Rotation utilities: rank 12 -> 4 speed=8 (rapidly gaining strength)
2026-05-01T14:41:23 UTC | INFO     | sector_rotation_speed | Rotation real_estate: rank 9 -> 7 speed=2 (gaining momentum)
2026-05-01T14:41:23 UTC | INFO     | sector_rotation_speed | Rotation communication_services: rank 5 -> 10 speed=-5 (rapidly losing strength)
2026-05-01T14:41:23 UTC | INFO     | sector_rotation_speed | Rotation semiconductors: rank 2 -> 2 speed=0 (stable)
2026-05-01T14:41:23 UTC | INFO     | sector_rotation_speed | Rotation defense: rank 11 -> 13 speed=-2 (losing momentum)
2026-05-01T14:41:23 UTC | INFO     | news_collector | reuters RSS: fetched 0 articles
2026-05-01T14:41:24 UTC | INFO     | news_collector | ft RSS: fetched 9 articles
2026-05-01T14:41:24 UTC | INFO     | news_collector | Finnhub: fetched 100 articles
2026-05-01T14:41:24 UTC | INFO     | news_collector | Filter: 109 raw → 19 passed
2026-05-01T14:41:24 UTC | INFO     | news_collector | Dedup: 19 → 19 articles
2026-05-01T14:41:24 UTC | INFO     | news_collector | Sector confirmed: financials score=28.7 headlines=12
2026-05-01T14:41:24 UTC | INFO     | news_collector | Sector confirmed: real_estate score=12.0 headlines=5
2026-05-01T14:41:24 UTC | INFO     | news_collector | Sector confirmed: utilities score=9.5 headlines=5
2026-05-01T14:41:24 UTC | INFO     | news_collector | Sector confirmed: consumer_discretionary score=35.5 headlines=15
2026-05-01T14:41:24 UTC | INFO     | news_collector | Sector confirmed: technology score=27.4 headlines=11
2026-05-01T14:41:24 UTC | INFO     | news_collector | Sector confirmed: energy score=5.0 headlines=2
2026-05-01T14:41:24 UTC | INFO     | news_collector | Sector confirmed: materials score=4.3 headlines=2
2026-05-01T14:41:24 UTC | INFO     | news_collector | Sector gated: consumer_staples score=2.6 headlines=2 (need score>=4, headlines>=2)
2026-05-01T14:41:24 UTC | INFO     | news_collector | Sector confirmed: industrials score=16.2 headlines=7
2026-05-01T14:41:24 UTC | INFO     | news_collector | Sector gated: defense score=1.7 headlines=1 (need score>=4, headlines>=2)
2026-05-01T14:41:24 UTC | INFO     | news_collector | Confirmed sectors: ['financials', 'real_estate', 'utilities', 'consumer_discretionary', 'technology', 'energy', 'materials', 'industrials']
2026-05-01T14:41:24 UTC | INFO     | market_collector | get_index_history dow: 30 points
2026-05-01T14:41:24 UTC | INFO     | market_collector | get_index_history sp500: 30 points
2026-05-01T14:41:24 UTC | INFO     | market_collector | get_index_history nasdaq: 30 points
2026-05-01T14:41:24 UTC | INFO     | main | News: 19 articles, 8 candidate sectors
2026-05-01T14:41:24 UTC | INFO     | news_impact_scorer | SPY day move: 0.54%
2026-05-01T14:41:24 UTC | INFO     | news_impact_scorer | Impact [financials]: sources=12 kw=28.8 spy=0.54% → impact=0.781 ✓ passes
2026-05-01T14:41:24 UTC | INFO     | news_impact_scorer | Impact [real_estate]: sources=5 kw=11.9 spy=0.54% → impact=0.661 ✓ passes
2026-05-01T14:41:24 UTC | INFO     | news_impact_scorer | Impact [utilities]: sources=5 kw=9.4 spy=0.54% → impact=0.623 ✓ passes
2026-05-01T14:41:24 UTC | INFO     | news_impact_scorer | Impact [consumer_discretionary]: sources=15 kw=35.5 spy=0.54% → impact=0.781 ✓ passes
2026-05-01T14:41:24 UTC | INFO     | news_impact_scorer | Impact [technology]: sources=11 kw=27.4 spy=0.54% → impact=0.781 ✓ passes
2026-05-01T14:41:24 UTC | INFO     | news_impact_scorer | Impact [energy]: sources=2 kw=5.0 spy=0.54% → impact=0.422 ✗ below threshold
2026-05-01T14:41:24 UTC | INFO     | news_impact_scorer | Sector dropped by impact gate: energy (sources=2 kw=5.0 spy=0.54% → impact=0.422 ✗ below threshold)
2026-05-01T14:41:24 UTC | INFO     | news_impact_scorer | Impact [materials]: sources=2 kw=4.3 spy=0.54% → impact=0.413 ✗ below threshold
2026-05-01T14:41:24 UTC | INFO     | news_impact_scorer | Sector dropped by impact gate: materials (sources=2 kw=4.3 spy=0.54% → impact=0.413 ✗ below threshold)
2026-05-01T14:41:24 UTC | INFO     | news_impact_scorer | Impact [industrials]: sources=7 kw=16.2 spy=0.54% → impact=0.724 ✓ passes
2026-05-01T14:41:24 UTC | INFO     | news_impact_scorer | Impact gate: 8 → 6 sectors passed
2026-05-01T14:41:24 UTC | INFO     | main | Momentum gate: 6 → 2 sectors
2026-05-01T14:41:24 UTC | INFO     | sector_mapper | Mapped 0 events → 0 sectors
2026-05-01T14:41:24 UTC | INFO     | sector_validator | Sector utilities/XLU: sig1=True sig2=True sig3=False tf_ok=True → CONFIRMED
2026-05-01T14:41:24 UTC | INFO     | sector_validator | Sector technology/XLK: sig1=True sig2=True sig3=False tf_ok=True → CONFIRMED
2026-05-01T14:41:24 UTC | INFO     | main | Confirmed sectors: ['utilities', 'technology']
2026-05-01T14:41:25 UTC | INFO     | financial_parser | NEE: using cached financials (0d old)
2026-05-01T14:41:25 UTC | INFO     | main | DEBUG filter NEE: ok=True reason=
2026-05-01T14:41:25 UTC | INFO     | volume_confirmation | NEE volume ratio=0.11 score=0.04 label=lower activity than usual
2026-05-01T14:41:25 UTC | INFO     | risk_adjusted_momentum | NEE RAM raw=9.25 score=0.96
2026-05-01T14:41:25 UTC | INFO     | multi_timeframe_momentum | NEE MTF 1m=6.025849555896922 3m=12.760248399005803 6m=22.049198469961066 score=0.74
2026-05-01T14:41:25 UTC | INFO     | trend_stability | NEE trend stability: dev=0.0239 score=0.76
2026-05-01T14:41:25 UTC | INFO     | drawdown_risk | NEE drawdown=0.0% score=1.00
2026-05-01T14:41:25 UTC | INFO     | risk_model | Risk score: raw=17.5 penalty=0 mult=1.0 final=17.5
2026-05-01T14:41:25 UTC | INFO     | opportunity_model | Opp score: b1=61.1 b2=69.7 b3=41.3 raw=60.6 x1.0 x1.0 = 60.6
2026-05-01T14:41:25 UTC | INFO     | signal_agreement | Signal agreement: m=0.96 s=0.75 e=0.50 v=0.04 -> 0.014
2026-05-01T14:41:25 UTC | INFO     | opportunity_model | Composite confidence: 57.3 (Moderate confidence)
2026-05-01T14:41:25 UTC | INFO     | main | DEBUG confidence NEE: conf=57.3 min=35 risk=17.5 opp=60.6
2026-05-01T14:41:25 UTC | INFO     | financial_parser | DUK: using cached financials (0d old)
2026-05-01T14:41:25 UTC | INFO     | main | DEBUG filter DUK: ok=True reason=
2026-05-01T14:41:26 UTC | INFO     | volume_confirmation | DUK volume ratio=0.13 score=0.04 label=lower activity than usual
2026-05-01T14:41:26 UTC | INFO     | risk_adjusted_momentum | DUK RAM raw=9.61 score=0.98
2026-05-01T14:41:26 UTC | INFO     | multi_timeframe_momentum | DUK MTF 1m=-0.48892239838800033 3m=8.256624199556866 6m=6.614600261705808 score=0.60
2026-05-01T14:41:26 UTC | INFO     | trend_stability | DUK trend stability: dev=0.0135 score=0.87
2026-05-01T14:41:26 UTC | INFO     | drawdown_risk | DUK drawdown=2.4% score=0.94
2026-05-01T14:41:26 UTC | INFO     | risk_model | Earnings proximity penalty: 4 days away
2026-05-01T14:41:26 UTC | INFO     | risk_model | Risk score: raw=26.3 penalty=10 mult=1.0 final=36.3
2026-05-01T14:41:26 UTC | INFO     | opportunity_model | Opp score: b1=45.1 b2=66.8 b3=41.6 raw=53.1 x1.0 x1.0 = 53.1
2026-05-01T14:41:26 UTC | INFO     | signal_agreement | Signal agreement: m=0.98 s=0.75 e=0.50 v=0.04 -> 0.017
2026-05-01T14:41:26 UTC | INFO     | opportunity_model | Composite confidence: 48.1 (Weak confidence)
2026-05-01T14:41:26 UTC | INFO     | main | DEBUG confidence DUK: conf=48.1 min=35 risk=36.3 opp=53.1
2026-05-01T14:41:26 UTC | INFO     | financial_parser | SO: using cached financials (0d old)
2026-05-01T14:41:26 UTC | INFO     | main | DEBUG filter SO: ok=True reason=
2026-05-01T14:41:26 UTC | INFO     | main | AV budget exhausted — skipping AV for SO
2026-05-01T14:41:26 UTC | INFO     | volume_confirmation | SO volume ratio=0.22 score=0.07 label=lower activity than usual
2026-05-01T14:41:26 UTC | INFO     | risk_adjusted_momentum | SO RAM raw=8.74 score=0.94
2026-05-01T14:41:26 UTC | INFO     | multi_timeframe_momentum | SO MTF 1m=0.2527286063723623 3m=9.67234240979274 6m=5.6081394220924095 score=0.61
2026-05-01T14:41:26 UTC | INFO     | trend_stability | SO trend stability: dev=0.0172 score=0.83
2026-05-01T14:41:26 UTC | INFO     | drawdown_risk | SO drawdown=1.9% score=0.95
2026-05-01T14:41:26 UTC | INFO     | risk_model | Risk score: raw=27.2 penalty=0 mult=1.0 final=27.2
2026-05-01T14:41:26 UTC | INFO     | opportunity_model | Opp score: b1=48.0 b2=65.9 b3=42.6 raw=54.1 x1.0 x1.0 = 54.1
2026-05-01T14:41:26 UTC | INFO     | signal_agreement | Signal agreement: m=0.94 s=0.75 e=0.50 v=0.07 -> 0.025
2026-05-01T14:41:26 UTC | INFO     | opportunity_model | Composite confidence: 51.8 (Moderate confidence)
2026-05-01T14:41:26 UTC | INFO     | main | DEBUG confidence SO: conf=51.8 min=35 risk=27.2 opp=54.1
2026-05-01T14:41:26 UTC | INFO     | financial_parser | D: using cached financials (0d old)
2026-05-01T14:41:26 UTC | INFO     | main | DEBUG filter D: ok=True reason=
2026-05-01T14:41:26 UTC | INFO     | main | AV budget exhausted — skipping AV for D
2026-05-01T14:41:26 UTC | INFO     | volume_confirmation | D volume ratio=0.28 score=0.09 label=lower activity than usual
2026-05-01T14:41:27 UTC | INFO     | risk_adjusted_momentum | D RAM raw=7.92 score=0.90
2026-05-01T14:41:27 UTC | INFO     | multi_timeframe_momentum | D MTF 1m=4.8670435050705345 3m=9.296078486401063 6m=12.740903674220968 score=0.66
2026-05-01T14:41:27 UTC | INFO     | trend_stability | D trend stability: dev=0.0126 score=0.87
2026-05-01T14:41:27 UTC | INFO     | drawdown_risk | D drawdown=1.1% score=0.97
2026-05-01T14:41:27 UTC | INFO     | risk_model | Earnings proximity penalty: 0 days away
2026-05-01T14:41:27 UTC | INFO     | risk_model | Risk score: raw=26.7 penalty=10 mult=1.0 final=36.7
2026-05-01T14:41:27 UTC | INFO     | opportunity_model | Opp score: b1=61.6 b2=66.1 b3=43.5 raw=59.8 x1.0 x1.0 = 59.8
2026-05-01T14:41:27 UTC | INFO     | signal_agreement | Signal agreement: m=0.90 s=0.75 e=0.50 v=0.09 -> 0.031
2026-05-01T14:41:27 UTC | INFO     | opportunity_model | Composite confidence: 50.6 (Moderate confidence)
2026-05-01T14:41:27 UTC | INFO     | main | DEBUG confidence D: conf=50.6 min=35 risk=36.7 opp=59.8
2026-05-01T14:41:27 UTC | INFO     | financial_parser | AEP: using cached financials (0d old)
2026-05-01T14:41:27 UTC | INFO     | main | DEBUG filter AEP: ok=True reason=
2026-05-01T14:41:27 UTC | INFO     | main | AV budget exhausted — skipping AV for AEP
2026-05-01T14:41:27 UTC | INFO     | volume_confirmation | AEP volume ratio=0.08 score=0.03 label=lower activity than usual
2026-05-01T14:41:27 UTC | INFO     | risk_adjusted_momentum | AEP RAM raw=15.17 score=1.00
2026-05-01T14:41:27 UTC | INFO     | multi_timeframe_momentum | AEP MTF 1m=4.925876030304347 3m=16.253354461548614 6m=14.934291463421678 score=0.73
2026-05-01T14:41:27 UTC | INFO     | trend_stability | AEP trend stability: dev=0.0249 score=0.75
2026-05-01T14:41:27 UTC | INFO     | drawdown_risk | AEP drawdown=0.0% score=1.00
2026-05-01T14:41:27 UTC | INFO     | risk_model | Earnings proximity penalty: 4 days away
2026-05-01T14:41:27 UTC | INFO     | risk_model | Risk score: raw=26.6 penalty=10 mult=1.0 final=36.6
2026-05-01T14:41:27 UTC | INFO     | opportunity_model | Opp score: b1=61.0 b2=70.4 b3=40.8 raw=60.7 x1.0 x1.0 = 60.7
2026-05-01T14:41:27 UTC | INFO     | signal_agreement | Signal agreement: m=1.00 s=0.75 e=0.50 v=0.03 -> 0.010
2026-05-01T14:41:27 UTC | INFO     | opportunity_model | Composite confidence: 50.6 (Moderate confidence)
2026-05-01T14:41:27 UTC | INFO     | main | DEBUG confidence AEP: conf=50.6 min=35 risk=36.6 opp=60.7
2026-05-01T14:41:27 UTC | INFO     | financial_parser | EXC: using cached financials (0d old)
2026-05-01T14:41:27 UTC | INFO     | main | DEBUG filter EXC: ok=True reason=
2026-05-01T14:41:27 UTC | INFO     | main | AV budget exhausted — skipping AV for EXC
2026-05-01T14:41:28 UTC | INFO     | volume_confirmation | EXC volume ratio=0.18 score=0.06 label=lower activity than usual
2026-05-01T14:41:28 UTC | INFO     | risk_adjusted_momentum | EXC RAM raw=5.07 score=0.75
2026-05-01T14:41:28 UTC | INFO     | multi_timeframe_momentum | EXC MTF 1m=-4.337157733748341 3m=5.315742237445943 6m=0.7885163847848792 score=0.53
2026-05-01T14:41:28 UTC | INFO     | trend_stability | EXC trend stability: dev=0.0276 score=0.72
2026-05-01T14:41:28 UTC | INFO     | drawdown_risk | EXC drawdown=7.0% score=0.82
2026-05-01T14:41:28 UTC | INFO     | risk_model | Earnings proximity penalty: 5 days away
2026-05-01T14:41:28 UTC | INFO     | risk_model | Risk score: raw=23.8 penalty=10 mult=1.0 final=33.8
2026-05-01T14:41:28 UTC | INFO     | opportunity_model | Opp score: b1=39.7 b2=59.4 b3=42.2 raw=48.1 x1.0 x1.0 = 48.1
2026-05-01T14:41:28 UTC | INFO     | signal_agreement | Signal agreement: m=0.75 s=0.75 e=0.50 v=0.06 -> 0.017
2026-05-01T14:41:28 UTC | INFO     | opportunity_model | Composite confidence: 47.3 (Weak confidence)
2026-05-01T14:41:28 UTC | INFO     | main | DEBUG confidence EXC: conf=47.3 min=35 risk=33.8 opp=48.1
2026-05-01T14:41:28 UTC | INFO     | financial_parser | SRE: using cached financials (0d old)
2026-05-01T14:41:28 UTC | INFO     | main | DEBUG filter SRE: ok=True reason=
2026-05-01T14:41:28 UTC | INFO     | main | AV budget exhausted — skipping AV for SRE
2026-05-01T14:41:28 UTC | INFO     | volume_confirmation | SRE volume ratio=0.08 score=0.03 label=lower activity than usual
2026-05-01T14:41:28 UTC | INFO     | risk_adjusted_momentum | SRE RAM raw=9.83 score=0.99
2026-05-01T14:41:28 UTC | INFO     | multi_timeframe_momentum | SRE MTF 1m=-1.534752787575922 3m=11.002967873626664 6m=5.518653942870495 score=0.61
2026-05-01T14:41:28 UTC | INFO     | trend_stability | SRE trend stability: dev=0.0153 score=0.85
2026-05-01T14:41:28 UTC | INFO     | drawdown_risk | SRE drawdown=3.8% score=0.90
2026-05-01T14:41:28 UTC | INFO     | risk_model | Risk score: raw=28.6 penalty=0 mult=1.0 final=28.6
2026-05-01T14:41:28 UTC | INFO     | opportunity_model | Opp score: b1=29.9 b2=67.4 b3=40.8 raw=47.1 x1.0 x1.0 = 47.1
2026-05-01T14:41:28 UTC | INFO     | signal_agreement | Signal agreement: m=0.99 s=0.75 e=0.50 v=0.03 -> 0.009
2026-05-01T14:41:28 UTC | INFO     | opportunity_model | Composite confidence: 48.6 (Weak confidence)
2026-05-01T14:41:28 UTC | INFO     | main | DEBUG confidence SRE: conf=48.6 min=35 risk=28.6 opp=47.1
2026-05-01T14:41:28 UTC | INFO     | financial_parser | PEG: using cached financials (0d old)
2026-05-01T14:41:28 UTC | INFO     | main | DEBUG filter PEG: ok=True reason=
2026-05-01T14:41:28 UTC | INFO     | main | AV budget exhausted — skipping AV for PEG
2026-05-01T14:41:29 UTC | INFO     | volume_confirmation | PEG volume ratio=0.13 score=0.04 label=lower activity than usual
2026-05-01T14:41:29 UTC | INFO     | risk_adjusted_momentum | PEG RAM raw=2.04 score=0.60
2026-05-01T14:41:29 UTC | INFO     | multi_timeframe_momentum | PEG MTF 1m=0.7632587610062911 3m=0.17943740360352065 6m=3.5848346663013086 score=0.52
2026-05-01T14:41:29 UTC | INFO     | trend_stability | PEG trend stability: dev=0.0232 score=0.77
2026-05-01T14:41:29 UTC | INFO     | drawdown_risk | PEG drawdown=5.1% score=0.87
2026-05-01T14:41:29 UTC | INFO     | risk_model | Earnings proximity penalty: 4 days away
2026-05-01T14:41:29 UTC | INFO     | risk_model | Risk score: raw=29.3 penalty=10 mult=1.0 final=39.3
2026-05-01T14:41:29 UTC | INFO     | opportunity_model | Opp score: b1=57.5 b2=55.3 b3=41.5 raw=53.4 x1.0 x1.0 = 53.4
2026-05-01T14:41:29 UTC | INFO     | signal_agreement | Signal agreement: m=0.60 s=0.75 e=0.50 v=0.04 -> 0.010
2026-05-01T14:41:29 UTC | INFO     | opportunity_model | Composite confidence: 47.1 (Weak confidence)
2026-05-01T14:41:29 UTC | INFO     | main | DEBUG confidence PEG: conf=47.1 min=35 risk=39.3 opp=53.4
2026-05-01T14:41:29 UTC | INFO     | financial_parser | XEL: using cached financials (0d old)
2026-05-01T14:41:29 UTC | INFO     | main | DEBUG filter XEL: ok=True reason=
2026-05-01T14:41:29 UTC | INFO     | main | AV budget exhausted — skipping AV for XEL
2026-05-01T14:41:29 UTC | INFO     | volume_confirmation | XEL volume ratio=0.18 score=0.06 label=lower activity than usual
2026-05-01T14:41:29 UTC | INFO     | risk_adjusted_momentum | XEL RAM raw=9.28 score=0.96
2026-05-01T14:41:29 UTC | INFO     | multi_timeframe_momentum | XEL MTF 1m=4.779823864451568 3m=10.619695179598446 6m=6.395706746787903 score=0.64
2026-05-01T14:41:30 UTC | INFO     | trend_stability | XEL trend stability: dev=0.0161 score=0.84
2026-05-01T14:41:30 UTC | INFO     | drawdown_risk | XEL drawdown=0.0% score=1.00
2026-05-01T14:41:30 UTC | INFO     | risk_model | Risk score: raw=24.3 penalty=0 mult=1.0 final=24.3
2026-05-01T14:41:30 UTC | INFO     | opportunity_model | Opp score: b1=46.6 b2=67.2 b3=42.2 raw=54.0 x1.0 x1.0 = 54.0
2026-05-01T14:41:30 UTC | INFO     | signal_agreement | Signal agreement: m=0.96 s=0.75 e=0.50 v=0.06 -> 0.022
2026-05-01T14:41:30 UTC | INFO     | opportunity_model | Composite confidence: 52.8 (Moderate confidence)
2026-05-01T14:41:30 UTC | INFO     | main | DEBUG confidence XEL: conf=52.8 min=35 risk=24.3 opp=54.0
2026-05-01T14:41:30 UTC | INFO     | financial_parser | WEC: using cached financials (0d old)
2026-05-01T14:41:30 UTC | INFO     | main | DEBUG filter WEC: ok=True reason=
2026-05-01T14:41:30 UTC | INFO     | main | AV budget exhausted — skipping AV for WEC
2026-05-01T14:41:30 UTC | INFO     | volume_confirmation | WEC volume ratio=0.13 score=0.04 label=lower activity than usual
2026-05-01T14:41:30 UTC | INFO     | risk_adjusted_momentum | WEC RAM raw=8.28 score=0.91
2026-05-01T14:41:30 UTC | INFO     | multi_timeframe_momentum | WEC MTF 1m=2.3069642312279917 3m=8.296426147938195 6m=5.443525747143725 score=0.60
2026-05-01T14:41:30 UTC | INFO     | trend_stability | WEC trend stability: dev=0.0098 score=0.90
2026-05-01T14:41:30 UTC | INFO     | drawdown_risk | WEC drawdown=0.0% score=1.00
2026-05-01T14:41:30 UTC | INFO     | risk_model | Earnings proximity penalty: 4 days away
2026-05-01T14:41:30 UTC | INFO     | risk_model | Risk score: raw=30.7 penalty=10 mult=1.0 final=40.7
2026-05-01T14:41:30 UTC | INFO     | opportunity_model | Opp score: b1=50.7 b2=65.2 b3=41.5 raw=54.7 x1.0 x1.0 = 54.7
2026-05-01T14:41:30 UTC | INFO     | signal_agreement | Signal agreement: m=0.91 s=0.75 e=0.50 v=0.04 -> 0.015
2026-05-01T14:41:30 UTC | INFO     | opportunity_model | Composite confidence: 47.1 (Weak confidence)
2026-05-01T14:41:30 UTC | INFO     | main | DEBUG confidence WEC: conf=47.1 min=35 risk=40.7 opp=54.7
2026-05-01T14:41:30 UTC | INFO     | financial_parser | ES: using cached financials (0d old)
2026-05-01T14:41:30 UTC | INFO     | main | DEBUG filter ES: ok=True reason=
2026-05-01T14:41:30 UTC | INFO     | main | AV budget exhausted — skipping AV for ES
2026-05-01T14:41:31 UTC | INFO     | volume_confirmation | ES volume ratio=0.10 score=0.03 label=lower activity than usual
2026-05-01T14:41:31 UTC | INFO     | risk_adjusted_momentum | ES RAM raw=4.46 score=0.72
2026-05-01T14:41:31 UTC | INFO     | multi_timeframe_momentum | ES MTF 1m=2.799708407066802 3m=4.668025843695385 6m=-0.8690582863958694 score=0.54
2026-05-01T14:41:31 UTC | INFO     | trend_stability | ES trend stability: dev=0.0294 score=0.71
2026-05-01T14:41:31 UTC | INFO     | drawdown_risk | ES drawdown=5.1% score=0.87
2026-05-01T14:41:31 UTC | INFO     | risk_model | Earnings proximity penalty: 5 days away
2026-05-01T14:41:31 UTC | INFO     | risk_model | Risk score: raw=36.3 penalty=10 mult=1.0 final=46.3
2026-05-01T14:41:31 UTC | INFO     | opportunity_model | Opp score: b1=59.1 b2=58.9 b3=41.0 raw=55.4 x1.0 x1.0 = 55.4
2026-05-01T14:41:31 UTC | INFO     | signal_agreement | Signal agreement: m=0.72 s=0.75 e=0.50 v=0.03 -> 0.009
2026-05-01T14:41:31 UTC | INFO     | opportunity_model | Composite confidence: 45.3 (Weak confidence)
2026-05-01T14:41:31 UTC | INFO     | main | DEBUG confidence ES: conf=45.3 min=35 risk=46.3 opp=55.4
2026-05-01T14:41:31 UTC | INFO     | financial_parser | EIX: using cached financials (0d old)
2026-05-01T14:41:31 UTC | INFO     | main | DEBUG filter EIX: ok=True reason=
2026-05-01T14:41:31 UTC | INFO     | main | AV budget exhausted — skipping AV for EIX
2026-05-01T14:41:31 UTC | INFO     | volume_confirmation | EIX volume ratio=0.09 score=0.03 label=lower activity than usual
2026-05-01T14:41:32 UTC | INFO     | risk_adjusted_momentum | EIX RAM raw=10.04 score=1.00
2026-05-01T14:41:32 UTC | INFO     | multi_timeframe_momentum | EIX MTF 1m=-3.7029500757302833 3m=13.76906358599365 6m=29.80433056854272 score=0.75
2026-05-01T14:41:32 UTC | INFO     | trend_stability | EIX trend stability: dev=0.0253 score=0.75
2026-05-01T14:41:32 UTC | INFO     | drawdown_risk | EIX drawdown=7.7% score=0.81
2026-05-01T14:41:32 UTC | INFO     | risk_model | Risk score: raw=36.6 penalty=0 mult=1.0 final=36.6
2026-05-01T14:41:32 UTC | INFO     | opportunity_model | Opp score: b1=51.1 b2=71.0 b3=41.0 raw=57.0 x1.0 x1.0 = 57.0
2026-05-01T14:41:32 UTC | INFO     | signal_agreement | Signal agreement: m=1.00 s=0.75 e=0.50 v=0.03 -> 0.012
2026-05-01T14:41:32 UTC | INFO     | opportunity_model | Composite confidence: 49.3 (Weak confidence)
2026-05-01T14:41:32 UTC | INFO     | main | DEBUG confidence EIX: conf=49.3 min=35 risk=36.6 opp=57.0
2026-05-01T14:41:32 UTC | INFO     | financial_parser | ETR: using cached financials (0d old)
2026-05-01T14:41:32 UTC | INFO     | main | DEBUG filter ETR: ok=True reason=
2026-05-01T14:41:32 UTC | INFO     | main | AV budget exhausted — skipping AV for ETR
2026-05-01T14:41:32 UTC | INFO     | volume_confirmation | ETR volume ratio=0.08 score=0.03 label=lower activity than usual
2026-05-01T14:41:33 UTC | INFO     | risk_adjusted_momentum | ETR RAM raw=16.55 score=1.00
2026-05-01T14:41:33 UTC | INFO     | multi_timeframe_momentum | ETR MTF 1m=4.12915614921263 3m=24.150240169669658 6m=25.541734224933737 score=0.84
2026-05-01T14:41:33 UTC | INFO     | trend_stability | ETR trend stability: dev=0.0626 score=0.37
2026-05-01T14:41:33 UTC | INFO     | drawdown_risk | ETR drawdown=0.0% score=1.00
2026-05-01T14:41:33 UTC | INFO     | risk_model | Risk score: raw=35.3 penalty=0 mult=1.0 final=35.3
2026-05-01T14:41:33 UTC | INFO     | opportunity_model | Opp score: b1=38.8 b2=73.3 b3=40.8 raw=53.0 x1.0 x1.0 = 53.0
2026-05-01T14:41:33 UTC | INFO     | signal_agreement | Signal agreement: m=1.00 s=0.75 e=0.50 v=0.03 -> 0.010
2026-05-01T14:41:33 UTC | INFO     | opportunity_model | Composite confidence: 48.3 (Weak confidence)
2026-05-01T14:41:33 UTC | INFO     | main | DEBUG confidence ETR: conf=48.3 min=35 risk=35.3 opp=53.0
2026-05-01T14:41:33 UTC | INFO     | financial_parser | PPL: using cached financials (0d old)
2026-05-01T14:41:33 UTC | INFO     | main | DEBUG filter PPL: ok=True reason=
2026-05-01T14:41:33 UTC | INFO     | main | AV budget exhausted — skipping AV for PPL
2026-05-01T14:41:33 UTC | INFO     | volume_confirmation | PPL volume ratio=0.52 score=0.17 label=lower activity than usual
2026-05-01T14:41:33 UTC | INFO     | risk_adjusted_momentum | PPL RAM raw=5.73 score=0.79
2026-05-01T14:41:33 UTC | INFO     | multi_timeframe_momentum | PPL MTF 1m=-1.0033837170979867 3m=5.571591935815275 6m=5.760192607575448 score=0.57
2026-05-01T14:41:34 UTC | INFO     | trend_stability | PPL trend stability: dev=0.0221 score=0.78
2026-05-01T14:41:34 UTC | INFO     | drawdown_risk | PPL drawdown=4.6% score=0.89
2026-05-01T14:41:34 UTC | INFO     | risk_model | Risk score: raw=21.8 penalty=0 mult=1.0 final=21.8
2026-05-01T14:41:34 UTC | INFO     | opportunity_model | Opp score: b1=45.0 b2=61.2 b3=46.7 raw=51.8 x1.0 x1.0 = 51.8
2026-05-01T14:41:34 UTC | INFO     | signal_agreement | Signal agreement: m=0.79 s=0.75 e=0.50 v=0.17 -> 0.051
2026-05-01T14:41:34 UTC | INFO     | opportunity_model | Composite confidence: 53.4 (Moderate confidence)
2026-05-01T14:41:34 UTC | INFO     | main | DEBUG confidence PPL: conf=53.4 min=35 risk=21.8 opp=51.8
2026-05-01T14:41:34 UTC | INFO     | financial_parser | AES: using cached financials (0d old)
2026-05-01T14:41:34 UTC | INFO     | main | DEBUG filter AES: ok=False reason=debt-to-equity 2.59 above 2.5 threshold
2026-05-01T14:41:34 UTC | INFO     | financial_parser | FE: using cached financials (0d old)
2026-05-01T14:41:34 UTC | INFO     | main | DEBUG filter FE: ok=True reason=
2026-05-01T14:41:34 UTC | INFO     | main | AV budget exhausted — skipping AV for FE
2026-05-01T14:41:34 UTC | INFO     | volume_confirmation | FE volume ratio=0.51 score=0.17 label=lower activity than usual
2026-05-01T14:41:34 UTC | INFO     | risk_adjusted_momentum | FE RAM raw=1.55 score=0.58
2026-05-01T14:41:34 UTC | INFO     | multi_timeframe_momentum | FE MTF 1m=-7.13304236035745 3m=0.9240769927761716 6m=5.339530319886301 score=0.51
2026-05-01T14:41:34 UTC | INFO     | trend_stability | FE trend stability: dev=0.0241 score=0.76
2026-05-01T14:41:34 UTC | INFO     | drawdown_risk | FE drawdown=8.8% score=0.78
2026-05-01T14:41:34 UTC | INFO     | risk_model | Risk score: raw=33.0 penalty=0 mult=1.0 final=33.0
2026-05-01T14:41:34 UTC | INFO     | opportunity_model | Opp score: b1=36.5 b2=54.4 b3=46.6 raw=45.7 x1.0 x1.0 = 45.7
2026-05-01T14:41:34 UTC | INFO     | signal_agreement | Signal agreement: m=0.58 s=0.75 e=0.50 v=0.17 -> 0.037
2026-05-01T14:41:34 UTC | INFO     | opportunity_model | Composite confidence: 47.1 (Weak confidence)
2026-05-01T14:41:34 UTC | INFO     | main | DEBUG confidence FE: conf=47.1 min=35 risk=33.0 opp=45.7
2026-05-01T14:41:34 UTC | INFO     | financial_parser | EVRG: using cached financials (0d old)
2026-05-01T14:41:34 UTC | INFO     | main | DEBUG filter EVRG: ok=True reason=
2026-05-01T14:41:34 UTC | INFO     | main | AV budget exhausted — skipping AV for EVRG
2026-05-01T14:41:34 UTC | INFO     | volume_confirmation | EVRG volume ratio=0.12 score=0.04 label=lower activity than usual
2026-05-01T14:41:34 UTC | INFO     | risk_adjusted_momentum | EVRG RAM raw=9.84 score=0.99
2026-05-01T14:41:35 UTC | INFO     | multi_timeframe_momentum | EVRG MTF 1m=1.823043293940139 3m=10.108609452673214 6m=10.825295937994742 score=0.64
2026-05-01T14:41:35 UTC | INFO     | trend_stability | EVRG trend stability: dev=0.0095 score=0.90
2026-05-01T14:41:35 UTC | INFO     | drawdown_risk | EVRG drawdown=0.7% score=0.98
2026-05-01T14:41:35 UTC | INFO     | risk_model | Risk score: raw=32.5 penalty=0 mult=1.0 final=32.5
2026-05-01T14:41:35 UTC | INFO     | opportunity_model | Opp score: b1=51.5 b2=68.1 b3=41.4 raw=56.1 x1.0 x1.0 = 56.1
2026-05-01T14:41:35 UTC | INFO     | signal_agreement | Signal agreement: m=0.99 s=0.75 e=0.50 v=0.04 -> 0.015
2026-05-01T14:41:35 UTC | INFO     | opportunity_model | Composite confidence: 50.5 (Moderate confidence)
2026-05-01T14:41:35 UTC | INFO     | main | DEBUG confidence EVRG: conf=50.5 min=35 risk=32.5 opp=56.1
2026-05-01T14:41:35 UTC | INFO     | financial_parser | NI: using cached financials (0d old)
2026-05-01T14:41:35 UTC | INFO     | main | DEBUG filter NI: ok=True reason=
2026-05-01T14:41:35 UTC | INFO     | main | AV budget exhausted — skipping AV for NI
2026-05-01T14:41:35 UTC | INFO     | volume_confirmation | NI volume ratio=0.16 score=0.05 label=lower activity than usual
2026-05-01T14:41:35 UTC | INFO     | risk_adjusted_momentum | NI RAM raw=10.84 score=1.00
2026-05-01T14:41:35 UTC | INFO     | multi_timeframe_momentum | NI MTF 1m=4.939130790636765 3m=11.885500613031166 6m=17.488548235412487 score=0.70
2026-05-01T14:41:35 UTC | INFO     | trend_stability | NI trend stability: dev=0.0262 score=0.74
2026-05-01T14:41:36 UTC | INFO     | drawdown_risk | NI drawdown=0.0% score=1.00
2026-05-01T14:41:36 UTC | INFO     | risk_model | Earnings proximity penalty: 5 days away
2026-05-01T14:41:36 UTC | INFO     | risk_model | Risk score: raw=31.5 penalty=10 mult=1.0 final=41.5
2026-05-01T14:41:36 UTC | INFO     | opportunity_model | Opp score: b1=65.6 b2=69.8 b3=41.8 raw=62.5 x1.0 x1.0 = 62.5
2026-05-01T14:41:36 UTC | INFO     | signal_agreement | Signal agreement: m=1.00 s=0.75 e=0.50 v=0.05 -> 0.019
2026-05-01T14:41:36 UTC | INFO     | opportunity_model | Composite confidence: 49.7 (Weak confidence)
2026-05-01T14:41:36 UTC | INFO     | main | DEBUG confidence NI: conf=49.7 min=35 risk=41.5 opp=62.5
2026-05-01T14:41:36 UTC | INFO     | financial_parser | CNP: using cached financials (0d old)
2026-05-01T14:41:36 UTC | INFO     | main | DEBUG filter CNP: ok=True reason=
2026-05-01T14:41:36 UTC | INFO     | main | AV budget exhausted — skipping AV for CNP
2026-05-01T14:41:36 UTC | INFO     | volume_confirmation | CNP volume ratio=0.11 score=0.04 label=lower activity than usual
2026-05-01T14:41:36 UTC | INFO     | risk_adjusted_momentum | CNP RAM raw=11.05 score=1.00
2026-05-01T14:41:36 UTC | INFO     | multi_timeframe_momentum | CNP MTF 1m=1.549128714324422 3m=11.267935987540085 6m=14.015140074356555 score=0.67
2026-05-01T14:41:36 UTC | INFO     | trend_stability | CNP trend stability: dev=0.0089 score=0.91
2026-05-01T14:41:37 UTC | INFO     | drawdown_risk | CNP drawdown=0.5% score=0.99
2026-05-01T14:41:37 UTC | INFO     | risk_model | Risk score: raw=29.0 penalty=0 mult=1.0 final=29.0
2026-05-01T14:41:37 UTC | INFO     | opportunity_model | Opp score: b1=44.1 b2=69.0 b3=41.2 raw=53.5 x1.0 x1.0 = 53.5
2026-05-01T14:41:37 UTC | INFO     | signal_agreement | Signal agreement: m=1.00 s=0.75 e=0.50 v=0.04 -> 0.013
2026-05-01T14:41:37 UTC | INFO     | opportunity_model | Composite confidence: 50.8 (Moderate confidence)
2026-05-01T14:41:37 UTC | INFO     | main | DEBUG confidence CNP: conf=50.8 min=35 risk=29.0 opp=53.5
2026-05-01T14:41:37 UTC | INFO     | financial_parser | OGE: using cached financials (0d old)
2026-05-01T14:41:37 UTC | INFO     | main | DEBUG filter OGE: ok=True reason=
2026-05-01T14:41:37 UTC | INFO     | main | AV budget exhausted — skipping AV for OGE
2026-05-01T14:41:37 UTC | INFO     | volume_confirmation | OGE volume ratio=0.11 score=0.04 label=lower activity than usual
2026-05-01T14:41:37 UTC | INFO     | risk_adjusted_momentum | OGE RAM raw=13.40 score=1.00
2026-05-01T14:41:37 UTC | INFO     | multi_timeframe_momentum | OGE MTF 1m=2.6560665986220973 3m=13.419905792146103 6m=12.672271037460913 score=0.68
2026-05-01T14:41:37 UTC | INFO     | trend_stability | OGE trend stability: dev=0.0173 score=0.83
2026-05-01T14:41:37 UTC | INFO     | drawdown_risk | OGE drawdown=1.5% score=0.96
2026-05-01T14:41:37 UTC | INFO     | risk_model | Risk score: raw=32.3 penalty=0 mult=1.0 final=32.3
2026-05-01T14:41:37 UTC | INFO     | opportunity_model | Opp score: b1=57.5 b2=69.3 b3=41.2 raw=59.0 x1.0 x1.0 = 59.0
2026-05-01T14:41:37 UTC | INFO     | signal_agreement | Signal agreement: m=1.00 s=0.75 e=0.50 v=0.04 -> 0.013
2026-05-01T14:41:37 UTC | INFO     | opportunity_model | Composite confidence: 51.5 (Moderate confidence)
2026-05-01T14:41:37 UTC | INFO     | main | DEBUG confidence OGE: conf=51.5 min=35 risk=32.3 opp=59.0
2026-05-01T14:41:37 UTC | INFO     | financial_parser | LNT: using cached financials (0d old)
2026-05-01T14:41:37 UTC | INFO     | main | DEBUG filter LNT: ok=True reason=
2026-05-01T14:41:37 UTC | INFO     | main | AV budget exhausted — skipping AV for LNT
2026-05-01T14:41:38 UTC | INFO     | volume_confirmation | LNT volume ratio=0.47 score=0.16 label=lower activity than usual
2026-05-01T14:41:38 UTC | INFO     | risk_adjusted_momentum | LNT RAM raw=14.57 score=1.00
2026-05-01T14:41:38 UTC | INFO     | multi_timeframe_momentum | LNT MTF 1m=5.727229357464884 3m=15.40003899815785 6m=13.962595532378508 score=0.72
2026-05-01T14:41:38 UTC | INFO     | trend_stability | LNT trend stability: dev=0.0180 score=0.82
2026-05-01T14:41:38 UTC | INFO     | drawdown_risk | LNT drawdown=0.0% score=1.00
2026-05-01T14:41:38 UTC | INFO     | risk_model | Risk score: raw=29.0 penalty=0 mult=1.0 final=29.0
2026-05-01T14:41:38 UTC | INFO     | opportunity_model | Opp score: b1=51.2 b2=70.2 b3=46.0 raw=57.7 x1.0 x1.0 = 57.7
2026-05-01T14:41:38 UTC | INFO     | signal_agreement | Signal agreement: m=1.00 s=0.75 e=0.50 v=0.16 -> 0.059
2026-05-01T14:41:38 UTC | INFO     | opportunity_model | Composite confidence: 53.2 (Moderate confidence)
2026-05-01T14:41:38 UTC | INFO     | main | DEBUG confidence LNT: conf=53.2 min=35 risk=29.0 opp=57.7
2026-05-01T14:41:38 UTC | INFO     | financial_parser | NWE: using cached financials (0d old)
2026-05-01T14:41:38 UTC | INFO     | main | DEBUG filter NWE: ok=True reason=
2026-05-01T14:41:38 UTC | INFO     | main | AV budget exhausted — skipping AV for NWE
2026-05-01T14:41:38 UTC | INFO     | volume_confirmation | NWE volume ratio=0.08 score=0.03 label=lower activity than usual
2026-05-01T14:41:38 UTC | INFO     | risk_adjusted_momentum | NWE RAM raw=6.03 score=0.80
2026-05-01T14:41:38 UTC | INFO     | multi_timeframe_momentum | NWE MTF 1m=10.486305569550055 3m=9.230006458147354 6m=25.107291839004752 score=0.74
2026-05-01T14:41:38 UTC | INFO     | trend_stability | NWE trend stability: dev=0.0522 score=0.48
2026-05-01T14:41:38 UTC | INFO     | drawdown_risk | NWE drawdown=0.0% score=1.00
2026-05-01T14:41:38 UTC | INFO     | risk_model | Risk score: raw=37.9 penalty=0 mult=1.0 final=37.9
2026-05-01T14:41:38 UTC | INFO     | opportunity_model | Opp score: b1=39.1 b2=65.7 b3=40.8 raw=50.1 x1.0 x1.0 = 50.1
2026-05-01T14:41:38 UTC | INFO     | signal_agreement | Signal agreement: m=0.80 s=0.75 e=0.50 v=0.03 -> 0.008
2026-05-01T14:41:38 UTC | INFO     | opportunity_model | Composite confidence: 46.4 (Weak confidence)
2026-05-01T14:41:38 UTC | INFO     | main | DEBUG confidence NWE: conf=46.4 min=35 risk=37.9 opp=50.1
2026-05-01T14:41:38 UTC | INFO     | financial_parser | PNW: using cached financials (0d old)
2026-05-01T14:41:38 UTC | INFO     | main | DEBUG filter PNW: ok=True reason=
2026-05-01T14:41:38 UTC | INFO     | main | AV budget exhausted — skipping AV for PNW
2026-05-01T14:41:39 UTC | INFO     | volume_confirmation | PNW volume ratio=0.12 score=0.04 label=lower activity than usual
2026-05-01T14:41:39 UTC | INFO     | risk_adjusted_momentum | PNW RAM raw=12.79 score=1.00
2026-05-01T14:41:39 UTC | INFO     | multi_timeframe_momentum | PNW MTF 1m=2.9547917227117453 3m=12.822456195826353 6m=19.673574232531017 score=0.72
2026-05-01T14:41:39 UTC | INFO     | trend_stability | PNW trend stability: dev=0.0214 score=0.79
2026-05-01T14:41:39 UTC | INFO     | drawdown_risk | PNW drawdown=0.0% score=1.00
2026-05-01T14:41:39 UTC | INFO     | risk_model | Earnings proximity penalty: 3 days away
2026-05-01T14:41:39 UTC | INFO     | risk_model | Risk score: raw=42.7 penalty=10 mult=1.0 final=52.7
2026-05-01T14:41:39 UTC | INFO     | opportunity_model | Opp score: b1=40.6 b2=70.1 b3=41.4 raw=52.6 x1.0 x1.0 = 52.6
2026-05-01T14:41:39 UTC | INFO     | signal_agreement | Signal agreement: m=1.00 s=0.75 e=0.50 v=0.04 -> 0.015
2026-05-01T14:41:39 UTC | INFO     | opportunity_model | Composite confidence: 42.2 (Weak confidence)
2026-05-01T14:41:39 UTC | INFO     | main | DEBUG confidence PNW: conf=42.2 min=35 risk=52.7 opp=52.6
2026-05-01T14:41:39 UTC | INFO     | financial_parser | AVA: using cached financials (0d old)
2026-05-01T14:41:39 UTC | INFO     | main | DEBUG filter AVA: ok=True reason=
2026-05-01T14:41:39 UTC | INFO     | main | AV budget exhausted — skipping AV for AVA
2026-05-01T14:41:39 UTC | INFO     | volume_confirmation | AVA volume ratio=0.06 score=0.02 label=lower activity than usual
2026-05-01T14:41:40 UTC | INFO     | risk_adjusted_momentum | AVA RAM raw=1.06 score=0.55
2026-05-01T14:41:40 UTC | INFO     | multi_timeframe_momentum | AVA MTF 1m=1.978860125704964 3m=1.6472299255711618 6m=10.988206415388344 score=0.58
2026-05-01T14:41:40 UTC | INFO     | trend_stability | AVA trend stability: dev=0.0163 score=0.84
2026-05-01T14:41:40 UTC | INFO     | drawdown_risk | AVA drawdown=2.6% score=0.94
2026-05-01T14:41:40 UTC | INFO     | risk_model | Earnings proximity penalty: 4 days away
2026-05-01T14:41:40 UTC | INFO     | risk_model | Risk score: raw=42.5 penalty=10 mult=1.0 final=52.5
2026-05-01T14:41:40 UTC | INFO     | opportunity_model | Opp score: b1=45.9 b2=55.4 b3=40.6 raw=48.6 x1.0 x1.0 = 48.6
2026-05-01T14:41:40 UTC | INFO     | signal_agreement | Signal agreement: m=0.55 s=0.75 e=0.50 v=0.02 -> 0.004
2026-05-01T14:41:40 UTC | INFO     | opportunity_model | Composite confidence: 40.6 (Weak confidence)
2026-05-01T14:41:40 UTC | INFO     | main | DEBUG confidence AVA: conf=40.6 min=35 risk=52.5 opp=48.6
2026-05-01T14:41:40 UTC | INFO     | financial_parser | HE: using cached financials (0d old)
2026-05-01T14:41:40 UTC | INFO     | main | DEBUG filter HE: ok=True reason=
2026-05-01T14:41:40 UTC | INFO     | main | AV budget exhausted — skipping AV for HE
2026-05-01T14:41:40 UTC | INFO     | volume_confirmation | HE volume ratio=0.09 score=0.03 label=lower activity than usual
2026-05-01T14:41:40 UTC | INFO     | risk_adjusted_momentum | HE RAM raw=0.00 score=0.50
2026-05-01T14:41:40 UTC | INFO     | multi_timeframe_momentum | HE MTF 1m=-0.19711357502731788 3m=-0.8485647325752743 6m=31.515145710286298 score=0.65
2026-05-01T14:41:40 UTC | INFO     | trend_stability | HE trend stability: dev=0.0109 score=0.89
2026-05-01T14:41:40 UTC | INFO     | drawdown_risk | HE drawdown=11.1% score=0.72
2026-05-01T14:41:40 UTC | INFO     | risk_model | Risk score: raw=57.0 penalty=0 mult=1.0 final=57.0
2026-05-01T14:41:40 UTC | INFO     | opportunity_model | Opp score: b1=49.5 b2=52.2 b3=41.0 raw=48.9 x1.0 x1.0 = 48.9
2026-05-01T14:41:40 UTC | INFO     | signal_agreement | Signal agreement: m=0.50 s=0.75 e=0.50 v=0.03 -> 0.006
2026-05-01T14:41:40 UTC | INFO     | opportunity_model | Composite confidence: 39.2 (Weak confidence)
2026-05-01T14:41:40 UTC | INFO     | main | DEBUG confidence HE: conf=39.2 min=35 risk=57.0 opp=48.9
2026-05-01T14:41:40 UTC | INFO     | financial_parser | POR: using cached financials (0d old)
2026-05-01T14:41:40 UTC | INFO     | main | DEBUG filter POR: ok=True reason=
2026-05-01T14:41:40 UTC | INFO     | main | AV budget exhausted — skipping AV for POR
2026-05-01T14:41:41 UTC | INFO     | volume_confirmation | POR volume ratio=0.27 score=0.09 label=lower activity than usual
2026-05-01T14:41:41 UTC | INFO     | risk_adjusted_momentum | POR RAM raw=2.96 score=0.65
2026-05-01T14:41:41 UTC | INFO     | multi_timeframe_momentum | POR MTF 1m=-3.1544242659006425 3m=3.4033759925075104 6m=14.837610993535039 score=0.59
2026-05-01T14:41:41 UTC | INFO     | trend_stability | POR trend stability: dev=0.0174 score=0.83
2026-05-01T14:41:41 UTC | INFO     | drawdown_risk | POR drawdown=5.2% score=0.87
2026-05-01T14:41:41 UTC | INFO     | risk_model | Earnings proximity penalty: 0 days away
2026-05-01T14:41:41 UTC | INFO     | risk_model | Risk score: raw=37.7 penalty=10 mult=1.0 final=47.7
2026-05-01T14:41:41 UTC | INFO     | opportunity_model | Opp score: b1=46.6 b2=58.2 b3=43.4 raw=50.6 x1.0 x1.0 = 50.6
2026-05-01T14:41:41 UTC | INFO     | signal_agreement | Signal agreement: m=0.65 s=0.75 e=0.50 v=0.09 -> 0.022
2026-05-01T14:41:41 UTC | INFO     | opportunity_model | Composite confidence: 43.4 (Weak confidence)
2026-05-01T14:41:41 UTC | INFO     | main | DEBUG confidence POR: conf=43.4 min=35 risk=47.7 opp=50.6
2026-05-01T14:41:41 UTC | INFO     | financial_parser | AAPL: using cached financials (7d old)
2026-05-01T14:41:41 UTC | INFO     | main | DEBUG filter AAPL: ok=True reason=
2026-05-01T14:41:41 UTC | INFO     | main | AV budget exhausted — skipping AV for AAPL
2026-05-01T14:41:41 UTC | INFO     | volume_confirmation | AAPL volume ratio=0.74 score=0.25 label=lower activity than usual
2026-05-01T14:41:41 UTC | INFO     | risk_adjusted_momentum | AAPL RAM raw=2.78 score=0.64
2026-05-01T14:41:41 UTC | INFO     | multi_timeframe_momentum | AAPL MTF 1m=10.533894650786655 3m=8.99575876323709 6m=4.967135891560743 score=0.63
2026-05-01T14:41:42 UTC | INFO     | trend_stability | AAPL trend stability: dev=0.0368 score=0.63
2026-05-01T14:41:42 UTC | INFO     | drawdown_risk | AAPL drawdown=0.0% score=1.00
2026-05-01T14:41:42 UTC | INFO     | risk_model | Risk score: raw=13.0 penalty=0 mult=1.0 final=13.0
2026-05-01T14:41:42 UTC | INFO     | opportunity_model | Opp score: b1=52.9 b2=59.1 b3=45.4 raw=53.9 x1.0 x1.0 = 53.9
2026-05-01T14:41:42 UTC | INFO     | signal_agreement | Signal agreement: m=0.64 s=0.67 e=0.50 v=0.25 -> 0.053
2026-05-01T14:41:42 UTC | INFO     | opportunity_model | Composite confidence: 56.8 (Moderate confidence)
2026-05-01T14:41:42 UTC | INFO     | main | DEBUG confidence AAPL: conf=56.8 min=35 risk=13.0 opp=53.9
2026-05-01T14:41:42 UTC | INFO     | financial_parser | MSFT: using cached financials (7d old)
2026-05-01T14:41:42 UTC | INFO     | main | DEBUG filter MSFT: ok=True reason=
2026-05-01T14:41:42 UTC | INFO     | main | AV budget exhausted — skipping AV for MSFT
2026-05-01T14:41:42 UTC | INFO     | volume_confirmation | MSFT volume ratio=0.28 score=0.09 label=lower activity than usual
2026-05-01T14:41:42 UTC | INFO     | risk_adjusted_momentum | MSFT RAM raw=-1.37 score=0.43
2026-05-01T14:41:42 UTC | INFO     | multi_timeframe_momentum | MSFT MTF 1m=11.416979991599135 3m=-4.139018686440093 6m=-23.690846051363444 score=0.39
2026-05-01T14:41:42 UTC | INFO     | trend_stability | MSFT trend stability: dev=0.0634 score=0.37
2026-05-01T14:41:42 UTC | INFO     | drawdown_risk | MSFT drawdown=15.5% score=0.61
2026-05-01T14:41:42 UTC | INFO     | risk_model | Risk score: raw=12.4 penalty=0 mult=1.0 final=12.4
2026-05-01T14:41:42 UTC | INFO     | opportunity_model | Opp score: b1=63.3 b2=43.9 b3=39.2 raw=50.7 x1.0 x1.0 = 50.7
2026-05-01T14:41:42 UTC | INFO     | signal_agreement | Signal agreement: m=0.43 s=0.67 e=0.50 v=0.09 -> 0.013
2026-05-01T14:41:42 UTC | INFO     | opportunity_model | Composite confidence: 55.1 (Moderate confidence)
2026-05-01T14:41:42 UTC | INFO     | main | DEBUG confidence MSFT: conf=55.1 min=35 risk=12.4 opp=50.7
2026-05-01T14:41:42 UTC | INFO     | financial_parser | NVDA: using cached financials (7d old)
2026-05-01T14:41:42 UTC | INFO     | main | DEBUG filter NVDA: ok=True reason=
2026-05-01T14:41:42 UTC | INFO     | main | AV budget exhausted — skipping AV for NVDA
2026-05-01T14:41:42 UTC | INFO     | volume_confirmation | NVDA volume ratio=0.27 score=0.09 label=lower activity than usual
2026-05-01T14:41:42 UTC | INFO     | risk_adjusted_momentum | NVDA RAM raw=2.89 score=0.64
2026-05-01T14:41:42 UTC | INFO     | multi_timeframe_momentum | NVDA MTF 1m=13.123756723417495 3m=4.026452872916064 6m=-3.962118904843517 score=0.56
2026-05-01T14:41:42 UTC | INFO     | trend_stability | NVDA trend stability: dev=0.1004 score=0.00
2026-05-01T14:41:42 UTC | INFO     | drawdown_risk | NVDA drawdown=8.2% score=0.79
2026-05-01T14:41:42 UTC | INFO     | risk_model | Risk score: raw=21.3 penalty=0 mult=1.0 final=21.3
2026-05-01T14:41:42 UTC | INFO     | opportunity_model | Opp score: b1=85.7 b2=57.3 b3=39.2 raw=65.0 x1.0 x1.0 = 65.0
2026-05-01T14:41:42 UTC | INFO     | signal_agreement | Signal agreement: m=0.64 s=0.67 e=0.50 v=0.09 -> 0.020
2026-05-01T14:41:42 UTC | INFO     | opportunity_model | Composite confidence: 57.1 (Moderate confidence)
2026-05-01T14:41:42 UTC | INFO     | main | DEBUG confidence NVDA: conf=57.1 min=35 risk=21.3 opp=65.0
2026-05-01T14:41:42 UTC | INFO     | financial_parser | AVGO: using cached financials (7d old)
2026-05-01T14:41:42 UTC | INFO     | main | DEBUG filter AVGO: ok=True reason=
2026-05-01T14:41:42 UTC | INFO     | main | AV budget exhausted — skipping AV for AVGO
2026-05-01T14:41:43 UTC | INFO     | volume_confirmation | AVGO volume ratio=0.13 score=0.04 label=lower activity than usual
2026-05-01T14:41:43 UTC | INFO     | risk_adjusted_momentum | AVGO RAM raw=9.93 score=1.00
2026-05-01T14:41:43 UTC | INFO     | multi_timeframe_momentum | AVGO MTF 1m=33.58320905257173 3m=26.66720697537309 6m=8.930871540326297 score=0.88
2026-05-01T14:41:43 UTC | INFO     | trend_stability | AVGO trend stability: dev=0.2045 score=0.00
2026-05-01T14:41:43 UTC | INFO     | drawdown_risk | AVGO drawdown=0.9% score=0.98
2026-05-01T14:41:43 UTC | INFO     | risk_model | Risk score: raw=13.6 penalty=0 mult=1.0 final=13.6
2026-05-01T14:41:43 UTC | INFO     | opportunity_model | Opp score: b1=45.4 b2=74.2 b3=37.2 raw=55.3 x1.0 x1.0 = 55.3
2026-05-01T14:41:43 UTC | INFO     | signal_agreement | Signal agreement: m=1.00 s=0.67 e=0.50 v=0.04 -> 0.014
2026-05-01T14:41:43 UTC | INFO     | opportunity_model | Composite confidence: 56.3 (Moderate confidence)
2026-05-01T14:41:43 UTC | INFO     | main | DEBUG confidence AVGO: conf=56.3 min=35 risk=13.6 opp=55.3
2026-05-01T14:41:43 UTC | INFO     | financial_parser | ORCL: using cached financials (7d old)
2026-05-01T14:41:43 UTC | INFO     | main | DEBUG filter ORCL: ok=False reason=debt-to-equity 4.15 above 2.5 threshold
2026-05-01T14:41:43 UTC | INFO     | financial_parser | ADBE: using cached financials (7d old)
2026-05-01T14:41:43 UTC | INFO     | main | DEBUG filter ADBE: ok=True reason=
2026-05-01T14:41:43 UTC | INFO     | main | AV budget exhausted — skipping AV for ADBE
2026-05-01T14:41:43 UTC | INFO     | volume_confirmation | ADBE volume ratio=0.29 score=0.10 label=lower activity than usual
2026-05-01T14:41:43 UTC | INFO     | risk_adjusted_momentum | ADBE RAM raw=-6.15 score=0.19
2026-05-01T14:41:43 UTC | INFO     | multi_timeframe_momentum | ADBE MTF 1m=1.8995760892488402 3m=-16.127876613451086 6m=-27.202091844311028 score=0.24
2026-05-01T14:41:43 UTC | INFO     | trend_stability | ADBE trend stability: dev=0.0335 score=0.67
2026-05-01T14:41:43 UTC | INFO     | drawdown_risk | ADBE drawdown=31.2% score=0.22
2026-05-01T14:41:43 UTC | INFO     | risk_model | Risk score: raw=30.0 penalty=0 mult=1.0 final=30.0
2026-05-01T14:41:43 UTC | INFO     | opportunity_model | Opp score: b1=54.8 b2=34.2 b3=39.5 raw=43.5 x1.0 x1.0 = 43.5
2026-05-01T14:41:43 UTC | INFO     | signal_agreement | Signal agreement: m=0.19 s=0.67 e=0.50 v=0.10 -> 0.006
2026-05-01T14:41:43 UTC | INFO     | opportunity_model | Composite confidence: 46.3 (Weak confidence)
2026-05-01T14:41:43 UTC | INFO     | main | DEBUG confidence ADBE: conf=46.3 min=35 risk=30.0 opp=43.5
2026-05-01T14:41:43 UTC | INFO     | financial_parser | CRM: using cached financials (7d old)
2026-05-01T14:41:43 UTC | INFO     | main | DEBUG filter CRM: ok=True reason=
2026-05-01T14:41:43 UTC | INFO     | main | AV budget exhausted — skipping AV for CRM
2026-05-01T14:41:43 UTC | INFO     | volume_confirmation | CRM volume ratio=0.25 score=0.08 label=lower activity than usual
2026-05-01T14:41:43 UTC | INFO     | risk_adjusted_momentum | CRM RAM raw=-5.14 score=0.24
2026-05-01T14:41:44 UTC | INFO     | multi_timeframe_momentum | CRM MTF 1m=-2.9957515313173126 3m=-14.899090123540057 6m=-28.03932396377083 score=0.23
2026-05-01T14:41:44 UTC | INFO     | trend_stability | CRM trend stability: dev=0.0381 score=0.62
2026-05-01T14:41:44 UTC | INFO     | drawdown_risk | CRM drawdown=32.1% score=0.20
2026-05-01T14:41:44 UTC | INFO     | risk_model | Risk score: raw=20.2 penalty=0 mult=1.0 final=20.2
2026-05-01T14:41:44 UTC | INFO     | opportunity_model | Opp score: b1=52.3 b2=35.2 b3=38.9 raw=42.8 x1.0 x1.0 = 42.8
2026-05-01T14:41:44 UTC | INFO     | signal_agreement | Signal agreement: m=0.24 s=0.67 e=0.50 v=0.08 -> 0.007
2026-05-01T14:41:44 UTC | INFO     | opportunity_model | Composite confidence: 49.5 (Weak confidence)
2026-05-01T14:41:44 UTC | INFO     | main | DEBUG confidence CRM: conf=49.5 min=35 risk=20.2 opp=42.8
2026-05-01T14:41:44 UTC | INFO     | financial_parser | AMD: using cached financials (7d old)
2026-05-01T14:41:44 UTC | INFO     | main | DEBUG filter AMD: ok=True reason=
2026-05-01T14:41:44 UTC | INFO     | main | AV budget exhausted — skipping AV for AMD
2026-05-01T14:41:44 UTC | INFO     | volume_confirmation | AMD volume ratio=0.28 score=0.09 label=lower activity than usual
2026-05-01T14:41:44 UTC | INFO     | risk_adjusted_momentum | AMD RAM raw=9.67 score=0.98
2026-05-01T14:41:44 UTC | INFO     | multi_timeframe_momentum | AMD MTF 1m=67.53717229190983 3m=48.76860029532683 6m=33.234940798804836 score=1.00
2026-05-01T14:41:44 UTC | INFO     | trend_stability | AMD trend stability: dev=0.3904 score=0.00
2026-05-01T14:41:44 UTC | INFO     | drawdown_risk | AMD drawdown=0.7% score=0.98
2026-05-01T14:41:44 UTC | INFO     | risk_model | Earnings proximity penalty: 4 days away
2026-05-01T14:41:44 UTC | INFO     | risk_model | Risk score: raw=21.1 penalty=10 mult=1.0 final=31.1
2026-05-01T14:41:44 UTC | INFO     | opportunity_model | Opp score: b1=55.9 b2=76.8 b3=39.3 raw=60.9 x1.0 x1.0 = 60.9
2026-05-01T14:41:44 UTC | INFO     | signal_agreement | Signal agreement: m=0.98 s=0.67 e=0.50 v=0.09 -> 0.030
2026-05-01T14:41:44 UTC | INFO     | opportunity_model | Composite confidence: 52.5 (Moderate confidence)
2026-05-01T14:41:44 UTC | INFO     | main | DEBUG confidence AMD: conf=52.5 min=35 risk=31.1 opp=60.9
2026-05-01T14:41:44 UTC | INFO     | financial_parser | INTC: using cached financials (7d old)
2026-05-01T14:41:44 UTC | INFO     | main | DEBUG filter INTC: ok=True reason=
2026-05-01T14:41:44 UTC | INFO     | main | AV budget exhausted — skipping AV for INTC
2026-05-01T14:41:44 UTC | INFO     | volume_confirmation | INTC volume ratio=0.48 score=0.16 label=lower activity than usual
2026-05-01T14:41:44 UTC | INFO     | risk_adjusted_momentum | INTC RAM raw=20.60 score=1.00
2026-05-01T14:41:44 UTC | INFO     | multi_timeframe_momentum | INTC MTF 1m=105.58901214666992 3m=112.49063359271415 6m=138.8592154328588 score=1.00
2026-05-01T14:41:45 UTC | INFO     | trend_stability | INTC trend stability: dev=0.4952 score=0.00
2026-05-01T14:41:45 UTC | INFO     | drawdown_risk | INTC drawdown=0.0% score=1.00
2026-05-01T14:41:45 UTC | INFO     | risk_model | Risk score: raw=32.7 penalty=0 mult=1.0 final=32.7
2026-05-01T14:41:45 UTC | INFO     | opportunity_model | Opp score: b1=11.2 b2=77.3 b3=41.9 raw=43.8 x1.0 x1.0 = 43.8
2026-05-01T14:41:45 UTC | INFO     | signal_agreement | Signal agreement: m=1.00 s=0.67 e=0.50 v=0.16 -> 0.053
2026-05-01T14:41:45 UTC | INFO     | opportunity_model | Composite confidence: 46.4 (Weak confidence)
2026-05-01T14:41:45 UTC | INFO     | main | DEBUG confidence INTC: conf=46.4 min=35 risk=32.7 opp=43.8
2026-05-01T14:41:45 UTC | INFO     | financial_parser | QCOM: using cached financials (7d old)
2026-05-01T14:41:45 UTC | INFO     | main | DEBUG filter QCOM: ok=True reason=
2026-05-01T14:41:45 UTC | INFO     | main | AV budget exhausted — skipping AV for QCOM
2026-05-01T14:41:45 UTC | INFO     | volume_confirmation | QCOM volume ratio=0.37 score=0.12 label=lower activity than usual
2026-05-01T14:41:45 UTC | INFO     | risk_adjusted_momentum | QCOM RAM raw=4.41 score=0.72
2026-05-01T14:41:45 UTC | INFO     | multi_timeframe_momentum | QCOM MTF 1m=35.07228144074236 3m=14.139330644305105 6m=-2.665308392202788 score=0.72
2026-05-01T14:41:45 UTC | INFO     | trend_stability | QCOM trend stability: dev=0.0834 score=0.17
2026-05-01T14:41:45 UTC | INFO     | drawdown_risk | QCOM drawdown=5.2% score=0.87
2026-05-01T14:41:45 UTC | INFO     | risk_model | Risk score: raw=29.3 penalty=0 mult=1.0 final=29.3
2026-05-01T14:41:45 UTC | INFO     | opportunity_model | Opp score: b1=47.1 b2=63.3 b3=40.5 raw=52.2 x1.0 x1.0 = 52.2
2026-05-01T14:41:45 UTC | INFO     | signal_agreement | Signal agreement: m=0.72 s=0.67 e=0.50 v=0.12 -> 0.030
2026-05-01T14:41:45 UTC | INFO     | opportunity_model | Composite confidence: 50.0 (Moderate confidence)
2026-05-01T14:41:45 UTC | INFO     | main | DEBUG confidence QCOM: conf=50.0 min=35 risk=29.3 opp=52.2
2026-05-01T14:41:45 UTC | INFO     | financial_parser | TXN: using cached financials (7d old)
2026-05-01T14:41:45 UTC | INFO     | main | DEBUG filter TXN: ok=True reason=
2026-05-01T14:41:45 UTC | INFO     | main | AV budget exhausted — skipping AV for TXN
2026-05-01T14:41:45 UTC | INFO     | volume_confirmation | TXN volume ratio=0.11 score=0.04 label=lower activity than usual
2026-05-01T14:41:45 UTC | INFO     | risk_adjusted_momentum | TXN RAM raw=7.70 score=0.88
2026-05-01T14:41:46 UTC | INFO     | multi_timeframe_momentum | TXN MTF 1m=42.266930551212276 3m=29.56157970761598 6m=76.96357200705137 score=1.00
2026-05-01T14:41:46 UTC | INFO     | trend_stability | TXN trend stability: dev=0.1992 score=0.00
2026-05-01T14:41:46 UTC | INFO     | drawdown_risk | TXN drawdown=1.0% score=0.97
2026-05-01T14:41:46 UTC | INFO     | risk_model | Risk score: raw=17.8 penalty=0 mult=1.0 final=17.8
2026-05-01T14:41:46 UTC | INFO     | opportunity_model | Opp score: b1=51.0 b2=74.4 b3=37.1 raw=57.6 x1.0 x1.0 = 57.6
2026-05-01T14:41:46 UTC | INFO     | signal_agreement | Signal agreement: m=0.89 s=0.67 e=0.50 v=0.04 -> 0.011
2026-05-01T14:41:46 UTC | INFO     | opportunity_model | Composite confidence: 55.6 (Moderate confidence)
2026-05-01T14:41:46 UTC | INFO     | main | DEBUG confidence TXN: conf=55.6 min=35 risk=17.8 opp=57.6
2026-05-01T14:41:46 UTC | INFO     | financial_parser | NOW: using cached financials (7d old)
2026-05-01T14:41:46 UTC | INFO     | main | DEBUG filter NOW: ok=True reason=
2026-05-01T14:41:46 UTC | INFO     | main | AV budget exhausted — skipping AV for NOW
2026-05-01T14:41:46 UTC | INFO     | volume_confirmation | NOW volume ratio=0.36 score=0.12 label=lower activity than usual
2026-05-01T14:41:46 UTC | INFO     | risk_adjusted_momentum | NOW RAM raw=-5.93 score=0.20
2026-05-01T14:41:46 UTC | INFO     | multi_timeframe_momentum | NOW MTF 1m=-14.152922720261914 3m=-23.66866220222231 6m=-51.017164757267764 score=0.00
2026-05-01T14:41:46 UTC | INFO     | trend_stability | NOW trend stability: dev=0.1158 score=0.00
2026-05-01T14:41:46 UTC | INFO     | drawdown_risk | NOW drawdown=43.0% score=0.00
2026-05-01T14:41:46 UTC | INFO     | risk_model | Risk score: raw=20.6 penalty=0 mult=1.0 final=20.6
2026-05-01T14:41:46 UTC | INFO     | opportunity_model | Opp score: b1=47.4 b2=28.6 b3=40.4 raw=38.5 x1.0 x1.0 = 38.5
2026-05-01T14:41:46 UTC | INFO     | signal_agreement | Signal agreement: m=0.20 s=0.67 e=0.50 v=0.12 -> 0.008
2026-05-01T14:41:46 UTC | INFO     | opportunity_model | Composite confidence: 47.9 (Weak confidence)
2026-05-01T14:41:46 UTC | INFO     | main | DEBUG confidence NOW: conf=47.9 min=35 risk=20.6 opp=38.5
2026-05-01T14:41:46 UTC | INFO     | financial_parser | SNOW: using cached financials (7d old)
2026-05-01T14:41:46 UTC | INFO     | main | DEBUG filter SNOW: ok=True reason=
2026-05-01T14:41:46 UTC | INFO     | main | AV budget exhausted — skipping AV for SNOW
2026-05-01T14:41:46 UTC | INFO     | volume_confirmation | SNOW volume ratio=0.35 score=0.12 label=lower activity than usual
2026-05-01T14:41:46 UTC | INFO     | risk_adjusted_momentum | SNOW RAM raw=-6.33 score=0.18
2026-05-01T14:41:46 UTC | INFO     | multi_timeframe_momentum | SNOW MTF 1m=-8.568440135559277 3m=-27.348208501734966 6m=-48.09047324308941 score=0.00
2026-05-01T14:41:46 UTC | INFO     | trend_stability | SNOW trend stability: dev=0.1124 score=0.00
2026-05-01T14:41:46 UTC | INFO     | drawdown_risk | SNOW drawdown=40.3% score=0.00
2026-05-01T14:41:46 UTC | INFO     | risk_model | Risk score: raw=42.5 penalty=0 mult=1.0 final=42.5
2026-05-01T14:41:46 UTC | INFO     | opportunity_model | Opp score: b1=35.9 b2=28.2 b3=40.1 raw=33.7 x1.0 x1.0 = 33.7
2026-05-01T14:41:46 UTC | INFO     | signal_agreement | Signal agreement: m=0.18 s=0.67 e=0.50 v=0.12 -> 0.007
2026-05-01T14:41:46 UTC | INFO     | opportunity_model | Composite confidence: 38.5 (Weak confidence)
2026-05-01T14:41:46 UTC | INFO     | main | DEBUG confidence SNOW: conf=38.5 min=35 risk=42.5 opp=33.7
2026-05-01T14:41:46 UTC | INFO     | financial_parser | PLTR: using cached financials (7d old)
2026-05-01T14:41:46 UTC | INFO     | main | DEBUG filter PLTR: ok=True reason=
2026-05-01T14:41:46 UTC | INFO     | main | AV budget exhausted — skipping AV for PLTR
2026-05-01T14:41:46 UTC | INFO     | volume_confirmation | PLTR volume ratio=0.28 score=0.09 label=lower activity than usual
2026-05-01T14:41:47 UTC | INFO     | risk_adjusted_momentum | PLTR RAM raw=-0.94 score=0.45
2026-05-01T14:41:47 UTC | INFO     | multi_timeframe_momentum | PLTR MTF 1m=-2.6018166593388234 3m=-2.668253161626586 6m=-28.233687501592573 score=0.33
2026-05-01T14:41:47 UTC | INFO     | trend_stability | PLTR trend stability: dev=0.0247 score=0.75
2026-05-01T14:41:47 UTC | INFO     | drawdown_risk | PLTR drawdown=26.5% score=0.34
2026-05-01T14:41:47 UTC | INFO     | risk_model | Earnings proximity penalty: 3 days away
2026-05-01T14:41:47 UTC | INFO     | risk_model | Risk score: raw=21.8 penalty=10 mult=1.0 final=31.8
2026-05-01T14:41:47 UTC | INFO     | opportunity_model | Opp score: b1=77.5 b2=43.0 b3=39.3 raw=56.0 x1.0 x1.0 = 56.0
2026-05-01T14:41:47 UTC | INFO     | signal_agreement | Signal agreement: m=0.45 s=0.67 e=0.50 v=0.09 -> 0.014
2026-05-01T14:41:47 UTC | INFO     | opportunity_model | Composite confidence: 50.2 (Moderate confidence)
2026-05-01T14:41:47 UTC | INFO     | main | DEBUG confidence PLTR: conf=50.2 min=35 risk=31.8 opp=56.0
2026-05-01T14:41:47 UTC | INFO     | financial_parser | PANW: using cached financials (7d old)
2026-05-01T14:41:47 UTC | INFO     | main | DEBUG filter PANW: ok=True reason=
2026-05-01T14:41:47 UTC | INFO     | main | AV budget exhausted — skipping AV for PANW
2026-05-01T14:41:47 UTC | INFO     | volume_confirmation | PANW volume ratio=0.15 score=0.05 label=lower activity than usual
2026-05-01T14:41:47 UTC | INFO     | risk_adjusted_momentum | PANW RAM raw=0.86 score=0.54
2026-05-01T14:41:47 UTC | INFO     | multi_timeframe_momentum | PANW MTF 1m=11.91884569211055 3m=1.6104458856624635 6m=-17.194693179315784 score=0.47
2026-05-01T14:41:47 UTC | INFO     | trend_stability | PANW trend stability: dev=0.0801 score=0.20
2026-05-01T14:41:47 UTC | INFO     | drawdown_risk | PANW drawdown=7.3% score=0.82
2026-05-01T14:41:47 UTC | INFO     | risk_model | Risk score: raw=12.5 penalty=0 mult=1.0 final=12.5
2026-05-01T14:41:47 UTC | INFO     | opportunity_model | Opp score: b1=32.1 b2=52.5 b3=37.6 raw=41.3 x1.0 x1.0 = 41.3
2026-05-01T14:41:47 UTC | INFO     | signal_agreement | Signal agreement: m=0.54 s=0.67 e=0.50 v=0.05 -> 0.009
2026-05-01T14:41:47 UTC | INFO     | opportunity_model | Composite confidence: 51.7 (Moderate confidence)
2026-05-01T14:41:47 UTC | INFO     | main | DEBUG confidence PANW: conf=51.7 min=35 risk=12.5 opp=41.3
2026-05-01T14:41:47 UTC | INFO     | financial_parser | CRWD: using cached financials (7d old)
2026-05-01T14:41:47 UTC | INFO     | main | DEBUG filter CRWD: ok=True reason=
2026-05-01T14:41:47 UTC | INFO     | main | AV budget exhausted — skipping AV for CRWD
2026-05-01T14:41:47 UTC | INFO     | volume_confirmation | CRWD volume ratio=0.15 score=0.05 label=lower activity than usual
2026-05-01T14:41:47 UTC | INFO     | risk_adjusted_momentum | CRWD RAM raw=0.74 score=0.54
2026-05-01T14:41:47 UTC | INFO     | multi_timeframe_momentum | CRWD MTF 1m=14.522894274681638 3m=2.044606182857681 6m=-17.428049005356325 score=0.48
2026-05-01T14:41:47 UTC | INFO     | trend_stability | CRWD trend stability: dev=0.0773 score=0.23
2026-05-01T14:41:47 UTC | INFO     | drawdown_risk | CRWD drawdown=6.8% score=0.83
2026-05-01T14:41:47 UTC | INFO     | risk_model | Risk score: raw=36.2 penalty=0 mult=1.0 final=36.2
2026-05-01T14:41:47 UTC | INFO     | opportunity_model | Opp score: b1=47.5 b2=52.6 b3=37.5 raw=47.5 x1.0 x1.0 = 47.5
2026-05-01T14:41:47 UTC | INFO     | signal_agreement | Signal agreement: m=0.54 s=0.67 e=0.50 v=0.05 -> 0.009
2026-05-01T14:41:47 UTC | INFO     | opportunity_model | Composite confidence: 45.6 (Weak confidence)
2026-05-01T14:41:47 UTC | INFO     | main | DEBUG confidence CRWD: conf=45.6 min=35 risk=36.2 opp=47.5
2026-05-01T14:41:47 UTC | INFO     | financial_parser | ZS: using cached financials (7d old)
2026-05-01T14:41:47 UTC | INFO     | main | DEBUG filter ZS: ok=True reason=
2026-05-01T14:41:47 UTC | INFO     | main | AV budget exhausted — skipping AV for ZS
2026-05-01T14:41:47 UTC | INFO     | volume_confirmation | ZS volume ratio=0.13 score=0.04 label=lower activity than usual
2026-05-01T14:41:47 UTC | INFO     | risk_adjusted_momentum | ZS RAM raw=-8.18 score=0.09
2026-05-01T14:41:48 UTC | INFO     | multi_timeframe_momentum | ZS MTF 1m=-1.8511734932266586 3m=-32.9333517955455 6m=-58.20662918716996 score=0.00
2026-05-01T14:41:48 UTC | INFO     | trend_stability | ZS trend stability: dev=0.0960 score=0.04
2026-05-01T14:41:48 UTC | INFO     | drawdown_risk | ZS drawdown=42.2% score=0.00
2026-05-01T14:41:48 UTC | INFO     | risk_model | Risk score: raw=48.1 penalty=0 mult=1.0 final=48.1
2026-05-01T14:41:48 UTC | INFO     | opportunity_model | Opp score: b1=30.2 b2=25.8 b3=37.3 raw=29.8 x1.0 x1.0 = 29.8
2026-05-01T14:41:48 UTC | INFO     | signal_agreement | Signal agreement: m=0.09 s=0.67 e=0.50 v=0.04 -> 0.001
2026-05-01T14:41:48 UTC | INFO     | opportunity_model | Composite confidence: 35.0 (Weak confidence)
2026-05-01T14:41:48 UTC | INFO     | main | DEBUG confidence ZS: conf=35.0 min=35 risk=48.1 opp=29.8
2026-05-01T14:41:48 UTC | INFO     | financial_parser | FTNT: using cached financials (7d old)
2026-05-01T14:41:48 UTC | INFO     | main | DEBUG filter FTNT: ok=True reason=
2026-05-01T14:41:48 UTC | INFO     | main | AV budget exhausted — skipping AV for FTNT
2026-05-01T14:41:48 UTC | INFO     | volume_confirmation | FTNT volume ratio=0.14 score=0.05 label=lower activity than usual
2026-05-01T14:41:48 UTC | INFO     | risk_adjusted_momentum | FTNT RAM raw=2.13 score=0.61
2026-05-01T14:41:48 UTC | INFO     | multi_timeframe_momentum | FTNT MTF 1m=5.249540426529684 3m=5.107065489515404 6m=1.4129689196842723 score=0.57
2026-05-01T14:41:48 UTC | INFO     | trend_stability | FTNT trend stability: dev=0.0331 score=0.67
2026-05-01T14:41:48 UTC | INFO     | drawdown_risk | FTNT drawdown=2.8% score=0.93
2026-05-01T14:41:48 UTC | INFO     | risk_model | Earnings proximity penalty: 5 days away
2026-05-01T14:41:48 UTC | INFO     | risk_model | Risk score: raw=19.1 penalty=10 mult=1.0 final=29.1
2026-05-01T14:41:48 UTC | INFO     | opportunity_model | Opp score: b1=56.5 b2=56.6 b3=37.4 raw=52.7 x1.0 x1.0 = 52.7
2026-05-01T14:41:48 UTC | INFO     | signal_agreement | Signal agreement: m=0.61 s=0.67 e=0.50 v=0.05 -> 0.010
2026-05-01T14:41:48 UTC | INFO     | opportunity_model | Composite confidence: 49.9 (Weak confidence)
2026-05-01T14:41:48 UTC | INFO     | main | DEBUG confidence FTNT: conf=49.9 min=35 risk=29.1 opp=52.7
2026-05-01T14:41:48 UTC | INFO     | financial_parser | DDOG: using cached financials (7d old)
2026-05-01T14:41:48 UTC | INFO     | main | DEBUG filter DDOG: ok=True reason=
2026-05-01T14:41:48 UTC | INFO     | main | AV budget exhausted — skipping AV for DDOG
2026-05-01T14:41:48 UTC | INFO     | volume_confirmation | DDOG volume ratio=0.36 score=0.12 label=lower activity than usual
2026-05-01T14:41:48 UTC | INFO     | risk_adjusted_momentum | DDOG RAM raw=1.61 score=0.58
2026-05-01T14:41:48 UTC | INFO     | multi_timeframe_momentum | DDOG MTF 1m=15.8885952797404 3m=6.344715517758106 6m=-11.842952630458733 score=0.55
2026-05-01T14:41:48 UTC | INFO     | trend_stability | DDOG trend stability: dev=0.0776 score=0.22
2026-05-01T14:41:48 UTC | INFO     | drawdown_risk | DDOG drawdown=3.0% score=0.92
2026-05-01T14:41:48 UTC | INFO     | risk_model | Risk score: raw=31.5 penalty=0 mult=1.0 final=31.5
2026-05-01T14:41:48 UTC | INFO     | opportunity_model | Opp score: b1=26.0 b2=55.4 b3=40.4 raw=40.7 x1.0 x1.0 = 40.7
2026-05-01T14:41:48 UTC | INFO     | signal_agreement | Signal agreement: m=0.58 s=0.67 e=0.50 v=0.12 -> 0.023
2026-05-01T14:41:48 UTC | INFO     | opportunity_model | Composite confidence: 45.1 (Weak confidence)
2026-05-01T14:41:48 UTC | INFO     | main | DEBUG confidence DDOG: conf=45.1 min=35 risk=31.5 opp=40.7
2026-05-01T14:41:48 UTC | INFO     | financial_parser | MDB: using cached financials (7d old)
2026-05-01T14:41:48 UTC | INFO     | main | DEBUG filter MDB: ok=True reason=
2026-05-01T14:41:48 UTC | INFO     | main | AV budget exhausted — skipping AV for MDB
2026-05-01T14:41:48 UTC | INFO     | volume_confirmation | MDB volume ratio=0.22 score=0.07 label=lower activity than usual
2026-05-01T14:41:49 UTC | INFO     | risk_adjusted_momentum | MDB RAM raw=-6.42 score=0.18
2026-05-01T14:41:49 UTC | INFO     | multi_timeframe_momentum | MDB MTF 1m=5.353701801431729 3m=-29.251608823692088 6m=-22.852614337409722 score=0.16
2026-05-01T14:41:49 UTC | INFO     | trend_stability | MDB trend stability: dev=0.0754 score=0.25
2026-05-01T14:41:49 UTC | INFO     | drawdown_risk | MDB drawdown=40.4% score=0.00
2026-05-01T14:41:49 UTC | INFO     | risk_model | Risk score: raw=58.3 penalty=0 mult=1.0 final=58.3
2026-05-01T14:41:49 UTC | INFO     | opportunity_model | Opp score: b1=29.8 b2=32.0 b3=38.5 raw=32.4 x1.0 x1.0 = 32.4
2026-05-01T14:41:49 UTC | INFO     | signal_agreement | Signal agreement: m=0.18 s=0.67 e=0.50 v=0.07 -> 0.004
2026-05-01T14:41:49 UTC | INFO     | opportunity_model | Composite confidence: 32.4 (Excluded)
2026-05-01T14:41:49 UTC | INFO     | main | DEBUG confidence MDB: conf=32.4 min=35 risk=58.3 opp=32.4
2026-05-01T14:41:49 UTC | INFO     | main | MDB: confidence 32.4 < 35 — excluded
2026-05-01T14:41:49 UTC | INFO     | financial_parser | NET: using cached financials (7d old)
2026-05-01T14:41:49 UTC | INFO     | main | DEBUG filter NET: ok=True reason=
2026-05-01T14:41:49 UTC | INFO     | main | AV budget exhausted — skipping AV for NET
2026-05-01T14:41:49 UTC | INFO     | volume_confirmation | NET volume ratio=0.17 score=0.06 label=lower activity than usual
2026-05-01T14:41:49 UTC | INFO     | risk_adjusted_momentum | NET RAM raw=3.85 score=0.69
2026-05-01T14:41:49 UTC | INFO     | multi_timeframe_momentum | NET MTF 1m=3.198173372175419 3m=19.537633326192203 6m=-6.764009390684583 score=0.64
2026-05-01T14:41:49 UTC | INFO     | trend_stability | NET trend stability: dev=0.0462 score=0.54
2026-05-01T14:41:49 UTC | INFO     | drawdown_risk | NET drawdown=6.0% score=0.85
2026-05-01T14:41:49 UTC | INFO     | risk_model | Risk score: raw=53.3 penalty=0 mult=1.0 final=53.3
2026-05-01T14:41:49 UTC | INFO     | opportunity_model | Opp score: b1=37.0 b2=60.6 b3=37.8 raw=46.6 x1.0 x1.0 = 46.6
2026-05-01T14:41:49 UTC | INFO     | signal_agreement | Signal agreement: m=0.69 s=0.67 e=0.50 v=0.06 -> 0.013
2026-05-01T14:41:49 UTC | INFO     | opportunity_model | Composite confidence: 39.3 (Weak confidence)
2026-05-01T14:41:49 UTC | INFO     | main | DEBUG confidence NET: conf=39.3 min=35 risk=53.3 opp=46.6
2026-05-01T14:41:49 UTC | INFO     | financial_parser | TWLO: using cached financials (7d old)
2026-05-01T14:41:49 UTC | INFO     | main | DEBUG filter TWLO: ok=True reason=
2026-05-01T14:41:49 UTC | INFO     | main | AV budget exhausted — skipping AV for TWLO
2026-05-01T14:41:49 UTC | INFO     | volume_confirmation | TWLO volume ratio=1.02 score=0.34 label=normal trading activity
2026-05-01T14:41:49 UTC | INFO     | risk_adjusted_momentum | TWLO RAM raw=11.76 score=1.00
2026-05-01T14:41:49 UTC | INFO     | multi_timeframe_momentum | TWLO MTF 1m=32.50803788193609 3m=43.5082155329939 6m=54.887549656687504 score=1.00
2026-05-01T14:41:49 UTC | INFO     | trend_stability | TWLO trend stability: dev=0.1483 score=0.00
2026-05-01T14:41:49 UTC | INFO     | drawdown_risk | TWLO drawdown=0.0% score=1.00
2026-05-01T14:41:49 UTC | INFO     | risk_model | Risk score: raw=45.1 penalty=0 mult=1.0 final=45.1
2026-05-01T14:41:49 UTC | INFO     | opportunity_model | Opp score: b1=11.9 b2=77.3 b3=49.1 raw=45.5 x1.0 x1.0 = 45.5
2026-05-01T14:41:49 UTC | INFO     | signal_agreement | Signal agreement: m=1.00 s=0.67 e=0.50 v=0.34 -> 0.113
2026-05-01T14:41:49 UTC | INFO     | opportunity_model | Composite confidence: 43.8 (Weak confidence)
2026-05-01T14:41:49 UTC | INFO     | main | DEBUG confidence TWLO: conf=43.8 min=35 risk=45.1 opp=45.5
2026-05-01T14:41:49 UTC | INFO     | financial_parser | HPE: using cached financials (7d old)
2026-05-01T14:41:49 UTC | INFO     | main | DEBUG filter HPE: ok=True reason=
2026-05-01T14:41:49 UTC | INFO     | main | AV budget exhausted — skipping AV for HPE
2026-05-01T14:41:49 UTC | INFO     | volume_confirmation | HPE volume ratio=0.14 score=0.05 label=lower activity than usual
2026-05-01T14:41:50 UTC | INFO     | risk_adjusted_momentum | HPE RAM raw=10.38 score=1.00
2026-05-01T14:41:50 UTC | INFO     | multi_timeframe_momentum | HPE MTF 1m=19.43286045191278 3m=33.943648000890605 6m=19.480976239804644 score=0.95
2026-05-01T14:41:50 UTC | INFO     | trend_stability | HPE trend stability: dev=0.1870 score=0.00
2026-05-01T14:41:50 UTC | INFO     | drawdown_risk | HPE drawdown=0.5% score=0.99
2026-05-01T14:41:50 UTC | INFO     | risk_model | Risk score: raw=34.4 penalty=0 mult=1.0 final=34.4
2026-05-01T14:41:50 UTC | INFO     | opportunity_model | Opp score: b1=22.5 b2=75.9 b3=37.4 raw=46.8 x1.0 x1.0 = 46.8
2026-05-01T14:41:50 UTC | INFO     | signal_agreement | Signal agreement: m=1.00 s=0.67 e=0.50 v=0.05 -> 0.015
2026-05-01T14:41:50 UTC | INFO     | opportunity_model | Composite confidence: 46.1 (Weak confidence)
2026-05-01T14:41:50 UTC | INFO     | main | DEBUG confidence HPE: conf=46.1 min=35 risk=34.4 opp=46.8
2026-05-01T14:41:50 UTC | INFO     | financial_parser | STX: using cached financials (7d old)
2026-05-01T14:41:50 UTC | INFO     | main | DEBUG filter STX: ok=False reason=debt-to-equity 10.47 above 2.5 threshold
2026-05-01T14:41:50 UTC | INFO     | financial_parser | WDC: using cached financials (7d old)
2026-05-01T14:41:50 UTC | INFO     | main | DEBUG filter WDC: ok=True reason=
2026-05-01T14:41:50 UTC | INFO     | main | AV budget exhausted — skipping AV for WDC
2026-05-01T14:41:50 UTC | INFO     | volume_confirmation | WDC volume ratio=0.99 score=0.33 label=normal trading activity
2026-05-01T14:41:50 UTC | INFO     | risk_adjusted_momentum | WDC RAM raw=12.65 score=1.00
2026-05-01T14:41:50 UTC | INFO     | multi_timeframe_momentum | WDC MTF 1m=43.68387221957485 3m=71.0405468095496 6m=202.96992297165852 score=1.00
2026-05-01T14:41:50 UTC | INFO     | trend_stability | WDC trend stability: dev=0.3015 score=0.00
2026-05-01T14:41:50 UTC | INFO     | drawdown_risk | WDC drawdown=1.5% score=0.96
2026-05-01T14:41:50 UTC | INFO     | risk_model | Risk score: raw=24.8 penalty=0 mult=1.0 final=24.8
2026-05-01T14:41:50 UTC | INFO     | opportunity_model | Opp score: b1=98.1 b2=77.3 b3=48.7 raw=79.9 x1.0 x1.0 = 79.9
2026-05-01T14:41:50 UTC | INFO     | signal_agreement | Signal agreement: m=1.00 s=0.67 e=0.50 v=0.33 -> 0.110
2026-05-01T14:41:50 UTC | INFO     | opportunity_model | Composite confidence: 62.9 (Moderate confidence)
2026-05-01T14:41:50 UTC | INFO     | main | DEBUG confidence WDC: conf=62.9 min=35 risk=24.8 opp=79.9
2026-05-01T14:41:50 UTC | INFO     | financial_parser | AMAT: using cached financials (7d old)
2026-05-01T14:41:50 UTC | INFO     | main | DEBUG filter AMAT: ok=True reason=
2026-05-01T14:41:50 UTC | INFO     | main | AV budget exhausted — skipping AV for AMAT
2026-05-01T14:41:50 UTC | INFO     | volume_confirmation | AMAT volume ratio=0.15 score=0.05 label=lower activity than usual
2026-05-01T14:41:50 UTC | INFO     | risk_adjusted_momentum | AMAT RAM raw=5.90 score=0.80
2026-05-01T14:41:51 UTC | INFO     | multi_timeframe_momentum | AMAT MTF 1m=11.031518328057594 3m=22.027617625271763 6m=67.16453865443206 score=1.00
2026-05-01T14:41:51 UTC | INFO     | trend_stability | AMAT trend stability: dev=0.0913 score=0.09
2026-05-01T14:41:51 UTC | INFO     | drawdown_risk | AMAT drawdown=5.8% score=0.85
2026-05-01T14:41:51 UTC | INFO     | risk_model | Risk score: raw=22.7 penalty=0 mult=1.0 final=22.7
2026-05-01T14:41:51 UTC | INFO     | opportunity_model | Opp score: b1=52.4 b2=72.1 b3=37.5 raw=57.3 x1.0 x1.0 = 57.3
2026-05-01T14:41:51 UTC | INFO     | signal_agreement | Signal agreement: m=0.80 s=0.67 e=0.50 v=0.05 -> 0.013
2026-05-01T14:41:51 UTC | INFO     | opportunity_model | Composite confidence: 53.8 (Moderate confidence)
2026-05-01T14:41:51 UTC | INFO     | main | DEBUG confidence AMAT: conf=53.8 min=35 risk=22.7 opp=57.3
2026-05-01T14:41:51 UTC | INFO     | financial_parser | KLAC: using cached financials (7d old)
2026-05-01T14:41:51 UTC | INFO     | main | DEBUG filter KLAC: ok=True reason=
2026-05-01T14:41:51 UTC | INFO     | main | AV budget exhausted — skipping AV for KLAC
2026-05-01T14:41:51 UTC | INFO     | volume_confirmation | KLAC volume ratio=0.19 score=0.06 label=lower activity than usual
2026-05-01T14:41:51 UTC | INFO     | risk_adjusted_momentum | KLAC RAM raw=7.16 score=0.86
2026-05-01T14:41:51 UTC | INFO     | multi_timeframe_momentum | KLAC MTF 1m=13.383977500072486 3m=20.83800698891265 6m=39.91881938130033 score=0.92
2026-05-01T14:41:51 UTC | INFO     | trend_stability | KLAC trend stability: dev=0.1673 score=0.00
2026-05-01T14:41:51 UTC | INFO     | drawdown_risk | KLAC drawdown=10.9% score=0.73
2026-05-01T14:41:51 UTC | INFO     | risk_model | Risk score: raw=34.8 penalty=0 mult=1.0 final=34.8
2026-05-01T14:41:51 UTC | INFO     | opportunity_model | Opp score: b1=59.5 b2=71.7 b3=38.1 raw=60.1 x1.0 x1.0 = 60.1
2026-05-01T14:41:51 UTC | INFO     | signal_agreement | Signal agreement: m=0.86 s=0.67 e=0.50 v=0.06 -> 0.018
2026-05-01T14:41:51 UTC | INFO     | opportunity_model | Composite confidence: 50.6 (Moderate confidence)
2026-05-01T14:41:51 UTC | INFO     | main | DEBUG confidence KLAC: conf=50.6 min=35 risk=34.8 opp=60.1
2026-05-01T14:41:51 UTC | INFO     | main | DEBUG candidate: NEE risk=17.5 opp=60.6 cap=70
2026-05-01T14:41:51 UTC | INFO     | main | DEBUG candidate: DUK risk=36.3 opp=53.1 cap=70
2026-05-01T14:41:51 UTC | INFO     | main | DEBUG candidate: SO risk=27.2 opp=54.1 cap=70
2026-05-01T14:41:51 UTC | INFO     | main | DEBUG candidate: D risk=36.7 opp=59.8 cap=70
2026-05-01T14:41:51 UTC | INFO     | main | DEBUG candidate: AEP risk=36.6 opp=60.7 cap=70
2026-05-01T14:41:51 UTC | INFO     | main | DEBUG candidate: EXC risk=33.8 opp=48.1 cap=70
2026-05-01T14:41:51 UTC | INFO     | main | DEBUG candidate: SRE risk=28.6 opp=47.1 cap=70
2026-05-01T14:41:51 UTC | INFO     | main | DEBUG candidate: PEG risk=39.3 opp=53.4 cap=70
2026-05-01T14:41:51 UTC | INFO     | main | DEBUG candidate: XEL risk=24.3 opp=54.0 cap=70
2026-05-01T14:41:51 UTC | INFO     | main | DEBUG candidate: WEC risk=40.7 opp=54.7 cap=70
2026-05-01T14:41:51 UTC | INFO     | main | DEBUG candidate: ES risk=46.3 opp=55.4 cap=70
2026-05-01T14:41:51 UTC | INFO     | main | DEBUG candidate: EIX risk=36.6 opp=57.0 cap=70
2026-05-01T14:41:51 UTC | INFO     | main | DEBUG candidate: ETR risk=35.3 opp=53.0 cap=70
2026-05-01T14:41:51 UTC | INFO     | main | DEBUG candidate: PPL risk=21.8 opp=51.8 cap=70
2026-05-01T14:41:51 UTC | INFO     | main | DEBUG candidate: FE risk=33.0 opp=45.7 cap=70
2026-05-01T14:41:51 UTC | INFO     | main | DEBUG candidate: EVRG risk=32.5 opp=56.1 cap=70
2026-05-01T14:41:51 UTC | INFO     | main | DEBUG candidate: NI risk=41.5 opp=62.5 cap=70
2026-05-01T14:41:51 UTC | INFO     | main | DEBUG candidate: CNP risk=29.0 opp=53.5 cap=70
2026-05-01T14:41:51 UTC | INFO     | main | DEBUG candidate: OGE risk=32.3 opp=59.0 cap=70
2026-05-01T14:41:51 UTC | INFO     | main | DEBUG candidate: LNT risk=29.0 opp=57.7 cap=70
2026-05-01T14:41:51 UTC | INFO     | main | DEBUG candidate: NWE risk=37.9 opp=50.1 cap=70
2026-05-01T14:41:51 UTC | INFO     | main | DEBUG candidate: PNW risk=52.7 opp=52.6 cap=70
2026-05-01T14:41:51 UTC | INFO     | main | DEBUG candidate: AVA risk=52.5 opp=48.6 cap=70
2026-05-01T14:41:51 UTC | INFO     | main | DEBUG candidate: HE risk=57.0 opp=48.9 cap=70
2026-05-01T14:41:51 UTC | INFO     | main | DEBUG candidate: POR risk=47.7 opp=50.6 cap=70
2026-05-01T14:41:51 UTC | INFO     | main | DEBUG candidate: AAPL risk=13.0 opp=53.9 cap=70
2026-05-01T14:41:51 UTC | INFO     | main | DEBUG candidate: MSFT risk=12.4 opp=50.7 cap=70
2026-05-01T14:41:51 UTC | INFO     | main | DEBUG candidate: NVDA risk=21.3 opp=65.0 cap=70
2026-05-01T14:41:51 UTC | INFO     | main | DEBUG candidate: AVGO risk=13.6 opp=55.3 cap=70
2026-05-01T14:41:51 UTC | INFO     | main | DEBUG candidate: ADBE risk=30.0 opp=43.5 cap=70
2026-05-01T14:41:51 UTC | INFO     | main | DEBUG candidate: CRM risk=20.2 opp=42.8 cap=70
2026-05-01T14:41:51 UTC | INFO     | main | DEBUG candidate: AMD risk=31.1 opp=60.9 cap=70
2026-05-01T14:41:51 UTC | INFO     | main | DEBUG candidate: INTC risk=32.7 opp=43.8 cap=70
2026-05-01T14:41:51 UTC | INFO     | main | DEBUG candidate: QCOM risk=29.3 opp=52.2 cap=70
2026-05-01T14:41:51 UTC | INFO     | main | DEBUG candidate: TXN risk=17.8 opp=57.6 cap=70
2026-05-01T14:41:51 UTC | INFO     | main | DEBUG candidate: NOW risk=20.6 opp=38.5 cap=70
2026-05-01T14:41:51 UTC | INFO     | main | DEBUG candidate: SNOW risk=42.5 opp=33.7 cap=70
2026-05-01T14:41:51 UTC | INFO     | main | DEBUG candidate: PLTR risk=31.8 opp=56.0 cap=70
2026-05-01T14:41:51 UTC | INFO     | main | DEBUG candidate: PANW risk=12.5 opp=41.3 cap=70
2026-05-01T14:41:51 UTC | INFO     | main | DEBUG candidate: CRWD risk=36.2 opp=47.5 cap=70
2026-05-01T14:41:51 UTC | INFO     | main | DEBUG candidate: ZS risk=48.1 opp=29.8 cap=70
2026-05-01T14:41:51 UTC | INFO     | main | DEBUG candidate: FTNT risk=29.1 opp=52.7 cap=70
2026-05-01T14:41:51 UTC | INFO     | main | DEBUG candidate: DDOG risk=31.5 opp=40.7 cap=70
2026-05-01T14:41:51 UTC | INFO     | main | DEBUG candidate: NET risk=53.3 opp=46.6 cap=70
2026-05-01T14:41:51 UTC | INFO     | main | DEBUG candidate: TWLO risk=45.1 opp=45.5 cap=70
2026-05-01T14:41:51 UTC | INFO     | main | DEBUG candidate: HPE risk=34.4 opp=46.8 cap=70
2026-05-01T14:41:51 UTC | INFO     | main | DEBUG candidate: WDC risk=24.8 opp=79.9 cap=70
2026-05-01T14:41:51 UTC | INFO     | main | DEBUG candidate: AMAT risk=22.7 opp=57.3 cap=70
2026-05-01T14:41:51 UTC | INFO     | main | DEBUG candidate: KLAC risk=34.8 opp=60.1 cap=70
2026-05-01T14:41:51 UTC | INFO     | zscore_ranker | Sector cap (3): skipped TXN (technology)
2026-05-01T14:41:51 UTC | INFO     | zscore_ranker | Sector cap (3): skipped AAPL (technology)
2026-05-01T14:41:51 UTC | INFO     | zscore_ranker | Sector cap (3): skipped MSFT (technology)
2026-05-01T14:41:51 UTC | INFO     | zscore_ranker | Sector cap (3): skipped AMAT (technology)
2026-05-01T14:41:51 UTC | INFO     | zscore_ranker | Sector cap (3): skipped AMD (technology)
2026-05-01T14:41:51 UTC | INFO     | zscore_ranker | Sector cap (3): skipped PPL (utilities)
2026-05-01T14:41:51 UTC | INFO     | zscore_ranker | Sector cap (3): skipped OGE (utilities)
2026-05-01T14:41:51 UTC | INFO     | zscore_ranker | Sector cap (3): skipped KLAC (technology)
2026-05-01T14:41:51 UTC | INFO     | zscore_ranker | Sector cap (3): skipped SO (utilities)
2026-05-01T14:41:51 UTC | INFO     | zscore_ranker | Sector cap (3): skipped AEP (utilities)
2026-05-01T14:41:51 UTC | INFO     | zscore_ranker | Sector cap (3): skipped D (utilities)
2026-05-01T14:41:51 UTC | INFO     | zscore_ranker | Sector cap (3): skipped PLTR (technology)
2026-05-01T14:41:51 UTC | INFO     | zscore_ranker | Sector cap (3): skipped PANW (technology)
2026-05-01T14:41:51 UTC | INFO     | zscore_ranker | Sector cap (3): skipped CNP (utilities)
2026-05-01T14:41:51 UTC | INFO     | zscore_ranker | Sector cap (3): skipped EVRG (utilities)
2026-05-01T14:41:51 UTC | INFO     | zscore_ranker | Sector cap (3): skipped NI (utilities)
2026-05-01T14:41:51 UTC | INFO     | zscore_ranker | Sector cap (3): skipped FTNT (technology)
2026-05-01T14:41:51 UTC | INFO     | zscore_ranker | Sector cap (3): skipped QCOM (technology)
2026-05-01T14:41:51 UTC | INFO     | zscore_ranker | Sector cap (3): skipped EIX (utilities)
2026-05-01T14:41:51 UTC | INFO     | zscore_ranker | Sector cap (3): skipped CRM (technology)
2026-05-01T14:41:51 UTC | INFO     | zscore_ranker | Sector cap (3): skipped ETR (utilities)
2026-05-01T14:41:51 UTC | INFO     | zscore_ranker | Sector cap (3): skipped DUK (utilities)
2026-05-01T14:41:51 UTC | INFO     | zscore_ranker | Sector cap (3): skipped SRE (utilities)
2026-05-01T14:41:51 UTC | INFO     | zscore_ranker | Sector cap (3): skipped WEC (utilities)
2026-05-01T14:41:51 UTC | INFO     | zscore_ranker | Sector cap (3): skipped PEG (utilities)
2026-05-01T14:41:51 UTC | INFO     | zscore_ranker | Sector cap (3): skipped NOW (technology)
2026-05-01T14:41:51 UTC | INFO     | zscore_ranker | Sector cap (3): skipped EXC (utilities)
2026-05-01T14:41:51 UTC | INFO     | zscore_ranker | Sector cap (3): skipped NWE (utilities)
2026-05-01T14:41:51 UTC | INFO     | zscore_ranker | Sector cap (3): skipped ADBE (technology)
2026-05-01T14:41:51 UTC | INFO     | zscore_ranker | Sector cap (3): skipped HPE (technology)
2026-05-01T14:41:51 UTC | INFO     | zscore_ranker | Sector cap (3): skipped FE (utilities)
2026-05-01T14:41:51 UTC | INFO     | zscore_ranker | Sector cap (3): skipped ES (utilities)
2026-05-01T14:41:51 UTC | INFO     | zscore_ranker | Sector cap (3): skipped CRWD (technology)
2026-05-01T14:41:51 UTC | INFO     | zscore_ranker | Sector cap (3): skipped INTC (technology)
2026-05-01T14:41:51 UTC | INFO     | zscore_ranker | Sector cap (3): skipped DDOG (technology)
2026-05-01T14:41:51 UTC | INFO     | zscore_ranker | Sector cap (3): skipped POR (utilities)
2026-05-01T14:41:51 UTC | INFO     | zscore_ranker | Sector cap (3): skipped PNW (utilities)
2026-05-01T14:41:51 UTC | INFO     | zscore_ranker | Sector cap (3): skipped TWLO (technology)
2026-05-01T14:41:51 UTC | INFO     | zscore_ranker | Sector cap (3): skipped AVA (utilities)
2026-05-01T14:41:51 UTC | INFO     | zscore_ranker | Sector cap (3): skipped NET (technology)
2026-05-01T14:41:51 UTC | INFO     | zscore_ranker | Sector cap (3): skipped HE (utilities)
2026-05-01T14:41:51 UTC | INFO     | zscore_ranker | Sector cap (3): skipped SNOW (technology)
2026-05-01T14:41:51 UTC | INFO     | zscore_ranker | Sector cap (3): skipped ZS (technology)
2026-05-01T14:41:51 UTC | INFO     | zscore_ranker | Z-score ranking complete: 49 → 49 eligible → 6 final (max 25, cap 3/sector)
2026-05-01T14:41:51 UTC | INFO     | main | Post-ranking count: 6
2026-05-01T14:41:51 UTC | INFO     | main | Industry dedup [Utilities - Regulated Electric]: kept=['NEE', 'LNT'] dropped=['XEL']
2026-05-01T14:41:51 UTC | INFO     | main | Final company count after industry dedup: 5
2026-05-01T14:41:51 UTC | INFO     | main | Final company count after score stability filter: 5
2026-05-01T14:41:51 UTC | INFO     | main | [EQ] Running earnings quality analysis on 5 tickers
2026-05-01T14:41:57 UTC | INFO     | main | [EQ] AVGO: no EQ data — skipped or error
2026-05-01T14:41:57 UTC | INFO     | main | [EQ] Enrichment complete. 4 enriched / 5 total
2026-05-01T14:41:57 UTC | INFO     | main | [ROT] Running rotation analysis on 5 candidates
2026-05-01T14:42:01 UTC | INFO     | main | [ROT] Enrichment complete. 5 enriched / 5 total
2026-05-01T14:42:01 UTC | INFO     | main | [PS] Running price structure analysis on 5 tickers
2026-05-01T14:42:01 UTC | INFO     | main | [PS] Enrichment complete. 5 enriched / 5 total
2026-05-01T14:42:01 UTC | INFO     | main | [ER] Event risk enrichment complete. 5/5 processed
2026-05-01T14:43:22 UTC | INFO     | main | [INS] Insider enrichment complete. 5/5 processed
2026-05-01T14:43:22 UTC | INFO     | expectations | [EXP] WDC: no Finnhub token — skipping beat streak
2026-05-01T14:43:22 UTC | INFO     | expectations | [EXP] NEE: no Finnhub token — skipping beat streak
2026-05-01T14:43:22 UTC | INFO     | expectations | [EXP] NVDA: no Finnhub token — skipping beat streak
2026-05-01T14:43:22 UTC | INFO     | expectations | [EXP] AVGO: no Finnhub token — skipping beat streak
2026-05-01T14:43:22 UTC | INFO     | expectations | [EXP] LNT: no Finnhub token — skipping beat streak
2026-05-01T14:43:22 UTC | INFO     | main | [EXP] Expectations enrichment complete. 5/5 processed
2026-05-01T14:43:22 UTC | INFO     | main | [PL] Portfolio analysis complete. Selected: ['NEE', 'WDC'] | Diversification: 0.8226
2026-05-01T14:43:23 UTC | INFO     | main | [PT] Paper trading complete. Open: 0 | New: 0 | Closed: 0 | Replay enriched: 0
2026-05-01T14:43:23 UTC | WARNING  | validator.expectation | [FSV][C] QUESTIONABLE: avg_volume 9,453,998 but liquidity risk 24.4 > 15
2026-05-01T14:43:23 UTC | INFO     | main | [FSV] WDC → REVIEW | INCONSISTENT=0 QUESTIONABLE=1
2026-05-01T14:43:23 UTC | WARNING  | validator.expectation | [FSV][C] QUESTIONABLE: avg_volume 9,493,304 but liquidity risk 24.1 > 15
2026-05-01T14:43:23 UTC | INFO     | main | [FSV] NEE → REVIEW | INCONSISTENT=0 QUESTIONABLE=1
2026-05-01T14:43:23 UTC | WARNING  | validator.expectation | [FSV][C] QUESTIONABLE: stop_pct 1.2% < 2.0%
2026-05-01T14:43:23 UTC | INFO     | main | [FSV] NVDA → REVIEW | INCONSISTENT=0 QUESTIONABLE=1
2026-05-01T14:43:23 UTC | INFO     | main | [FSV] AVGO → CLEAN | INCONSISTENT=0 QUESTIONABLE=0
2026-05-01T14:43:23 UTC | INFO     | main | [FSV] LNT → CLEAN | INCONSISTENT=0 QUESTIONABLE=0
2026-05-01T14:43:23 UTC | INFO     | dashboard_builder | tests.json updated. Total entries: 9
2026-05-01T14:43:23 UTC | INFO     | main | [Step 27m] Scheduled run log written to tests.json/tests.html
2026-05-01T14:43:23 UTC | INFO     | report_builder | Email report written: /home/runner/work/Financial_Assistant_Project/Financial_Assistant_Project/reports/output/intraday_email_945_1115_20260501T144323Z.html
2026-05-01T14:43:24 UTC | INFO     | report_builder | Full report written: /home/runner/work/Financial_Assistant_Project/Financial_Assistant_Project/reports/output/intraday_full_945_1115_20260501T144323Z.html
2026-05-01T14:43:24 UTC | INFO     | report_builder | Full report served at docs/reports/intraday_full_945_1115_20260501T144323Z.html
2026-05-01T14:43:24 UTC | INFO     | dashboard_builder | News JSON written: 8 sectors
2026-05-01T14:43:24 UTC | INFO     | dashboard_builder | index.html written
2026-05-01T14:43:24 UTC | INFO     | dashboard_builder | rank.html written
2026-05-01T14:43:24 UTC | INFO     | dashboard_builder | archive.html written
2026-05-01T14:43:24 UTC | INFO     | dashboard_builder | news.html written
2026-05-01T14:43:24 UTC | INFO     | dashboard_builder | trades.json written: 0 total trades (0 real open, 0 real closed, 0 test).
2026-05-01T14:43:24 UTC | INFO     | dashboard_builder | trades.html written
2026-05-01T14:43:24 UTC | INFO     | dashboard_builder | build_dashboard complete
2026-05-01T14:43:24 UTC | INFO     | email_sender | Using pre-built HTML: /home/runner/work/Financial_Assistant_Project/Financial_Assistant_Project/reports/output/intraday_email_945_1115_20260501T144323Z.html
2026-05-01T14:43:26 UTC | INFO     | email_sender | Email sent to francisco.ale.caballero01+stocks@gmail.com: ■ Stock Research — 9:45-11:15 Update — 5 opportunities found
2026-05-01T14:43:27 UTC | INFO     | main | Git: committed and pushed
2026-05-01T14:43:27 UTC | INFO     | state_manager | Added to reported: ['WDC', 'NEE', 'NVDA', 'AVGO', 'LNT']
2026-05-01T14:43:27 UTC | INFO     | state_manager | Slot 9:45-11:15 marked complete
2026-05-01T14:43:27 UTC | INFO     | main | Run complete. Reported: ['WDC', 'NEE', 'NVDA', 'AVGO', 'LNT']
