2026-04-29T15:34:05 UTC | INFO     | main | ============================================================
2026-04-29T15:34:05 UTC | INFO     | main | AUTOMATED STOCK RESEARCH SYSTEM — starting run
2026-04-29T15:34:05 UTC | INFO     | main | DISCLAIMER: This system does NOT perform trading, does NOT give investment advice, and does NOT make price predictions. It is a research data aggregation and scoring tool only.
2026-04-29T15:34:05 UTC | INFO     | main | ============================================================
2026-04-29T15:34:05 UTC | INFO     | main | [SCHEDULER] Current ET time 11:34 is outside all scheduled windows — exiting.
2026-04-29T16:19:48 UTC | INFO     | main | ============================================================
2026-04-29T16:19:48 UTC | INFO     | main | AUTOMATED STOCK RESEARCH SYSTEM — starting run
2026-04-29T16:19:48 UTC | INFO     | main | DISCLAIMER: This system does NOT perform trading, does NOT give investment advice, and does NOT make price predictions. It is a research data aggregation and scoring tool only.
2026-04-29T16:19:48 UTC | INFO     | main | ============================================================
2026-04-29T16:19:48 UTC | INFO     | main | [SCHEDULER] Time gate passed — matched slot 11:45-13:15
2026-04-29T16:19:48 UTC | WARNING  | main | Validated tickers file is 50 days old (limit 30). Consider re-running validate_tickers.py.
2026-04-29T16:19:48 UTC | INFO     | main | Run slot: 11:45-13:15
2026-04-29T16:19:48 UTC | INFO     | state_manager | New trading day (2026-04-29) — resetting state
2026-04-29T16:19:48 UTC | INFO     | market_collector | Index dow: 48829.54 Falling (-0.64%)
2026-04-29T16:19:48 UTC | INFO     | market_collector | Index sp500: 7121.88 Falling (-0.24%)
2026-04-29T16:19:49 UTC | INFO     | market_collector | Index nasdaq: 24590.99 Falling (-0.30%)
2026-04-29T16:19:49 UTC | INFO     | market_regime | VIX fetched: 18.42
2026-04-29T16:19:49 UTC | INFO     | market_regime | Regime: normal vix=18.42 risk_mult=1.0 opp_mult=1.0
2026-04-29T16:19:49 UTC | INFO     | main | Regime: normal vix=18.42
2026-04-29T16:20:20 UTC | INFO     | market_breadth | Market breadth: 47/130 advancing (0.36) — weak breadth — most stocks declining
2026-04-29T16:20:20 UTC | INFO     | spy_sma | [SPY] price=709.91 sma200=666.91 above=True
2026-04-29T16:20:26 UTC | INFO     | market_breadth | [B200] 80/125 above 200d SMA = 64.0%
2026-04-29T16:20:26 UTC | INFO     | market_regime_classifier | [MRC] regime=BULL score=3 spy_above=True vix=18.42 breadth_pct=64.0
2026-04-29T16:20:26 UTC | INFO     | main | [MR] market_regime=BULL score=3 breadth_pct=64.0
2026-04-29T16:20:27 UTC | INFO     | sector_breadth_ma | Sector breadth MA technology: 8/10 = 0.80 (sector is genuinely strong)
2026-04-29T16:20:28 UTC | INFO     | sector_breadth_ma | Sector breadth MA semiconductors: 10/10 = 1.00 (sector is genuinely strong)
2026-04-29T16:20:30 UTC | INFO     | sector_breadth_ma | Sector breadth MA healthcare: 1/10 = 0.10 (sector is structurally weak)
2026-04-29T16:20:31 UTC | INFO     | sector_breadth_ma | Sector breadth MA financials: 7/10 = 0.70 (healthy participation)
2026-04-29T16:20:32 UTC | INFO     | sector_breadth_ma | Sector breadth MA consumer_discretionary: 3/10 = 0.30 (mixed signals)
2026-04-29T16:20:34 UTC | INFO     | sector_breadth_ma | Sector breadth MA consumer_staples: 4/10 = 0.40 (mixed signals)
2026-04-29T16:20:35 UTC | INFO     | sector_breadth_ma | Sector breadth MA industrials: 6/10 = 0.60 (healthy participation)
2026-04-29T16:20:36 UTC | INFO     | sector_breadth_ma | Sector breadth MA defense: 2/10 = 0.20 (sector is structurally weak)
2026-04-29T16:20:38 UTC | INFO     | sector_breadth_ma | Sector breadth MA energy: 8/10 = 0.80 (sector is genuinely strong)
2026-04-29T16:20:39 UTC | INFO     | sector_breadth_ma | Sector breadth MA materials: 5/10 = 0.50 (mixed signals)
2026-04-29T16:20:41 UTC | INFO     | sector_breadth_ma | Sector breadth MA utilities: 4/10 = 0.40 (mixed signals)
2026-04-29T16:20:42 UTC | INFO     | sector_breadth_ma | Sector breadth MA real_estate: 9/10 = 0.90 (sector is genuinely strong)
2026-04-29T16:20:43 UTC | INFO     | sector_breadth_ma | Sector breadth MA communication_services: 2/10 = 0.20 (sector is structurally weak)
2026-04-29T16:20:46 UTC | INFO     | sector_momentum | Top 5 sectors: ['semiconductors', 'energy', 'utilities', 'consumer_staples', 'technology']
2026-04-29T16:20:46 UTC | INFO     | sector_momentum | Sector momentum history updated (6 entries)
2026-04-29T16:20:46 UTC | INFO     | sector_rotation_speed | Rotation technology: rank 4 -> 5 speed=-1 (stable)
2026-04-29T16:20:46 UTC | INFO     | sector_rotation_speed | Rotation healthcare: rank 7 -> 12 speed=-5 (rapidly losing strength)
2026-04-29T16:20:46 UTC | INFO     | sector_rotation_speed | Rotation financials: rank 3 -> 7 speed=-4 (rapidly losing strength)
2026-04-29T16:20:46 UTC | INFO     | sector_rotation_speed | Rotation consumer_discretionary: rank 8 -> 10 speed=-2 (losing momentum)
2026-04-29T16:20:46 UTC | INFO     | sector_rotation_speed | Rotation consumer_staples: rank 10 -> 4 speed=6 (rapidly gaining strength)
2026-04-29T16:20:46 UTC | INFO     | sector_rotation_speed | Rotation industrials: rank 6 -> 8 speed=-2 (losing momentum)
2026-04-29T16:20:46 UTC | INFO     | sector_rotation_speed | Rotation materials: rank 13 -> 9 speed=4 (rapidly gaining strength)
2026-04-29T16:20:46 UTC | INFO     | sector_rotation_speed | Rotation energy: rank 1 -> 2 speed=-1 (stable)
2026-04-29T16:20:46 UTC | INFO     | sector_rotation_speed | Rotation utilities: rank 12 -> 3 speed=9 (rapidly gaining strength)
2026-04-29T16:20:46 UTC | INFO     | sector_rotation_speed | Rotation real_estate: rank 9 -> 6 speed=3 (gaining momentum)
2026-04-29T16:20:46 UTC | INFO     | sector_rotation_speed | Rotation communication_services: rank 5 -> 11 speed=-6 (rapidly losing strength)
2026-04-29T16:20:46 UTC | INFO     | sector_rotation_speed | Rotation semiconductors: rank 2 -> 1 speed=1 (stable)
2026-04-29T16:20:46 UTC | INFO     | sector_rotation_speed | Rotation defense: rank 11 -> 13 speed=-2 (losing momentum)
2026-04-29T16:20:46 UTC | INFO     | news_collector | reuters RSS: fetched 0 articles
2026-04-29T16:20:47 UTC | INFO     | news_collector | ft RSS: fetched 11 articles
2026-04-29T16:20:47 UTC | INFO     | news_collector | Finnhub: fetched 100 articles
2026-04-29T16:20:47 UTC | INFO     | news_collector | Filter: 111 raw → 28 passed
2026-04-29T16:20:47 UTC | INFO     | news_collector | Dedup: 28 → 28 articles
2026-04-29T16:20:47 UTC | INFO     | news_collector | Sector confirmed: financials score=45.1 headlines=16
2026-04-29T16:20:47 UTC | INFO     | news_collector | Sector confirmed: real_estate score=30.1 headlines=9
2026-04-29T16:20:47 UTC | INFO     | news_collector | Sector confirmed: consumer_discretionary score=54.1 headlines=23
2026-04-29T16:20:47 UTC | INFO     | news_collector | Sector confirmed: utilities score=34.9 headlines=14
2026-04-29T16:20:47 UTC | INFO     | news_collector | Sector confirmed: consumer_staples score=22.7 headlines=9
2026-04-29T16:20:47 UTC | INFO     | news_collector | Sector confirmed: technology score=26.0 headlines=12
2026-04-29T16:20:47 UTC | INFO     | news_collector | Sector confirmed: industrials score=20.1 headlines=11
2026-04-29T16:20:47 UTC | INFO     | news_collector | Sector confirmed: energy score=10.8 headlines=5
2026-04-29T16:20:47 UTC | INFO     | news_collector | Sector confirmed: materials score=9.1 headlines=5
2026-04-29T16:20:47 UTC | INFO     | news_collector | Sector gated: semiconductors score=2.7 headlines=1 (need score>=4, headlines>=2)
2026-04-29T16:20:47 UTC | INFO     | news_collector | Sector gated: communication_services score=2.2 headlines=1 (need score>=4, headlines>=2)
2026-04-29T16:20:47 UTC | INFO     | news_collector | Sector gated: defense score=1.7 headlines=1 (need score>=4, headlines>=2)
2026-04-29T16:20:47 UTC | INFO     | news_collector | Confirmed sectors: ['financials', 'real_estate', 'consumer_discretionary', 'utilities', 'consumer_staples', 'technology', 'industrials', 'energy', 'materials']
2026-04-29T16:20:47 UTC | INFO     | market_collector | get_index_history dow: 30 points
2026-04-29T16:20:47 UTC | INFO     | market_collector | get_index_history sp500: 30 points
2026-04-29T16:20:48 UTC | INFO     | market_collector | get_index_history nasdaq: 30 points
2026-04-29T16:20:48 UTC | INFO     | main | News: 28 articles, 9 candidate sectors
2026-04-29T16:20:48 UTC | INFO     | news_impact_scorer | SPY day move: 0.23%
2026-04-29T16:20:48 UTC | INFO     | news_impact_scorer | Impact [financials]: sources=16 kw=45.1 spy=0.23% → impact=0.735 ✓ passes
2026-04-29T16:20:48 UTC | INFO     | news_impact_scorer | Impact [real_estate]: sources=9 kw=30.1 spy=0.23% → impact=0.735 ✓ passes
2026-04-29T16:20:48 UTC | INFO     | news_impact_scorer | Impact [consumer_discretionary]: sources=23 kw=54.1 spy=0.23% → impact=0.735 ✓ passes
2026-04-29T16:20:48 UTC | INFO     | news_impact_scorer | Impact [utilities]: sources=14 kw=34.9 spy=0.23% → impact=0.735 ✓ passes
2026-04-29T16:20:48 UTC | INFO     | news_impact_scorer | Impact [consumer_staples]: sources=9 kw=22.7 spy=0.23% → impact=0.735 ✓ passes
2026-04-29T16:20:48 UTC | INFO     | news_impact_scorer | Impact [technology]: sources=12 kw=26.0 spy=0.23% → impact=0.735 ✓ passes
2026-04-29T16:20:48 UTC | INFO     | news_impact_scorer | Impact [industrials]: sources=11 kw=20.1 spy=0.23% → impact=0.735 ✓ passes
2026-04-29T16:20:48 UTC | INFO     | news_impact_scorer | Impact [energy]: sources=5 kw=10.8 spy=0.23% → impact=0.598 ✗ below threshold
2026-04-29T16:20:48 UTC | INFO     | news_impact_scorer | Sector dropped by impact gate: energy (sources=5 kw=10.8 spy=0.23% → impact=0.598 ✗ below threshold)
2026-04-29T16:20:48 UTC | INFO     | news_impact_scorer | Impact [materials]: sources=5 kw=9.1 spy=0.23% → impact=0.571 ✗ below threshold
2026-04-29T16:20:48 UTC | INFO     | news_impact_scorer | Sector dropped by impact gate: materials (sources=5 kw=9.1 spy=0.23% → impact=0.571 ✗ below threshold)
2026-04-29T16:20:48 UTC | INFO     | news_impact_scorer | Impact gate: 9 → 7 sectors passed
2026-04-29T16:20:48 UTC | INFO     | main | Momentum gate: 7 → 3 sectors
2026-04-29T16:20:48 UTC | INFO     | sector_mapper | Mapped 0 events → 0 sectors
2026-04-29T16:20:48 UTC | INFO     | sector_validator | Sector utilities/XLU: sig1=False sig2=False sig3=False tf_ok=True → REJECTED
2026-04-29T16:20:48 UTC | INFO     | main | Sector utilities: ETF confirmation failed
2026-04-29T16:20:48 UTC | INFO     | sector_validator | Sector consumer_staples/XLP: sig1=True sig2=True sig3=False tf_ok=True → CONFIRMED
2026-04-29T16:20:48 UTC | INFO     | sector_validator | Sector technology/XLK: sig1=True sig2=False sig3=False tf_ok=True → REJECTED
2026-04-29T16:20:48 UTC | INFO     | main | Sector technology: ETF confirmation failed
2026-04-29T16:20:48 UTC | INFO     | main | Confirmed sectors: ['consumer_staples']
2026-04-29T16:20:48 UTC | INFO     | financial_parser | WMT: using cached financials (1d old)
2026-04-29T16:20:48 UTC | INFO     | main | DEBUG filter WMT: ok=True reason=
2026-04-29T16:20:49 UTC | INFO     | volume_confirmation | WMT volume ratio=0.23 score=0.08 label=lower activity than usual
2026-04-29T16:20:49 UTC | INFO     | risk_adjusted_momentum | WMT RAM raw=5.14 score=0.76
2026-04-29T16:20:49 UTC | INFO     | multi_timeframe_momentum | WMT MTF 1m=3.2793546977796053 3m=9.643797092951953 6m=22.592423149272996 score=0.70
2026-04-29T16:20:49 UTC | INFO     | trend_stability | WMT trend stability: dev=0.0197 score=0.80
2026-04-29T16:20:49 UTC | INFO     | drawdown_risk | WMT drawdown=4.5% score=0.89
2026-04-29T16:20:49 UTC | INFO     | risk_model | Risk score: raw=15.5 penalty=0 mult=1.0 final=15.5
2026-04-29T16:20:49 UTC | INFO     | opportunity_model | Opp score: b1=11.8 b2=63.8 b3=31.9 raw=36.6 x1.0 x0.85 = 31.1
2026-04-29T16:20:49 UTC | INFO     | signal_agreement | Signal agreement: m=0.76 s=0.75 e=0.50 v=0.08 -> 0.022
2026-04-29T16:20:49 UTC | INFO     | opportunity_model | Composite confidence: 47.5 (Weak confidence)
2026-04-29T16:20:49 UTC | INFO     | main | DEBUG confidence WMT: conf=47.5 min=35 risk=15.5 opp=31.1
2026-04-29T16:20:49 UTC | INFO     | financial_parser | PG: using cached financials (1d old)
2026-04-29T16:20:49 UTC | INFO     | main | DEBUG filter PG: ok=True reason=
2026-04-29T16:20:50 UTC | INFO     | volume_confirmation | PG volume ratio=0.26 score=0.09 label=lower activity than usual
2026-04-29T16:20:50 UTC | INFO     | risk_adjusted_momentum | PG RAM raw=-0.72 score=0.46
2026-04-29T16:20:50 UTC | INFO     | multi_timeframe_momentum | PG MTF 1m=2.5735524544254913 3m=0.7495899115047756 6m=-1.4772674979620992 score=0.51
2026-04-29T16:20:50 UTC | INFO     | trend_stability | PG trend stability: dev=0.0390 score=0.61
2026-04-29T16:20:50 UTC | INFO     | drawdown_risk | PG drawdown=11.2% score=0.72
2026-04-29T16:20:50 UTC | INFO     | risk_model | Risk score: raw=12.0 penalty=0 mult=1.0 final=12.0
2026-04-29T16:20:50 UTC | INFO     | opportunity_model | Opp score: b1=44.8 b2=47.8 b3=32.2 raw=43.5 x1.0 x0.85 = 36.9
2026-04-29T16:20:50 UTC | INFO     | signal_agreement | Signal agreement: m=0.46 s=0.75 e=0.50 v=0.09 -> 0.015
2026-04-29T16:20:50 UTC | INFO     | opportunity_model | Composite confidence: 50.7 (Moderate confidence)
2026-04-29T16:20:50 UTC | INFO     | main | DEBUG confidence PG: conf=50.7 min=35 risk=12.0 opp=36.9
2026-04-29T16:20:50 UTC | INFO     | financial_parser | KO: using cached financials (1d old)
2026-04-29T16:20:50 UTC | INFO     | main | DEBUG filter KO: ok=True reason=
2026-04-29T16:20:50 UTC | INFO     | main | AV budget exhausted — skipping AV for KO
2026-04-29T16:20:51 UTC | INFO     | volume_confirmation | KO volume ratio=0.40 score=0.13 label=lower activity than usual
2026-04-29T16:20:51 UTC | INFO     | risk_adjusted_momentum | KO RAM raw=7.20 score=0.86
2026-04-29T16:20:51 UTC | INFO     | multi_timeframe_momentum | KO MTF 1m=3.5990597448539092 3m=8.894485845662222 6m=14.354996178469978 score=0.66
2026-04-29T16:20:51 UTC | INFO     | trend_stability | KO trend stability: dev=0.0194 score=0.81
2026-04-29T16:20:51 UTC | INFO     | drawdown_risk | KO drawdown=2.5% score=0.94
2026-04-29T16:20:51 UTC | INFO     | risk_model | Risk score: raw=10.1 penalty=0 mult=1.0 final=10.1
2026-04-29T16:20:51 UTC | INFO     | opportunity_model | Opp score: b1=46.7 b2=65.2 b3=34.2 raw=51.6 x1.0 x0.85 = 43.8
2026-04-29T16:20:51 UTC | INFO     | signal_agreement | Signal agreement: m=0.86 s=0.75 e=0.50 v=0.14 -> 0.044
2026-04-29T16:20:51 UTC | INFO     | opportunity_model | Composite confidence: 54.3 (Moderate confidence)
2026-04-29T16:20:51 UTC | INFO     | main | DEBUG confidence KO: conf=54.3 min=35 risk=10.1 opp=43.8
2026-04-29T16:20:51 UTC | INFO     | financial_parser | PEP: using cached financials (1d old)
2026-04-29T16:20:51 UTC | INFO     | main | DEBUG filter PEP: ok=True reason=
2026-04-29T16:20:51 UTC | INFO     | main | AV budget exhausted — skipping AV for PEP
2026-04-29T16:20:52 UTC | INFO     | volume_confirmation | PEP volume ratio=0.20 score=0.07 label=lower activity than usual
2026-04-29T16:20:52 UTC | INFO     | risk_adjusted_momentum | PEP RAM raw=4.06 score=0.70
2026-04-29T16:20:52 UTC | INFO     | multi_timeframe_momentum | PEP MTF 1m=-0.6057978336062311 3m=5.900713649027495 6m=4.042928635777292 score=0.57
2026-04-29T16:20:52 UTC | INFO     | trend_stability | PEP trend stability: dev=0.0194 score=0.81
2026-04-29T16:20:52 UTC | INFO     | drawdown_risk | PEP drawdown=7.8% score=0.81
2026-04-29T16:20:52 UTC | INFO     | risk_model | Risk score: raw=30.3 penalty=0 mult=1.0 final=30.3
2026-04-29T16:20:52 UTC | INFO     | opportunity_model | Opp score: b1=37.3 b2=59.0 b3=31.4 raw=44.8 x1.0 x0.85 = 38.1
2026-04-29T16:20:52 UTC | INFO     | signal_agreement | Signal agreement: m=0.70 s=0.75 e=0.50 v=0.07 -> 0.017
2026-04-29T16:20:52 UTC | INFO     | opportunity_model | Composite confidence: 44.7 (Weak confidence)
2026-04-29T16:20:52 UTC | INFO     | main | DEBUG confidence PEP: conf=44.7 min=35 risk=30.3 opp=38.1
2026-04-29T16:20:52 UTC | INFO     | financial_parser | COST: using cached financials (1d old)
2026-04-29T16:20:52 UTC | INFO     | main | DEBUG filter COST: ok=True reason=
2026-04-29T16:20:52 UTC | INFO     | main | AV budget exhausted — skipping AV for COST
2026-04-29T16:20:52 UTC | INFO     | volume_confirmation | COST volume ratio=0.29 score=0.10 label=lower activity than usual
2026-04-29T16:20:52 UTC | INFO     | risk_adjusted_momentum | COST RAM raw=3.79 score=0.69
2026-04-29T16:20:53 UTC | INFO     | multi_timeframe_momentum | COST MTF 1m=-0.1836297194868167 3m=3.6771123357691353 6m=7.277330536142319 score=0.57
2026-04-29T16:20:53 UTC | INFO     | trend_stability | COST trend stability: dev=0.0085 score=0.92
2026-04-29T16:20:53 UTC | INFO     | drawdown_risk | COST drawdown=3.6% score=0.91
2026-04-29T16:20:53 UTC | INFO     | risk_model | Risk score: raw=32.8 penalty=0 mult=1.0 final=32.8
2026-04-29T16:20:53 UTC | INFO     | opportunity_model | Opp score: b1=11.7 b2=58.6 b3=32.7 raw=34.7 x1.0 x0.85 = 29.5
2026-04-29T16:20:53 UTC | INFO     | signal_agreement | Signal agreement: m=0.69 s=0.75 e=0.50 v=0.10 -> 0.025
2026-04-29T16:20:53 UTC | INFO     | opportunity_model | Composite confidence: 41.0 (Weak confidence)
2026-04-29T16:20:53 UTC | INFO     | main | DEBUG confidence COST: conf=41.0 min=35 risk=32.8 opp=29.5
2026-04-29T16:20:53 UTC | INFO     | financial_parser | MDLZ: using cached financials (1d old)
2026-04-29T16:20:53 UTC | INFO     | main | DEBUG filter MDLZ: ok=True reason=
2026-04-29T16:20:53 UTC | INFO     | main | AV budget exhausted — skipping AV for MDLZ
2026-04-29T16:20:53 UTC | INFO     | volume_confirmation | MDLZ volume ratio=0.71 score=0.24 label=lower activity than usual
2026-04-29T16:20:53 UTC | INFO     | risk_adjusted_momentum | MDLZ RAM raw=5.01 score=0.75
2026-04-29T16:20:53 UTC | INFO     | multi_timeframe_momentum | MDLZ MTF 1m=6.848488019142317 3m=7.810921740419395 6m=1.8687038565157073 score=0.60
2026-04-29T16:20:53 UTC | INFO     | trend_stability | MDLZ trend stability: dev=0.0186 score=0.81
2026-04-29T16:20:53 UTC | INFO     | drawdown_risk | MDLZ drawdown=0.6% score=0.99
2026-04-29T16:20:53 UTC | INFO     | risk_model | Risk score: raw=19.2 penalty=0 mult=1.0 final=19.2
2026-04-29T16:20:53 UTC | INFO     | opportunity_model | Opp score: b1=30.2 b2=60.9 b3=38.3 raw=44.1 x1.0 x0.85 = 37.5
2026-04-29T16:20:53 UTC | INFO     | signal_agreement | Signal agreement: m=0.75 s=0.75 e=0.50 v=0.24 -> 0.067
2026-04-29T16:20:53 UTC | INFO     | opportunity_model | Composite confidence: 49.4 (Weak confidence)
2026-04-29T16:20:53 UTC | INFO     | main | DEBUG confidence MDLZ: conf=49.4 min=35 risk=19.2 opp=37.5
2026-04-29T16:20:53 UTC | INFO     | financial_parser | CL: using cached financials (1d old)
2026-04-29T16:20:53 UTC | INFO     | main | DEBUG filter CL: ok=False reason=debt-to-equity 23.44 above 2.5 threshold
2026-04-29T16:20:53 UTC | INFO     | financial_parser | KMB: using cached financials (1d old)
2026-04-29T16:20:53 UTC | INFO     | main | DEBUG filter KMB: ok=False reason=debt-to-equity 4.65 above 2.5 threshold
2026-04-29T16:20:53 UTC | INFO     | financial_parser | GIS: using cached financials (1d old)
2026-04-29T16:20:53 UTC | INFO     | main | DEBUG filter GIS: ok=True reason=
2026-04-29T16:20:53 UTC | INFO     | main | AV budget exhausted — skipping AV for GIS
2026-04-29T16:20:54 UTC | INFO     | volume_confirmation | GIS volume ratio=0.33 score=0.11 label=lower activity than usual
2026-04-29T16:20:54 UTC | INFO     | risk_adjusted_momentum | GIS RAM raw=-12.05 score=0.00
2026-04-29T16:20:54 UTC | INFO     | multi_timeframe_momentum | GIS MTF 1m=-5.710595827815054 3m=-21.10304380024716 6m=-26.51972199542307 score=0.17
2026-04-29T16:20:54 UTC | INFO     | trend_stability | GIS trend stability: dev=0.1243 score=0.00
2026-04-29T16:20:54 UTC | INFO     | drawdown_risk | GIS drawdown=28.6% score=0.28
2026-04-29T16:20:54 UTC | INFO     | risk_model | Risk score: raw=33.6 penalty=0 mult=1.0 final=33.6
2026-04-29T16:20:54 UTC | INFO     | opportunity_model | Opp score: b1=36.1 b2=27.8 b3=33.2 raw=32.2 x1.0 x0.85 = 27.4
2026-04-29T16:20:54 UTC | INFO     | signal_agreement | Signal agreement: m=0.50 s=0.75 e=0.50 v=0.11 -> 0.021
2026-04-29T16:20:54 UTC | INFO     | opportunity_model | Composite confidence: 39.9 (Weak confidence)
2026-04-29T16:20:54 UTC | INFO     | main | DEBUG confidence GIS: conf=39.9 min=35 risk=33.6 opp=27.4
2026-04-29T16:20:54 UTC | INFO     | financial_parser | HSY: using cached financials (1d old)
2026-04-29T16:20:54 UTC | INFO     | main | DEBUG filter HSY: ok=True reason=
2026-04-29T16:20:54 UTC | INFO     | main | AV budget exhausted — skipping AV for HSY
2026-04-29T16:20:55 UTC | INFO     | volume_confirmation | HSY volume ratio=0.36 score=0.12 label=lower activity than usual
2026-04-29T16:20:55 UTC | INFO     | risk_adjusted_momentum | HSY RAM raw=0.06 score=0.50
2026-04-29T16:20:55 UTC | INFO     | multi_timeframe_momentum | HSY MTF 1m=-11.262000799844918 3m=-0.654004678730081 6m=5.932103706919752 score=0.49
2026-04-29T16:20:55 UTC | INFO     | trend_stability | HSY trend stability: dev=0.1073 score=0.00
2026-04-29T16:20:55 UTC | INFO     | drawdown_risk | HSY drawdown=19.8% score=0.51
2026-04-29T16:20:55 UTC | INFO     | risk_model | Earnings proximity penalty: 1 days away
2026-04-29T16:20:55 UTC | INFO     | risk_model | Risk score: raw=38.8 penalty=10 mult=1.0 final=48.8
2026-04-29T16:20:55 UTC | INFO     | opportunity_model | Opp score: b1=19.8 b2=52.0 b3=33.6 raw=35.4 x1.0 x0.85 = 30.1
2026-04-29T16:20:55 UTC | INFO     | signal_agreement | Signal agreement: m=0.50 s=0.75 e=0.50 v=0.12 -> 0.023
2026-04-29T16:20:55 UTC | INFO     | opportunity_model | Composite confidence: 35.6 (Weak confidence)
2026-04-29T16:20:55 UTC | INFO     | main | DEBUG confidence HSY: conf=35.6 min=35 risk=48.8 opp=30.1
2026-04-29T16:20:55 UTC | INFO     | financial_parser | MKC: using cached financials (1d old)
2026-04-29T16:20:55 UTC | INFO     | main | DEBUG filter MKC: ok=True reason=
2026-04-29T16:20:55 UTC | INFO     | main | AV budget exhausted — skipping AV for MKC
2026-04-29T16:20:56 UTC | INFO     | volume_confirmation | MKC volume ratio=0.14 score=0.05 label=lower activity than usual
2026-04-29T16:20:56 UTC | INFO     | risk_adjusted_momentum | MKC RAM raw=-7.52 score=0.12
2026-04-29T16:20:56 UTC | INFO     | multi_timeframe_momentum | MKC MTF 1m=-5.118548842380978 3m=-17.603752986615596 6m=-23.53977503335587 score=0.22
2026-04-29T16:20:56 UTC | INFO     | trend_stability | MKC trend stability: dev=0.1163 score=0.00
2026-04-29T16:20:56 UTC | INFO     | drawdown_risk | MKC drawdown=28.9% score=0.28
2026-04-29T16:20:56 UTC | INFO     | risk_model | Risk score: raw=32.5 penalty=0 mult=1.0 final=32.5
2026-04-29T16:20:56 UTC | INFO     | opportunity_model | Opp score: b1=68.9 b2=32.1 b3=30.6 raw=46.5 x1.0 x0.85 = 39.5
2026-04-29T16:20:56 UTC | INFO     | signal_agreement | Signal agreement: m=0.12 s=0.75 e=0.50 v=0.05 -> 0.002
2026-04-29T16:20:56 UTC | INFO     | opportunity_model | Composite confidence: 44.1 (Weak confidence)
2026-04-29T16:20:56 UTC | INFO     | main | DEBUG confidence MKC: conf=44.1 min=35 risk=32.5 opp=39.5
2026-04-29T16:20:56 UTC | INFO     | financial_parser | CAG: using cached financials (1d old)
2026-04-29T16:20:56 UTC | INFO     | main | DEBUG filter CAG: ok=True reason=
2026-04-29T16:20:56 UTC | INFO     | main | AV budget exhausted — skipping AV for CAG
2026-04-29T16:20:57 UTC | INFO     | volume_confirmation | CAG volume ratio=0.34 score=0.11 label=lower activity than usual
2026-04-29T16:20:57 UTC | INFO     | risk_adjusted_momentum | CAG RAM raw=-9.20 score=0.04
2026-04-29T16:20:57 UTC | INFO     | multi_timeframe_momentum | CAG MTF 1m=-8.963762800031526 3m=-19.004528011053992 6m=-19.445208919497933 score=0.21
2026-04-29T16:20:57 UTC | INFO     | trend_stability | CAG trend stability: dev=0.1447 score=0.00
2026-04-29T16:20:57 UTC | INFO     | drawdown_risk | CAG drawdown=28.5% score=0.29
2026-04-29T16:20:57 UTC | INFO     | risk_model | Risk score: raw=39.2 penalty=0 mult=1.0 final=39.2
2026-04-29T16:20:57 UTC | INFO     | opportunity_model | Opp score: b1=33.8 b2=29.9 b3=33.3 raw=32.1 x1.0 x0.85 = 27.3
2026-04-29T16:20:57 UTC | INFO     | signal_agreement | Signal agreement: m=0.04 s=0.75 e=0.50 v=0.11 -> 0.002
2026-04-29T16:20:57 UTC | INFO     | opportunity_model | Composite confidence: 37.5 (Weak confidence)
2026-04-29T16:20:57 UTC | INFO     | main | DEBUG confidence CAG: conf=37.5 min=35 risk=39.2 opp=27.3
2026-04-29T16:20:57 UTC | INFO     | financial_parser | SJM: using cached financials (1d old)
2026-04-29T16:20:57 UTC | INFO     | main | DEBUG filter SJM: ok=True reason=
2026-04-29T16:20:57 UTC | INFO     | main | AV budget exhausted — skipping AV for SJM
2026-04-29T16:20:57 UTC | INFO     | volume_confirmation | SJM volume ratio=0.41 score=0.14 label=lower activity than usual
2026-04-29T16:20:57 UTC | INFO     | risk_adjusted_momentum | SJM RAM raw=-2.96 score=0.35
2026-04-29T16:20:58 UTC | INFO     | multi_timeframe_momentum | SJM MTF 1m=1.8650851739304777 3m=-5.267756217346917 6m=-5.60124314079519 score=0.43
2026-04-29T16:20:58 UTC | INFO     | trend_stability | SJM trend stability: dev=0.0790 score=0.21
2026-04-29T16:20:58 UTC | INFO     | drawdown_risk | SJM drawdown=16.4% score=0.59
2026-04-29T16:20:58 UTC | INFO     | risk_model | Risk score: raw=45.8 penalty=0 mult=1.0 final=45.8
2026-04-29T16:20:58 UTC | INFO     | opportunity_model | Opp score: b1=16.7 b2=43.1 b3=34.2 raw=30.8 x1.0 x0.85 = 26.2
2026-04-29T16:20:58 UTC | INFO     | signal_agreement | Signal agreement: m=0.35 s=0.75 e=0.50 v=0.14 -> 0.018
2026-04-29T16:20:58 UTC | INFO     | opportunity_model | Composite confidence: 35.1 (Weak confidence)
2026-04-29T16:20:58 UTC | INFO     | main | DEBUG confidence SJM: conf=35.1 min=35 risk=45.8 opp=26.2
2026-04-29T16:20:58 UTC | INFO     | financial_parser | HRL: using cached financials (1d old)
2026-04-29T16:20:58 UTC | INFO     | main | DEBUG filter HRL: ok=True reason=
2026-04-29T16:20:58 UTC | INFO     | main | AV budget exhausted — skipping AV for HRL
2026-04-29T16:20:58 UTC | INFO     | volume_confirmation | HRL volume ratio=0.25 score=0.08 label=lower activity than usual
2026-04-29T16:20:58 UTC | INFO     | risk_adjusted_momentum | HRL RAM raw=-8.25 score=0.09
2026-04-29T16:20:59 UTC | INFO     | multi_timeframe_momentum | HRL MTF 1m=-7.1675949278584925 3m=-13.130006619790768 6m=-8.833182540566115 score=0.32
2026-04-29T16:20:59 UTC | INFO     | trend_stability | HRL trend stability: dev=0.0747 score=0.25
2026-04-29T16:20:59 UTC | INFO     | drawdown_risk | HRL drawdown=17.2% score=0.57
2026-04-29T16:20:59 UTC | INFO     | risk_model | Risk score: raw=29.1 penalty=0 mult=1.0 final=29.1
2026-04-29T16:20:59 UTC | INFO     | opportunity_model | Opp score: b1=29.3 b2=33.8 b3=32.1 raw=31.7 x1.0 x0.85 = 26.9
2026-04-29T16:20:59 UTC | INFO     | signal_agreement | Signal agreement: m=0.09 s=0.75 e=0.50 v=0.08 -> 0.003
2026-04-29T16:20:59 UTC | INFO     | opportunity_model | Composite confidence: 40.9 (Weak confidence)
2026-04-29T16:20:59 UTC | INFO     | main | DEBUG confidence HRL: conf=40.9 min=35 risk=29.1 opp=26.9
2026-04-29T16:20:59 UTC | INFO     | financial_parser | CPB: using cached financials (1d old)
2026-04-29T16:20:59 UTC | INFO     | main | DEBUG filter CPB: ok=True reason=
2026-04-29T16:20:59 UTC | INFO     | main | AV budget exhausted — skipping AV for CPB
2026-04-29T16:20:59 UTC | INFO     | volume_confirmation | CPB volume ratio=0.27 score=0.09 label=lower activity than usual
2026-04-29T16:20:59 UTC | INFO     | risk_adjusted_momentum | CPB RAM raw=-10.29 score=0.00
2026-04-29T16:20:59 UTC | INFO     | multi_timeframe_momentum | CPB MTF 1m=-6.141678021554756 3m=-22.839972196142817 6m=-32.68043070469254 score=0.13
2026-04-29T16:21:00 UTC | INFO     | trend_stability | CPB trend stability: dev=0.1172 score=0.00
2026-04-29T16:21:00 UTC | INFO     | drawdown_risk | CPB drawdown=29.4% score=0.26
2026-04-29T16:21:00 UTC | INFO     | risk_model | Risk score: raw=36.9 penalty=0 mult=1.0 final=36.9
2026-04-29T16:21:00 UTC | INFO     | opportunity_model | Opp score: b1=33.9 b2=26.6 b3=32.4 raw=30.7 x1.0 x0.85 = 26.1
2026-04-29T16:21:00 UTC | INFO     | signal_agreement | Signal agreement: m=0.50 s=0.75 e=0.50 v=0.09 -> 0.017
2026-04-29T16:21:00 UTC | INFO     | opportunity_model | Composite confidence: 38.2 (Weak confidence)
2026-04-29T16:21:00 UTC | INFO     | main | DEBUG confidence CPB: conf=38.2 min=35 risk=36.9 opp=26.1
2026-04-29T16:21:00 UTC | INFO     | financial_parser | TAP: using cached financials (1d old)
2026-04-29T16:21:00 UTC | INFO     | main | DEBUG filter TAP: ok=True reason=
2026-04-29T16:21:00 UTC | INFO     | main | AV budget exhausted — skipping AV for TAP
2026-04-29T16:21:00 UTC | INFO     | volume_confirmation | TAP volume ratio=0.40 score=0.13 label=lower activity than usual
2026-04-29T16:21:00 UTC | INFO     | risk_adjusted_momentum | TAP RAM raw=-5.46 score=0.23
2026-04-29T16:21:00 UTC | INFO     | multi_timeframe_momentum | TAP MTF 1m=-1.7241330273517006 3m=-10.736730513135477 6m=-4.885391343558102 score=0.38
2026-04-29T16:21:01 UTC | INFO     | trend_stability | TAP trend stability: dev=0.0465 score=0.53
2026-04-29T16:21:01 UTC | INFO     | drawdown_risk | TAP drawdown=21.6% score=0.46
2026-04-29T16:21:01 UTC | INFO     | risk_model | Earnings proximity penalty: 1 days away
2026-04-29T16:21:01 UTC | INFO     | risk_model | Risk score: raw=48.6 penalty=10 mult=1.0 final=58.6
2026-04-29T16:21:01 UTC | INFO     | opportunity_model | Opp score: b1=11.2 b2=38.7 b3=34.2 raw=26.8 x1.0 x0.85 = 22.8
2026-04-29T16:21:01 UTC | INFO     | signal_agreement | Signal agreement: m=0.23 s=0.75 e=0.50 v=0.14 -> 0.011
2026-04-29T16:21:01 UTC | INFO     | opportunity_model | Composite confidence: 29.3 (Excluded)
2026-04-29T16:21:01 UTC | INFO     | main | DEBUG confidence TAP: conf=29.3 min=35 risk=58.6 opp=22.8
2026-04-29T16:21:01 UTC | INFO     | main | TAP: confidence 29.3 < 35 — excluded
2026-04-29T16:21:01 UTC | INFO     | financial_parser | STZ: using cached financials (1d old)
2026-04-29T16:21:01 UTC | INFO     | main | DEBUG filter STZ: ok=True reason=
2026-04-29T16:21:01 UTC | INFO     | main | AV budget exhausted — skipping AV for STZ
2026-04-29T16:21:01 UTC | INFO     | volume_confirmation | STZ volume ratio=0.22 score=0.07 label=lower activity than usual
2026-04-29T16:21:01 UTC | INFO     | risk_adjusted_momentum | STZ RAM raw=-0.98 score=0.45
2026-04-29T16:21:01 UTC | INFO     | multi_timeframe_momentum | STZ MTF 1m=0.39735503544081124 3m=-3.2669698043054476 6m=11.47018000479977 score=0.53
2026-04-29T16:21:01 UTC | INFO     | trend_stability | STZ trend stability: dev=0.0329 score=0.67
2026-04-29T16:21:01 UTC | INFO     | drawdown_risk | STZ drawdown=9.0% score=0.77
2026-04-29T16:21:01 UTC | INFO     | risk_model | Risk score: raw=36.9 penalty=0 mult=1.0 final=36.9
2026-04-29T16:21:01 UTC | INFO     | opportunity_model | Opp score: b1=65.8 b2=48.0 b3=31.7 raw=51.9 x1.0 x0.85 = 44.1
2026-04-29T16:21:01 UTC | INFO     | signal_agreement | Signal agreement: m=0.45 s=0.75 e=0.50 v=0.07 -> 0.012
2026-04-29T16:21:01 UTC | INFO     | opportunity_model | Composite confidence: 44.4 (Weak confidence)
2026-04-29T16:21:01 UTC | INFO     | main | DEBUG confidence STZ: conf=44.4 min=35 risk=36.9 opp=44.1
2026-04-29T16:21:01 UTC | INFO     | financial_parser | DEO: using cached financials (1d old)
2026-04-29T16:21:01 UTC | INFO     | main | DEBUG filter DEO: ok=True reason=
2026-04-29T16:21:01 UTC | INFO     | main | AV budget exhausted — skipping AV for DEO
2026-04-29T16:21:01 UTC | INFO     | volume_confirmation | DEO volume ratio=0.46 score=0.15 label=lower activity than usual
2026-04-29T16:21:02 UTC | INFO     | risk_adjusted_momentum | DEO RAM raw=-5.02 score=0.25
2026-04-29T16:21:02 UTC | INFO     | multi_timeframe_momentum | DEO MTF 1m=6.971157528464443 3m=-11.4700706090425 6m=-17.50282214053503 score=0.34
2026-04-29T16:21:02 UTC | INFO     | trend_stability | DEO trend stability: dev=0.0330 score=0.67
2026-04-29T16:21:02 UTC | INFO     | drawdown_risk | DEO drawdown=23.1% score=0.42
2026-04-29T16:21:02 UTC | INFO     | risk_model | Risk score: raw=42.4 penalty=0 mult=1.0 final=42.4
2026-04-29T16:21:02 UTC | INFO     | opportunity_model | Opp score: b1=47.5 b2=38.2 b3=34.9 raw=41.2 x1.0 x0.85 = 35.1
2026-04-29T16:21:02 UTC | INFO     | signal_agreement | Signal agreement: m=0.25 s=0.75 e=0.50 v=0.15 -> 0.014
2026-04-29T16:21:02 UTC | INFO     | opportunity_model | Composite confidence: 39.4 (Weak confidence)
2026-04-29T16:21:02 UTC | INFO     | main | DEBUG confidence DEO: conf=39.4 min=35 risk=42.4 opp=35.1
2026-04-29T16:21:02 UTC | INFO     | financial_parser | PM: using cached financials (1d old)
2026-04-29T16:21:02 UTC | INFO     | candidate_filter | PM: D/E missing — will be flagged in report but not excluded
2026-04-29T16:21:02 UTC | INFO     | main | DEBUG filter PM: ok=True reason=
2026-04-29T16:21:02 UTC | INFO     | main | AV budget exhausted — skipping AV for PM
2026-04-29T16:21:02 UTC | INFO     | volume_confirmation | PM volume ratio=0.15 score=0.05 label=lower activity than usual
2026-04-29T16:21:02 UTC | INFO     | risk_adjusted_momentum | PM RAM raw=-3.49 score=0.33
2026-04-29T16:21:02 UTC | INFO     | multi_timeframe_momentum | PM MTF 1m=-0.561186095663525 3m=-7.403454518449479 6m=8.920073064420519 score=0.48
2026-04-29T16:21:02 UTC | INFO     | trend_stability | PM trend stability: dev=0.0559 score=0.44
2026-04-29T16:21:03 UTC | INFO     | drawdown_risk | PM drawdown=12.9% score=0.68
2026-04-29T16:21:03 UTC | INFO     | risk_model | Risk score: raw=25.9 penalty=0 mult=1.0 final=25.9
2026-04-29T16:21:03 UTC | INFO     | opportunity_model | Opp score: b1=50.9 b2=43.6 b3=30.8 raw=44.0 x1.0 x0.85 = 37.4
2026-04-29T16:21:03 UTC | INFO     | signal_agreement | Signal agreement: m=0.33 s=0.75 e=0.50 v=0.05 -> 0.006
2026-04-29T16:21:03 UTC | INFO     | opportunity_model | Composite confidence: 45.8 (Weak confidence)
2026-04-29T16:21:03 UTC | INFO     | main | DEBUG confidence PM: conf=45.8 min=35 risk=25.9 opp=37.4
2026-04-29T16:21:03 UTC | INFO     | financial_parser | MO: using cached financials (1d old)
2026-04-29T16:21:03 UTC | INFO     | candidate_filter | MO: D/E missing — will be flagged in report but not excluded
2026-04-29T16:21:03 UTC | INFO     | main | DEBUG filter MO: ok=True reason=
2026-04-29T16:21:03 UTC | INFO     | main | AV budget exhausted — skipping AV for MO
2026-04-29T16:21:03 UTC | INFO     | volume_confirmation | MO volume ratio=0.50 score=0.17 label=lower activity than usual
2026-04-29T16:21:03 UTC | INFO     | risk_adjusted_momentum | MO RAM raw=10.95 score=1.00
2026-04-29T16:21:03 UTC | INFO     | multi_timeframe_momentum | MO MTF 1m=2.2679861960545034 3m=10.388832433667845 6m=11.333301070624165 score=0.65
2026-04-29T16:21:03 UTC | INFO     | trend_stability | MO trend stability: dev=0.0179 score=0.82
2026-04-29T16:21:04 UTC | INFO     | drawdown_risk | MO drawdown=0.0% score=1.00
2026-04-29T16:21:04 UTC | INFO     | risk_model | Earnings proximity penalty: 1 days away
2026-04-29T16:21:04 UTC | INFO     | risk_model | Risk score: raw=17.3 penalty=10 mult=1.0 final=27.3
2026-04-29T16:21:04 UTC | INFO     | opportunity_model | Opp score: b1=45.6 b2=68.5 b3=35.4 raw=52.7 x1.0 x0.85 = 44.8
2026-04-29T16:21:04 UTC | INFO     | signal_agreement | Signal agreement: m=1.00 s=0.75 e=0.50 v=0.17 -> 0.062
2026-04-29T16:21:04 UTC | INFO     | opportunity_model | Composite confidence: 49.0 (Weak confidence)
2026-04-29T16:21:04 UTC | INFO     | main | DEBUG confidence MO: conf=49.0 min=35 risk=27.3 opp=44.8
2026-04-29T16:21:04 UTC | INFO     | financial_parser | BTI: using cached financials (1d old)
2026-04-29T16:21:04 UTC | INFO     | main | DEBUG filter BTI: ok=True reason=
2026-04-29T16:21:04 UTC | INFO     | main | AV budget exhausted — skipping AV for BTI
2026-04-29T16:21:04 UTC | INFO     | volume_confirmation | BTI volume ratio=0.43 score=0.14 label=lower activity than usual
2026-04-29T16:21:04 UTC | INFO     | risk_adjusted_momentum | BTI RAM raw=-1.66 score=0.42
2026-04-29T16:21:04 UTC | INFO     | multi_timeframe_momentum | BTI MTF 1m=-0.7809784233880629 3m=-2.5174089909559325 6m=14.083565429411498 score=0.55
2026-04-29T16:21:04 UTC | INFO     | trend_stability | BTI trend stability: dev=0.0265 score=0.74
2026-04-29T16:21:04 UTC | INFO     | drawdown_risk | BTI drawdown=7.0% score=0.83
2026-04-29T16:21:04 UTC | INFO     | risk_model | Risk score: raw=23.5 penalty=0 mult=1.0 final=23.5
2026-04-29T16:21:04 UTC | INFO     | opportunity_model | Opp score: b1=56.2 b2=47.6 b3=34.5 raw=48.4 x1.0 x0.85 = 41.2
2026-04-29T16:21:04 UTC | INFO     | signal_agreement | Signal agreement: m=0.42 s=0.75 e=0.50 v=0.14 -> 0.022
2026-04-29T16:21:04 UTC | INFO     | opportunity_model | Composite confidence: 48.3 (Weak confidence)
2026-04-29T16:21:04 UTC | INFO     | main | DEBUG confidence BTI: conf=48.3 min=35 risk=23.5 opp=41.2
2026-04-29T16:21:04 UTC | INFO     | financial_parser | KR: using cached financials (1d old)
2026-04-29T16:21:04 UTC | INFO     | main | DEBUG filter KR: ok=False reason=debt-to-equity 4.16 above 2.5 threshold
2026-04-29T16:21:04 UTC | INFO     | financial_parser | SYY: using cached financials (1d old)
2026-04-29T16:21:04 UTC | INFO     | main | DEBUG filter SYY: ok=False reason=debt-to-equity 6.40 above 2.5 threshold
2026-04-29T16:21:04 UTC | INFO     | financial_parser | USFD: using cached financials (1d old)
2026-04-29T16:21:04 UTC | INFO     | main | DEBUG filter USFD: ok=True reason=
2026-04-29T16:21:04 UTC | INFO     | main | AV budget exhausted — skipping AV for USFD
2026-04-29T16:21:05 UTC | INFO     | volume_confirmation | USFD volume ratio=0.18 score=0.06 label=lower activity than usual
2026-04-29T16:21:05 UTC | INFO     | risk_adjusted_momentum | USFD RAM raw=3.69 score=0.68
2026-04-29T16:21:05 UTC | INFO     | multi_timeframe_momentum | USFD MTF 1m=0.4837318006100999 3m=9.082230012174799 6m=23.180600114626003 score=0.69
2026-04-29T16:21:05 UTC | INFO     | trend_stability | USFD trend stability: dev=0.0111 score=0.89
2026-04-29T16:21:05 UTC | INFO     | drawdown_risk | USFD drawdown=10.4% score=0.74
2026-04-29T16:21:05 UTC | INFO     | risk_model | Risk score: raw=39.6 penalty=0 mult=1.0 final=39.6
2026-04-29T16:21:05 UTC | INFO     | opportunity_model | Opp score: b1=33.8 b2=61.7 b3=31.1 raw=44.4 x1.0 x0.85 = 37.8
2026-04-29T16:21:05 UTC | INFO     | signal_agreement | Signal agreement: m=0.69 s=0.75 e=0.50 v=0.06 -> 0.015
2026-04-29T16:21:05 UTC | INFO     | opportunity_model | Composite confidence: 41.3 (Weak confidence)
2026-04-29T16:21:05 UTC | INFO     | main | DEBUG confidence USFD: conf=41.3 min=35 risk=39.6 opp=37.8
2026-04-29T16:21:05 UTC | INFO     | financial_parser | PFGC: using cached financials (1d old)
2026-04-29T16:21:05 UTC | INFO     | main | DEBUG filter PFGC: ok=True reason=
2026-04-29T16:21:05 UTC | INFO     | main | AV budget exhausted — skipping AV for PFGC
2026-04-29T16:21:05 UTC | INFO     | volume_confirmation | PFGC volume ratio=0.22 score=0.07 label=lower activity than usual
2026-04-29T16:21:05 UTC | INFO     | risk_adjusted_momentum | PFGC RAM raw=-4.48 score=0.28
2026-04-29T16:21:05 UTC | INFO     | multi_timeframe_momentum | PFGC MTF 1m=4.0405916035734935 3m=-9.96610646476427 6m=-12.202080396673505 score=0.37
2026-04-29T16:21:05 UTC | INFO     | trend_stability | PFGC trend stability: dev=0.0148 score=0.85
2026-04-29T16:21:05 UTC | INFO     | drawdown_risk | PFGC drawdown=11.1% score=0.72
2026-04-29T16:21:05 UTC | INFO     | risk_model | Risk score: raw=43.1 penalty=0 mult=1.0 final=43.1
2026-04-29T16:21:05 UTC | INFO     | opportunity_model | Opp score: b1=21.1 b2=39.6 b3=31.7 raw=30.6 x1.0 x0.85 = 26.0
2026-04-29T16:21:05 UTC | INFO     | signal_agreement | Signal agreement: m=0.28 s=0.75 e=0.50 v=0.07 -> 0.007
2026-04-29T16:21:05 UTC | INFO     | opportunity_model | Composite confidence: 35.8 (Weak confidence)
2026-04-29T16:21:05 UTC | INFO     | main | DEBUG confidence PFGC: conf=35.8 min=35 risk=43.1 opp=26.0
2026-04-29T16:21:05 UTC | INFO     | main | DEBUG candidate: WMT risk=15.5 opp=31.1 cap=70
2026-04-29T16:21:05 UTC | INFO     | main | DEBUG candidate: PG risk=12.0 opp=36.9 cap=70
2026-04-29T16:21:05 UTC | INFO     | main | DEBUG candidate: KO risk=10.1 opp=43.8 cap=70
2026-04-29T16:21:05 UTC | INFO     | main | DEBUG candidate: PEP risk=30.3 opp=38.1 cap=70
2026-04-29T16:21:05 UTC | INFO     | main | DEBUG candidate: COST risk=32.8 opp=29.5 cap=70
2026-04-29T16:21:05 UTC | INFO     | main | DEBUG candidate: MDLZ risk=19.2 opp=37.5 cap=70
2026-04-29T16:21:05 UTC | INFO     | main | DEBUG candidate: GIS risk=33.6 opp=27.4 cap=70
2026-04-29T16:21:05 UTC | INFO     | main | DEBUG candidate: HSY risk=48.8 opp=30.1 cap=70
2026-04-29T16:21:05 UTC | INFO     | main | DEBUG candidate: MKC risk=32.5 opp=39.5 cap=70
2026-04-29T16:21:05 UTC | INFO     | main | DEBUG candidate: CAG risk=39.2 opp=27.3 cap=70
2026-04-29T16:21:05 UTC | INFO     | main | DEBUG candidate: SJM risk=45.8 opp=26.2 cap=70
2026-04-29T16:21:05 UTC | INFO     | main | DEBUG candidate: HRL risk=29.1 opp=26.9 cap=70
2026-04-29T16:21:05 UTC | INFO     | main | DEBUG candidate: CPB risk=36.9 opp=26.1 cap=70
2026-04-29T16:21:05 UTC | INFO     | main | DEBUG candidate: STZ risk=36.9 opp=44.1 cap=70
2026-04-29T16:21:05 UTC | INFO     | main | DEBUG candidate: DEO risk=42.4 opp=35.1 cap=70
2026-04-29T16:21:05 UTC | INFO     | main | DEBUG candidate: PM risk=25.9 opp=37.4 cap=70
2026-04-29T16:21:05 UTC | INFO     | main | DEBUG candidate: MO risk=27.3 opp=44.8 cap=70
2026-04-29T16:21:05 UTC | INFO     | main | DEBUG candidate: BTI risk=23.5 opp=41.2 cap=70
2026-04-29T16:21:05 UTC | INFO     | main | DEBUG candidate: USFD risk=39.6 opp=37.8 cap=70
2026-04-29T16:21:05 UTC | INFO     | main | DEBUG candidate: PFGC risk=43.1 opp=26.0 cap=70
2026-04-29T16:21:05 UTC | INFO     | zscore_ranker | Sector cap (3): skipped BTI (consumer_staples)
2026-04-29T16:21:05 UTC | INFO     | zscore_ranker | Sector cap (3): skipped MDLZ (consumer_staples)
2026-04-29T16:21:05 UTC | INFO     | zscore_ranker | Sector cap (3): skipped STZ (consumer_staples)
2026-04-29T16:21:05 UTC | INFO     | zscore_ranker | Sector cap (3): skipped PM (consumer_staples)
2026-04-29T16:21:05 UTC | INFO     | zscore_ranker | Sector cap (3): skipped WMT (consumer_staples)
2026-04-29T16:21:05 UTC | INFO     | zscore_ranker | Sector cap (3): skipped MKC (consumer_staples)
2026-04-29T16:21:05 UTC | INFO     | zscore_ranker | Sector cap (3): skipped PEP (consumer_staples)
2026-04-29T16:21:05 UTC | INFO     | zscore_ranker | Sector cap (3): skipped USFD (consumer_staples)
2026-04-29T16:21:05 UTC | INFO     | zscore_ranker | Sector cap (3): skipped COST (consumer_staples)
2026-04-29T16:21:05 UTC | INFO     | zscore_ranker | Sector cap (3): skipped DEO (consumer_staples)
2026-04-29T16:21:05 UTC | INFO     | zscore_ranker | Sector cap (3): skipped HRL (consumer_staples)
2026-04-29T16:21:05 UTC | INFO     | zscore_ranker | Sector cap (3): skipped GIS (consumer_staples)
2026-04-29T16:21:05 UTC | INFO     | zscore_ranker | Sector cap (3): skipped CPB (consumer_staples)
2026-04-29T16:21:05 UTC | INFO     | zscore_ranker | Sector cap (3): skipped CAG (consumer_staples)
2026-04-29T16:21:05 UTC | INFO     | zscore_ranker | Sector cap (3): skipped HSY (consumer_staples)
2026-04-29T16:21:05 UTC | INFO     | zscore_ranker | Sector cap (3): skipped PFGC (consumer_staples)
2026-04-29T16:21:05 UTC | INFO     | zscore_ranker | Sector cap (3): skipped SJM (consumer_staples)
2026-04-29T16:21:05 UTC | INFO     | zscore_ranker | Z-score ranking complete: 20 → 20 eligible → 3 final (max 25, cap 3/sector)
2026-04-29T16:21:05 UTC | INFO     | main | Post-ranking count: 3
2026-04-29T16:21:05 UTC | INFO     | main | Final company count after industry dedup: 3
2026-04-29T16:21:05 UTC | INFO     | main | Final company count after score stability filter: 3
2026-04-29T16:21:05 UTC | INFO     | main | [EQ] Running earnings quality analysis on 3 tickers
2026-04-29T16:21:10 UTC | INFO     | main | [EQ] KO: no EQ data — skipped or error
2026-04-29T16:21:10 UTC | INFO     | main | [EQ] Enrichment complete. 2 enriched / 3 total
2026-04-29T16:21:10 UTC | INFO     | main | [ROT] Running rotation analysis on 3 candidates
2026-04-29T16:21:13 UTC | INFO     | main | [ROT] Enrichment complete. 3 enriched / 3 total
2026-04-29T16:21:13 UTC | INFO     | main | [PS] Running price structure analysis on 3 tickers
2026-04-29T16:21:14 UTC | INFO     | main | [PS] Enrichment complete. 3 enriched / 3 total
2026-04-29T16:21:14 UTC | INFO     | main | [ER] Event risk enrichment complete. 3/3 processed
2026-04-29T16:22:07 UTC | INFO     | main | [INS] Insider enrichment complete. 3/3 processed
2026-04-29T16:22:07 UTC | INFO     | expectations | [EXP] KO: no Finnhub token — skipping beat streak
2026-04-29T16:22:07 UTC | INFO     | expectations | [EXP] PG: no Finnhub token — skipping beat streak
2026-04-29T16:22:07 UTC | INFO     | expectations | [EXP] MO: no Finnhub token — skipping beat streak
2026-04-29T16:22:07 UTC | INFO     | main | [EXP] Expectations enrichment complete. 3/3 processed
2026-04-29T16:22:07 UTC | INFO     | main | [PL] Portfolio analysis complete. Selected: ['KO'] | Diversification: 0.5853
2026-04-29T16:22:08 UTC | INFO     | main | [PT] Paper trading complete. Open: 0 | New: 0 | Closed: 0 | Replay enriched: 0
2026-04-29T16:22:08 UTC | INFO     | main | [FSV] KO → CLEAN | INCONSISTENT=0 QUESTIONABLE=0
2026-04-29T16:22:08 UTC | WARNING  | validator.expectation | [FSV][C] QUESTIONABLE: stop_pct 1.6% < 2.0%
2026-04-29T16:22:08 UTC | INFO     | main | [FSV] PG → REVIEW | INCONSISTENT=0 QUESTIONABLE=1
2026-04-29T16:22:08 UTC | WARNING  | validator.expectation | [FSV][C] QUESTIONABLE: avg_volume 9,645,762 but liquidity risk 22.8 > 15
2026-04-29T16:22:08 UTC | INFO     | main | [FSV] MO → REVIEW | INCONSISTENT=0 QUESTIONABLE=1
2026-04-29T16:22:08 UTC | INFO     | dashboard_builder | tests.json updated. Total entries: 4
2026-04-29T16:22:08 UTC | INFO     | main | [Step 27m] Scheduled run log written to tests.json/tests.html
2026-04-29T16:22:09 UTC | INFO     | report_builder | Email report written: /home/runner/work/Financial_Assistant_Project/Financial_Assistant_Project/reports/output/intraday_email_1145_1315_20260429T162208Z.html
2026-04-29T16:22:09 UTC | INFO     | report_builder | Full report written: /home/runner/work/Financial_Assistant_Project/Financial_Assistant_Project/reports/output/intraday_full_1145_1315_20260429T162208Z.html
2026-04-29T16:22:09 UTC | INFO     | report_builder | Full report served at docs/reports/intraday_full_1145_1315_20260429T162208Z.html
2026-04-29T16:22:09 UTC | INFO     | dashboard_builder | News JSON written: 9 sectors
2026-04-29T16:22:09 UTC | INFO     | dashboard_builder | index.html written
2026-04-29T16:22:09 UTC | INFO     | dashboard_builder | rank.html written
2026-04-29T16:22:09 UTC | INFO     | dashboard_builder | archive.html written
2026-04-29T16:22:09 UTC | INFO     | dashboard_builder | news.html written
2026-04-29T16:22:09 UTC | INFO     | dashboard_builder | trades.json written: 0 total trades (0 real open, 0 real closed, 0 test).
2026-04-29T16:22:09 UTC | INFO     | dashboard_builder | trades.html written
2026-04-29T16:22:09 UTC | INFO     | dashboard_builder | build_dashboard complete
2026-04-29T16:22:09 UTC | INFO     | email_sender | Using pre-built HTML: /home/runner/work/Financial_Assistant_Project/Financial_Assistant_Project/reports/output/intraday_email_1145_1315_20260429T162208Z.html
2026-04-29T16:22:11 UTC | INFO     | email_sender | Email sent to francisco.ale.caballero01+stocks@gmail.com: ■ Stock Research — 11:45-13:15 Update — 3 opportunities found
2026-04-29T16:22:12 UTC | INFO     | main | Git: committed and pushed
2026-04-29T16:22:12 UTC | INFO     | state_manager | Added to reported: ['KO', 'PG', 'MO']
2026-04-29T16:22:12 UTC | INFO     | state_manager | Slot 11:45-13:15 marked complete
2026-04-29T16:22:12 UTC | INFO     | main | Run complete. Reported: ['KO', 'PG', 'MO']
2026-04-29T17:09:45 UTC | INFO     | main | ============================================================
2026-04-29T17:09:45 UTC | INFO     | main | AUTOMATED STOCK RESEARCH SYSTEM — starting run
2026-04-29T17:09:45 UTC | INFO     | main | DISCLAIMER: This system does NOT perform trading, does NOT give investment advice, and does NOT make price predictions. It is a research data aggregation and scoring tool only.
2026-04-29T17:09:45 UTC | INFO     | main | ============================================================
2026-04-29T17:09:45 UTC | INFO     | main | [SCHEDULER] Time gate passed — matched slot 11:45-13:15
2026-04-29T17:09:45 UTC | WARNING  | main | Validated tickers file is 50 days old (limit 30). Consider re-running validate_tickers.py.
2026-04-29T17:09:45 UTC | INFO     | main | Run slot: 11:45-13:15
2026-04-29T17:09:45 UTC | INFO     | main | Slot 11:45-13:15 already complete today — exiting
2026-04-29T18:04:36 UTC | INFO     | main | ============================================================
2026-04-29T18:04:36 UTC | INFO     | main | AUTOMATED STOCK RESEARCH SYSTEM — starting run
2026-04-29T18:04:36 UTC | INFO     | main | DISCLAIMER: This system does NOT perform trading, does NOT give investment advice, and does NOT make price predictions. It is a research data aggregation and scoring tool only.
2026-04-29T18:04:36 UTC | INFO     | main | ============================================================
2026-04-29T18:04:36 UTC | INFO     | main | [SCHEDULER] Time gate passed — matched slot 13:45-15:15
2026-04-29T18:04:36 UTC | WARNING  | main | Validated tickers file is 50 days old (limit 30). Consider re-running validate_tickers.py.
2026-04-29T18:04:36 UTC | INFO     | main | Run slot: 13:45-15:15
2026-04-29T18:04:37 UTC | INFO     | market_collector | Index dow: 48775.35 Falling (-0.75%)
2026-04-29T18:04:37 UTC | INFO     | market_collector | Index sp500: 7117.58 Falling (-0.30%)
2026-04-29T18:04:37 UTC | INFO     | market_collector | Index nasdaq: 24576.60 Falling (-0.35%)
2026-04-29T18:04:37 UTC | INFO     | market_regime | VIX fetched: 18.45
2026-04-29T18:04:37 UTC | INFO     | market_regime | Regime: normal vix=18.45 risk_mult=1.0 opp_mult=1.0
2026-04-29T18:04:37 UTC | INFO     | main | Regime: normal vix=18.45
2026-04-29T18:05:13 UTC | INFO     | market_breadth | Market breadth: 39/130 advancing (0.30) — weak breadth — most stocks declining
2026-04-29T18:05:14 UTC | INFO     | spy_sma | [SPY] price=709.49 sma200=666.91 above=True
2026-04-29T18:05:20 UTC | INFO     | market_breadth | [B200] 82/125 above 200d SMA = 65.6%
2026-04-29T18:05:20 UTC | INFO     | market_regime_classifier | [MRC] regime=BULL score=3 spy_above=True vix=18.45 breadth_pct=65.6
2026-04-29T18:05:20 UTC | INFO     | main | [MR] market_regime=BULL score=3 breadth_pct=65.6
2026-04-29T18:05:21 UTC | INFO     | sector_breadth_ma | Sector breadth MA technology: 8/10 = 0.80 (sector is genuinely strong)
2026-04-29T18:05:23 UTC | INFO     | sector_breadth_ma | Sector breadth MA semiconductors: 10/10 = 1.00 (sector is genuinely strong)
2026-04-29T18:05:24 UTC | INFO     | sector_breadth_ma | Sector breadth MA healthcare: 1/10 = 0.10 (sector is structurally weak)
2026-04-29T18:05:26 UTC | INFO     | sector_breadth_ma | Sector breadth MA financials: 7/10 = 0.70 (healthy participation)
2026-04-29T18:05:27 UTC | INFO     | sector_breadth_ma | Sector breadth MA consumer_discretionary: 3/10 = 0.30 (mixed signals)
2026-04-29T18:05:29 UTC | INFO     | sector_breadth_ma | Sector breadth MA consumer_staples: 4/10 = 0.40 (mixed signals)
2026-04-29T18:05:30 UTC | INFO     | sector_breadth_ma | Sector breadth MA industrials: 6/10 = 0.60 (healthy participation)
2026-04-29T18:05:32 UTC | INFO     | sector_breadth_ma | Sector breadth MA defense: 1/10 = 0.10 (sector is structurally weak)
2026-04-29T18:05:33 UTC | INFO     | sector_breadth_ma | Sector breadth MA energy: 8/10 = 0.80 (sector is genuinely strong)
2026-04-29T18:05:35 UTC | INFO     | sector_breadth_ma | Sector breadth MA materials: 5/10 = 0.50 (mixed signals)
2026-04-29T18:05:37 UTC | INFO     | sector_breadth_ma | Sector breadth MA utilities: 3/10 = 0.30 (mixed signals)
2026-04-29T18:05:38 UTC | INFO     | sector_breadth_ma | Sector breadth MA real_estate: 9/10 = 0.90 (sector is genuinely strong)
2026-04-29T18:05:40 UTC | INFO     | sector_breadth_ma | Sector breadth MA communication_services: 2/10 = 0.20 (sector is structurally weak)
2026-04-29T18:05:43 UTC | INFO     | sector_momentum | Top 5 sectors: ['semiconductors', 'energy', 'utilities', 'technology', 'consumer_staples']
2026-04-29T18:05:43 UTC | INFO     | sector_momentum | Sector momentum history updated (6 entries)
2026-04-29T18:05:43 UTC | INFO     | sector_rotation_speed | Rotation technology: rank 4 -> 4 speed=0 (stable)
2026-04-29T18:05:43 UTC | INFO     | sector_rotation_speed | Rotation healthcare: rank 7 -> 12 speed=-5 (rapidly losing strength)
2026-04-29T18:05:43 UTC | INFO     | sector_rotation_speed | Rotation financials: rank 3 -> 7 speed=-4 (rapidly losing strength)
2026-04-29T18:05:43 UTC | INFO     | sector_rotation_speed | Rotation consumer_discretionary: rank 8 -> 10 speed=-2 (losing momentum)
2026-04-29T18:05:43 UTC | INFO     | sector_rotation_speed | Rotation consumer_staples: rank 10 -> 5 speed=5 (rapidly gaining strength)
2026-04-29T18:05:43 UTC | INFO     | sector_rotation_speed | Rotation industrials: rank 6 -> 8 speed=-2 (losing momentum)
2026-04-29T18:05:43 UTC | INFO     | sector_rotation_speed | Rotation materials: rank 13 -> 9 speed=4 (rapidly gaining strength)
2026-04-29T18:05:43 UTC | INFO     | sector_rotation_speed | Rotation energy: rank 1 -> 2 speed=-1 (stable)
2026-04-29T18:05:43 UTC | INFO     | sector_rotation_speed | Rotation utilities: rank 12 -> 3 speed=9 (rapidly gaining strength)
2026-04-29T18:05:43 UTC | INFO     | sector_rotation_speed | Rotation real_estate: rank 9 -> 6 speed=3 (gaining momentum)
2026-04-29T18:05:43 UTC | INFO     | sector_rotation_speed | Rotation communication_services: rank 5 -> 11 speed=-6 (rapidly losing strength)
2026-04-29T18:05:43 UTC | INFO     | sector_rotation_speed | Rotation semiconductors: rank 2 -> 1 speed=1 (stable)
2026-04-29T18:05:43 UTC | INFO     | sector_rotation_speed | Rotation defense: rank 11 -> 13 speed=-2 (losing momentum)
2026-04-29T18:05:43 UTC | INFO     | news_collector | reuters RSS: fetched 0 articles
2026-04-29T18:05:44 UTC | INFO     | news_collector | ft RSS: fetched 11 articles
2026-04-29T18:05:44 UTC | INFO     | news_collector | Finnhub: fetched 100 articles
2026-04-29T18:05:44 UTC | INFO     | news_collector | Filter: 111 raw → 31 passed
2026-04-29T18:05:44 UTC | INFO     | news_collector | Dedup: 31 → 31 articles
2026-04-29T18:05:44 UTC | INFO     | news_collector | Sector confirmed: financials score=38.2 headlines=10
2026-04-29T18:05:44 UTC | INFO     | news_collector | Sector confirmed: real_estate score=29.6 headlines=6
2026-04-29T18:05:44 UTC | INFO     | news_collector | Sector confirmed: utilities score=27.1 headlines=8
2026-04-29T18:05:44 UTC | INFO     | news_collector | Sector confirmed: consumer_discretionary score=37.0 headlines=12
2026-04-29T18:05:44 UTC | INFO     | news_collector | Sector confirmed: technology score=19.7 headlines=7
2026-04-29T18:05:44 UTC | INFO     | news_collector | Sector confirmed: consumer_staples score=13.0 headlines=4
2026-04-29T18:05:44 UTC | INFO     | news_collector | Sector confirmed: industrials score=10.7 headlines=7
2026-04-29T18:05:44 UTC | INFO     | news_collector | Sector confirmed: materials score=5.0 headlines=4
2026-04-29T18:05:44 UTC | INFO     | news_collector | Sector confirmed: energy score=4.7 headlines=3
2026-04-29T18:05:44 UTC | INFO     | news_collector | Confirmed sectors: ['financials', 'real_estate', 'utilities', 'consumer_discretionary', 'technology', 'consumer_staples', 'industrials', 'materials', 'energy']
2026-04-29T18:05:44 UTC | INFO     | market_collector | get_index_history dow: 30 points
2026-04-29T18:05:44 UTC | INFO     | market_collector | get_index_history sp500: 30 points
2026-04-29T18:05:44 UTC | INFO     | market_collector | get_index_history nasdaq: 30 points
2026-04-29T18:05:44 UTC | INFO     | main | News: 31 articles, 9 candidate sectors
2026-04-29T18:05:45 UTC | INFO     | news_impact_scorer | SPY day move: 0.32%
2026-04-29T18:05:45 UTC | INFO     | news_impact_scorer | Impact [financials]: sources=10 kw=38.2 spy=0.32% → impact=0.748 ✓ passes
2026-04-29T18:05:45 UTC | INFO     | news_impact_scorer | Impact [real_estate]: sources=6 kw=29.6 spy=0.32% → impact=0.748 ✓ passes
2026-04-29T18:05:45 UTC | INFO     | news_impact_scorer | Impact [utilities]: sources=8 kw=27.1 spy=0.32% → impact=0.748 ✓ passes
2026-04-29T18:05:45 UTC | INFO     | news_impact_scorer | Impact [consumer_discretionary]: sources=12 kw=37.0 spy=0.32% → impact=0.748 ✓ passes
2026-04-29T18:05:45 UTC | INFO     | news_impact_scorer | Impact [technology]: sources=7 kw=19.7 spy=0.32% → impact=0.743 ✓ passes
2026-04-29T18:05:45 UTC | INFO     | news_impact_scorer | Impact [consumer_staples]: sources=4 kw=13.0 spy=0.32% → impact=0.643 ✓ passes
2026-04-29T18:05:45 UTC | INFO     | news_impact_scorer | Impact [industrials]: sources=7 kw=10.7 spy=0.32% → impact=0.608 ✓ passes
2026-04-29T18:05:45 UTC | INFO     | news_impact_scorer | Impact [materials]: sources=4 kw=5.0 spy=0.32% → impact=0.523 ✗ below threshold
2026-04-29T18:05:45 UTC | INFO     | news_impact_scorer | Sector dropped by impact gate: materials (sources=4 kw=5.0 spy=0.32% → impact=0.523 ✗ below threshold)
2026-04-29T18:05:45 UTC | INFO     | news_impact_scorer | Impact [energy]: sources=3 kw=4.7 spy=0.32% → impact=0.518 ✗ below threshold
2026-04-29T18:05:45 UTC | INFO     | news_impact_scorer | Sector dropped by impact gate: energy (sources=3 kw=4.7 spy=0.32% → impact=0.518 ✗ below threshold)
2026-04-29T18:05:45 UTC | INFO     | news_impact_scorer | Impact gate: 9 → 7 sectors passed
2026-04-29T18:05:45 UTC | INFO     | main | Momentum gate: 7 → 3 sectors
2026-04-29T18:05:45 UTC | INFO     | sector_mapper | Mapped 0 events → 0 sectors
2026-04-29T18:05:45 UTC | INFO     | sector_validator | Sector utilities/XLU: sig1=False sig2=False sig3=False tf_ok=False → REJECTED
2026-04-29T18:05:45 UTC | INFO     | main | Sector utilities: ETF confirmation failed
2026-04-29T18:05:45 UTC | INFO     | sector_validator | Sector technology/XLK: sig1=True sig2=False sig3=False tf_ok=False → REJECTED
2026-04-29T18:05:45 UTC | INFO     | main | Sector technology: ETF confirmation failed
2026-04-29T18:05:45 UTC | INFO     | sector_validator | Sector consumer_staples/XLP: sig1=False sig2=False sig3=False tf_ok=True → REJECTED
2026-04-29T18:05:45 UTC | INFO     | main | Sector consumer_staples: ETF confirmation failed
2026-04-29T18:05:45 UTC | INFO     | main | No sectors confirmed — writing empty report
2026-04-29T18:05:45 UTC | INFO     | main | Empty report written: reports/output/empty_1345-1515_2026-04-29T180545Z.html
