2026-04-15T14:56:10 UTC | INFO     | main | ============================================================
2026-04-15T14:56:10 UTC | INFO     | main | AUTOMATED STOCK RESEARCH SYSTEM — starting run
2026-04-15T14:56:10 UTC | INFO     | main | DISCLAIMER: This system does NOT perform trading, does NOT give investment advice, and does NOT make price predictions. It is a research data aggregation and scoring tool only.
2026-04-15T14:56:10 UTC | INFO     | main | ============================================================
2026-04-15T14:56:10 UTC | INFO     | main | [SCHEDULER] Time gate passed — matched slot 9:45-11:15
2026-04-15T14:56:10 UTC | WARNING  | main | Validated tickers file is 36 days old (limit 30). Consider re-running validate_tickers.py.
2026-04-15T14:56:10 UTC | INFO     | main | Run slot: 9:45-11:15
2026-04-15T14:56:10 UTC | INFO     | state_manager | New trading day (2026-04-15) — resetting state
2026-04-15T14:56:10 UTC | INFO     | market_collector | Index dow: 48347.03 Falling (-0.39%)
2026-04-15T14:56:10 UTC | INFO     | market_collector | Index sp500: 6991.92 Rising (+0.35%)
2026-04-15T14:56:10 UTC | INFO     | market_collector | Index nasdaq: 23853.30 Rising (+0.91%)
2026-04-15T14:56:11 UTC | INFO     | market_regime | VIX fetched: 17.89
2026-04-15T14:56:11 UTC | INFO     | market_regime | Regime: normal vix=17.89 risk_mult=1.0 opp_mult=1.0
2026-04-15T14:56:11 UTC | INFO     | main | Regime: normal vix=17.89
2026-04-15T14:56:37 UTC | INFO     | market_breadth | Market breadth: 47/130 advancing (0.36) — weak breadth — most stocks declining
2026-04-15T14:56:37 UTC | INFO     | spy_sma | [SPY] price=696.90 sma200=662.26 above=True
2026-04-15T14:56:42 UTC | INFO     | market_breadth | [B200] 83/125 above 200d SMA = 66.4%
2026-04-15T14:56:42 UTC | INFO     | market_regime_classifier | [MRC] regime=BULL score=3 spy_above=True vix=17.89 breadth_pct=66.4
2026-04-15T14:56:42 UTC | INFO     | main | [MR] market_regime=BULL score=3 breadth_pct=66.4
2026-04-15T14:56:42 UTC | INFO     | sector_breadth_ma | Sector breadth MA technology: 8/10 = 0.80 (sector is genuinely strong)
2026-04-15T14:56:43 UTC | INFO     | sector_breadth_ma | Sector breadth MA semiconductors: 9/10 = 0.90 (sector is genuinely strong)
2026-04-15T14:56:44 UTC | INFO     | sector_breadth_ma | Sector breadth MA healthcare: 2/10 = 0.20 (sector is structurally weak)
2026-04-15T14:56:45 UTC | INFO     | sector_breadth_ma | Sector breadth MA financials: 7/10 = 0.70 (healthy participation)
2026-04-15T14:56:46 UTC | INFO     | sector_breadth_ma | Sector breadth MA consumer_discretionary: 5/10 = 0.50 (mixed signals)
2026-04-15T14:56:48 UTC | INFO     | sector_breadth_ma | Sector breadth MA consumer_staples: 0/10 = 0.00 (sector is structurally weak)
2026-04-15T14:56:49 UTC | INFO     | sector_breadth_ma | Sector breadth MA industrials: 5/10 = 0.50 (mixed signals)
2026-04-15T14:56:50 UTC | INFO     | sector_breadth_ma | Sector breadth MA defense: 2/10 = 0.20 (sector is structurally weak)
2026-04-15T14:56:51 UTC | INFO     | sector_breadth_ma | Sector breadth MA energy: 7/10 = 0.70 (healthy participation)
2026-04-15T14:56:52 UTC | INFO     | sector_breadth_ma | Sector breadth MA materials: 6/10 = 0.60 (healthy participation)
2026-04-15T14:56:53 UTC | INFO     | sector_breadth_ma | Sector breadth MA utilities: 6/10 = 0.60 (healthy participation)
2026-04-15T14:56:54 UTC | INFO     | sector_breadth_ma | Sector breadth MA real_estate: 8/10 = 0.80 (sector is genuinely strong)
2026-04-15T14:56:55 UTC | INFO     | sector_breadth_ma | Sector breadth MA communication_services: 4/10 = 0.40 (mixed signals)
2026-04-15T14:56:57 UTC | INFO     | sector_momentum | Top 5 sectors: ['semiconductors', 'technology', 'consumer_discretionary', 'communication_services', 'real_estate']
2026-04-15T14:56:57 UTC | INFO     | sector_momentum | Sector momentum history updated (6 entries)
2026-04-15T14:56:57 UTC | INFO     | sector_rotation_speed | Rotation technology: rank 4 -> 2 speed=2 (gaining momentum)
2026-04-15T14:56:57 UTC | INFO     | sector_rotation_speed | Rotation healthcare: rank 7 -> 11 speed=-4 (rapidly losing strength)
2026-04-15T14:56:57 UTC | INFO     | sector_rotation_speed | Rotation financials: rank 3 -> 6 speed=-3 (losing momentum)
2026-04-15T14:56:57 UTC | INFO     | sector_rotation_speed | Rotation consumer_discretionary: rank 8 -> 3 speed=5 (rapidly gaining strength)
2026-04-15T14:56:57 UTC | INFO     | sector_rotation_speed | Rotation consumer_staples: rank 10 -> 12 speed=-2 (losing momentum)
2026-04-15T14:56:57 UTC | INFO     | sector_rotation_speed | Rotation industrials: rank 6 -> 8 speed=-2 (losing momentum)
2026-04-15T14:56:57 UTC | INFO     | sector_rotation_speed | Rotation materials: rank 13 -> 9 speed=4 (rapidly gaining strength)
2026-04-15T14:56:57 UTC | INFO     | sector_rotation_speed | Rotation energy: rank 1 -> 13 speed=-12 (rapidly losing strength)
2026-04-15T14:56:57 UTC | INFO     | sector_rotation_speed | Rotation utilities: rank 12 -> 10 speed=2 (gaining momentum)
2026-04-15T14:56:57 UTC | INFO     | sector_rotation_speed | Rotation real_estate: rank 9 -> 5 speed=4 (rapidly gaining strength)
2026-04-15T14:56:57 UTC | INFO     | sector_rotation_speed | Rotation communication_services: rank 5 -> 4 speed=1 (stable)
2026-04-15T14:56:57 UTC | INFO     | sector_rotation_speed | Rotation semiconductors: rank 2 -> 1 speed=1 (stable)
2026-04-15T14:56:57 UTC | INFO     | sector_rotation_speed | Rotation defense: rank 11 -> 7 speed=4 (rapidly gaining strength)
2026-04-15T14:56:57 UTC | INFO     | news_collector | reuters RSS: fetched 0 articles
2026-04-15T14:56:58 UTC | INFO     | news_collector | ft RSS: fetched 12 articles
2026-04-15T14:56:58 UTC | INFO     | news_collector | Finnhub: fetched 100 articles
2026-04-15T14:56:58 UTC | INFO     | news_collector | Filter: 112 raw → 48 passed
2026-04-15T14:56:58 UTC | INFO     | news_collector | Dedup: 48 → 48 articles
2026-04-15T14:56:58 UTC | INFO     | news_collector | Sector confirmed: financials score=46.1 headlines=19
2026-04-15T14:56:58 UTC | INFO     | news_collector | Sector confirmed: real_estate score=29.2 headlines=12
2026-04-15T14:56:58 UTC | INFO     | news_collector | Sector confirmed: consumer_discretionary score=56.7 headlines=26
2026-04-15T14:56:58 UTC | INFO     | news_collector | Sector confirmed: utilities score=32.4 headlines=17
2026-04-15T14:56:58 UTC | INFO     | news_collector | Sector confirmed: consumer_staples score=13.7 headlines=8
2026-04-15T14:56:58 UTC | INFO     | news_collector | Sector confirmed: technology score=37.2 headlines=14
2026-04-15T14:56:58 UTC | INFO     | news_collector | Sector confirmed: semiconductors score=7.2 headlines=2
2026-04-15T14:56:58 UTC | INFO     | news_collector | Sector confirmed: communication_services score=6.0 headlines=2
2026-04-15T14:56:58 UTC | INFO     | news_collector | Sector confirmed: industrials score=20.6 headlines=12
2026-04-15T14:56:58 UTC | INFO     | news_collector | Sector confirmed: defense score=8.1 headlines=2
2026-04-15T14:56:58 UTC | INFO     | news_collector | Sector confirmed: energy score=11.2 headlines=5
2026-04-15T14:56:58 UTC | INFO     | news_collector | Sector confirmed: materials score=10.9 headlines=6
2026-04-15T14:56:58 UTC | INFO     | news_collector | Confirmed sectors: ['financials', 'real_estate', 'consumer_discretionary', 'utilities', 'consumer_staples', 'technology', 'semiconductors', 'communication_services', 'industrials', 'defense', 'energy', 'materials']
2026-04-15T14:56:58 UTC | INFO     | market_collector | get_index_history dow: 30 points
2026-04-15T14:56:58 UTC | INFO     | market_collector | get_index_history sp500: 30 points
2026-04-15T14:56:58 UTC | INFO     | market_collector | get_index_history nasdaq: 30 points
2026-04-15T14:56:58 UTC | INFO     | main | News: 48 articles, 12 candidate sectors
2026-04-15T14:56:58 UTC | INFO     | news_impact_scorer | SPY day move: 0.35%
2026-04-15T14:56:58 UTC | INFO     | news_impact_scorer | Impact [financials]: sources=19 kw=46.1 spy=0.35% → impact=0.753 ✓ passes
2026-04-15T14:56:58 UTC | INFO     | news_impact_scorer | Impact [real_estate]: sources=12 kw=29.2 spy=0.35% → impact=0.753 ✓ passes
2026-04-15T14:56:58 UTC | INFO     | news_impact_scorer | Impact [consumer_discretionary]: sources=26 kw=56.6 spy=0.35% → impact=0.753 ✓ passes
2026-04-15T14:56:58 UTC | INFO     | news_impact_scorer | Impact [utilities]: sources=17 kw=32.4 spy=0.35% → impact=0.753 ✓ passes
2026-04-15T14:56:58 UTC | INFO     | news_impact_scorer | Impact [consumer_staples]: sources=8 kw=13.7 spy=0.35% → impact=0.658 ✓ passes
2026-04-15T14:56:58 UTC | INFO     | news_impact_scorer | Impact [technology]: sources=14 kw=37.2 spy=0.35% → impact=0.753 ✓ passes
2026-04-15T14:56:58 UTC | INFO     | news_impact_scorer | Impact [semiconductors]: sources=2 kw=7.2 spy=0.35% → impact=0.428 ✗ below threshold
2026-04-15T14:56:58 UTC | INFO     | news_impact_scorer | Sector dropped by impact gate: semiconductors (sources=2 kw=7.2 spy=0.35% → impact=0.428 ✗ below threshold)
2026-04-15T14:56:58 UTC | INFO     | news_impact_scorer | Impact [communication_services]: sources=2 kw=6.0 spy=0.35% → impact=0.410 ✗ below threshold
2026-04-15T14:56:58 UTC | INFO     | news_impact_scorer | Sector dropped by impact gate: communication_services (sources=2 kw=6.0 spy=0.35% → impact=0.410 ✗ below threshold)
2026-04-15T14:56:58 UTC | INFO     | news_impact_scorer | Impact [industrials]: sources=12 kw=20.6 spy=0.35% → impact=0.753 ✓ passes
2026-04-15T14:56:58 UTC | INFO     | news_impact_scorer | Impact [defense]: sources=2 kw=8.1 spy=0.35% → impact=0.441 ✗ below threshold
2026-04-15T14:56:58 UTC | INFO     | news_impact_scorer | Sector dropped by impact gate: defense (sources=2 kw=8.1 spy=0.35% → impact=0.441 ✗ below threshold)
2026-04-15T14:56:58 UTC | INFO     | news_impact_scorer | Impact [energy]: sources=5 kw=11.2 spy=0.35% → impact=0.621 ✓ passes
2026-04-15T14:56:58 UTC | INFO     | news_impact_scorer | Impact [materials]: sources=6 kw=10.8 spy=0.35% → impact=0.616 ✓ passes
2026-04-15T14:56:58 UTC | INFO     | news_impact_scorer | Impact gate: 12 → 9 sectors passed
2026-04-15T14:56:58 UTC | INFO     | main | Momentum gate: 9 → 3 sectors
2026-04-15T14:56:58 UTC | INFO     | sector_mapper | Mapped 0 events → 0 sectors
2026-04-15T14:56:58 UTC | INFO     | sector_validator | Sector real_estate/XLRE: sig1=False sig2=True sig3=False tf_ok=True → REJECTED
2026-04-15T14:56:58 UTC | INFO     | main | Sector real_estate: ETF confirmation failed
2026-04-15T14:56:58 UTC | INFO     | sector_validator | Sector consumer_discretionary/XLY: sig1=True sig2=True sig3=False tf_ok=True → CONFIRMED
2026-04-15T14:56:59 UTC | INFO     | sector_validator | Sector technology/XLK: sig1=True sig2=True sig3=False tf_ok=True → CONFIRMED
2026-04-15T14:56:59 UTC | INFO     | main | Confirmed sectors: ['consumer_discretionary', 'technology']
2026-04-15T14:56:59 UTC | INFO     | financial_parser | TSLA: using cached financials (6d old)
2026-04-15T14:56:59 UTC | INFO     | main | DEBUG filter TSLA: ok=True reason=
2026-04-15T14:56:59 UTC | INFO     | volume_confirmation | TSLA volume ratio=0.46 score=0.15 label=lower activity than usual
2026-04-15T14:56:59 UTC | INFO     | risk_adjusted_momentum | TSLA RAM raw=-5.64 score=0.22
2026-04-15T14:56:59 UTC | INFO     | multi_timeframe_momentum | TSLA MTF 1m=-3.9051714627159533 3m=-15.001634382773126 6m=-12.79818611186236 score=0.30
2026-04-15T14:56:59 UTC | INFO     | trend_stability | TSLA trend stability: dev=0.1018 score=0.00
2026-04-15T14:56:59 UTC | INFO     | drawdown_risk | TSLA drawdown=22.4% score=0.44
2026-04-15T14:56:59 UTC | INFO     | risk_model | Risk score: raw=30.9 penalty=0 mult=1.0 final=30.9
2026-04-15T14:56:59 UTC | INFO     | opportunity_model | Opp score: b1=4.5 b2=36.4 b3=42.1 raw=24.8 x1.0 x0.85 = 21.1
2026-04-15T14:56:59 UTC | INFO     | signal_agreement | Signal agreement: m=0.22 s=0.83 e=0.50 v=0.15 -> 0.014
2026-04-15T14:56:59 UTC | INFO     | opportunity_model | Composite confidence: 41.8 (Weak confidence)
2026-04-15T14:56:59 UTC | INFO     | main | DEBUG confidence TSLA: conf=41.8 min=35 risk=30.9 opp=21.1
2026-04-15T14:56:59 UTC | INFO     | financial_parser | HD: using cached financials (4d old)
2026-04-15T14:56:59 UTC | INFO     | main | DEBUG filter HD: ok=False reason=debt-to-equity 5.14 above 2.5 threshold
2026-04-15T14:56:59 UTC | INFO     | financial_parser | MCD: using cached financials (4d old)
2026-04-15T14:56:59 UTC | INFO     | candidate_filter | MCD: D/E missing — will be flagged in report but not excluded
2026-04-15T14:56:59 UTC | INFO     | main | DEBUG filter MCD: ok=True reason=
2026-04-15T14:56:59 UTC | INFO     | volume_confirmation | MCD volume ratio=0.18 score=0.06 label=lower activity than usual
2026-04-15T14:56:59 UTC | INFO     | risk_adjusted_momentum | MCD RAM raw=-0.59 score=0.47
2026-04-15T14:56:59 UTC | INFO     | multi_timeframe_momentum | MCD MTF 1m=-6.753405164790721 3m=-1.0174839801090942 6m=2.6721935101594068 score=0.48
2026-04-15T14:57:00 UTC | INFO     | trend_stability | MCD trend stability: dev=0.0420 score=0.58
2026-04-15T14:57:00 UTC | INFO     | drawdown_risk | MCD drawdown=10.2% score=0.75
2026-04-15T14:57:00 UTC | INFO     | risk_model | Risk score: raw=27.7 penalty=0 mult=1.0 final=27.7
2026-04-15T14:57:00 UTC | INFO     | opportunity_model | Opp score: b1=62.1 b2=47.3 b3=38.4 raw=51.4 x1.0 x0.85 = 43.7
2026-04-15T14:57:00 UTC | INFO     | signal_agreement | Signal agreement: m=0.47 s=0.83 e=0.50 v=0.06 -> 0.012
2026-04-15T14:57:00 UTC | INFO     | opportunity_model | Composite confidence: 50.8 (Moderate confidence)
2026-04-15T14:57:00 UTC | INFO     | main | DEBUG confidence MCD: conf=50.8 min=35 risk=27.7 opp=43.7
2026-04-15T14:57:00 UTC | INFO     | financial_parser | NKE: using cached financials (4d old)
2026-04-15T14:57:00 UTC | INFO     | main | DEBUG filter NKE: ok=True reason=
2026-04-15T14:57:00 UTC | INFO     | main | AV budget exhausted — skipping AV for NKE
2026-04-15T14:57:00 UTC | INFO     | volume_confirmation | NKE volume ratio=0.54 score=0.18 label=lower activity than usual
2026-04-15T14:57:00 UTC | INFO     | risk_adjusted_momentum | NKE RAM raw=-11.39 score=0.00
2026-04-15T14:57:00 UTC | INFO     | multi_timeframe_momentum | NKE MTF 1m=-17.348057874227088 3m=-31.243473998045125 6m=-31.913598019670236 score=0.02
2026-04-15T14:57:00 UTC | INFO     | trend_stability | NKE trend stability: dev=0.2114 score=0.00
2026-04-15T14:57:00 UTC | INFO     | drawdown_risk | NKE drawdown=32.7% score=0.18
2026-04-15T14:57:00 UTC | INFO     | risk_model | Risk score: raw=30.1 penalty=0 mult=1.0 final=30.1
2026-04-15T14:57:00 UTC | INFO     | opportunity_model | Opp score: b1=27.9 b2=24.0 b3=43.3 raw=29.5 x1.0 x0.85 = 25.0
2026-04-15T14:57:00 UTC | INFO     | signal_agreement | Signal agreement: m=0.50 s=0.83 e=0.50 v=0.18 -> 0.038
2026-04-15T14:57:00 UTC | INFO     | opportunity_model | Composite confidence: 44.0 (Weak confidence)
2026-04-15T14:57:00 UTC | INFO     | main | DEBUG confidence NKE: conf=44.0 min=35 risk=30.1 opp=25.0
2026-04-15T14:57:00 UTC | INFO     | financial_parser | SBUX: using cached financials (4d old)
2026-04-15T14:57:00 UTC | INFO     | candidate_filter | SBUX: D/E missing — will be flagged in report but not excluded
2026-04-15T14:57:00 UTC | INFO     | main | DEBUG filter SBUX: ok=True reason=
2026-04-15T14:57:00 UTC | INFO     | main | AV budget exhausted — skipping AV for SBUX
2026-04-15T14:57:00 UTC | INFO     | volume_confirmation | SBUX volume ratio=0.16 score=0.05 label=lower activity than usual
2026-04-15T14:57:00 UTC | INFO     | risk_adjusted_momentum | SBUX RAM raw=4.31 score=0.72
2026-04-15T14:57:00 UTC | INFO     | multi_timeframe_momentum | SBUX MTF 1m=0.2811301643190016 3m=9.019010122418331 6m=24.25447842529979 score=0.70
2026-04-15T14:57:01 UTC | INFO     | trend_stability | SBUX trend stability: dev=0.0371 score=0.63
2026-04-15T14:57:01 UTC | INFO     | drawdown_risk | SBUX drawdown=3.3% score=0.92
2026-04-15T14:57:01 UTC | INFO     | risk_model | Risk score: raw=32.4 penalty=0 mult=1.0 final=32.4
2026-04-15T14:57:01 UTC | INFO     | opportunity_model | Opp score: b1=6.3 b2=62.6 b3=38.2 raw=35.2 x1.0 x0.85 = 29.9
2026-04-15T14:57:01 UTC | INFO     | signal_agreement | Signal agreement: m=0.72 s=0.83 e=0.50 v=0.05 -> 0.016
2026-04-15T14:57:01 UTC | INFO     | opportunity_model | Composite confidence: 44.4 (Weak confidence)
2026-04-15T14:57:01 UTC | INFO     | main | DEBUG confidence SBUX: conf=44.4 min=35 risk=32.4 opp=29.9
2026-04-15T14:57:01 UTC | INFO     | financial_parser | LOW: using cached financials (4d old)
2026-04-15T14:57:01 UTC | INFO     | candidate_filter | LOW: D/E missing — will be flagged in report but not excluded
2026-04-15T14:57:01 UTC | INFO     | main | DEBUG filter LOW: ok=True reason=
2026-04-15T14:57:01 UTC | INFO     | main | AV budget exhausted — skipping AV for LOW
2026-04-15T14:57:01 UTC | INFO     | volume_confirmation | LOW volume ratio=0.12 score=0.04 label=lower activity than usual
2026-04-15T14:57:01 UTC | INFO     | risk_adjusted_momentum | LOW RAM raw=-5.87 score=0.21
2026-04-15T14:57:01 UTC | INFO     | multi_timeframe_momentum | LOW MTF 1m=0.6732497124048201 3m=-10.725740783070819 6m=4.9293817403539 score=0.44
2026-04-15T14:57:01 UTC | INFO     | trend_stability | LOW trend stability: dev=0.0721 score=0.28
2026-04-15T14:57:01 UTC | INFO     | drawdown_risk | LOW drawdown=15.2% score=0.62
2026-04-15T14:57:01 UTC | INFO     | risk_model | Risk score: raw=41.6 penalty=0 mult=1.0 final=41.6
2026-04-15T14:57:01 UTC | INFO     | opportunity_model | Opp score: b1=33.7 b2=39.6 b3=37.7 raw=36.9 x1.0 x0.85 = 31.3
2026-04-15T14:57:01 UTC | INFO     | signal_agreement | Signal agreement: m=0.21 s=0.83 e=0.50 v=0.04 -> 0.004
2026-04-15T14:57:01 UTC | INFO     | opportunity_model | Composite confidence: 41.5 (Weak confidence)
2026-04-15T14:57:01 UTC | INFO     | main | DEBUG confidence LOW: conf=41.5 min=35 risk=41.6 opp=31.3
2026-04-15T14:57:01 UTC | INFO     | financial_parser | TJX: using cached financials (4d old)
2026-04-15T14:57:01 UTC | INFO     | main | DEBUG filter TJX: ok=True reason=
2026-04-15T14:57:01 UTC | INFO     | main | AV budget exhausted — skipping AV for TJX
2026-04-15T14:57:01 UTC | INFO     | volume_confirmation | TJX volume ratio=0.13 score=0.04 label=lower activity than usual
2026-04-15T14:57:01 UTC | INFO     | risk_adjusted_momentum | TJX RAM raw=2.57 score=0.63
2026-04-15T14:57:01 UTC | INFO     | multi_timeframe_momentum | TJX MTF 1m=2.3714888135631678 3m=1.2846595117684256 6m=13.610583528727851 score=0.59
2026-04-15T14:57:02 UTC | INFO     | trend_stability | TJX trend stability: dev=0.0245 score=0.76
2026-04-15T14:57:02 UTC | INFO     | drawdown_risk | TJX drawdown=3.2% score=0.92
2026-04-15T14:57:02 UTC | INFO     | risk_model | Risk score: raw=27.8 penalty=0 mult=1.0 final=27.8
2026-04-15T14:57:02 UTC | INFO     | opportunity_model | Opp score: b1=40.9 b2=57.6 b3=37.7 raw=47.0 x1.0 x0.85 = 39.9
2026-04-15T14:57:02 UTC | INFO     | signal_agreement | Signal agreement: m=0.63 s=0.83 e=0.50 v=0.04 -> 0.011
2026-04-15T14:57:02 UTC | INFO     | opportunity_model | Composite confidence: 49.5 (Weak confidence)
2026-04-15T14:57:02 UTC | INFO     | main | DEBUG confidence TJX: conf=49.5 min=35 risk=27.8 opp=39.9
2026-04-15T14:57:02 UTC | INFO     | financial_parser | MAR: using cached financials (4d old)
2026-04-15T14:57:02 UTC | INFO     | candidate_filter | MAR: D/E missing — will be flagged in report but not excluded
2026-04-15T14:57:02 UTC | INFO     | main | DEBUG filter MAR: ok=True reason=
2026-04-15T14:57:02 UTC | INFO     | main | AV budget exhausted — skipping AV for MAR
2026-04-15T14:57:02 UTC | INFO     | volume_confirmation | MAR volume ratio=0.16 score=0.05 label=lower activity than usual
2026-04-15T14:57:02 UTC | INFO     | risk_adjusted_momentum | MAR RAM raw=6.76 score=0.84
2026-04-15T14:57:02 UTC | INFO     | multi_timeframe_momentum | MAR MTF 1m=12.614965997231382 3m=12.441261859937352 6m=38.26574109463674 score=0.84
2026-04-15T14:57:02 UTC | INFO     | trend_stability | MAR trend stability: dev=0.0408 score=0.59
2026-04-15T14:57:02 UTC | INFO     | drawdown_risk | MAR drawdown=1.2% score=0.97
2026-04-15T14:57:02 UTC | INFO     | risk_model | Risk score: raw=34.0 penalty=0 mult=1.0 final=34.0
2026-04-15T14:57:02 UTC | INFO     | opportunity_model | Opp score: b1=44.6 b2=69.1 b3=38.2 raw=53.1 x1.0 x0.85 = 45.2
2026-04-15T14:57:02 UTC | INFO     | signal_agreement | Signal agreement: m=0.84 s=0.83 e=0.50 v=0.06 -> 0.019
2026-04-15T14:57:02 UTC | INFO     | opportunity_model | Composite confidence: 49.3 (Weak confidence)
2026-04-15T14:57:02 UTC | INFO     | main | DEBUG confidence MAR: conf=49.3 min=35 risk=34.0 opp=45.2
2026-04-15T14:57:02 UTC | INFO     | financial_parser | HLT: using cached financials (4d old)
2026-04-15T14:57:02 UTC | INFO     | candidate_filter | HLT: D/E missing — will be flagged in report but not excluded
2026-04-15T14:57:02 UTC | INFO     | main | DEBUG filter HLT: ok=True reason=
2026-04-15T14:57:02 UTC | INFO     | main | AV budget exhausted — skipping AV for HLT
2026-04-15T14:57:02 UTC | INFO     | volume_confirmation | HLT volume ratio=0.12 score=0.04 label=lower activity than usual
2026-04-15T14:57:02 UTC | INFO     | risk_adjusted_momentum | HLT RAM raw=6.02 score=0.80
2026-04-15T14:57:02 UTC | INFO     | multi_timeframe_momentum | HLT MTF 1m=10.85811305690456 3m=9.205960105694995 6m=24.72713707247067 score=0.74
2026-04-15T14:57:02 UTC | INFO     | trend_stability | HLT trend stability: dev=0.0339 score=0.66
2026-04-15T14:57:02 UTC | INFO     | drawdown_risk | HLT drawdown=1.0% score=0.98
2026-04-15T14:57:02 UTC | INFO     | risk_model | Risk score: raw=33.5 penalty=0 mult=1.0 final=33.5
2026-04-15T14:57:02 UTC | INFO     | opportunity_model | Opp score: b1=36.2 b2=65.7 b3=37.6 raw=48.3 x1.0 x0.85 = 41.0
2026-04-15T14:57:02 UTC | INFO     | signal_agreement | Signal agreement: m=0.80 s=0.83 e=0.50 v=0.04 -> 0.013
2026-04-15T14:57:02 UTC | INFO     | opportunity_model | Composite confidence: 47.9 (Weak confidence)
2026-04-15T14:57:02 UTC | INFO     | main | DEBUG confidence HLT: conf=47.9 min=35 risk=33.5 opp=41.0
2026-04-15T14:57:02 UTC | INFO     | financial_parser | RCL: using cached financials (4d old)
2026-04-15T14:57:02 UTC | INFO     | main | DEBUG filter RCL: ok=True reason=
2026-04-15T14:57:02 UTC | INFO     | main | AV budget exhausted — skipping AV for RCL
2026-04-15T14:57:03 UTC | INFO     | volume_confirmation | RCL volume ratio=0.18 score=0.06 label=lower activity than usual
2026-04-15T14:57:03 UTC | INFO     | risk_adjusted_momentum | RCL RAM raw=0.04 score=0.50
2026-04-15T14:57:03 UTC | INFO     | multi_timeframe_momentum | RCL MTF 1m=-0.8873582825214187 3m=-4.085787078301611 6m=-8.315753684387463 score=0.42
2026-04-15T14:57:03 UTC | INFO     | trend_stability | RCL trend stability: dev=0.0756 score=0.24
2026-04-15T14:57:03 UTC | INFO     | drawdown_risk | RCL drawdown=19.6% score=0.51
2026-04-15T14:57:03 UTC | INFO     | risk_model | Risk score: raw=47.5 penalty=0 mult=1.0 final=47.5
2026-04-15T14:57:03 UTC | INFO     | opportunity_model | Opp score: b1=54.3 b2=50.3 b3=38.4 raw=49.5 x1.0 x0.85 = 42.1
2026-04-15T14:57:03 UTC | INFO     | signal_agreement | Signal agreement: m=0.50 s=0.83 e=0.50 v=0.06 -> 0.012
2026-04-15T14:57:03 UTC | INFO     | opportunity_model | Composite confidence: 43.4 (Weak confidence)
2026-04-15T14:57:03 UTC | INFO     | main | DEBUG confidence RCL: conf=43.4 min=35 risk=47.5 opp=42.1
2026-04-15T14:57:03 UTC | INFO     | financial_parser | CCL: using cached financials (4d old)
2026-04-15T14:57:03 UTC | INFO     | main | DEBUG filter CCL: ok=True reason=
2026-04-15T14:57:03 UTC | INFO     | main | AV budget exhausted — skipping AV for CCL
2026-04-15T14:57:03 UTC | INFO     | volume_confirmation | CCL volume ratio=0.18 score=0.06 label=lower activity than usual
2026-04-15T14:57:03 UTC | INFO     | risk_adjusted_momentum | CCL RAM raw=-1.46 score=0.43
2026-04-15T14:57:03 UTC | INFO     | multi_timeframe_momentum | CCL MTF 1m=14.947417899711265 3m=-7.885283583519988 6m=1.62459993481354 score=0.49
2026-04-15T14:57:04 UTC | INFO     | trend_stability | CCL trend stability: dev=0.0694 score=0.31
2026-04-15T14:57:04 UTC | INFO     | drawdown_risk | CCL drawdown=16.0% score=0.60
2026-04-15T14:57:04 UTC | INFO     | risk_model | Risk score: raw=46.5 penalty=0 mult=1.0 final=46.5
2026-04-15T14:57:04 UTC | INFO     | opportunity_model | Opp score: b1=46.0 b2=46.5 b3=38.5 raw=44.7 x1.0 x0.85 = 38.0
2026-04-15T14:57:04 UTC | INFO     | signal_agreement | Signal agreement: m=0.43 s=0.83 e=0.50 v=0.06 -> 0.011
2026-04-15T14:57:04 UTC | INFO     | opportunity_model | Composite confidence: 42.2 (Weak confidence)
2026-04-15T14:57:04 UTC | INFO     | main | DEBUG confidence CCL: conf=42.2 min=35 risk=46.5 opp=38.0
2026-04-15T14:57:04 UTC | INFO     | financial_parser | LVS: using cached financials (4d old)
2026-04-15T14:57:04 UTC | INFO     | main | DEBUG filter LVS: ok=False reason=debt-to-equity 8.29 above 2.5 threshold
2026-04-15T14:57:04 UTC | INFO     | financial_parser | MGM: using cached financials (4d old)
2026-04-15T14:57:04 UTC | INFO     | main | DEBUG filter MGM: ok=False reason=debt-to-equity 9.63 above 2.5 threshold
2026-04-15T14:57:04 UTC | INFO     | financial_parser | WYNN: using cached financials (4d old)
2026-04-15T14:57:04 UTC | INFO     | candidate_filter | WYNN: D/E missing — will be flagged in report but not excluded
2026-04-15T14:57:04 UTC | INFO     | main | DEBUG filter WYNN: ok=True reason=
2026-04-15T14:57:04 UTC | INFO     | main | AV budget exhausted — skipping AV for WYNN
2026-04-15T14:57:04 UTC | INFO     | volume_confirmation | WYNN volume ratio=0.13 score=0.04 label=lower activity than usual
2026-04-15T14:57:04 UTC | INFO     | risk_adjusted_momentum | WYNN RAM raw=-3.86 score=0.31
2026-04-15T14:57:04 UTC | INFO     | multi_timeframe_momentum | WYNN MTF 1m=5.018387349291402 3m=-9.011600887229065 6m=-5.67875404365799 score=0.41
2026-04-15T14:57:04 UTC | INFO     | trend_stability | WYNN trend stability: dev=0.0400 score=0.60
2026-04-15T14:57:04 UTC | INFO     | drawdown_risk | WYNN drawdown=17.2% score=0.57
2026-04-15T14:57:04 UTC | INFO     | risk_model | Risk score: raw=49.1 penalty=0 mult=1.0 final=49.1
2026-04-15T14:57:04 UTC | INFO     | opportunity_model | Opp score: b1=26.7 b2=41.5 b3=37.7 raw=34.8 x1.0 x0.85 = 29.6
2026-04-15T14:57:04 UTC | INFO     | signal_agreement | Signal agreement: m=0.31 s=0.83 e=0.50 v=0.04 -> 0.005
2026-04-15T14:57:04 UTC | INFO     | opportunity_model | Composite confidence: 38.3 (Weak confidence)
2026-04-15T14:57:04 UTC | INFO     | main | DEBUG confidence WYNN: conf=38.3 min=35 risk=49.1 opp=29.6
2026-04-15T14:57:04 UTC | INFO     | financial_parser | F: using cached financials (4d old)
2026-04-15T14:57:04 UTC | INFO     | main | DEBUG filter F: ok=False reason=debt-to-equity 4.61 above 2.5 threshold
2026-04-15T14:57:04 UTC | INFO     | financial_parser | GM: using cached financials (4d old)
2026-04-15T14:57:04 UTC | INFO     | main | DEBUG filter GM: ok=True reason=
2026-04-15T14:57:04 UTC | INFO     | main | AV budget exhausted — skipping AV for GM
2026-04-15T14:57:04 UTC | INFO     | volume_confirmation | GM volume ratio=0.12 score=0.04 label=lower activity than usual
2026-04-15T14:57:04 UTC | INFO     | risk_adjusted_momentum | GM RAM raw=-1.57 score=0.42
2026-04-15T14:57:05 UTC | INFO     | multi_timeframe_momentum | GM MTF 1m=7.100754656440872 3m=-5.916629458338616 6m=41.084731668217486 score=0.68
2026-04-15T14:57:05 UTC | INFO     | trend_stability | GM trend stability: dev=0.0432 score=0.57
2026-04-15T14:57:05 UTC | INFO     | drawdown_risk | GM drawdown=9.3% score=0.77
2026-04-15T14:57:05 UTC | INFO     | risk_model | Risk score: raw=38.6 penalty=0 mult=1.0 final=38.6
2026-04-15T14:57:05 UTC | INFO     | opportunity_model | Opp score: b1=35.4 b2=51.0 b3=37.6 raw=42.1 x1.0 x0.85 = 35.8
2026-04-15T14:57:05 UTC | INFO     | signal_agreement | Signal agreement: m=0.42 s=0.83 e=0.50 v=0.04 -> 0.007
2026-04-15T14:57:05 UTC | INFO     | opportunity_model | Composite confidence: 44.2 (Weak confidence)
2026-04-15T14:57:05 UTC | INFO     | main | DEBUG confidence GM: conf=44.2 min=35 risk=38.6 opp=35.8
2026-04-15T14:57:05 UTC | INFO     | financial_parser | APTV: using cached financials (4d old)
2026-04-15T14:57:05 UTC | INFO     | main | DEBUG filter APTV: ok=True reason=
2026-04-15T14:57:05 UTC | INFO     | main | AV budget exhausted — skipping AV for APTV
2026-04-15T14:57:05 UTC | INFO     | volume_confirmation | APTV volume ratio=0.19 score=0.06 label=lower activity than usual
2026-04-15T14:57:05 UTC | INFO     | risk_adjusted_momentum | APTV RAM raw=-11.01 score=0.00
2026-04-15T14:57:05 UTC | INFO     | multi_timeframe_momentum | APTV MTF 1m=-18.785665180976125 3m=-34.135864949429 6m=-28.855445100014176 score=0.01
2026-04-15T14:57:05 UTC | INFO     | trend_stability | APTV trend stability: dev=0.1695 score=0.00
2026-04-15T14:57:05 UTC | INFO     | drawdown_risk | APTV drawdown=34.4% score=0.14
2026-04-15T14:57:05 UTC | INFO     | risk_model | Risk score: raw=59.5 penalty=0 mult=1.0 final=59.5
2026-04-15T14:57:05 UTC | INFO     | opportunity_model | Opp score: b1=3.7 b2=23.7 b3=38.5 raw=18.7 x1.0 x0.85 = 15.9
2026-04-15T14:57:05 UTC | INFO     | signal_agreement | Signal agreement: m=0.50 s=0.83 e=0.50 v=0.06 -> 0.013
2026-04-15T14:57:05 UTC | INFO     | opportunity_model | Composite confidence: 30.0 (Excluded)
2026-04-15T14:57:05 UTC | INFO     | main | DEBUG confidence APTV: conf=30.0 min=35 risk=59.5 opp=15.9
2026-04-15T14:57:05 UTC | INFO     | main | APTV: confidence 30.0 < 35 — excluded
2026-04-15T14:57:05 UTC | INFO     | financial_parser | LKQ: using cached financials (4d old)
2026-04-15T14:57:05 UTC | INFO     | main | DEBUG filter LKQ: ok=True reason=
2026-04-15T14:57:05 UTC | INFO     | main | AV budget exhausted — skipping AV for LKQ
2026-04-15T14:57:05 UTC | INFO     | volume_confirmation | LKQ volume ratio=0.14 score=0.05 label=lower activity than usual
2026-04-15T14:57:05 UTC | INFO     | risk_adjusted_momentum | LKQ RAM raw=-4.47 score=0.28
2026-04-15T14:57:05 UTC | INFO     | multi_timeframe_momentum | LKQ MTF 1m=5.710311059215406 3m=-7.9917128065024015 6m=6.247193615203002 score=0.48
2026-04-15T14:57:05 UTC | INFO     | trend_stability | LKQ trend stability: dev=0.0613 score=0.39
2026-04-15T14:57:05 UTC | INFO     | drawdown_risk | LKQ drawdown=11.9% score=0.70
2026-04-15T14:57:05 UTC | INFO     | risk_model | Risk score: raw=38.1 penalty=0 mult=1.0 final=38.1
2026-04-15T14:57:05 UTC | INFO     | opportunity_model | Opp score: b1=27.5 b2=42.5 b3=37.9 raw=35.6 x1.0 x0.85 = 30.3
2026-04-15T14:57:05 UTC | INFO     | signal_agreement | Signal agreement: m=0.28 s=0.83 e=0.50 v=0.05 -> 0.006
2026-04-15T14:57:05 UTC | INFO     | opportunity_model | Composite confidence: 42.4 (Weak confidence)
2026-04-15T14:57:05 UTC | INFO     | main | DEBUG confidence LKQ: conf=42.4 min=35 risk=38.1 opp=30.3
2026-04-15T14:57:05 UTC | INFO     | financial_parser | ORLY: using cached financials (4d old)
2026-04-15T14:57:05 UTC | INFO     | candidate_filter | ORLY: D/E missing — will be flagged in report but not excluded
2026-04-15T14:57:05 UTC | INFO     | main | DEBUG filter ORLY: ok=True reason=
2026-04-15T14:57:05 UTC | INFO     | main | AV budget exhausted — skipping AV for ORLY
2026-04-15T14:57:05 UTC | INFO     | volume_confirmation | ORLY volume ratio=0.13 score=0.04 label=lower activity than usual
2026-04-15T14:57:05 UTC | INFO     | risk_adjusted_momentum | ORLY RAM raw=-1.15 score=0.44
2026-04-15T14:57:06 UTC | INFO     | multi_timeframe_momentum | ORLY MTF 1m=3.1726760729922048 3m=-1.3737667336942951 6m=-9.282655207347416 score=0.45
2026-04-15T14:57:06 UTC | INFO     | trend_stability | ORLY trend stability: dev=0.0158 score=0.84
2026-04-15T14:57:06 UTC | INFO     | drawdown_risk | ORLY drawdown=7.9% score=0.80
2026-04-15T14:57:06 UTC | INFO     | risk_model | Risk score: raw=27.9 penalty=0 mult=1.0 final=27.9
2026-04-15T14:57:06 UTC | INFO     | opportunity_model | Opp score: b1=45.1 b2=45.9 b3=37.7 raw=43.9 x1.0 x0.85 = 37.3
2026-04-15T14:57:06 UTC | INFO     | signal_agreement | Signal agreement: m=0.44 s=0.83 e=0.50 v=0.04 -> 0.008
2026-04-15T14:57:06 UTC | INFO     | opportunity_model | Composite confidence: 48.4 (Weak confidence)
2026-04-15T14:57:06 UTC | INFO     | main | DEBUG confidence ORLY: conf=48.4 min=35 risk=27.9 opp=37.3
2026-04-15T14:57:06 UTC | INFO     | financial_parser | BBY: using cached financials (4d old)
2026-04-15T14:57:06 UTC | INFO     | main | DEBUG filter BBY: ok=True reason=
2026-04-15T14:57:06 UTC | INFO     | main | AV budget exhausted — skipping AV for BBY
2026-04-15T14:57:06 UTC | INFO     | volume_confirmation | BBY volume ratio=0.10 score=0.03 label=lower activity than usual
2026-04-15T14:57:06 UTC | INFO     | risk_adjusted_momentum | BBY RAM raw=-2.67 score=0.37
2026-04-15T14:57:06 UTC | INFO     | multi_timeframe_momentum | BBY MTF 1m=0.2634586492834741 3m=-6.556487198420494 6m=-17.510175598161222 score=0.36
2026-04-15T14:57:06 UTC | INFO     | trend_stability | BBY trend stability: dev=0.0139 score=0.86
2026-04-15T14:57:06 UTC | INFO     | drawdown_risk | BBY drawdown=14.8% score=0.63
2026-04-15T14:57:06 UTC | INFO     | risk_model | Risk score: raw=43.6 penalty=0 mult=1.0 final=43.6
2026-04-15T14:57:06 UTC | INFO     | opportunity_model | Opp score: b1=48.2 b2=41.6 b3=37.3 raw=43.4 x1.0 x0.85 = 36.9
2026-04-15T14:57:06 UTC | INFO     | signal_agreement | Signal agreement: m=0.37 s=0.83 e=0.50 v=0.03 -> 0.005
2026-04-15T14:57:06 UTC | INFO     | opportunity_model | Composite confidence: 42.8 (Weak confidence)
2026-04-15T14:57:06 UTC | INFO     | main | DEBUG confidence BBY: conf=42.8 min=35 risk=43.6 opp=36.9
2026-04-15T14:57:06 UTC | INFO     | financial_parser | ROST: using cached financials (4d old)
2026-04-15T14:57:06 UTC | INFO     | main | DEBUG filter ROST: ok=True reason=
2026-04-15T14:57:06 UTC | INFO     | main | AV budget exhausted — skipping AV for ROST
2026-04-15T14:57:06 UTC | INFO     | volume_confirmation | ROST volume ratio=0.08 score=0.03 label=lower activity than usual
2026-04-15T14:57:06 UTC | INFO     | risk_adjusted_momentum | ROST RAM raw=10.50 score=1.00
2026-04-15T14:57:06 UTC | INFO     | multi_timeframe_momentum | ROST MTF 1m=7.472587413172349 3m=15.91107971042362 6m=45.04438880577417 score=0.88
2026-04-15T14:57:07 UTC | INFO     | trend_stability | ROST trend stability: dev=0.0776 score=0.22
2026-04-15T14:57:07 UTC | INFO     | drawdown_risk | ROST drawdown=0.6% score=0.98
2026-04-15T14:57:07 UTC | INFO     | risk_model | Risk score: raw=29.4 penalty=0 mult=1.0 final=29.4
2026-04-15T14:57:07 UTC | INFO     | opportunity_model | Opp score: b1=49.6 b2=74.3 b3=37.1 raw=57.0 x1.0 x0.85 = 48.4
2026-04-15T14:57:07 UTC | INFO     | signal_agreement | Signal agreement: m=1.00 s=0.83 e=0.50 v=0.03 -> 0.012
2026-04-15T14:57:07 UTC | INFO     | opportunity_model | Composite confidence: 51.9 (Moderate confidence)
2026-04-15T14:57:07 UTC | INFO     | main | DEBUG confidence ROST: conf=51.9 min=35 risk=29.4 opp=48.4
2026-04-15T14:57:07 UTC | INFO     | financial_parser | ULTA: using cached financials (4d old)
2026-04-15T14:57:07 UTC | INFO     | main | DEBUG filter ULTA: ok=True reason=
2026-04-15T14:57:07 UTC | INFO     | main | AV budget exhausted — skipping AV for ULTA
2026-04-15T14:57:07 UTC | INFO     | volume_confirmation | ULTA volume ratio=0.07 score=0.02 label=lower activity than usual
2026-04-15T14:57:07 UTC | INFO     | risk_adjusted_momentum | ULTA RAM raw=-7.74 score=0.11
2026-04-15T14:57:07 UTC | INFO     | multi_timeframe_momentum | ULTA MTF 1m=3.611083419518494 3m=-19.470568999886346 6m=-1.3869357806003464 score=0.34
2026-04-15T14:57:07 UTC | INFO     | trend_stability | ULTA trend stability: dev=0.1487 score=0.00
2026-04-15T14:57:08 UTC | INFO     | drawdown_risk | ULTA drawdown=24.3% score=0.39
2026-04-15T14:57:08 UTC | INFO     | risk_model | Risk score: raw=38.6 penalty=0 mult=1.0 final=38.6
2026-04-15T14:57:08 UTC | INFO     | opportunity_model | Opp score: b1=40.9 b2=34.9 b3=36.9 raw=37.7 x1.0 x0.85 = 32.0
2026-04-15T14:57:08 UTC | INFO     | signal_agreement | Signal agreement: m=0.11 s=0.83 e=0.50 v=0.02 -> 0.001
2026-04-15T14:57:08 UTC | INFO     | opportunity_model | Composite confidence: 42.7 (Weak confidence)
2026-04-15T14:57:08 UTC | INFO     | main | DEBUG confidence ULTA: conf=42.7 min=35 risk=38.6 opp=32.0
2026-04-15T14:57:08 UTC | INFO     | financial_parser | ETSY: using cached financials (4d old)
2026-04-15T14:57:08 UTC | INFO     | candidate_filter | ETSY: D/E missing — will be flagged in report but not excluded
2026-04-15T14:57:08 UTC | INFO     | main | DEBUG filter ETSY: ok=True reason=
2026-04-15T14:57:08 UTC | INFO     | main | AV budget exhausted — skipping AV for ETSY
2026-04-15T14:57:08 UTC | INFO     | volume_confirmation | ETSY volume ratio=0.11 score=0.04 label=lower activity than usual
2026-04-15T14:57:08 UTC | INFO     | risk_adjusted_momentum | ETSY RAM raw=-1.92 score=0.40
2026-04-15T14:57:08 UTC | INFO     | multi_timeframe_momentum | ETSY MTF 1m=8.110653787720207 3m=-6.691568868451865 6m=-18.40647951300172 score=0.38
2026-04-15T14:57:08 UTC | INFO     | trend_stability | ETSY trend stability: dev=0.0549 score=0.45
2026-04-15T14:57:08 UTC | INFO     | drawdown_risk | ETSY drawdown=9.7% score=0.76
2026-04-15T14:57:08 UTC | INFO     | risk_model | Risk score: raw=59.6 penalty=0 mult=1.0 final=59.6
2026-04-15T14:57:08 UTC | INFO     | opportunity_model | Opp score: b1=34.6 b2=43.1 b3=37.5 raw=38.6 x1.0 x0.85 = 32.8
2026-04-15T14:57:08 UTC | INFO     | signal_agreement | Signal agreement: m=0.40 s=0.83 e=0.50 v=0.04 -> 0.006
2026-04-15T14:57:08 UTC | INFO     | opportunity_model | Composite confidence: 35.7 (Weak confidence)
2026-04-15T14:57:08 UTC | INFO     | main | DEBUG confidence ETSY: conf=35.7 min=35 risk=59.6 opp=32.8
2026-04-15T14:57:08 UTC | INFO     | financial_parser | EBAY: using cached financials (4d old)
2026-04-15T14:57:08 UTC | INFO     | main | DEBUG filter EBAY: ok=True reason=
2026-04-15T14:57:08 UTC | INFO     | main | AV budget exhausted — skipping AV for EBAY
2026-04-15T14:57:08 UTC | INFO     | volume_confirmation | EBAY volume ratio=0.14 score=0.05 label=lower activity than usual
2026-04-15T14:57:08 UTC | INFO     | risk_adjusted_momentum | EBAY RAM raw=2.77 score=0.64
2026-04-15T14:57:08 UTC | INFO     | multi_timeframe_momentum | EBAY MTF 1m=9.583190193511685 3m=6.500864856832207 6m=12.868680576682854 score=0.65
2026-04-15T14:57:08 UTC | INFO     | trend_stability | EBAY trend stability: dev=0.0663 score=0.34
2026-04-15T14:57:08 UTC | INFO     | drawdown_risk | EBAY drawdown=0.2% score=0.99
2026-04-15T14:57:08 UTC | INFO     | risk_model | Risk score: raw=30.4 penalty=0 mult=1.0 final=30.4
2026-04-15T14:57:08 UTC | INFO     | opportunity_model | Opp score: b1=49.5 b2=59.4 b3=37.9 raw=51.2 x1.0 x0.85 = 43.5
2026-04-15T14:57:08 UTC | INFO     | signal_agreement | Signal agreement: m=0.64 s=0.83 e=0.50 v=0.05 -> 0.012
2026-04-15T14:57:08 UTC | INFO     | opportunity_model | Composite confidence: 49.8 (Weak confidence)
2026-04-15T14:57:08 UTC | INFO     | main | DEBUG confidence EBAY: conf=49.8 min=35 risk=30.4 opp=43.5
2026-04-15T14:57:08 UTC | INFO     | financial_parser | ABNB: using cached financials (4d old)
2026-04-15T14:57:08 UTC | INFO     | main | DEBUG filter ABNB: ok=True reason=
2026-04-15T14:57:08 UTC | INFO     | main | AV budget exhausted — skipping AV for ABNB
2026-04-15T14:57:08 UTC | INFO     | volume_confirmation | ABNB volume ratio=0.20 score=0.07 label=lower activity than usual
2026-04-15T14:57:09 UTC | INFO     | risk_adjusted_momentum | ABNB RAM raw=1.13 score=0.56
2026-04-15T14:57:09 UTC | INFO     | multi_timeframe_momentum | ABNB MTF 1m=6.312336644636236 3m=-2.6058463371282583 6m=14.77368119503816 score=0.57
2026-04-15T14:57:09 UTC | INFO     | trend_stability | ABNB trend stability: dev=0.0285 score=0.71
2026-04-15T14:57:09 UTC | INFO     | drawdown_risk | ABNB drawdown=2.6% score=0.93
2026-04-15T14:57:09 UTC | INFO     | risk_model | Risk score: raw=26.7 penalty=0 mult=1.0 final=26.7
2026-04-15T14:57:09 UTC | INFO     | opportunity_model | Opp score: b1=53.1 b2=55.5 b3=38.7 raw=51.2 x1.0 x0.85 = 43.5
2026-04-15T14:57:09 UTC | INFO     | signal_agreement | Signal agreement: m=0.56 s=0.83 e=0.50 v=0.07 -> 0.016
2026-04-15T14:57:09 UTC | INFO     | opportunity_model | Composite confidence: 51.2 (Moderate confidence)
2026-04-15T14:57:09 UTC | INFO     | main | DEBUG confidence ABNB: conf=51.2 min=35 risk=26.7 opp=43.5
2026-04-15T14:57:09 UTC | INFO     | financial_parser | AAPL: using cached financials (7d old)
2026-04-15T14:57:09 UTC | INFO     | main | DEBUG filter AAPL: ok=True reason=
2026-04-15T14:57:09 UTC | INFO     | main | AV budget exhausted — skipping AV for AAPL
2026-04-15T14:57:09 UTC | INFO     | volume_confirmation | AAPL volume ratio=0.29 score=0.10 label=lower activity than usual
2026-04-15T14:57:09 UTC | INFO     | risk_adjusted_momentum | AAPL RAM raw=0.85 score=0.54
2026-04-15T14:57:09 UTC | INFO     | multi_timeframe_momentum | AAPL MTF 1m=4.108695300544179 3m=0.9208656731751799 6m=6.480370183056314 score=0.55
2026-04-15T14:57:09 UTC | INFO     | trend_stability | AAPL trend stability: dev=0.0169 score=0.83
2026-04-15T14:57:09 UTC | INFO     | drawdown_risk | AAPL drawdown=6.2% score=0.85
2026-04-15T14:57:09 UTC | INFO     | risk_model | Risk score: raw=14.5 penalty=0 mult=1.0 final=14.5
2026-04-15T14:57:09 UTC | INFO     | opportunity_model | Opp score: b1=52.9 b2=54.7 b3=47.0 raw=52.4 x1.0 x0.85 = 44.6
2026-04-15T14:57:09 UTC | INFO     | signal_agreement | Signal agreement: m=0.54 s=0.92 e=0.50 v=0.10 -> 0.024
2026-04-15T14:57:09 UTC | INFO     | opportunity_model | Composite confidence: 56.0 (Moderate confidence)
2026-04-15T14:57:09 UTC | INFO     | main | DEBUG confidence AAPL: conf=56.0 min=35 risk=14.5 opp=44.6
2026-04-15T14:57:09 UTC | INFO     | financial_parser | MSFT: using cached financials (7d old)
2026-04-15T14:57:09 UTC | INFO     | main | DEBUG filter MSFT: ok=True reason=
2026-04-15T14:57:09 UTC | INFO     | main | AV budget exhausted — skipping AV for MSFT
2026-04-15T14:57:09 UTC | INFO     | volume_confirmation | MSFT volume ratio=0.42 score=0.14 label=lower activity than usual
2026-04-15T14:57:10 UTC | INFO     | risk_adjusted_momentum | MSFT RAM raw=-5.18 score=0.24
2026-04-15T14:57:10 UTC | INFO     | multi_timeframe_momentum | MSFT MTF 1m=1.785196239581332 3m=-13.311012176989903 6m=-20.478024083503215 score=0.29
2026-04-15T14:57:10 UTC | INFO     | trend_stability | MSFT trend stability: dev=0.0676 score=0.32
2026-04-15T14:57:10 UTC | INFO     | drawdown_risk | MSFT drawdown=17.1% score=0.57
2026-04-15T14:57:10 UTC | INFO     | risk_model | Risk score: raw=12.8 penalty=0 mult=1.0 final=12.8
2026-04-15T14:57:10 UTC | INFO     | opportunity_model | Opp score: b1=63.3 b2=36.9 b3=48.7 raw=49.8 x1.0 x0.85 = 42.3
2026-04-15T14:57:10 UTC | INFO     | signal_agreement | Signal agreement: m=0.24 s=0.92 e=0.50 v=0.14 -> 0.015
2026-04-15T14:57:10 UTC | INFO     | opportunity_model | Composite confidence: 55.6 (Moderate confidence)
2026-04-15T14:57:10 UTC | INFO     | main | DEBUG confidence MSFT: conf=55.6 min=35 risk=12.8 opp=42.3
2026-04-15T14:57:10 UTC | INFO     | financial_parser | NVDA: using cached financials (7d old)
2026-04-15T14:57:10 UTC | INFO     | main | DEBUG filter NVDA: ok=True reason=
2026-04-15T14:57:10 UTC | INFO     | main | AV budget exhausted — skipping AV for NVDA
2026-04-15T14:57:10 UTC | INFO     | volume_confirmation | NVDA volume ratio=0.34 score=0.11 label=lower activity than usual
2026-04-15T14:57:10 UTC | INFO     | risk_adjusted_momentum | NVDA RAM raw=3.78 score=0.69
2026-04-15T14:57:10 UTC | INFO     | multi_timeframe_momentum | NVDA MTF 1m=8.907320137920397 3m=7.395078340930565 6m=5.969570641434607 score=0.62
2026-04-15T14:57:10 UTC | INFO     | trend_stability | NVDA trend stability: dev=0.0467 score=0.53
2026-04-15T14:57:10 UTC | INFO     | drawdown_risk | NVDA drawdown=0.0% score=1.00
2026-04-15T14:57:10 UTC | INFO     | risk_model | Risk score: raw=19.3 penalty=0 mult=1.0 final=19.3
2026-04-15T14:57:10 UTC | INFO     | opportunity_model | Opp score: b1=86.6 b2=60.0 b3=47.7 raw=68.2 x1.0 x0.85 = 58.0
2026-04-15T14:57:10 UTC | INFO     | signal_agreement | Signal agreement: m=0.69 s=0.92 e=0.50 v=0.12 -> 0.036
2026-04-15T14:57:10 UTC | INFO     | opportunity_model | Composite confidence: 59.3 (Moderate confidence)
2026-04-15T14:57:10 UTC | INFO     | main | DEBUG confidence NVDA: conf=59.3 min=35 risk=19.3 opp=58.0
2026-04-15T14:57:10 UTC | INFO     | financial_parser | AVGO: using cached financials (7d old)
2026-04-15T14:57:10 UTC | INFO     | main | DEBUG filter AVGO: ok=True reason=
2026-04-15T14:57:10 UTC | INFO     | main | AV budget exhausted — skipping AV for AVGO
2026-04-15T14:57:10 UTC | INFO     | volume_confirmation | AVGO volume ratio=0.39 score=0.13 label=lower activity than usual
2026-04-15T14:57:10 UTC | INFO     | risk_adjusted_momentum | AVGO RAM raw=5.97 score=0.80
2026-04-15T14:57:10 UTC | INFO     | multi_timeframe_momentum | AVGO MTF 1m=21.49955970488368 3m=11.326927879832377 6m=10.886386446403778 score=0.72
2026-04-15T14:57:11 UTC | INFO     | trend_stability | AVGO trend stability: dev=0.0905 score=0.09
2026-04-15T14:57:11 UTC | INFO     | drawdown_risk | AVGO drawdown=4.2% score=0.89
2026-04-15T14:57:11 UTC | INFO     | risk_model | Risk score: raw=14.4 penalty=0 mult=1.0 final=14.4
2026-04-15T14:57:11 UTC | INFO     | opportunity_model | Opp score: b1=49.1 b2=65.2 b3=48.4 raw=55.4 x1.0 x0.85 = 47.1
2026-04-15T14:57:11 UTC | INFO     | signal_agreement | Signal agreement: m=0.80 s=0.92 e=0.50 v=0.13 -> 0.048
2026-04-15T14:57:11 UTC | INFO     | opportunity_model | Composite confidence: 57.4 (Moderate confidence)
2026-04-15T14:57:11 UTC | INFO     | main | DEBUG confidence AVGO: conf=57.4 min=35 risk=14.4 opp=47.1
2026-04-15T14:57:11 UTC | INFO     | financial_parser | ORCL: using cached financials (7d old)
2026-04-15T14:57:11 UTC | INFO     | main | DEBUG filter ORCL: ok=False reason=debt-to-equity 4.15 above 2.5 threshold
2026-04-15T14:57:11 UTC | INFO     | financial_parser | ADBE: using cached financials (7d old)
2026-04-15T14:57:11 UTC | INFO     | main | DEBUG filter ADBE: ok=True reason=
2026-04-15T14:57:11 UTC | INFO     | main | AV budget exhausted — skipping AV for ADBE
2026-04-15T14:57:11 UTC | INFO     | volume_confirmation | ADBE volume ratio=0.24 score=0.08 label=lower activity than usual
2026-04-15T14:57:11 UTC | INFO     | risk_adjusted_momentum | ADBE RAM raw=-8.34 score=0.08
2026-04-15T14:57:11 UTC | INFO     | multi_timeframe_momentum | ADBE MTF 1m=-3.752083270603227 3m=-21.78556145235829 6m=-28.560061761849575 score=0.16
2026-04-15T14:57:11 UTC | INFO     | trend_stability | ADBE trend stability: dev=0.0903 score=0.10
2026-04-15T14:57:11 UTC | INFO     | drawdown_risk | ADBE drawdown=32.2% score=0.20
2026-04-15T14:57:11 UTC | INFO     | risk_model | Risk score: raw=30.3 penalty=0 mult=1.0 final=30.3
2026-04-15T14:57:11 UTC | INFO     | opportunity_model | Opp score: b1=54.8 b2=29.7 b3=46.4 raw=43.0 x1.0 x0.85 = 36.6
2026-04-15T14:57:11 UTC | INFO     | signal_agreement | Signal agreement: m=0.08 s=0.92 e=0.50 v=0.08 -> 0.003
2026-04-15T14:57:11 UTC | INFO     | opportunity_model | Composite confidence: 47.3 (Weak confidence)
2026-04-15T14:57:11 UTC | INFO     | main | DEBUG confidence ADBE: conf=47.3 min=35 risk=30.3 opp=36.6
2026-04-15T14:57:11 UTC | INFO     | financial_parser | CRM: using cached financials (7d old)
2026-04-15T14:57:11 UTC | INFO     | main | DEBUG filter CRM: ok=True reason=
2026-04-15T14:57:11 UTC | INFO     | main | AV budget exhausted — skipping AV for CRM
2026-04-15T14:57:11 UTC | INFO     | volume_confirmation | CRM volume ratio=0.25 score=0.08 label=lower activity than usual
2026-04-15T14:57:11 UTC | INFO     | risk_adjusted_momentum | CRM RAM raw=-10.01 score=0.00
2026-04-15T14:57:11 UTC | INFO     | multi_timeframe_momentum | CRM MTF 1m=-10.99353677955129 3m=-26.76702437815921 6m=-28.916433695566745 score=0.10
2026-04-15T14:57:11 UTC | INFO     | trend_stability | CRM trend stability: dev=0.0779 score=0.22
2026-04-15T14:57:11 UTC | INFO     | drawdown_risk | CRM drawdown=33.7% score=0.16
2026-04-15T14:57:11 UTC | INFO     | risk_model | Risk score: raw=20.6 penalty=0 mult=1.0 final=20.6
2026-04-15T14:57:11 UTC | INFO     | opportunity_model | Opp score: b1=52.3 b2=25.9 b3=46.5 raw=40.6 x1.0 x0.85 = 34.5
2026-04-15T14:57:11 UTC | INFO     | signal_agreement | Signal agreement: m=0.50 s=0.92 e=0.50 v=0.09 -> 0.019
2026-04-15T14:57:11 UTC | INFO     | opportunity_model | Composite confidence: 50.2 (Moderate confidence)
2026-04-15T14:57:11 UTC | INFO     | main | DEBUG confidence CRM: conf=50.2 min=35 risk=20.6 opp=34.5
2026-04-15T14:57:11 UTC | INFO     | financial_parser | AMD: using cached financials (7d old)
2026-04-15T14:57:11 UTC | INFO     | main | DEBUG filter AMD: ok=True reason=
2026-04-15T14:57:11 UTC | INFO     | main | AV budget exhausted — skipping AV for AMD
2026-04-15T14:57:11 UTC | INFO     | volume_confirmation | AMD volume ratio=0.24 score=0.08 label=lower activity than usual
2026-04-15T14:57:11 UTC | INFO     | risk_adjusted_momentum | AMD RAM raw=3.71 score=0.69
2026-04-15T14:57:11 UTC | INFO     | multi_timeframe_momentum | AMD MTF 1m=30.626208805713734 3m=16.208083560462356 6m=18.65123640822401 score=0.83
2026-04-15T14:57:11 UTC | INFO     | trend_stability | AMD trend stability: dev=0.1031 score=0.00
2026-04-15T14:57:12 UTC | INFO     | drawdown_risk | AMD drawdown=1.1% score=0.97
2026-04-15T14:57:12 UTC | INFO     | risk_model | Risk score: raw=21.3 penalty=0 mult=1.0 final=21.3
2026-04-15T14:57:12 UTC | INFO     | opportunity_model | Opp score: b1=55.9 b2=65.2 b3=46.3 raw=57.7 x1.0 x0.85 = 49.0
2026-04-15T14:57:12 UTC | INFO     | signal_agreement | Signal agreement: m=0.69 s=0.92 e=0.50 v=0.08 -> 0.025
2026-04-15T14:57:12 UTC | INFO     | opportunity_model | Composite confidence: 55.2 (Moderate confidence)
2026-04-15T14:57:12 UTC | INFO     | main | DEBUG confidence AMD: conf=55.2 min=35 risk=21.3 opp=49.0
2026-04-15T14:57:12 UTC | INFO     | financial_parser | INTC: using cached financials (7d old)
2026-04-15T14:57:12 UTC | INFO     | main | DEBUG filter INTC: ok=True reason=
2026-04-15T14:57:12 UTC | INFO     | main | AV budget exhausted — skipping AV for INTC
2026-04-15T14:57:12 UTC | INFO     | volume_confirmation | INTC volume ratio=0.40 score=0.13 label=lower activity than usual
2026-04-15T14:57:12 UTC | INFO     | risk_adjusted_momentum | INTC RAM raw=6.98 score=0.85
2026-04-15T14:57:12 UTC | INFO     | multi_timeframe_momentum | INTC MTF 1m=42.64642465068134 3m=38.03129681151331 6m=75.37614020703086 score=1.00
2026-04-15T14:57:12 UTC | INFO     | trend_stability | INTC trend stability: dev=0.1972 score=0.00
2026-04-15T14:57:12 UTC | INFO     | drawdown_risk | INTC drawdown=0.0% score=1.00
2026-04-15T14:57:12 UTC | INFO     | risk_model | Risk score: raw=32.7 penalty=0 mult=1.0 final=32.7
2026-04-15T14:57:12 UTC | INFO     | opportunity_model | Opp score: b1=11.2 b2=73.5 b3=48.5 raw=43.6 x1.0 x0.85 = 37.0
2026-04-15T14:57:12 UTC | INFO     | signal_agreement | Signal agreement: m=0.85 s=0.92 e=0.50 v=0.13 -> 0.052
2026-04-15T14:57:12 UTC | INFO     | opportunity_model | Composite confidence: 47.5 (Weak confidence)
2026-04-15T14:57:12 UTC | INFO     | main | DEBUG confidence INTC: conf=47.5 min=35 risk=32.7 opp=37.0
2026-04-15T14:57:12 UTC | INFO     | financial_parser | QCOM: using cached financials (7d old)
2026-04-15T14:57:12 UTC | INFO     | main | DEBUG filter QCOM: ok=True reason=
2026-04-15T14:57:12 UTC | INFO     | main | AV budget exhausted — skipping AV for QCOM
2026-04-15T14:57:12 UTC | INFO     | volume_confirmation | QCOM volume ratio=0.14 score=0.05 label=lower activity than usual
2026-04-15T14:57:12 UTC | INFO     | risk_adjusted_momentum | QCOM RAM raw=-10.28 score=0.00
2026-04-15T14:57:12 UTC | INFO     | multi_timeframe_momentum | QCOM MTF 1m=3.3078281161498224 3m=-18.610793675569106 6m=-16.420071669130916 score=0.27
2026-04-15T14:57:12 UTC | INFO     | trend_stability | QCOM trend stability: dev=0.0669 score=0.33
2026-04-15T14:57:13 UTC | INFO     | drawdown_risk | QCOM drawdown=26.3% score=0.34
2026-04-15T14:57:13 UTC | INFO     | risk_model | Risk score: raw=34.5 penalty=0 mult=1.0 final=34.5
2026-04-15T14:57:13 UTC | INFO     | opportunity_model | Opp score: b1=47.1 b2=30.4 b3=44.9 raw=39.9 x1.0 x0.85 = 34.0
2026-04-15T14:57:13 UTC | INFO     | signal_agreement | Signal agreement: m=0.50 s=0.92 e=0.50 v=0.04 -> 0.010
2026-04-15T14:57:13 UTC | INFO     | opportunity_model | Composite confidence: 45.0 (Weak confidence)
2026-04-15T14:57:13 UTC | INFO     | main | DEBUG confidence QCOM: conf=45.0 min=35 risk=34.5 opp=34.0
2026-04-15T14:57:13 UTC | INFO     | financial_parser | TXN: using cached financials (7d old)
2026-04-15T14:57:13 UTC | INFO     | main | DEBUG filter TXN: ok=True reason=
2026-04-15T14:57:13 UTC | INFO     | main | AV budget exhausted — skipping AV for TXN
2026-04-15T14:57:13 UTC | INFO     | volume_confirmation | TXN volume ratio=0.13 score=0.04 label=lower activity than usual
2026-04-15T14:57:13 UTC | INFO     | risk_adjusted_momentum | TXN RAM raw=5.36 score=0.77
2026-04-15T14:57:13 UTC | INFO     | multi_timeframe_momentum | TXN MTF 1m=10.830367984164123 3m=14.867331569531428 6m=24.774332962855464 score=0.78
2026-04-15T14:57:13 UTC | INFO     | trend_stability | TXN trend stability: dev=0.0480 score=0.52
2026-04-15T14:57:13 UTC | INFO     | drawdown_risk | TXN drawdown=5.0% score=0.87
2026-04-15T14:57:13 UTC | INFO     | risk_model | Risk score: raw=18.3 penalty=0 mult=1.0 final=18.3
2026-04-15T14:57:13 UTC | INFO     | opportunity_model | Opp score: b1=54.9 b2=66.1 b3=44.9 raw=57.4 x1.0 x0.85 = 48.8
2026-04-15T14:57:13 UTC | INFO     | signal_agreement | Signal agreement: m=0.77 s=0.92 e=0.50 v=0.04 -> 0.015
2026-04-15T14:57:13 UTC | INFO     | opportunity_model | Composite confidence: 56.0 (Moderate confidence)
2026-04-15T14:57:13 UTC | INFO     | main | DEBUG confidence TXN: conf=56.0 min=35 risk=18.3 opp=48.8
2026-04-15T14:57:13 UTC | INFO     | financial_parser | NOW: using cached financials (7d old)
2026-04-15T14:57:13 UTC | INFO     | main | DEBUG filter NOW: ok=True reason=
2026-04-15T14:57:13 UTC | INFO     | main | AV budget exhausted — skipping AV for NOW
2026-04-15T14:57:13 UTC | INFO     | volume_confirmation | NOW volume ratio=0.47 score=0.16 label=lower activity than usual
2026-04-15T14:57:13 UTC | INFO     | risk_adjusted_momentum | NOW RAM raw=-8.62 score=0.07
2026-04-15T14:57:13 UTC | INFO     | multi_timeframe_momentum | NOW MTF 1m=-18.91538670531483 3m=-32.592807091543904 6m=-49.57778566845082 score=0.00
2026-04-15T14:57:13 UTC | INFO     | trend_stability | NOW trend stability: dev=0.1205 score=0.00
2026-04-15T14:57:13 UTC | INFO     | drawdown_risk | NOW drawdown=46.3% score=0.00
2026-04-15T14:57:13 UTC | INFO     | risk_model | Risk score: raw=20.6 penalty=0 mult=1.0 final=20.6
2026-04-15T14:57:13 UTC | INFO     | opportunity_model | Opp score: b1=39.1 b2=25.2 b3=49.3 raw=35.6 x1.0 x0.85 = 30.3
2026-04-15T14:57:13 UTC | INFO     | signal_agreement | Signal agreement: m=0.07 s=0.92 e=0.50 v=0.15 -> 0.005
2026-04-15T14:57:13 UTC | INFO     | opportunity_model | Composite confidence: 48.5 (Weak confidence)
2026-04-15T14:57:13 UTC | INFO     | main | DEBUG confidence NOW: conf=48.5 min=35 risk=20.6 opp=30.3
2026-04-15T14:57:13 UTC | INFO     | financial_parser | SNOW: using cached financials (7d old)
2026-04-15T14:57:13 UTC | INFO     | main | DEBUG filter SNOW: ok=True reason=
2026-04-15T14:57:13 UTC | INFO     | main | AV budget exhausted — skipping AV for SNOW
2026-04-15T14:57:14 UTC | INFO     | volume_confirmation | SNOW volume ratio=0.35 score=0.12 label=lower activity than usual
2026-04-15T14:57:14 UTC | INFO     | risk_adjusted_momentum | SNOW RAM raw=-7.91 score=0.10
2026-04-15T14:57:14 UTC | INFO     | multi_timeframe_momentum | SNOW MTF 1m=-19.827974645911215 3m=-33.22507868963154 6m=-43.4545214104682 score=0.00
2026-04-15T14:57:14 UTC | INFO     | trend_stability | SNOW trend stability: dev=0.1657 score=0.00
2026-04-15T14:57:14 UTC | INFO     | drawdown_risk | SNOW drawdown=40.4% score=0.00
2026-04-15T14:57:14 UTC | INFO     | risk_model | Risk score: raw=43.8 penalty=0 mult=1.0 final=43.8
2026-04-15T14:57:14 UTC | INFO     | opportunity_model | Opp score: b1=35.9 b2=26.1 b3=47.9 raw=34.4 x1.0 x0.85 = 29.2
2026-04-15T14:57:14 UTC | INFO     | signal_agreement | Signal agreement: m=0.10 s=0.92 e=0.50 v=0.12 -> 0.006
2026-04-15T14:57:14 UTC | INFO     | opportunity_model | Composite confidence: 40.0 (Weak confidence)
2026-04-15T14:57:14 UTC | INFO     | main | DEBUG confidence SNOW: conf=40.0 min=35 risk=43.8 opp=29.2
2026-04-15T14:57:14 UTC | INFO     | financial_parser | PLTR: using cached financials (7d old)
2026-04-15T14:57:14 UTC | INFO     | main | DEBUG filter PLTR: ok=True reason=
2026-04-15T14:57:14 UTC | INFO     | main | AV budget exhausted — skipping AV for PLTR
2026-04-15T14:57:14 UTC | INFO     | volume_confirmation | PLTR volume ratio=0.33 score=0.11 label=lower activity than usual
2026-04-15T14:57:14 UTC | INFO     | risk_adjusted_momentum | PLTR RAM raw=-6.26 score=0.19
2026-04-15T14:57:14 UTC | INFO     | multi_timeframe_momentum | PLTR MTF 1m=-9.265318087599757 3m=-22.569288038878195 6m=-21.80463739389089 score=0.17
2026-04-15T14:57:14 UTC | INFO     | trend_stability | PLTR trend stability: dev=0.0453 score=0.55
2026-04-15T14:57:14 UTC | INFO     | drawdown_risk | PLTR drawdown=28.6% score=0.28
2026-04-15T14:57:14 UTC | INFO     | risk_model | Risk score: raw=22.3 penalty=0 mult=1.0 final=22.3
2026-04-15T14:57:14 UTC | INFO     | opportunity_model | Opp score: b1=77.5 b2=32.5 b3=47.6 raw=53.5 x1.0 x0.85 = 45.5
2026-04-15T14:57:14 UTC | INFO     | signal_agreement | Signal agreement: m=0.19 s=0.92 e=0.50 v=0.11 -> 0.010
2026-04-15T14:57:14 UTC | INFO     | opportunity_model | Composite confidence: 53.3 (Moderate confidence)
2026-04-15T14:57:14 UTC | INFO     | main | DEBUG confidence PLTR: conf=53.3 min=35 risk=22.3 opp=45.5
2026-04-15T14:57:14 UTC | INFO     | financial_parser | PANW: using cached financials (7d old)
2026-04-15T14:57:14 UTC | INFO     | main | DEBUG filter PANW: ok=True reason=
2026-04-15T14:57:14 UTC | INFO     | main | AV budget exhausted — skipping AV for PANW
2026-04-15T14:57:14 UTC | INFO     | volume_confirmation | PANW volume ratio=0.24 score=0.08 label=lower activity than usual
2026-04-15T14:57:14 UTC | INFO     | risk_adjusted_momentum | PANW RAM raw=-5.32 score=0.23
2026-04-15T14:57:14 UTC | INFO     | multi_timeframe_momentum | PANW MTF 1m=-3.057626282770289 3m=-14.94367480239529 6m=-23.88878340203175 score=0.25
2026-04-15T14:57:14 UTC | INFO     | trend_stability | PANW trend stability: dev=0.0328 score=0.67
2026-04-15T14:57:14 UTC | INFO     | drawdown_risk | PANW drawdown=18.4% score=0.54
2026-04-15T14:57:14 UTC | INFO     | risk_model | Risk score: raw=15.9 penalty=0 mult=1.0 final=15.9
2026-04-15T14:57:14 UTC | INFO     | opportunity_model | Opp score: b1=32.1 b2=35.5 b3=46.4 raw=36.3 x1.0 x0.85 = 30.9
2026-04-15T14:57:14 UTC | INFO     | signal_agreement | Signal agreement: m=0.23 s=0.92 e=0.50 v=0.08 -> 0.009
2026-04-15T14:57:14 UTC | INFO     | opportunity_model | Composite confidence: 50.4 (Moderate confidence)
2026-04-15T14:57:14 UTC | INFO     | main | DEBUG confidence PANW: conf=50.4 min=35 risk=15.9 opp=30.9
2026-04-15T14:57:14 UTC | INFO     | financial_parser | CRWD: using cached financials (7d old)
2026-04-15T14:57:14 UTC | INFO     | main | DEBUG filter CRWD: ok=True reason=
2026-04-15T14:57:14 UTC | INFO     | main | AV budget exhausted — skipping AV for CRWD
2026-04-15T14:57:15 UTC | INFO     | volume_confirmation | CRWD volume ratio=0.22 score=0.07 label=lower activity than usual
2026-04-15T14:57:15 UTC | INFO     | risk_adjusted_momentum | CRWD RAM raw=-3.47 score=0.33
2026-04-15T14:57:15 UTC | INFO     | multi_timeframe_momentum | CRWD MTF 1m=-4.603154476735927 3m=-13.608393644816253 6m=-20.502939734306675 score=0.27
2026-04-15T14:57:15 UTC | INFO     | trend_stability | CRWD trend stability: dev=0.0450 score=0.55
2026-04-15T14:57:15 UTC | INFO     | drawdown_risk | CRWD drawdown=22.2% score=0.45
2026-04-15T14:57:15 UTC | INFO     | risk_model | Risk score: raw=40.5 penalty=0 mult=1.0 final=40.5
2026-04-15T14:57:15 UTC | INFO     | opportunity_model | Opp score: b1=47.5 b2=38.4 b3=46.1 raw=43.6 x1.0 x0.85 = 37.0
2026-04-15T14:57:15 UTC | INFO     | signal_agreement | Signal agreement: m=0.33 s=0.92 e=0.50 v=0.07 -> 0.011
2026-04-15T14:57:15 UTC | INFO     | opportunity_model | Composite confidence: 44.0 (Weak confidence)
2026-04-15T14:57:15 UTC | INFO     | main | DEBUG confidence CRWD: conf=44.0 min=35 risk=40.5 opp=37.0
2026-04-15T14:57:15 UTC | INFO     | financial_parser | ZS: using cached financials (7d old)
2026-04-15T14:57:15 UTC | INFO     | main | DEBUG filter ZS: ok=True reason=
2026-04-15T14:57:15 UTC | INFO     | main | AV budget exhausted — skipping AV for ZS
2026-04-15T14:57:15 UTC | INFO     | volume_confirmation | ZS volume ratio=0.35 score=0.12 label=lower activity than usual
2026-04-15T14:57:15 UTC | INFO     | risk_adjusted_momentum | ZS RAM raw=-10.38 score=0.00
2026-04-15T14:57:15 UTC | INFO     | multi_timeframe_momentum | ZS MTF 1m=-17.26852787685108 3m=-41.36364647093403 6m=-59.382188201150456 score=0.00
2026-04-15T14:57:15 UTC | INFO     | trend_stability | ZS trend stability: dev=0.1855 score=0.00
2026-04-15T14:57:15 UTC | INFO     | drawdown_risk | ZS drawdown=48.1% score=0.00
2026-04-15T14:57:15 UTC | INFO     | risk_model | Risk score: raw=48.6 penalty=0 mult=1.0 final=48.6
2026-04-15T14:57:15 UTC | INFO     | opportunity_model | Opp score: b1=30.2 b2=23.5 b3=47.8 raw=31.0 x1.0 x0.85 = 26.4
2026-04-15T14:57:15 UTC | INFO     | signal_agreement | Signal agreement: m=0.50 s=0.92 e=0.50 v=0.12 -> 0.027
2026-04-15T14:57:15 UTC | INFO     | opportunity_model | Composite confidence: 37.8 (Weak confidence)
2026-04-15T14:57:15 UTC | INFO     | main | DEBUG confidence ZS: conf=37.8 min=35 risk=48.6 opp=26.4
2026-04-15T14:57:15 UTC | INFO     | financial_parser | FTNT: using cached financials (7d old)
2026-04-15T14:57:15 UTC | INFO     | main | DEBUG filter FTNT: ok=True reason=
2026-04-15T14:57:15 UTC | INFO     | main | AV budget exhausted — skipping AV for FTNT
2026-04-15T14:57:15 UTC | INFO     | volume_confirmation | FTNT volume ratio=0.22 score=0.07 label=lower activity than usual
2026-04-15T14:57:15 UTC | INFO     | risk_adjusted_momentum | FTNT RAM raw=0.66 score=0.53
2026-04-15T14:57:16 UTC | INFO     | multi_timeframe_momentum | FTNT MTF 1m=-8.225822137489295 3m=-1.0085547007023563 6m=-7.909734292281209 score=0.42
2026-04-15T14:57:16 UTC | INFO     | trend_stability | FTNT trend stability: dev=0.0252 score=0.75
2026-04-15T14:57:16 UTC | INFO     | drawdown_risk | FTNT drawdown=11.7% score=0.71
2026-04-15T14:57:16 UTC | INFO     | risk_model | Risk score: raw=21.1 penalty=0 mult=1.0 final=21.1
2026-04-15T14:57:16 UTC | INFO     | opportunity_model | Opp score: b1=56.5 b2=51.2 b3=46.0 raw=52.3 x1.0 x0.85 = 44.4
2026-04-15T14:57:16 UTC | INFO     | signal_agreement | Signal agreement: m=0.53 s=0.92 e=0.50 v=0.07 -> 0.018
2026-04-15T14:57:16 UTC | INFO     | opportunity_model | Composite confidence: 53.5 (Moderate confidence)
2026-04-15T14:57:16 UTC | INFO     | main | DEBUG confidence FTNT: conf=53.5 min=35 risk=21.1 opp=44.4
2026-04-15T14:57:16 UTC | INFO     | financial_parser | DDOG: using cached financials (7d old)
2026-04-15T14:57:16 UTC | INFO     | main | DEBUG filter DDOG: ok=True reason=
2026-04-15T14:57:16 UTC | INFO     | main | AV budget exhausted — skipping AV for DDOG
2026-04-15T14:57:16 UTC | INFO     | volume_confirmation | DDOG volume ratio=0.38 score=0.13 label=lower activity than usual
2026-04-15T14:57:16 UTC | INFO     | risk_adjusted_momentum | DDOG RAM raw=-0.82 score=0.46
2026-04-15T14:57:16 UTC | INFO     | multi_timeframe_momentum | DDOG MTF 1m=-6.680099432283111 3m=-5.884463853570095 6m=-28.06638242447666 score=0.29
2026-04-15T14:57:16 UTC | INFO     | trend_stability | DDOG trend stability: dev=0.0544 score=0.46
2026-04-15T14:57:16 UTC | INFO     | drawdown_risk | DDOG drawdown=23.4% score=0.41
2026-04-15T14:57:16 UTC | INFO     | risk_model | Risk score: raw=36.2 penalty=0 mult=1.0 final=36.2
2026-04-15T14:57:16 UTC | INFO     | opportunity_model | Opp score: b1=26.0 b2=42.2 b3=48.3 raw=36.9 x1.0 x0.85 = 31.4
2026-04-15T14:57:16 UTC | INFO     | signal_agreement | Signal agreement: m=0.46 s=0.92 e=0.50 v=0.13 -> 0.027
2026-04-15T14:57:16 UTC | INFO     | opportunity_model | Composite confidence: 43.9 (Weak confidence)
2026-04-15T14:57:16 UTC | INFO     | main | DEBUG confidence DDOG: conf=43.9 min=35 risk=36.2 opp=31.4
2026-04-15T14:57:16 UTC | INFO     | financial_parser | MDB: using cached financials (7d old)
2026-04-15T14:57:16 UTC | INFO     | main | DEBUG filter MDB: ok=True reason=
2026-04-15T14:57:16 UTC | INFO     | main | AV budget exhausted — skipping AV for MDB
2026-04-15T14:57:16 UTC | INFO     | volume_confirmation | MDB volume ratio=0.29 score=0.10 label=lower activity than usual
2026-04-15T14:57:16 UTC | INFO     | risk_adjusted_momentum | MDB RAM raw=-8.25 score=0.09
2026-04-15T14:57:16 UTC | INFO     | multi_timeframe_momentum | MDB MTF 1m=-10.693955633536662 3m=-42.021329574552944 6m=-25.314838908655968 score=0.00
2026-04-15T14:57:16 UTC | INFO     | trend_stability | MDB trend stability: dev=0.2091 score=0.00
2026-04-15T14:57:16 UTC | INFO     | drawdown_risk | MDB drawdown=45.9% score=0.00
2026-04-15T14:57:16 UTC | INFO     | risk_model | Risk score: raw=58.3 penalty=0 mult=1.0 final=58.3
2026-04-15T14:57:16 UTC | INFO     | opportunity_model | Opp score: b1=29.8 b2=25.7 b3=47.0 raw=31.6 x1.0 x0.85 = 26.8
2026-04-15T14:57:16 UTC | INFO     | signal_agreement | Signal agreement: m=0.09 s=0.92 e=0.50 v=0.10 -> 0.004
2026-04-15T14:57:16 UTC | INFO     | opportunity_model | Composite confidence: 34.1 (Excluded)
2026-04-15T14:57:16 UTC | INFO     | main | DEBUG confidence MDB: conf=34.1 min=35 risk=58.3 opp=26.8
2026-04-15T14:57:16 UTC | INFO     | main | MDB: confidence 34.1 < 35 — excluded
2026-04-15T14:57:16 UTC | INFO     | financial_parser | NET: using cached financials (7d old)
2026-04-15T14:57:16 UTC | INFO     | main | DEBUG filter NET: ok=True reason=
2026-04-15T14:57:16 UTC | INFO     | main | AV budget exhausted — skipping AV for NET
2026-04-15T14:57:16 UTC | INFO     | volume_confirmation | NET volume ratio=0.50 score=0.17 label=lower activity than usual
2026-04-15T14:57:16 UTC | INFO     | risk_adjusted_momentum | NET RAM raw=0.03 score=0.50
2026-04-15T14:57:16 UTC | INFO     | multi_timeframe_momentum | NET MTF 1m=-9.019436059948575 3m=-0.042394058718884374 6m=-15.245323979143397 score=0.39
2026-04-15T14:57:17 UTC | INFO     | trend_stability | NET trend stability: dev=0.0728 score=0.27
2026-04-15T14:57:17 UTC | INFO     | drawdown_risk | NET drawdown=16.3% score=0.59
2026-04-15T14:57:17 UTC | INFO     | risk_model | Risk score: raw=56.5 penalty=0 mult=1.0 final=56.5
2026-04-15T14:57:17 UTC | INFO     | opportunity_model | Opp score: b1=37.0 b2=49.6 b3=49.8 raw=44.6 x1.0 x0.85 = 37.9
2026-04-15T14:57:17 UTC | INFO     | signal_agreement | Signal agreement: m=0.50 s=0.92 e=0.50 v=0.17 -> 0.038
2026-04-15T14:57:17 UTC | INFO     | opportunity_model | Composite confidence: 39.2 (Weak confidence)
2026-04-15T14:57:17 UTC | INFO     | main | DEBUG confidence NET: conf=39.2 min=35 risk=56.5 opp=37.9
2026-04-15T14:57:17 UTC | INFO     | financial_parser | TWLO: using cached financials (7d old)
2026-04-15T14:57:17 UTC | INFO     | main | DEBUG filter TWLO: ok=True reason=
2026-04-15T14:57:17 UTC | INFO     | main | AV budget exhausted — skipping AV for TWLO
2026-04-15T14:57:17 UTC | INFO     | volume_confirmation | TWLO volume ratio=0.21 score=0.07 label=lower activity than usual
2026-04-15T14:57:17 UTC | INFO     | risk_adjusted_momentum | TWLO RAM raw=1.97 score=0.60
2026-04-15T14:57:17 UTC | INFO     | multi_timeframe_momentum | TWLO MTF 1m=3.6138337737810833 3m=0.8125954408859147 6m=18.415811048893012 score=0.61
2026-04-15T14:57:17 UTC | INFO     | trend_stability | TWLO trend stability: dev=0.0478 score=0.52
2026-04-15T14:57:17 UTC | INFO     | drawdown_risk | TWLO drawdown=9.2% score=0.77
2026-04-15T14:57:17 UTC | INFO     | risk_model | Risk score: raw=47.5 penalty=0 mult=1.0 final=47.5
2026-04-15T14:57:17 UTC | INFO     | opportunity_model | Opp score: b1=11.9 b2=57.5 b3=45.9 raw=36.9 x1.0 x0.85 = 31.4
2026-04-15T14:57:17 UTC | INFO     | signal_agreement | Signal agreement: m=0.60 s=0.92 e=0.50 v=0.07 -> 0.019
2026-04-15T14:57:17 UTC | INFO     | opportunity_model | Composite confidence: 39.7 (Weak confidence)
2026-04-15T14:57:17 UTC | INFO     | main | DEBUG confidence TWLO: conf=39.7 min=35 risk=47.5 opp=31.4
2026-04-15T14:57:17 UTC | INFO     | financial_parser | HPE: using cached financials (7d old)
2026-04-15T14:57:17 UTC | INFO     | main | DEBUG filter HPE: ok=True reason=
2026-04-15T14:57:17 UTC | INFO     | main | AV budget exhausted — skipping AV for HPE
2026-04-15T14:57:17 UTC | INFO     | volume_confirmation | HPE volume ratio=0.07 score=0.02 label=lower activity than usual
2026-04-15T14:57:17 UTC | INFO     | risk_adjusted_momentum | HPE RAM raw=3.91 score=0.70
2026-04-15T14:57:17 UTC | INFO     | multi_timeframe_momentum | HPE MTF 1m=12.689940758013824 3m=10.465462367161956 6m=-0.11757692941140284 score=0.63
2026-04-15T14:57:17 UTC | INFO     | trend_stability | HPE trend stability: dev=0.0955 score=0.04
2026-04-15T14:57:17 UTC | INFO     | drawdown_risk | HPE drawdown=5.1% score=0.87
2026-04-15T14:57:17 UTC | INFO     | risk_model | Risk score: raw=35.5 penalty=0 mult=1.0 final=35.5
2026-04-15T14:57:17 UTC | INFO     | opportunity_model | Opp score: b1=22.5 b2=60.4 b3=44.1 raw=42.0 x1.0 x0.85 = 35.7
2026-04-15T14:57:17 UTC | INFO     | signal_agreement | Signal agreement: m=0.70 s=0.92 e=0.50 v=0.02 -> 0.008
2026-04-15T14:57:17 UTC | INFO     | opportunity_model | Composite confidence: 45.2 (Weak confidence)
2026-04-15T14:57:17 UTC | INFO     | main | DEBUG confidence HPE: conf=45.2 min=35 risk=35.5 opp=35.7
2026-04-15T14:57:17 UTC | INFO     | financial_parser | STX: using cached financials (7d old)
2026-04-15T14:57:17 UTC | INFO     | main | DEBUG filter STX: ok=False reason=debt-to-equity 10.47 above 2.5 threshold
2026-04-15T14:57:17 UTC | INFO     | financial_parser | WDC: using cached financials (7d old)
2026-04-15T14:57:17 UTC | INFO     | main | DEBUG filter WDC: ok=True reason=
2026-04-15T14:57:17 UTC | INFO     | main | AV budget exhausted — skipping AV for WDC
2026-04-15T14:57:17 UTC | INFO     | volume_confirmation | WDC volume ratio=0.28 score=0.09 label=lower activity than usual
2026-04-15T14:57:17 UTC | INFO     | risk_adjusted_momentum | WDC RAM raw=13.47 score=1.00
2026-04-15T14:57:18 UTC | INFO     | multi_timeframe_momentum | WDC MTF 1m=25.83767667616105 3m=68.37961491639854 6m=203.4007414494294 score=1.00
2026-04-15T14:57:18 UTC | INFO     | trend_stability | WDC trend stability: dev=0.1419 score=0.00
2026-04-15T14:57:18 UTC | INFO     | drawdown_risk | WDC drawdown=1.7% score=0.96
2026-04-15T14:57:18 UTC | INFO     | risk_model | Risk score: raw=24.3 penalty=0 mult=1.0 final=24.3
2026-04-15T14:57:18 UTC | INFO     | opportunity_model | Opp score: b1=98.1 b2=77.3 b3=46.9 raw=79.5 x1.0 x0.85 = 67.6
2026-04-15T14:57:18 UTC | INFO     | signal_agreement | Signal agreement: m=1.00 s=0.92 e=0.50 v=0.10 -> 0.044
2026-04-15T14:57:18 UTC | INFO     | opportunity_model | Composite confidence: 61.0 (Moderate confidence)
2026-04-15T14:57:18 UTC | INFO     | main | DEBUG confidence WDC: conf=61.0 min=35 risk=24.3 opp=67.6
2026-04-15T14:57:18 UTC | INFO     | financial_parser | AMAT: using cached financials (7d old)
2026-04-15T14:57:18 UTC | INFO     | main | DEBUG filter AMAT: ok=True reason=
2026-04-15T14:57:18 UTC | INFO     | main | AV budget exhausted — skipping AV for AMAT
2026-04-15T14:57:18 UTC | INFO     | volume_confirmation | AMAT volume ratio=0.22 score=0.07 label=lower activity than usual
2026-04-15T14:57:18 UTC | INFO     | risk_adjusted_momentum | AMAT RAM raw=8.27 score=0.91
2026-04-15T14:57:18 UTC | INFO     | multi_timeframe_momentum | AMAT MTF 1m=11.820444362322947 3m=27.130515991122454 6m=76.93755235716115 score=1.00
2026-04-15T14:57:18 UTC | INFO     | trend_stability | AMAT trend stability: dev=0.0676 score=0.32
2026-04-15T14:57:18 UTC | INFO     | drawdown_risk | AMAT drawdown=3.1% score=0.92
2026-04-15T14:57:18 UTC | INFO     | risk_model | Risk score: raw=21.3 penalty=0 mult=1.0 final=21.3
2026-04-15T14:57:18 UTC | INFO     | opportunity_model | Opp score: b1=53.7 b2=75.1 b3=46.1 raw=60.7 x1.0 x0.85 = 51.6
2026-04-15T14:57:18 UTC | INFO     | signal_agreement | Signal agreement: m=0.91 s=0.92 e=0.50 v=0.07 -> 0.031
2026-04-15T14:57:18 UTC | INFO     | opportunity_model | Composite confidence: 56.2 (Moderate confidence)
2026-04-15T14:57:18 UTC | INFO     | main | DEBUG confidence AMAT: conf=56.2 min=35 risk=21.3 opp=51.6
2026-04-15T14:57:18 UTC | INFO     | financial_parser | KLAC: using cached financials (7d old)
2026-04-15T14:57:18 UTC | INFO     | main | DEBUG filter KLAC: ok=True reason=
2026-04-15T14:57:18 UTC | INFO     | main | AV budget exhausted — skipping AV for KLAC
2026-04-15T14:57:18 UTC | INFO     | volume_confirmation | KLAC volume ratio=0.32 score=0.11 label=lower activity than usual
2026-04-15T14:57:18 UTC | INFO     | risk_adjusted_momentum | KLAC RAM raw=5.41 score=0.77
2026-04-15T14:57:18 UTC | INFO     | multi_timeframe_momentum | KLAC MTF 1m=19.915665016870562 3m=19.77335485125077 6m=68.7622949125863 score=1.00
2026-04-15T14:57:18 UTC | INFO     | trend_stability | KLAC trend stability: dev=0.0966 score=0.03
2026-04-15T14:57:18 UTC | INFO     | drawdown_risk | KLAC drawdown=4.0% score=0.90
2026-04-15T14:57:18 UTC | INFO     | risk_model | Risk score: raw=32.9 penalty=0 mult=1.0 final=32.9
2026-04-15T14:57:18 UTC | INFO     | opportunity_model | Opp score: b1=61.8 b2=71.5 b3=47.4 raw=62.8 x1.0 x0.85 = 53.4
2026-04-15T14:57:18 UTC | INFO     | signal_agreement | Signal agreement: m=0.77 s=0.92 e=0.50 v=0.11 -> 0.038
2026-04-15T14:57:18 UTC | INFO     | opportunity_model | Composite confidence: 52.9 (Moderate confidence)
2026-04-15T14:57:18 UTC | INFO     | main | DEBUG confidence KLAC: conf=52.9 min=35 risk=32.9 opp=53.4
2026-04-15T14:57:18 UTC | INFO     | main | DEBUG candidate: TSLA risk=30.9 opp=21.1 cap=70
2026-04-15T14:57:18 UTC | INFO     | main | DEBUG candidate: MCD risk=27.7 opp=43.7 cap=70
2026-04-15T14:57:18 UTC | INFO     | main | DEBUG candidate: NKE risk=30.1 opp=25.0 cap=70
2026-04-15T14:57:18 UTC | INFO     | main | DEBUG candidate: SBUX risk=32.4 opp=29.9 cap=70
2026-04-15T14:57:18 UTC | INFO     | main | DEBUG candidate: LOW risk=41.6 opp=31.3 cap=70
2026-04-15T14:57:18 UTC | INFO     | main | DEBUG candidate: TJX risk=27.8 opp=39.9 cap=70
2026-04-15T14:57:18 UTC | INFO     | main | DEBUG candidate: MAR risk=34.0 opp=45.2 cap=70
2026-04-15T14:57:18 UTC | INFO     | main | DEBUG candidate: HLT risk=33.5 opp=41.0 cap=70
2026-04-15T14:57:18 UTC | INFO     | main | DEBUG candidate: RCL risk=47.5 opp=42.1 cap=70
2026-04-15T14:57:18 UTC | INFO     | main | DEBUG candidate: CCL risk=46.5 opp=38.0 cap=70
2026-04-15T14:57:18 UTC | INFO     | main | DEBUG candidate: WYNN risk=49.1 opp=29.6 cap=70
2026-04-15T14:57:18 UTC | INFO     | main | DEBUG candidate: GM risk=38.6 opp=35.8 cap=70
2026-04-15T14:57:18 UTC | INFO     | main | DEBUG candidate: LKQ risk=38.1 opp=30.3 cap=70
2026-04-15T14:57:18 UTC | INFO     | main | DEBUG candidate: ORLY risk=27.9 opp=37.3 cap=70
2026-04-15T14:57:18 UTC | INFO     | main | DEBUG candidate: BBY risk=43.6 opp=36.9 cap=70
2026-04-15T14:57:18 UTC | INFO     | main | DEBUG candidate: ROST risk=29.4 opp=48.4 cap=70
2026-04-15T14:57:18 UTC | INFO     | main | DEBUG candidate: ULTA risk=38.6 opp=32.0 cap=70
2026-04-15T14:57:18 UTC | INFO     | main | DEBUG candidate: ETSY risk=59.6 opp=32.8 cap=70
2026-04-15T14:57:18 UTC | INFO     | main | DEBUG candidate: EBAY risk=30.4 opp=43.5 cap=70
2026-04-15T14:57:18 UTC | INFO     | main | DEBUG candidate: ABNB risk=26.7 opp=43.5 cap=70
2026-04-15T14:57:18 UTC | INFO     | main | DEBUG candidate: AAPL risk=14.5 opp=44.6 cap=70
2026-04-15T14:57:18 UTC | INFO     | main | DEBUG candidate: MSFT risk=12.8 opp=42.3 cap=70
2026-04-15T14:57:18 UTC | INFO     | main | DEBUG candidate: NVDA risk=19.3 opp=58.0 cap=70
2026-04-15T14:57:18 UTC | INFO     | main | DEBUG candidate: AVGO risk=14.4 opp=47.1 cap=70
2026-04-15T14:57:18 UTC | INFO     | main | DEBUG candidate: ADBE risk=30.3 opp=36.6 cap=70
2026-04-15T14:57:18 UTC | INFO     | main | DEBUG candidate: CRM risk=20.6 opp=34.5 cap=70
2026-04-15T14:57:18 UTC | INFO     | main | DEBUG candidate: AMD risk=21.3 opp=49.0 cap=70
2026-04-15T14:57:18 UTC | INFO     | main | DEBUG candidate: INTC risk=32.7 opp=37.0 cap=70
2026-04-15T14:57:18 UTC | INFO     | main | DEBUG candidate: QCOM risk=34.5 opp=34.0 cap=70
2026-04-15T14:57:18 UTC | INFO     | main | DEBUG candidate: TXN risk=18.3 opp=48.8 cap=70
2026-04-15T14:57:18 UTC | INFO     | main | DEBUG candidate: NOW risk=20.6 opp=30.3 cap=70
2026-04-15T14:57:18 UTC | INFO     | main | DEBUG candidate: SNOW risk=43.8 opp=29.2 cap=70
2026-04-15T14:57:18 UTC | INFO     | main | DEBUG candidate: PLTR risk=22.3 opp=45.5 cap=70
2026-04-15T14:57:18 UTC | INFO     | main | DEBUG candidate: PANW risk=15.9 opp=30.9 cap=70
2026-04-15T14:57:18 UTC | INFO     | main | DEBUG candidate: CRWD risk=40.5 opp=37.0 cap=70
2026-04-15T14:57:18 UTC | INFO     | main | DEBUG candidate: ZS risk=48.6 opp=26.4 cap=70
2026-04-15T14:57:18 UTC | INFO     | main | DEBUG candidate: FTNT risk=21.1 opp=44.4 cap=70
2026-04-15T14:57:18 UTC | INFO     | main | DEBUG candidate: DDOG risk=36.2 opp=31.4 cap=70
2026-04-15T14:57:18 UTC | INFO     | main | DEBUG candidate: NET risk=56.5 opp=37.9 cap=70
2026-04-15T14:57:18 UTC | INFO     | main | DEBUG candidate: TWLO risk=47.5 opp=31.4 cap=70
2026-04-15T14:57:18 UTC | INFO     | main | DEBUG candidate: HPE risk=35.5 opp=35.7 cap=70
2026-04-15T14:57:18 UTC | INFO     | main | DEBUG candidate: WDC risk=24.3 opp=67.6 cap=70
2026-04-15T14:57:18 UTC | INFO     | main | DEBUG candidate: AMAT risk=21.3 opp=51.6 cap=70
2026-04-15T14:57:18 UTC | INFO     | main | DEBUG candidate: KLAC risk=32.9 opp=53.4 cap=70
2026-04-15T14:57:18 UTC | INFO     | zscore_ranker | Sector cap (3): skipped AMAT (technology)
2026-04-15T14:57:18 UTC | INFO     | zscore_ranker | Sector cap (3): skipped TXN (technology)
2026-04-15T14:57:18 UTC | INFO     | zscore_ranker | Sector cap (3): skipped AAPL (technology)
2026-04-15T14:57:18 UTC | INFO     | zscore_ranker | Sector cap (3): skipped MSFT (technology)
2026-04-15T14:57:18 UTC | INFO     | zscore_ranker | Sector cap (3): skipped AMD (technology)
2026-04-15T14:57:18 UTC | INFO     | zscore_ranker | Sector cap (3): skipped PLTR (technology)
2026-04-15T14:57:18 UTC | INFO     | zscore_ranker | Sector cap (3): skipped FTNT (technology)
2026-04-15T14:57:18 UTC | INFO     | zscore_ranker | Sector cap (3): skipped KLAC (technology)
2026-04-15T14:57:18 UTC | INFO     | zscore_ranker | Sector cap (3): skipped EBAY (consumer_discretionary)
2026-04-15T14:57:18 UTC | INFO     | zscore_ranker | Sector cap (3): skipped PANW (technology)
2026-04-15T14:57:18 UTC | INFO     | zscore_ranker | Sector cap (3): skipped CRM (technology)
2026-04-15T14:57:18 UTC | INFO     | zscore_ranker | Sector cap (3): skipped MAR (consumer_discretionary)
2026-04-15T14:57:18 UTC | INFO     | zscore_ranker | Sector cap (3): skipped TJX (consumer_discretionary)
2026-04-15T14:57:18 UTC | INFO     | zscore_ranker | Sector cap (3): skipped ORLY (consumer_discretionary)
2026-04-15T14:57:18 UTC | INFO     | zscore_ranker | Sector cap (3): skipped HLT (consumer_discretionary)
2026-04-15T14:57:18 UTC | INFO     | zscore_ranker | Sector cap (3): skipped NOW (technology)
2026-04-15T14:57:18 UTC | INFO     | zscore_ranker | Sector cap (3): skipped ADBE (technology)
2026-04-15T14:57:18 UTC | INFO     | zscore_ranker | Sector cap (3): skipped INTC (technology)
2026-04-15T14:57:18 UTC | INFO     | zscore_ranker | Sector cap (3): skipped HPE (technology)
2026-04-15T14:57:18 UTC | INFO     | zscore_ranker | Sector cap (3): skipped QCOM (technology)
2026-04-15T14:57:18 UTC | INFO     | zscore_ranker | Sector cap (3): skipped GM (consumer_discretionary)
2026-04-15T14:57:18 UTC | INFO     | zscore_ranker | Sector cap (3): skipped CRWD (technology)
2026-04-15T14:57:18 UTC | INFO     | zscore_ranker | Sector cap (3): skipped RCL (consumer_discretionary)
2026-04-15T14:57:18 UTC | INFO     | zscore_ranker | Sector cap (3): skipped SBUX (consumer_discretionary)
2026-04-15T14:57:18 UTC | INFO     | zscore_ranker | Sector cap (3): skipped DDOG (technology)
2026-04-15T14:57:18 UTC | INFO     | zscore_ranker | Sector cap (3): skipped BBY (consumer_discretionary)
2026-04-15T14:57:18 UTC | INFO     | zscore_ranker | Sector cap (3): skipped ULTA (consumer_discretionary)
2026-04-15T14:57:18 UTC | INFO     | zscore_ranker | Sector cap (3): skipped NKE (consumer_discretionary)
2026-04-15T14:57:18 UTC | INFO     | zscore_ranker | Sector cap (3): skipped CCL (consumer_discretionary)
2026-04-15T14:57:18 UTC | INFO     | zscore_ranker | Sector cap (3): skipped LKQ (consumer_discretionary)
2026-04-15T14:57:18 UTC | INFO     | zscore_ranker | Sector cap (3): skipped LOW (consumer_discretionary)
2026-04-15T14:57:18 UTC | INFO     | zscore_ranker | Sector cap (3): skipped TSLA (consumer_discretionary)
2026-04-15T14:57:18 UTC | INFO     | zscore_ranker | Sector cap (3): skipped SNOW (technology)
2026-04-15T14:57:18 UTC | INFO     | zscore_ranker | Sector cap (3): skipped TWLO (technology)
2026-04-15T14:57:18 UTC | INFO     | zscore_ranker | Sector cap (3): skipped NET (technology)
2026-04-15T14:57:18 UTC | INFO     | zscore_ranker | Sector cap (3): skipped WYNN (consumer_discretionary)
2026-04-15T14:57:18 UTC | INFO     | zscore_ranker | Sector cap (3): skipped ZS (technology)
2026-04-15T14:57:18 UTC | INFO     | zscore_ranker | Sector cap (3): skipped ETSY (consumer_discretionary)
2026-04-15T14:57:18 UTC | INFO     | zscore_ranker | Z-score ranking complete: 44 → 44 eligible → 6 final (max 25, cap 3/sector)
2026-04-15T14:57:18 UTC | INFO     | main | Post-ranking count: 6
2026-04-15T14:57:18 UTC | INFO     | main | Final company count after industry dedup: 6
2026-04-15T14:57:18 UTC | INFO     | main | Final company count after score stability filter: 6
2026-04-15T14:57:18 UTC | INFO     | main | [EQ] Running earnings quality analysis on 6 tickers
2026-04-15T14:57:27 UTC | INFO     | main | [EQ] AVGO: no EQ data — skipped or error
2026-04-15T14:57:27 UTC | INFO     | main | [EQ] ABNB: no EQ data — skipped or error
2026-04-15T14:57:27 UTC | INFO     | main | [EQ] Enrichment complete. 4 enriched / 6 total
2026-04-15T14:57:27 UTC | INFO     | main | [ROT] Running rotation analysis on 6 candidates
2026-04-15T14:57:31 UTC | INFO     | main | [ROT] Enrichment complete. 6 enriched / 6 total
2026-04-15T14:57:31 UTC | INFO     | main | [PS] Running price structure analysis on 6 tickers
2026-04-15T14:57:32 UTC | INFO     | main | [PS] Enrichment complete. 6 enriched / 6 total
2026-04-15T14:57:32 UTC | INFO     | main | [ER] Event risk enrichment complete. 6/6 processed
2026-04-15T14:59:01 UTC | INFO     | main | [INS] Insider enrichment complete. 6/6 processed
2026-04-15T14:59:01 UTC | INFO     | expectations | [EXP] WDC: no Finnhub token — skipping beat streak
2026-04-15T14:59:01 UTC | INFO     | expectations | [EXP] NVDA: no Finnhub token — skipping beat streak
2026-04-15T14:59:01 UTC | INFO     | expectations | [EXP] AVGO: no Finnhub token — skipping beat streak
2026-04-15T14:59:01 UTC | INFO     | expectations | [EXP] ROST: no Finnhub token — skipping beat streak
2026-04-15T14:59:01 UTC | INFO     | expectations | [EXP] ABNB: no Finnhub token — skipping beat streak
2026-04-15T14:59:01 UTC | INFO     | expectations | [EXP] MCD: no Finnhub token — skipping beat streak
2026-04-15T14:59:01 UTC | INFO     | main | [EXP] Expectations enrichment complete. 6/6 processed
2026-04-15T14:59:01 UTC | INFO     | main | [PL] Portfolio analysis complete. Selected: [] | Diversification: None
2026-04-15T14:59:03 UTC | INFO     | main | [PT] Paper trading complete. Open: 0 | New: 0 | Closed: 0 | Replay enriched: 0
2026-04-15T14:59:03 UTC | ERROR    | validator | [FSV] WDC: INTEGRITY failure — ps field entry_quality invalid
2026-04-15T14:59:03 UTC | WARNING  | validator.expectation | [FSV][C] QUESTIONABLE: avg_volume 9,822,981 but liquidity risk 21.4 > 15
2026-04-15T14:59:03 UTC | ERROR    | validator | [FSV] WDC: 1 data integrity failure(s) — forcing CRITICAL.
2026-04-15T14:59:03 UTC | INFO     | main | [FSV] WDC → CRITICAL | INCONSISTENT=2 QUESTIONABLE=1
2026-04-15T14:59:03 UTC | ERROR    | validator | [FSV] NVDA: INTEGRITY failure — ps field entry_quality invalid
2026-04-15T14:59:03 UTC | ERROR    | validator | [FSV] NVDA: 1 data integrity failure(s) — forcing CRITICAL.
2026-04-15T14:59:03 UTC | INFO     | main | [FSV] NVDA → CRITICAL | INCONSISTENT=2 QUESTIONABLE=0
2026-04-15T14:59:03 UTC | ERROR    | validator | [FSV] AVGO: INTEGRITY failure — ps field entry_quality invalid
2026-04-15T14:59:03 UTC | ERROR    | validator | [FSV] AVGO: 1 data integrity failure(s) — forcing CRITICAL.
2026-04-15T14:59:03 UTC | INFO     | main | [FSV] AVGO → CRITICAL | INCONSISTENT=1 QUESTIONABLE=0
2026-04-15T14:59:03 UTC | ERROR    | validator | [FSV] ROST: INTEGRITY failure — ps field entry_quality invalid
2026-04-15T14:59:03 UTC | ERROR    | validator | [FSV] ROST: 1 data integrity failure(s) — forcing CRITICAL.
2026-04-15T14:59:03 UTC | INFO     | main | [FSV] ROST → CRITICAL | INCONSISTENT=1 QUESTIONABLE=0
2026-04-15T14:59:03 UTC | ERROR    | validator | [FSV] ABNB: INTEGRITY failure — ps field entry_quality invalid
2026-04-15T14:59:03 UTC | WARNING  | validator.expectation | [FSV][C] QUESTIONABLE: avg_volume 4,565,065 but liquidity risk 63.5 > 15
2026-04-15T14:59:03 UTC | ERROR    | validator | [FSV] ABNB: 1 data integrity failure(s) — forcing CRITICAL.
2026-04-15T14:59:03 UTC | INFO     | main | [FSV] ABNB → CRITICAL | INCONSISTENT=1 QUESTIONABLE=1
2026-04-15T14:59:03 UTC | ERROR    | validator | [FSV] MCD: INTEGRITY failure — ps field entry_quality invalid
2026-04-15T14:59:03 UTC | WARNING  | validator.expectation | [FSV][C] QUESTIONABLE: stop_pct 1.4% < 2.0%
2026-04-15T14:59:03 UTC | WARNING  | validator.expectation | [FSV][C] QUESTIONABLE: avg_volume 3,273,711 but liquidity risk 73.8 > 15
2026-04-15T14:59:03 UTC | ERROR    | validator | [FSV] MCD: 1 data integrity failure(s) — forcing CRITICAL.
2026-04-15T14:59:03 UTC | INFO     | main | [FSV] MCD → CRITICAL | INCONSISTENT=1 QUESTIONABLE=2
2026-04-15T14:59:03 UTC | INFO     | dashboard_builder | tests.json updated. Total entries: 10
2026-04-15T14:59:03 UTC | INFO     | main | [Step 27m] Scheduled run log written to tests.json/tests.html
2026-04-15T14:59:03 UTC | INFO     | report_builder | Email report written: /home/runner/work/Financial_Assistant_Project/Financial_Assistant_Project/reports/output/intraday_email_945_1115_20260415T145903Z.html
2026-04-15T14:59:03 UTC | INFO     | report_builder | Full report written: /home/runner/work/Financial_Assistant_Project/Financial_Assistant_Project/reports/output/intraday_full_945_1115_20260415T145903Z.html
2026-04-15T14:59:03 UTC | INFO     | report_builder | Full report served at docs/reports/intraday_full_945_1115_20260415T145903Z.html
2026-04-15T14:59:03 UTC | INFO     | dashboard_builder | News JSON written: 12 sectors
2026-04-15T14:59:03 UTC | INFO     | dashboard_builder | index.html written
2026-04-15T14:59:03 UTC | INFO     | dashboard_builder | rank.html written
2026-04-15T14:59:03 UTC | INFO     | dashboard_builder | archive.html written
2026-04-15T14:59:03 UTC | INFO     | dashboard_builder | news.html written
2026-04-15T14:59:03 UTC | INFO     | dashboard_builder | trades.json written: 1 total trades (0 real open, 0 real closed, 1 test).
2026-04-15T14:59:03 UTC | INFO     | dashboard_builder | trades.html written
2026-04-15T14:59:03 UTC | INFO     | dashboard_builder | build_dashboard complete
2026-04-15T14:59:04 UTC | INFO     | email_sender | Using pre-built HTML: /home/runner/work/Financial_Assistant_Project/Financial_Assistant_Project/reports/output/intraday_email_945_1115_20260415T145903Z.html
2026-04-15T14:59:05 UTC | INFO     | email_sender | Email sent to francisco.ale.caballero01+stocks@gmail.com: ■ Stock Research — 9:45-11:15 Update — 6 opportunities found
2026-04-15T14:59:06 UTC | INFO     | main | Git: committed and pushed
2026-04-15T14:59:06 UTC | INFO     | state_manager | Added to reported: ['WDC', 'NVDA', 'AVGO', 'ROST', 'ABNB', 'MCD']
2026-04-15T14:59:06 UTC | INFO     | state_manager | Slot 9:45-11:15 marked complete
2026-04-15T14:59:06 UTC | INFO     | main | Run complete. Reported: ['WDC', 'NVDA', 'AVGO', 'ROST', 'ABNB', 'MCD']
