2026-03-24T03:06:23 UTC | INFO     | main | ============================================================
2026-03-24T03:06:23 UTC | INFO     | main | AUTOMATED STOCK RESEARCH SYSTEM — starting run
2026-03-24T03:06:23 UTC | INFO     | main | DISCLAIMER: This system does NOT perform trading, does NOT give investment advice, and does NOT make price predictions. It is a research data aggregation and scoring tool only.
2026-03-24T03:06:23 UTC | INFO     | main | ============================================================
2026-03-24T03:06:23 UTC | INFO     | main | [DEBUG] FORCE_TICKERS detected — entering debug mode
2026-03-24T03:06:23 UTC | INFO     | state_manager | New trading day (2026-03-24) — resetting state
2026-03-24T03:06:23 UTC | INFO     | main | [DEBUG] Using slot: 9:45-11:15
2026-03-24T03:06:23 UTC | INFO     | main | [DEBUG] Force-ticker mode active — tickers: ['XOM', 'CVX', 'COP']
2026-03-24T03:06:23 UTC | INFO     | main | [DEBUG] Skipping all sector/news gates
2026-03-24T03:06:24 UTC | INFO     | market_collector | Index dow: 46208.47 Rising (+1.38%)
2026-03-24T03:06:24 UTC | INFO     | market_collector | Index sp500: 6581.00 Rising (+1.15%)
2026-03-24T03:06:24 UTC | INFO     | market_collector | Index nasdaq: 21946.76 Rising (+1.38%)
2026-03-24T03:06:24 UTC | INFO     | market_regime | VIX fetched: 26.15
2026-03-24T03:06:24 UTC | INFO     | market_regime | Regime: elevated vix=26.15 risk_mult=1.2 opp_mult=0.85
2026-03-24T03:06:49 UTC | INFO     | market_breadth | Market breadth: 96/130 advancing (0.74) — strong breadth — most stocks rising
2026-03-24T03:06:50 UTC | INFO     | sector_breadth_ma | Sector breadth MA technology: 0/10 = 0.00 (sector is structurally weak)
2026-03-24T03:06:51 UTC | INFO     | sector_breadth_ma | Sector breadth MA semiconductors: 4/10 = 0.40 (mixed signals)
2026-03-24T03:06:52 UTC | INFO     | sector_breadth_ma | Sector breadth MA healthcare: 3/10 = 0.30 (mixed signals)
2026-03-24T03:06:54 UTC | INFO     | sector_breadth_ma | Sector breadth MA financials: 1/10 = 0.10 (sector is structurally weak)
2026-03-24T03:06:55 UTC | INFO     | sector_breadth_ma | Sector breadth MA consumer_discretionary: 1/10 = 0.10 (sector is structurally weak)
2026-03-24T03:06:56 UTC | INFO     | sector_breadth_ma | Sector breadth MA consumer_staples: 0/10 = 0.00 (sector is structurally weak)
2026-03-24T03:06:58 UTC | INFO     | sector_breadth_ma | Sector breadth MA industrials: 3/10 = 0.30 (mixed signals)
2026-03-24T03:06:59 UTC | INFO     | sector_breadth_ma | Sector breadth MA defense: 0/10 = 0.00 (sector is structurally weak)
2026-03-24T03:07:00 UTC | INFO     | sector_breadth_ma | Sector breadth MA energy: 10/10 = 1.00 (sector is genuinely strong)
2026-03-24T03:07:01 UTC | INFO     | sector_breadth_ma | Sector breadth MA materials: 3/10 = 0.30 (mixed signals)
2026-03-24T03:07:02 UTC | INFO     | sector_breadth_ma | Sector breadth MA utilities: 6/10 = 0.60 (healthy participation)
2026-03-24T03:07:03 UTC | INFO     | sector_breadth_ma | Sector breadth MA real_estate: 2/10 = 0.20 (sector is structurally weak)
2026-03-24T03:07:05 UTC | INFO     | sector_breadth_ma | Sector breadth MA communication_services: 4/10 = 0.40 (mixed signals)
2026-03-24T03:07:07 UTC | INFO     | sector_momentum | Top 5 sectors: ['energy', 'semiconductors', 'financials', 'technology', 'consumer_discretionary']
2026-03-24T03:07:07 UTC | INFO     | sector_momentum | Sector momentum history updated (2 entries)
2026-03-24T03:07:07 UTC | INFO     | sector_rotation_speed | Rotation technology: rank 4 -> 4 speed=0 (stable)
2026-03-24T03:07:07 UTC | INFO     | sector_rotation_speed | Rotation healthcare: rank 7 -> 9 speed=-2 (losing momentum)
2026-03-24T03:07:07 UTC | INFO     | sector_rotation_speed | Rotation financials: rank 3 -> 3 speed=0 (stable)
2026-03-24T03:07:07 UTC | INFO     | sector_rotation_speed | Rotation consumer_discretionary: rank 8 -> 5 speed=3 (gaining momentum)
2026-03-24T03:07:07 UTC | INFO     | sector_rotation_speed | Rotation consumer_staples: rank 10 -> 10 speed=0 (stable)
2026-03-24T03:07:07 UTC | INFO     | sector_rotation_speed | Rotation industrials: rank 6 -> 6 speed=0 (stable)
2026-03-24T03:07:07 UTC | INFO     | sector_rotation_speed | Rotation materials: rank 13 -> 8 speed=5 (rapidly gaining strength)
2026-03-24T03:07:07 UTC | INFO     | sector_rotation_speed | Rotation energy: rank 1 -> 1 speed=0 (stable)
2026-03-24T03:07:07 UTC | INFO     | sector_rotation_speed | Rotation utilities: rank 12 -> 12 speed=0 (stable)
2026-03-24T03:07:07 UTC | INFO     | sector_rotation_speed | Rotation real_estate: rank 9 -> 11 speed=-2 (losing momentum)
2026-03-24T03:07:07 UTC | INFO     | sector_rotation_speed | Rotation communication_services: rank 5 -> 7 speed=-2 (losing momentum)
2026-03-24T03:07:07 UTC | INFO     | sector_rotation_speed | Rotation semiconductors: rank 2 -> 2 speed=0 (stable)
2026-03-24T03:07:07 UTC | INFO     | sector_rotation_speed | Rotation defense: rank 11 -> 13 speed=-2 (losing momentum)
2026-03-24T03:07:07 UTC | INFO     | news_collector | reuters RSS: fetched 0 articles
2026-03-24T03:07:08 UTC | INFO     | news_collector | ft RSS: fetched 11 articles
2026-03-24T03:07:08 UTC | INFO     | news_collector | Finnhub: fetched 100 articles
2026-03-24T03:07:08 UTC | INFO     | news_collector | Filter: 111 raw → 47 passed
2026-03-24T03:07:08 UTC | INFO     | news_collector | Dedup: 47 → 46 articles
2026-03-24T03:07:08 UTC | INFO     | news_collector | Sector confirmed: financials score=45.7 headlines=14
2026-03-24T03:07:08 UTC | INFO     | news_collector | Sector confirmed: real_estate score=34.6 headlines=11
2026-03-24T03:07:08 UTC | INFO     | news_collector | Sector confirmed: utilities score=41.8 headlines=16
2026-03-24T03:07:08 UTC | INFO     | news_collector | Sector confirmed: consumer_discretionary score=59.0 headlines=18
2026-03-24T03:07:08 UTC | INFO     | news_collector | Sector confirmed: technology score=46.2 headlines=15
2026-03-24T03:07:08 UTC | INFO     | news_collector | Sector confirmed: industrials score=19.2 headlines=8
2026-03-24T03:07:08 UTC | INFO     | news_collector | Sector confirmed: consumer_staples score=16.9 headlines=6
2026-03-24T03:07:08 UTC | INFO     | news_collector | Sector confirmed: energy score=13.2 headlines=3
2026-03-24T03:07:08 UTC | INFO     | news_collector | Sector confirmed: materials score=14.7 headlines=4
2026-03-24T03:07:08 UTC | INFO     | news_collector | Sector confirmed: semiconductors score=10.8 headlines=4
2026-03-24T03:07:08 UTC | INFO     | news_collector | Sector confirmed: communication_services score=9.0 headlines=4
2026-03-24T03:07:08 UTC | INFO     | news_collector | Sector gated: defense score=2.7 headlines=1 (need score>=4, headlines>=2)
2026-03-24T03:07:08 UTC | INFO     | news_collector | Confirmed sectors: ['financials', 'real_estate', 'utilities', 'consumer_discretionary', 'technology', 'industrials', 'consumer_staples', 'energy', 'materials', 'semiconductors', 'communication_services']
2026-03-24T03:07:08 UTC | INFO     | main | [DEBUG] Processing forced ticker: XOM
2026-03-24T03:07:08 UTC | INFO     | financial_parser | XOM: using cached financials (7d old)
2026-03-24T03:07:08 UTC | INFO     | volume_confirmation | XOM volume ratio=1.11 score=0.37 label=normal trading activity
2026-03-24T03:07:08 UTC | INFO     | risk_adjusted_momentum | XOM RAM raw=24.30 score=1.00
2026-03-24T03:07:09 UTC | INFO     | multi_timeframe_momentum | XOM MTF 1m=9.403860821774067 3m=39.1831061452455 6m=45.02989611297312 score=1.00
2026-03-24T03:07:09 UTC | INFO     | trend_stability | XOM trend stability: dev=0.0996 score=0.00
2026-03-24T03:07:09 UTC | INFO     | drawdown_risk | XOM drawdown=0.0% score=1.00
2026-03-24T03:07:09 UTC | INFO     | risk_model | Risk score: raw=7.2 penalty=0 mult=1.2 final=8.7
2026-03-24T03:07:09 UTC | INFO     | opportunity_model | Opp score: b1=31.9 b2=77.2 b3=44.8 raw=52.6 x0.85 x1.15 = 51.4
2026-03-24T03:07:09 UTC | INFO     | signal_agreement | Signal agreement: m=1.00 s=0.50 e=0.50 v=0.37 -> 0.092
2026-03-24T03:07:09 UTC | INFO     | opportunity_model | Composite confidence: 61.8 (Moderate confidence)
2026-03-24T03:07:09 UTC | INFO     | main | [DEBUG] XOM: conf=61.8 risk=8.7 opp=51.4
2026-03-24T03:07:09 UTC | INFO     | main | [DEBUG] Processing forced ticker: CVX
2026-03-24T03:07:09 UTC | INFO     | financial_parser | CVX: using cached financials (7d old)
2026-03-24T03:07:09 UTC | INFO     | volume_confirmation | CVX volume ratio=1.23 score=0.41 label=higher activity than usual
2026-03-24T03:07:09 UTC | INFO     | risk_adjusted_momentum | CVX RAM raw=27.98 score=1.00
2026-03-24T03:07:09 UTC | INFO     | multi_timeframe_momentum | CVX MTF 1m=11.569626969755193 3m=40.3056635166171 6m=34.13464847092016 score=1.00
2026-03-24T03:07:09 UTC | INFO     | trend_stability | CVX trend stability: dev=0.1149 score=0.00
2026-03-24T03:07:09 UTC | INFO     | drawdown_risk | CVX drawdown=0.0% score=1.00
2026-03-24T03:07:09 UTC | INFO     | risk_model | Risk score: raw=11.8 penalty=0 mult=1.2 final=14.1
2026-03-24T03:07:09 UTC | INFO     | opportunity_model | Opp score: b1=23.3 b2=77.2 b3=46.4 raw=49.5 x0.85 x1.15 = 48.4
2026-03-24T03:07:09 UTC | INFO     | signal_agreement | Signal agreement: m=1.00 s=0.50 e=0.50 v=0.41 -> 0.102
2026-03-24T03:07:09 UTC | INFO     | opportunity_model | Composite confidence: 59.0 (Moderate confidence)
2026-03-24T03:07:09 UTC | INFO     | main | [DEBUG] CVX: conf=59.0 risk=14.1 opp=48.4
2026-03-24T03:07:09 UTC | INFO     | main | [DEBUG] Processing forced ticker: COP
2026-03-24T03:07:09 UTC | INFO     | financial_parser | COP: using cached financials (7d old)
2026-03-24T03:07:09 UTC | INFO     | main | AV budget exhausted — skipping AV for COP
2026-03-24T03:07:09 UTC | INFO     | volume_confirmation | COP volume ratio=0.91 score=0.30 label=normal trading activity
2026-03-24T03:07:10 UTC | INFO     | risk_adjusted_momentum | COP RAM raw=21.08 score=1.00
2026-03-24T03:07:10 UTC | INFO     | multi_timeframe_momentum | COP MTF 1m=15.072834385328813 3m=38.978431853288015 6m=40.74102965303903 score=1.00
2026-03-24T03:07:10 UTC | INFO     | trend_stability | COP trend stability: dev=0.1445 score=0.00
2026-03-24T03:07:10 UTC | INFO     | drawdown_risk | COP drawdown=0.0% score=1.00
2026-03-24T03:07:10 UTC | INFO     | risk_model | Risk score: raw=13.2 penalty=0 mult=1.2 final=15.8
2026-03-24T03:07:10 UTC | INFO     | opportunity_model | Opp score: b1=43.6 b2=77.2 b3=42.2 raw=56.8 x0.85 x1.15 = 55.5
2026-03-24T03:07:10 UTC | INFO     | signal_agreement | Signal agreement: m=1.00 s=0.50 e=0.50 v=0.30 -> 0.076
2026-03-24T03:07:10 UTC | INFO     | opportunity_model | Composite confidence: 60.4 (Moderate confidence)
2026-03-24T03:07:10 UTC | INFO     | main | [DEBUG] COP: conf=60.4 risk=15.8 opp=55.5
2026-03-24T03:07:10 UTC | INFO     | main | [DEBUG][EQ] Running EQ analysis on 3 forced tickers
2026-03-24T03:07:12 UTC | INFO     | main | [DEBUG][EQ] XOM: no EQ data — skipped or error
2026-03-24T03:07:12 UTC | INFO     | main | [DEBUG][EQ] CVX: no EQ data — skipped or error
2026-03-24T03:07:12 UTC | INFO     | main | [ROT] Running rotation analysis on 3 candidates
2026-03-24T03:07:15 UTC | INFO     | main | [ROT] Enrichment complete. 3 enriched / 3 total
2026-03-24T03:07:15 UTC | INFO     | report_builder | Email report written: /home/runner/work/Financial_Assistant_Project/Financial_Assistant_Project/reports/output/intraday_email_945_1115_20260324T030715Z.html
2026-03-24T03:07:15 UTC | INFO     | report_builder | Full report written: /home/runner/work/Financial_Assistant_Project/Financial_Assistant_Project/reports/output/intraday_full_945_1115_20260324T030715Z.html
2026-03-24T03:07:15 UTC | WARNING  | main | [DEBUG] Dashboard build skipped: f-string expression part cannot include a backslash (dashboard_builder.py, line 589)
2026-03-24T03:07:15 UTC | INFO     | email_sender | Using pre-built HTML: /home/runner/work/Financial_Assistant_Project/Financial_Assistant_Project/reports/output/intraday_email_945_1115_20260324T030715Z.html
2026-03-24T03:07:17 UTC | INFO     | email_sender | Email sent to francisco.ale.caballero01+stocks@gmail.com: ■ Stock Research — 9:45-11:15 Update — 3 opportunities found
2026-03-24T03:07:17 UTC | INFO     | main | Git: committed and pushed
2026-03-24T03:07:17 UTC | INFO     | main | [DEBUG] Force-ticker run complete. Tickers: ['XOM', 'CVX', 'COP']
2026-03-24T14:44:05 UTC | INFO     | main | ============================================================
2026-03-24T14:44:05 UTC | INFO     | main | AUTOMATED STOCK RESEARCH SYSTEM — starting run
2026-03-24T14:44:05 UTC | INFO     | main | DISCLAIMER: This system does NOT perform trading, does NOT give investment advice, and does NOT make price predictions. It is a research data aggregation and scoring tool only.
2026-03-24T14:44:05 UTC | INFO     | main | ============================================================
2026-03-24T14:44:05 UTC | INFO     | main | [SCHEDULER] Time gate passed — matched slot 9:45-11:15
2026-03-24T14:44:05 UTC | INFO     | main | Run slot: 9:45-11:15
2026-03-24T14:44:05 UTC | INFO     | market_collector | Index dow: 46138.08 Falling (-0.15%)
2026-03-24T14:44:05 UTC | INFO     | market_collector | Index sp500: 6558.52 Falling (-0.34%)
2026-03-24T14:44:05 UTC | INFO     | market_collector | Index nasdaq: nan Flat (+nan%)
2026-03-24T14:44:05 UTC | INFO     | market_regime | VIX fetched: 26.56
2026-03-24T14:44:05 UTC | INFO     | market_regime | Regime: elevated vix=26.56 risk_mult=1.2 opp_mult=0.85
2026-03-24T14:44:05 UTC | INFO     | main | Regime: elevated vix=26.56
2026-03-24T14:44:30 UTC | INFO     | market_breadth | Market breadth: 80/130 advancing (0.62) — strong breadth — most stocks rising
2026-03-24T14:44:31 UTC | INFO     | sector_breadth_ma | Sector breadth MA technology: 0/10 = 0.00 (sector is structurally weak)
2026-03-24T14:44:31 UTC | INFO     | sector_breadth_ma | Sector breadth MA semiconductors: 4/10 = 0.40 (mixed signals)
2026-03-24T14:44:32 UTC | INFO     | sector_breadth_ma | Sector breadth MA healthcare: 3/10 = 0.30 (mixed signals)
2026-03-24T14:44:33 UTC | INFO     | sector_breadth_ma | Sector breadth MA financials: 1/10 = 0.10 (sector is structurally weak)
2026-03-24T14:44:34 UTC | INFO     | sector_breadth_ma | Sector breadth MA consumer_discretionary: 1/10 = 0.10 (sector is structurally weak)
2026-03-24T14:44:36 UTC | INFO     | sector_breadth_ma | Sector breadth MA consumer_staples: 0/10 = 0.00 (sector is structurally weak)
2026-03-24T14:44:37 UTC | INFO     | sector_breadth_ma | Sector breadth MA industrials: 4/10 = 0.40 (mixed signals)
2026-03-24T14:44:38 UTC | INFO     | sector_breadth_ma | Sector breadth MA defense: 0/10 = 0.00 (sector is structurally weak)
2026-03-24T14:44:39 UTC | INFO     | sector_breadth_ma | Sector breadth MA energy: 10/10 = 1.00 (sector is genuinely strong)
2026-03-24T14:44:40 UTC | INFO     | sector_breadth_ma | Sector breadth MA materials: 3/10 = 0.30 (mixed signals)
2026-03-24T14:44:41 UTC | INFO     | sector_breadth_ma | Sector breadth MA utilities: 7/10 = 0.70 (healthy participation)
2026-03-24T14:44:42 UTC | INFO     | sector_breadth_ma | Sector breadth MA real_estate: 2/10 = 0.20 (sector is structurally weak)
2026-03-24T14:44:43 UTC | INFO     | sector_breadth_ma | Sector breadth MA communication_services: 5/10 = 0.50 (mixed signals)
2026-03-24T14:44:46 UTC | INFO     | sector_momentum | Top 5 sectors: ['technology', 'healthcare', 'financials', 'consumer_discretionary', 'consumer_staples']
2026-03-24T14:44:46 UTC | INFO     | sector_momentum | Sector momentum history updated (2 entries)
2026-03-24T14:44:46 UTC | INFO     | sector_rotation_speed | Rotation technology: rank 4 -> 1 speed=3 (gaining momentum)
2026-03-24T14:44:46 UTC | INFO     | sector_rotation_speed | Rotation healthcare: rank 7 -> 2 speed=5 (rapidly gaining strength)
2026-03-24T14:44:46 UTC | INFO     | sector_rotation_speed | Rotation financials: rank 3 -> 3 speed=0 (stable)
2026-03-24T14:44:46 UTC | INFO     | sector_rotation_speed | Rotation consumer_discretionary: rank 8 -> 4 speed=4 (rapidly gaining strength)
2026-03-24T14:44:46 UTC | INFO     | sector_rotation_speed | Rotation consumer_staples: rank 10 -> 5 speed=5 (rapidly gaining strength)
2026-03-24T14:44:46 UTC | INFO     | sector_rotation_speed | Rotation industrials: rank 6 -> 6 speed=0 (stable)
2026-03-24T14:44:46 UTC | INFO     | sector_rotation_speed | Rotation materials: rank 13 -> 7 speed=6 (rapidly gaining strength)
2026-03-24T14:44:46 UTC | INFO     | sector_rotation_speed | Rotation energy: rank 1 -> 8 speed=-7 (rapidly losing strength)
2026-03-24T14:44:46 UTC | INFO     | sector_rotation_speed | Rotation utilities: rank 12 -> 9 speed=3 (gaining momentum)
2026-03-24T14:44:46 UTC | INFO     | sector_rotation_speed | Rotation real_estate: rank 9 -> 10 speed=-1 (stable)
2026-03-24T14:44:46 UTC | INFO     | sector_rotation_speed | Rotation communication_services: rank 5 -> 11 speed=-6 (rapidly losing strength)
2026-03-24T14:44:46 UTC | INFO     | sector_rotation_speed | Rotation semiconductors: rank 2 -> 12 speed=-10 (rapidly losing strength)
2026-03-24T14:44:46 UTC | INFO     | sector_rotation_speed | Rotation defense: rank 11 -> 13 speed=-2 (losing momentum)
2026-03-24T14:44:46 UTC | INFO     | news_collector | reuters RSS: fetched 0 articles
2026-03-24T14:44:46 UTC | INFO     | news_collector | ft RSS: fetched 12 articles
2026-03-24T14:44:46 UTC | INFO     | news_collector | Finnhub: fetched 100 articles
2026-03-24T14:44:46 UTC | INFO     | news_collector | Filter: 112 raw → 49 passed
2026-03-24T14:44:47 UTC | INFO     | news_collector | Dedup: 49 → 49 articles
2026-03-24T14:44:47 UTC | INFO     | news_collector | Sector confirmed: financials score=13.2 headlines=6
2026-03-24T14:44:47 UTC | INFO     | news_collector | Sector confirmed: real_estate score=6.4 headlines=4
2026-03-24T14:44:47 UTC | INFO     | news_collector | Sector confirmed: consumer_discretionary score=33.0 headlines=12
2026-03-24T14:44:47 UTC | INFO     | news_collector | Sector confirmed: utilities score=20.6 headlines=11
2026-03-24T14:44:47 UTC | INFO     | news_collector | Sector confirmed: consumer_staples score=10.4 headlines=6
2026-03-24T14:44:47 UTC | INFO     | news_collector | Sector confirmed: technology score=18.6 headlines=7
2026-03-24T14:44:47 UTC | INFO     | news_collector | Sector confirmed: semiconductors score=9.8 headlines=4
2026-03-24T14:44:47 UTC | INFO     | news_collector | Sector confirmed: communication_services score=6.0 headlines=3
2026-03-24T14:44:47 UTC | INFO     | news_collector | Sector confirmed: industrials score=24.1 headlines=9
2026-03-24T14:44:47 UTC | INFO     | news_collector | Sector confirmed: defense score=8.1 headlines=2
2026-03-24T14:44:47 UTC | INFO     | news_collector | Sector confirmed: energy score=17.2 headlines=4
2026-03-24T14:44:47 UTC | INFO     | news_collector | Sector confirmed: materials score=13.4 headlines=4
2026-03-24T14:44:47 UTC | INFO     | news_collector | Confirmed sectors: ['financials', 'real_estate', 'consumer_discretionary', 'utilities', 'consumer_staples', 'technology', 'semiconductors', 'communication_services', 'industrials', 'defense', 'energy', 'materials']
2026-03-24T14:44:47 UTC | INFO     | main | News: 49 articles, 12 candidate sectors
2026-03-24T14:44:47 UTC | INFO     | news_impact_scorer | SPY day move: 0.27%
2026-03-24T14:44:47 UTC | INFO     | news_impact_scorer | Impact [financials]: sources=6 kw=13.2 spy=0.27% → impact=0.638 ✓ passes
2026-03-24T14:44:47 UTC | INFO     | news_impact_scorer | Impact [real_estate]: sources=4 kw=6.4 spy=0.27% → impact=0.536 ✗ below threshold
2026-03-24T14:44:47 UTC | INFO     | news_impact_scorer | Sector dropped by impact gate: real_estate (sources=4 kw=6.4 spy=0.27% → impact=0.536 ✗ below threshold)
2026-03-24T14:44:47 UTC | INFO     | news_impact_scorer | Impact [consumer_discretionary]: sources=12 kw=33.0 spy=0.27% → impact=0.740 ✓ passes
2026-03-24T14:44:47 UTC | INFO     | news_impact_scorer | Impact [utilities]: sources=11 kw=20.6 spy=0.27% → impact=0.740 ✓ passes
2026-03-24T14:44:47 UTC | INFO     | news_impact_scorer | Impact [consumer_staples]: sources=6 kw=10.4 spy=0.27% → impact=0.597 ✗ below threshold
2026-03-24T14:44:47 UTC | INFO     | news_impact_scorer | Sector dropped by impact gate: consumer_staples (sources=6 kw=10.4 spy=0.27% → impact=0.597 ✗ below threshold)
2026-03-24T14:44:47 UTC | INFO     | news_impact_scorer | Impact [technology]: sources=7 kw=18.6 spy=0.27% → impact=0.719 ✓ passes
2026-03-24T14:44:47 UTC | INFO     | news_impact_scorer | Impact [semiconductors]: sources=4 kw=9.8 spy=0.27% → impact=0.586 ✗ below threshold
2026-03-24T14:44:47 UTC | INFO     | news_impact_scorer | Sector dropped by impact gate: semiconductors (sources=4 kw=9.8 spy=0.27% → impact=0.586 ✗ below threshold)
2026-03-24T14:44:47 UTC | INFO     | news_impact_scorer | Impact [communication_services]: sources=3 kw=6.0 spy=0.27% → impact=0.530 ✗ below threshold
2026-03-24T14:44:47 UTC | INFO     | news_impact_scorer | Sector dropped by impact gate: communication_services (sources=3 kw=6.0 spy=0.27% → impact=0.530 ✗ below threshold)
2026-03-24T14:44:47 UTC | INFO     | news_impact_scorer | Impact [industrials]: sources=9 kw=24.1 spy=0.27% → impact=0.740 ✓ passes
2026-03-24T14:44:47 UTC | INFO     | news_impact_scorer | Impact [defense]: sources=2 kw=8.1 spy=0.27% → impact=0.428 ✗ below threshold
2026-03-24T14:44:47 UTC | INFO     | news_impact_scorer | Sector dropped by impact gate: defense (sources=2 kw=8.1 spy=0.27% → impact=0.428 ✗ below threshold)
2026-03-24T14:44:47 UTC | INFO     | news_impact_scorer | Impact [energy]: sources=4 kw=17.2 spy=0.27% → impact=0.699 ✓ passes
2026-03-24T14:44:47 UTC | INFO     | news_impact_scorer | Impact [materials]: sources=4 kw=13.3 spy=0.27% → impact=0.640 ✓ passes
2026-03-24T14:44:47 UTC | INFO     | news_impact_scorer | Impact gate: 12 → 7 sectors passed
2026-03-24T14:44:47 UTC | INFO     | main | Momentum gate: 7 → 3 sectors
2026-03-24T14:44:47 UTC | INFO     | sector_mapper | Mapped 0 events → 0 sectors
2026-03-24T14:44:47 UTC | INFO     | sector_validator | Sector financials/XLF: sig1=False sig2=True sig3=False tf_ok=False → REJECTED
2026-03-24T14:44:47 UTC | INFO     | main | Sector financials: ETF confirmation failed
2026-03-24T14:44:47 UTC | INFO     | sector_validator | Sector consumer_discretionary/XLY: sig1=False sig2=True sig3=False tf_ok=False → REJECTED
2026-03-24T14:44:47 UTC | INFO     | main | Sector consumer_discretionary: ETF confirmation failed
2026-03-24T14:44:47 UTC | INFO     | sector_validator | Sector technology/XLK: sig1=False sig2=False sig3=False tf_ok=False → REJECTED
2026-03-24T14:44:47 UTC | INFO     | main | Sector technology: ETF confirmation failed
2026-03-24T14:44:47 UTC | INFO     | main | No sectors confirmed — writing empty report
2026-03-24T14:44:47 UTC | INFO     | main | Empty report written: reports/output/empty_945-1115_2026-03-24T144447Z.html
2026-03-24T14:44:48 UTC | INFO     | main | Git: committed and pushed
2026-03-24T14:44:48 UTC | INFO     | state_manager | Slot 9:45-11:15 marked complete
