2026-04-27T15:25:32 UTC | INFO     | main | ============================================================
2026-04-27T15:25:32 UTC | INFO     | main | AUTOMATED STOCK RESEARCH SYSTEM — starting run
2026-04-27T15:25:32 UTC | INFO     | main | DISCLAIMER: This system does NOT perform trading, does NOT give investment advice, and does NOT make price predictions. It is a research data aggregation and scoring tool only.
2026-04-27T15:25:32 UTC | INFO     | main | ============================================================
2026-04-27T15:25:32 UTC | INFO     | main | [SCHEDULER] Current ET time 11:25 is outside all scheduled windows — exiting.
2026-04-27T16:13:53 UTC | INFO     | main | ============================================================
2026-04-27T16:13:53 UTC | INFO     | main | AUTOMATED STOCK RESEARCH SYSTEM — starting run
2026-04-27T16:13:53 UTC | INFO     | main | DISCLAIMER: This system does NOT perform trading, does NOT give investment advice, and does NOT make price predictions. It is a research data aggregation and scoring tool only.
2026-04-27T16:13:53 UTC | INFO     | main | ============================================================
2026-04-27T16:13:53 UTC | INFO     | main | [SCHEDULER] Time gate passed — matched slot 11:45-13:15
2026-04-27T16:13:53 UTC | WARNING  | main | Validated tickers file is 48 days old (limit 30). Consider re-running validate_tickers.py.
2026-04-27T16:13:53 UTC | INFO     | main | Run slot: 11:45-13:15
2026-04-27T16:13:53 UTC | INFO     | state_manager | New trading day (2026-04-27) — resetting state
2026-04-27T16:13:54 UTC | INFO     | market_collector | Index dow: 49170.50 Falling (-0.12%)
2026-04-27T16:13:54 UTC | INFO     | market_collector | Index sp500: 7163.17 Flat (-0.03%)
2026-04-27T16:13:54 UTC | INFO     | market_collector | Index nasdaq: 24795.52 Falling (-0.17%)
2026-04-27T16:13:54 UTC | INFO     | market_regime | VIX fetched: 18.65
2026-04-27T16:13:54 UTC | INFO     | market_regime | Regime: normal vix=18.65 risk_mult=1.0 opp_mult=1.0
2026-04-27T16:13:54 UTC | INFO     | main | Regime: normal vix=18.65
2026-04-27T16:14:28 UTC | INFO     | market_breadth | Market breadth: 57/130 advancing (0.44) — neutral breadth — mixed market movement
2026-04-27T16:14:28 UTC | INFO     | spy_sma | [SPY] price=713.87 sma200=665.99 above=True
2026-04-27T16:14:34 UTC | INFO     | market_breadth | [B200] 79/125 above 200d SMA = 63.2%
2026-04-27T16:14:34 UTC | INFO     | market_regime_classifier | [MRC] regime=BULL score=3 spy_above=True vix=18.65 breadth_pct=63.2
2026-04-27T16:14:34 UTC | INFO     | main | [MR] market_regime=BULL score=3 breadth_pct=63.2
2026-04-27T16:14:35 UTC | INFO     | sector_breadth_ma | Sector breadth MA technology: 8/10 = 0.80 (sector is genuinely strong)
2026-04-27T16:14:36 UTC | INFO     | sector_breadth_ma | Sector breadth MA semiconductors: 10/10 = 1.00 (sector is genuinely strong)
2026-04-27T16:14:37 UTC | INFO     | sector_breadth_ma | Sector breadth MA healthcare: 1/10 = 0.10 (sector is structurally weak)
2026-04-27T16:14:39 UTC | INFO     | sector_breadth_ma | Sector breadth MA financials: 7/10 = 0.70 (healthy participation)
2026-04-27T16:14:40 UTC | INFO     | sector_breadth_ma | Sector breadth MA consumer_discretionary: 5/10 = 0.50 (mixed signals)
2026-04-27T16:14:42 UTC | INFO     | sector_breadth_ma | Sector breadth MA consumer_staples: 3/10 = 0.30 (mixed signals)
2026-04-27T16:14:43 UTC | INFO     | sector_breadth_ma | Sector breadth MA industrials: 7/10 = 0.70 (healthy participation)
2026-04-27T16:14:45 UTC | INFO     | sector_breadth_ma | Sector breadth MA defense: 1/10 = 0.10 (sector is structurally weak)
2026-04-27T16:14:46 UTC | INFO     | sector_breadth_ma | Sector breadth MA energy: 7/10 = 0.70 (healthy participation)
2026-04-27T16:14:47 UTC | INFO     | sector_breadth_ma | Sector breadth MA materials: 7/10 = 0.70 (healthy participation)
2026-04-27T16:14:49 UTC | INFO     | sector_breadth_ma | Sector breadth MA utilities: 4/10 = 0.40 (mixed signals)
2026-04-27T16:14:50 UTC | INFO     | sector_breadth_ma | Sector breadth MA real_estate: 8/10 = 0.80 (sector is genuinely strong)
2026-04-27T16:14:51 UTC | INFO     | sector_breadth_ma | Sector breadth MA communication_services: 3/10 = 0.30 (mixed signals)
2026-04-27T16:14:54 UTC | INFO     | sector_momentum | Top 5 sectors: ['semiconductors', 'technology', 'energy', 'utilities', 'consumer_staples']
2026-04-27T16:14:54 UTC | INFO     | sector_momentum | Sector momentum history updated (6 entries)
2026-04-27T16:14:54 UTC | INFO     | sector_rotation_speed | Rotation technology: rank 4 -> 2 speed=2 (gaining momentum)
2026-04-27T16:14:54 UTC | INFO     | sector_rotation_speed | Rotation healthcare: rank 7 -> 12 speed=-5 (rapidly losing strength)
2026-04-27T16:14:54 UTC | INFO     | sector_rotation_speed | Rotation financials: rank 3 -> 10 speed=-7 (rapidly losing strength)
2026-04-27T16:14:54 UTC | INFO     | sector_rotation_speed | Rotation consumer_discretionary: rank 8 -> 6 speed=2 (gaining momentum)
2026-04-27T16:14:54 UTC | INFO     | sector_rotation_speed | Rotation consumer_staples: rank 10 -> 5 speed=5 (rapidly gaining strength)
2026-04-27T16:14:54 UTC | INFO     | sector_rotation_speed | Rotation industrials: rank 6 -> 7 speed=-1 (stable)
2026-04-27T16:14:54 UTC | INFO     | sector_rotation_speed | Rotation materials: rank 13 -> 8 speed=5 (rapidly gaining strength)
2026-04-27T16:14:54 UTC | INFO     | sector_rotation_speed | Rotation energy: rank 1 -> 3 speed=-2 (losing momentum)
2026-04-27T16:14:54 UTC | INFO     | sector_rotation_speed | Rotation utilities: rank 12 -> 4 speed=8 (rapidly gaining strength)
2026-04-27T16:14:54 UTC | INFO     | sector_rotation_speed | Rotation real_estate: rank 9 -> 9 speed=0 (stable)
2026-04-27T16:14:54 UTC | INFO     | sector_rotation_speed | Rotation communication_services: rank 5 -> 11 speed=-6 (rapidly losing strength)
2026-04-27T16:14:54 UTC | INFO     | sector_rotation_speed | Rotation semiconductors: rank 2 -> 1 speed=1 (stable)
2026-04-27T16:14:54 UTC | INFO     | sector_rotation_speed | Rotation defense: rank 11 -> 13 speed=-2 (losing momentum)
2026-04-27T16:14:55 UTC | INFO     | news_collector | reuters RSS: fetched 0 articles
2026-04-27T16:14:55 UTC | INFO     | news_collector | ft RSS: fetched 8 articles
2026-04-27T16:14:56 UTC | INFO     | news_collector | Finnhub: fetched 100 articles
2026-04-27T16:14:56 UTC | INFO     | news_collector | Filter: 108 raw → 39 passed
2026-04-27T16:14:56 UTC | INFO     | news_collector | Dedup: 39 → 39 articles
2026-04-27T16:14:56 UTC | INFO     | news_collector | Sector confirmed: technology score=20.7 headlines=15
2026-04-27T16:14:56 UTC | INFO     | news_collector | Sector gated: semiconductors score=1.8 headlines=2 (need score>=4, headlines>=2)
2026-04-27T16:14:56 UTC | INFO     | news_collector | Sector gated: communication_services score=1.5 headlines=2 (need score>=4, headlines>=2)
2026-04-27T16:14:56 UTC | INFO     | news_collector | Sector confirmed: industrials score=15.1 headlines=12
2026-04-27T16:14:56 UTC | INFO     | news_collector | Sector confirmed: utilities score=23.4 headlines=15
2026-04-27T16:14:56 UTC | INFO     | news_collector | Sector confirmed: financials score=26.0 headlines=16
2026-04-27T16:14:56 UTC | INFO     | news_collector | Sector confirmed: real_estate score=19.6 headlines=9
2026-04-27T16:14:56 UTC | INFO     | news_collector | Sector confirmed: consumer_discretionary score=37.6 headlines=23
2026-04-27T16:14:56 UTC | INFO     | news_collector | Sector confirmed: energy score=10.8 headlines=5
2026-04-27T16:14:56 UTC | INFO     | news_collector | Sector confirmed: materials score=8.6 headlines=5
2026-04-27T16:14:56 UTC | INFO     | news_collector | Sector confirmed: consumer_staples score=8.6 headlines=6
2026-04-27T16:14:56 UTC | INFO     | news_collector | Sector gated: defense score=3.8 headlines=2 (need score>=4, headlines>=2)
2026-04-27T16:14:56 UTC | INFO     | news_collector | Confirmed sectors: ['technology', 'industrials', 'utilities', 'financials', 'real_estate', 'consumer_discretionary', 'energy', 'materials', 'consumer_staples']
2026-04-27T16:14:56 UTC | INFO     | market_collector | get_index_history dow: 30 points
2026-04-27T16:14:56 UTC | INFO     | market_collector | get_index_history sp500: 30 points
2026-04-27T16:14:56 UTC | INFO     | market_collector | get_index_history nasdaq: 30 points
2026-04-27T16:14:56 UTC | INFO     | main | News: 39 articles, 9 candidate sectors
2026-04-27T16:14:56 UTC | INFO     | news_impact_scorer | SPY day move: 0.00%
2026-04-27T16:14:56 UTC | INFO     | news_impact_scorer | Impact [technology]: sources=15 kw=20.6 spy=0.00% → impact=0.700 ✓ passes
2026-04-27T16:14:56 UTC | INFO     | news_impact_scorer | Impact [industrials]: sources=12 kw=15.1 spy=0.00% → impact=0.626 ✓ passes
2026-04-27T16:14:56 UTC | INFO     | news_impact_scorer | Impact [utilities]: sources=15 kw=23.4 spy=0.00% → impact=0.700 ✓ passes
2026-04-27T16:14:56 UTC | INFO     | news_impact_scorer | Impact [financials]: sources=16 kw=26.0 spy=0.00% → impact=0.700 ✓ passes
2026-04-27T16:14:56 UTC | INFO     | news_impact_scorer | Impact [real_estate]: sources=9 kw=19.6 spy=0.00% → impact=0.694 ✓ passes
2026-04-27T16:14:56 UTC | INFO     | news_impact_scorer | Impact [consumer_discretionary]: sources=23 kw=37.6 spy=0.00% → impact=0.700 ✓ passes
2026-04-27T16:14:56 UTC | INFO     | news_impact_scorer | Impact [energy]: sources=5 kw=10.8 spy=0.00% → impact=0.562 ✗ below threshold
2026-04-27T16:14:56 UTC | INFO     | news_impact_scorer | Sector dropped by impact gate: energy (sources=5 kw=10.8 spy=0.00% → impact=0.562 ✗ below threshold)
2026-04-27T16:14:56 UTC | INFO     | news_impact_scorer | Impact [materials]: sources=5 kw=8.6 spy=0.00% → impact=0.529 ✗ below threshold
2026-04-27T16:14:56 UTC | INFO     | news_impact_scorer | Sector dropped by impact gate: materials (sources=5 kw=8.6 spy=0.00% → impact=0.529 ✗ below threshold)
2026-04-27T16:14:56 UTC | INFO     | news_impact_scorer | Impact [consumer_staples]: sources=6 kw=8.6 spy=0.00% → impact=0.529 ✗ below threshold
2026-04-27T16:14:56 UTC | INFO     | news_impact_scorer | Sector dropped by impact gate: consumer_staples (sources=6 kw=8.6 spy=0.00% → impact=0.529 ✗ below threshold)
2026-04-27T16:14:56 UTC | INFO     | news_impact_scorer | Impact gate: 9 → 6 sectors passed
2026-04-27T16:14:56 UTC | INFO     | main | Momentum gate: 6 → 2 sectors
2026-04-27T16:14:56 UTC | INFO     | sector_mapper | Mapped 0 events → 0 sectors
2026-04-27T16:14:56 UTC | INFO     | sector_validator | Sector technology/XLK: sig1=False sig2=True sig3=False tf_ok=True → REJECTED
2026-04-27T16:14:56 UTC | INFO     | main | Sector technology: ETF confirmation failed
2026-04-27T16:14:56 UTC | INFO     | sector_validator | Sector utilities/XLU: sig1=True sig2=True sig3=False tf_ok=False → REJECTED
2026-04-27T16:14:56 UTC | INFO     | main | Sector utilities: ETF confirmation failed
2026-04-27T16:14:56 UTC | INFO     | main | No sectors confirmed — writing empty report
2026-04-27T16:14:56 UTC | INFO     | main | Empty report written: reports/output/empty_1145-1315_2026-04-27T161456Z.html
2026-04-27T16:14:57 UTC | INFO     | main | Git: committed and pushed
2026-04-27T16:14:57 UTC | INFO     | state_manager | Slot 11:45-13:15 marked complete
2026-04-27T17:11:00 UTC | INFO     | main | ============================================================
2026-04-27T17:11:00 UTC | INFO     | main | AUTOMATED STOCK RESEARCH SYSTEM — starting run
2026-04-27T17:11:00 UTC | INFO     | main | DISCLAIMER: This system does NOT perform trading, does NOT give investment advice, and does NOT make price predictions. It is a research data aggregation and scoring tool only.
2026-04-27T17:11:00 UTC | INFO     | main | ============================================================
2026-04-27T17:11:00 UTC | INFO     | main | [SCHEDULER] Time gate passed — matched slot 11:45-13:15
2026-04-27T17:11:00 UTC | WARNING  | main | Validated tickers file is 48 days old (limit 30). Consider re-running validate_tickers.py.
2026-04-27T17:11:00 UTC | INFO     | main | Run slot: 11:45-13:15
2026-04-27T17:11:00 UTC | INFO     | main | Slot 11:45-13:15 already complete today — exiting
2026-04-27T17:53:29 UTC | INFO     | main | ============================================================
2026-04-27T17:53:29 UTC | INFO     | main | AUTOMATED STOCK RESEARCH SYSTEM — starting run
2026-04-27T17:53:29 UTC | INFO     | main | DISCLAIMER: This system does NOT perform trading, does NOT give investment advice, and does NOT make price predictions. It is a research data aggregation and scoring tool only.
2026-04-27T17:53:29 UTC | INFO     | main | ============================================================
2026-04-27T17:53:29 UTC | INFO     | main | [SCHEDULER] Time gate passed — matched slot 13:45-15:15
2026-04-27T17:53:29 UTC | WARNING  | main | Validated tickers file is 48 days old (limit 30). Consider re-running validate_tickers.py.
2026-04-27T17:53:29 UTC | INFO     | main | Run slot: 13:45-15:15
2026-04-27T17:53:30 UTC | INFO     | market_collector | Index dow: 49132.99 Falling (-0.20%)
2026-04-27T17:53:30 UTC | INFO     | market_collector | Index sp500: 7171.28 Flat (+0.09%)
2026-04-27T17:53:30 UTC | INFO     | market_collector | Index nasdaq: 24872.29 Rising (+0.14%)
2026-04-27T17:53:30 UTC | INFO     | market_regime | VIX fetched: 18.49
2026-04-27T17:53:30 UTC | INFO     | market_regime | Regime: normal vix=18.49 risk_mult=1.0 opp_mult=1.0
2026-04-27T17:53:30 UTC | INFO     | main | Regime: normal vix=18.49
2026-04-27T17:53:55 UTC | INFO     | market_breadth | Market breadth: 47/130 advancing (0.36) — weak breadth — most stocks declining
2026-04-27T17:53:55 UTC | INFO     | spy_sma | [SPY] price=714.75 sma200=665.99 above=True
2026-04-27T17:53:59 UTC | INFO     | market_breadth | [B200] 80/125 above 200d SMA = 64.0%
2026-04-27T17:53:59 UTC | INFO     | market_regime_classifier | [MRC] regime=BULL score=3 spy_above=True vix=18.49 breadth_pct=64.0
2026-04-27T17:53:59 UTC | INFO     | main | [MR] market_regime=BULL score=3 breadth_pct=64.0
2026-04-27T17:54:00 UTC | INFO     | sector_breadth_ma | Sector breadth MA technology: 8/10 = 0.80 (sector is genuinely strong)
2026-04-27T17:54:00 UTC | INFO     | sector_breadth_ma | Sector breadth MA semiconductors: 10/10 = 1.00 (sector is genuinely strong)
2026-04-27T17:54:01 UTC | INFO     | sector_breadth_ma | Sector breadth MA healthcare: 1/10 = 0.10 (sector is structurally weak)
2026-04-27T17:54:02 UTC | INFO     | sector_breadth_ma | Sector breadth MA financials: 6/10 = 0.60 (healthy participation)
2026-04-27T17:54:03 UTC | INFO     | sector_breadth_ma | Sector breadth MA consumer_discretionary: 4/10 = 0.40 (mixed signals)
2026-04-27T17:54:04 UTC | INFO     | sector_breadth_ma | Sector breadth MA consumer_staples: 2/10 = 0.20 (sector is structurally weak)
2026-04-27T17:54:06 UTC | INFO     | sector_breadth_ma | Sector breadth MA industrials: 7/10 = 0.70 (healthy participation)
2026-04-27T17:54:07 UTC | INFO     | sector_breadth_ma | Sector breadth MA defense: 1/10 = 0.10 (sector is structurally weak)
2026-04-27T17:54:08 UTC | INFO     | sector_breadth_ma | Sector breadth MA energy: 6/10 = 0.60 (healthy participation)
2026-04-27T17:54:09 UTC | INFO     | sector_breadth_ma | Sector breadth MA materials: 7/10 = 0.70 (healthy participation)
2026-04-27T17:54:10 UTC | INFO     | sector_breadth_ma | Sector breadth MA utilities: 3/10 = 0.30 (mixed signals)
2026-04-27T17:54:11 UTC | INFO     | sector_breadth_ma | Sector breadth MA real_estate: 8/10 = 0.80 (sector is genuinely strong)
2026-04-27T17:54:12 UTC | INFO     | sector_breadth_ma | Sector breadth MA communication_services: 3/10 = 0.30 (mixed signals)
2026-04-27T17:54:14 UTC | INFO     | sector_momentum | Top 5 sectors: ['semiconductors', 'technology', 'energy', 'utilities', 'consumer_staples']
2026-04-27T17:54:14 UTC | INFO     | sector_momentum | Sector momentum history updated (6 entries)
2026-04-27T17:54:14 UTC | INFO     | sector_rotation_speed | Rotation technology: rank 4 -> 2 speed=2 (gaining momentum)
2026-04-27T17:54:14 UTC | INFO     | sector_rotation_speed | Rotation healthcare: rank 7 -> 12 speed=-5 (rapidly losing strength)
2026-04-27T17:54:14 UTC | INFO     | sector_rotation_speed | Rotation financials: rank 3 -> 10 speed=-7 (rapidly losing strength)
2026-04-27T17:54:14 UTC | INFO     | sector_rotation_speed | Rotation consumer_discretionary: rank 8 -> 6 speed=2 (gaining momentum)
2026-04-27T17:54:14 UTC | INFO     | sector_rotation_speed | Rotation consumer_staples: rank 10 -> 5 speed=5 (rapidly gaining strength)
2026-04-27T17:54:14 UTC | INFO     | sector_rotation_speed | Rotation industrials: rank 6 -> 7 speed=-1 (stable)
2026-04-27T17:54:14 UTC | INFO     | sector_rotation_speed | Rotation materials: rank 13 -> 8 speed=5 (rapidly gaining strength)
2026-04-27T17:54:14 UTC | INFO     | sector_rotation_speed | Rotation energy: rank 1 -> 3 speed=-2 (losing momentum)
2026-04-27T17:54:14 UTC | INFO     | sector_rotation_speed | Rotation utilities: rank 12 -> 4 speed=8 (rapidly gaining strength)
2026-04-27T17:54:14 UTC | INFO     | sector_rotation_speed | Rotation real_estate: rank 9 -> 11 speed=-2 (losing momentum)
2026-04-27T17:54:14 UTC | INFO     | sector_rotation_speed | Rotation communication_services: rank 5 -> 9 speed=-4 (rapidly losing strength)
2026-04-27T17:54:14 UTC | INFO     | sector_rotation_speed | Rotation semiconductors: rank 2 -> 1 speed=1 (stable)
2026-04-27T17:54:14 UTC | INFO     | sector_rotation_speed | Rotation defense: rank 11 -> 13 speed=-2 (losing momentum)
2026-04-27T17:54:14 UTC | INFO     | news_collector | reuters RSS: fetched 0 articles
2026-04-27T17:54:15 UTC | INFO     | news_collector | ft RSS: fetched 10 articles
2026-04-27T17:54:15 UTC | INFO     | news_collector | Finnhub: fetched 100 articles
2026-04-27T17:54:15 UTC | INFO     | news_collector | Filter: 110 raw → 40 passed
2026-04-27T17:54:15 UTC | INFO     | news_collector | Dedup: 40 → 40 articles
2026-04-27T17:54:15 UTC | INFO     | news_collector | Sector confirmed: financials score=27.9 headlines=18
2026-04-27T17:54:15 UTC | INFO     | news_collector | Sector confirmed: real_estate score=23.4 headlines=10
2026-04-27T17:54:15 UTC | INFO     | news_collector | Sector confirmed: utilities score=26.0 headlines=15
2026-04-27T17:54:15 UTC | INFO     | news_collector | Sector confirmed: consumer_discretionary score=38.7 headlines=25
2026-04-27T17:54:15 UTC | INFO     | news_collector | Sector confirmed: technology score=25.4 headlines=18
2026-04-27T17:54:15 UTC | INFO     | news_collector | Sector confirmed: energy score=10.8 headlines=5
2026-04-27T17:54:15 UTC | INFO     | news_collector | Sector confirmed: materials score=8.6 headlines=5
2026-04-27T17:54:15 UTC | INFO     | news_collector | Sector confirmed: consumer_staples score=6.6 headlines=5
2026-04-27T17:54:15 UTC | INFO     | news_collector | Sector confirmed: industrials score=13.2 headlines=11
2026-04-27T17:54:15 UTC | INFO     | news_collector | Sector gated: defense score=3.8 headlines=2 (need score>=4, headlines>=2)
2026-04-27T17:54:15 UTC | INFO     | news_collector | Sector gated: semiconductors score=0.9 headlines=1 (need score>=4, headlines>=2)
2026-04-27T17:54:15 UTC | INFO     | news_collector | Sector gated: communication_services score=0.8 headlines=1 (need score>=4, headlines>=2)
2026-04-27T17:54:15 UTC | INFO     | news_collector | Confirmed sectors: ['financials', 'real_estate', 'utilities', 'consumer_discretionary', 'technology', 'energy', 'materials', 'consumer_staples', 'industrials']
2026-04-27T17:54:15 UTC | INFO     | market_collector | get_index_history dow: 30 points
2026-04-27T17:54:15 UTC | INFO     | market_collector | get_index_history sp500: 30 points
2026-04-27T17:54:15 UTC | INFO     | market_collector | get_index_history nasdaq: 30 points
2026-04-27T17:54:15 UTC | INFO     | main | News: 40 articles, 9 candidate sectors
2026-04-27T17:54:15 UTC | INFO     | news_impact_scorer | SPY day move: 0.11%
2026-04-27T17:54:15 UTC | INFO     | news_impact_scorer | Impact [financials]: sources=18 kw=27.9 spy=0.11% → impact=0.716 ✓ passes
2026-04-27T17:54:15 UTC | INFO     | news_impact_scorer | Impact [real_estate]: sources=10 kw=23.4 spy=0.11% → impact=0.716 ✓ passes
2026-04-27T17:54:15 UTC | INFO     | news_impact_scorer | Impact [utilities]: sources=15 kw=25.9 spy=0.11% → impact=0.716 ✓ passes
2026-04-27T17:54:15 UTC | INFO     | news_impact_scorer | Impact [consumer_discretionary]: sources=25 kw=38.6 spy=0.11% → impact=0.716 ✓ passes
2026-04-27T17:54:15 UTC | INFO     | news_impact_scorer | Impact [technology]: sources=18 kw=25.4 spy=0.11% → impact=0.716 ✓ passes
2026-04-27T17:54:15 UTC | INFO     | news_impact_scorer | Impact [energy]: sources=5 kw=10.8 spy=0.11% → impact=0.578 ✗ below threshold
2026-04-27T17:54:15 UTC | INFO     | news_impact_scorer | Sector dropped by impact gate: energy (sources=5 kw=10.8 spy=0.11% → impact=0.578 ✗ below threshold)
2026-04-27T17:54:15 UTC | INFO     | news_impact_scorer | Impact [materials]: sources=5 kw=8.6 spy=0.11% → impact=0.545 ✗ below threshold
2026-04-27T17:54:15 UTC | INFO     | news_impact_scorer | Sector dropped by impact gate: materials (sources=5 kw=8.6 spy=0.11% → impact=0.545 ✗ below threshold)
2026-04-27T17:54:15 UTC | INFO     | news_impact_scorer | Impact [consumer_staples]: sources=5 kw=6.6 spy=0.11% → impact=0.515 ✗ below threshold
2026-04-27T17:54:15 UTC | INFO     | news_impact_scorer | Sector dropped by impact gate: consumer_staples (sources=5 kw=6.6 spy=0.11% → impact=0.515 ✗ below threshold)
2026-04-27T17:54:15 UTC | INFO     | news_impact_scorer | Impact [industrials]: sources=11 kw=13.2 spy=0.11% → impact=0.614 ✓ passes
2026-04-27T17:54:15 UTC | INFO     | news_impact_scorer | Impact gate: 9 → 6 sectors passed
2026-04-27T17:54:15 UTC | INFO     | main | Momentum gate: 6 → 2 sectors
2026-04-27T17:54:15 UTC | INFO     | sector_mapper | Mapped 0 events → 0 sectors
2026-04-27T17:54:15 UTC | INFO     | sector_validator | Sector utilities/XLU: sig1=True sig2=True sig3=False tf_ok=False → REJECTED
2026-04-27T17:54:15 UTC | INFO     | main | Sector utilities: ETF confirmation failed
2026-04-27T17:54:15 UTC | INFO     | sector_validator | Sector technology/XLK: sig1=False sig2=True sig3=False tf_ok=True → REJECTED
2026-04-27T17:54:15 UTC | INFO     | main | Sector technology: ETF confirmation failed
2026-04-27T17:54:15 UTC | INFO     | main | No sectors confirmed — writing empty report
2026-04-27T17:54:15 UTC | INFO     | main | Empty report written: reports/output/empty_1345-1515_2026-04-27T175415Z.html
2026-04-27T17:54:17 UTC | INFO     | main | Git: committed and pushed
2026-04-27T17:54:17 UTC | INFO     | state_manager | Slot 13:45-15:15 marked complete
2026-04-27T18:55:03 UTC | INFO     | main | ============================================================
2026-04-27T18:55:03 UTC | INFO     | main | AUTOMATED STOCK RESEARCH SYSTEM — starting run
2026-04-27T18:55:03 UTC | INFO     | main | DISCLAIMER: This system does NOT perform trading, does NOT give investment advice, and does NOT make price predictions. It is a research data aggregation and scoring tool only.
2026-04-27T18:55:03 UTC | INFO     | main | ============================================================
2026-04-27T18:55:03 UTC | INFO     | main | [SCHEDULER] Time gate passed — matched slot 13:45-15:15
2026-04-27T18:55:03 UTC | WARNING  | main | Validated tickers file is 48 days old (limit 30). Consider re-running validate_tickers.py.
2026-04-27T18:55:03 UTC | INFO     | main | Run slot: 13:45-15:15
2026-04-27T18:55:03 UTC | INFO     | main | Slot 13:45-15:15 already complete today — exiting
2026-04-27T19:58:39 UTC | INFO     | main | ============================================================
2026-04-27T19:58:39 UTC | INFO     | main | AUTOMATED STOCK RESEARCH SYSTEM — starting run
2026-04-27T19:58:39 UTC | INFO     | main | DISCLAIMER: This system does NOT perform trading, does NOT give investment advice, and does NOT make price predictions. It is a research data aggregation and scoring tool only.
2026-04-27T19:58:39 UTC | INFO     | main | ============================================================
2026-04-27T19:58:39 UTC | INFO     | main | [SCHEDULER] Current ET time 15:58 is outside all scheduled windows — exiting.
2026-04-27T21:15:32 UTC | INFO     | main | ============================================================
2026-04-27T21:15:32 UTC | INFO     | main | AUTOMATED STOCK RESEARCH SYSTEM — starting run
2026-04-27T21:15:32 UTC | INFO     | main | DISCLAIMER: This system does NOT perform trading, does NOT give investment advice, and does NOT make price predictions. It is a research data aggregation and scoring tool only.
2026-04-27T21:15:32 UTC | INFO     | main | ============================================================
2026-04-27T21:15:32 UTC | INFO     | main | [SCHEDULER] Time gate passed — matched slot 16:00-17:20
2026-04-27T21:15:32 UTC | WARNING  | main | Validated tickers file is 48 days old (limit 30). Consider re-running validate_tickers.py.
2026-04-27T21:15:32 UTC | INFO     | main | Run slot: 16:00-17:20
2026-04-27T21:15:33 UTC | INFO     | market_collector | Index dow: 49167.79 Falling (-0.13%)
2026-04-27T21:15:33 UTC | INFO     | market_collector | Index sp500: 7173.91 Rising (+0.12%)
2026-04-27T21:15:33 UTC | INFO     | market_collector | Index nasdaq: 24887.10 Rising (+0.20%)
2026-04-27T21:15:34 UTC | INFO     | market_regime | VIX fetched: 18.02
2026-04-27T21:15:34 UTC | INFO     | market_regime | Regime: normal vix=18.02 risk_mult=1.0 opp_mult=1.0
2026-04-27T21:15:34 UTC | INFO     | main | Regime: normal vix=18.02
2026-04-27T21:16:07 UTC | INFO     | market_breadth | Market breadth: 50/130 advancing (0.38) — weak breadth — most stocks declining
2026-04-27T21:16:07 UTC | INFO     | spy_sma | [SPY] price=715.17 sma200=665.99 above=True
2026-04-27T21:16:13 UTC | INFO     | market_breadth | [B200] 78/125 above 200d SMA = 62.4%
2026-04-27T21:16:13 UTC | INFO     | market_regime_classifier | [MRC] regime=BULL score=3 spy_above=True vix=18.02 breadth_pct=62.4
2026-04-27T21:16:13 UTC | INFO     | main | [MR] market_regime=BULL score=3 breadth_pct=62.4
2026-04-27T21:16:14 UTC | INFO     | sector_breadth_ma | Sector breadth MA technology: 8/10 = 0.80 (sector is genuinely strong)
2026-04-27T21:16:15 UTC | INFO     | sector_breadth_ma | Sector breadth MA semiconductors: 10/10 = 1.00 (sector is genuinely strong)
2026-04-27T21:16:17 UTC | INFO     | sector_breadth_ma | Sector breadth MA healthcare: 1/10 = 0.10 (sector is structurally weak)
2026-04-27T21:16:18 UTC | INFO     | sector_breadth_ma | Sector breadth MA financials: 6/10 = 0.60 (healthy participation)
2026-04-27T21:16:19 UTC | INFO     | sector_breadth_ma | Sector breadth MA consumer_discretionary: 4/10 = 0.40 (mixed signals)
2026-04-27T21:16:21 UTC | INFO     | sector_breadth_ma | Sector breadth MA consumer_staples: 3/10 = 0.30 (mixed signals)
2026-04-27T21:16:22 UTC | INFO     | sector_breadth_ma | Sector breadth MA industrials: 7/10 = 0.70 (healthy participation)
2026-04-27T21:16:23 UTC | INFO     | sector_breadth_ma | Sector breadth MA defense: 1/10 = 0.10 (sector is structurally weak)
2026-04-27T21:16:25 UTC | INFO     | sector_breadth_ma | Sector breadth MA energy: 7/10 = 0.70 (healthy participation)
2026-04-27T21:16:26 UTC | INFO     | sector_breadth_ma | Sector breadth MA materials: 7/10 = 0.70 (healthy participation)
2026-04-27T21:16:27 UTC | INFO     | sector_breadth_ma | Sector breadth MA utilities: 2/10 = 0.20 (sector is structurally weak)
2026-04-27T21:16:29 UTC | INFO     | sector_breadth_ma | Sector breadth MA real_estate: 8/10 = 0.80 (sector is genuinely strong)
2026-04-27T21:16:30 UTC | INFO     | sector_breadth_ma | Sector breadth MA communication_services: 3/10 = 0.30 (mixed signals)
2026-04-27T21:16:33 UTC | INFO     | sector_momentum | Top 5 sectors: ['semiconductors', 'technology', 'energy', 'utilities', 'consumer_staples']
2026-04-27T21:16:33 UTC | INFO     | sector_momentum | Sector momentum history updated (6 entries)
2026-04-27T21:16:33 UTC | INFO     | sector_rotation_speed | Rotation technology: rank 4 -> 2 speed=2 (gaining momentum)
2026-04-27T21:16:33 UTC | INFO     | sector_rotation_speed | Rotation healthcare: rank 7 -> 12 speed=-5 (rapidly losing strength)
2026-04-27T21:16:33 UTC | INFO     | sector_rotation_speed | Rotation financials: rank 3 -> 9 speed=-6 (rapidly losing strength)
2026-04-27T21:16:33 UTC | INFO     | sector_rotation_speed | Rotation consumer_discretionary: rank 8 -> 6 speed=2 (gaining momentum)
2026-04-27T21:16:33 UTC | INFO     | sector_rotation_speed | Rotation consumer_staples: rank 10 -> 5 speed=5 (rapidly gaining strength)
2026-04-27T21:16:33 UTC | INFO     | sector_rotation_speed | Rotation industrials: rank 6 -> 7 speed=-1 (stable)
2026-04-27T21:16:33 UTC | INFO     | sector_rotation_speed | Rotation materials: rank 13 -> 8 speed=5 (rapidly gaining strength)
2026-04-27T21:16:33 UTC | INFO     | sector_rotation_speed | Rotation energy: rank 1 -> 3 speed=-2 (losing momentum)
2026-04-27T21:16:33 UTC | INFO     | sector_rotation_speed | Rotation utilities: rank 12 -> 4 speed=8 (rapidly gaining strength)
2026-04-27T21:16:33 UTC | INFO     | sector_rotation_speed | Rotation real_estate: rank 9 -> 11 speed=-2 (losing momentum)
2026-04-27T21:16:33 UTC | INFO     | sector_rotation_speed | Rotation communication_services: rank 5 -> 10 speed=-5 (rapidly losing strength)
2026-04-27T21:16:33 UTC | INFO     | sector_rotation_speed | Rotation semiconductors: rank 2 -> 1 speed=1 (stable)
2026-04-27T21:16:33 UTC | INFO     | sector_rotation_speed | Rotation defense: rank 11 -> 13 speed=-2 (losing momentum)
2026-04-27T21:16:33 UTC | INFO     | news_collector | reuters RSS: fetched 0 articles
2026-04-27T21:16:34 UTC | INFO     | news_collector | ft RSS: fetched 12 articles
2026-04-27T21:16:35 UTC | INFO     | news_collector | Finnhub: fetched 100 articles
2026-04-27T21:16:35 UTC | INFO     | news_collector | Filter: 112 raw → 43 passed
2026-04-27T21:16:35 UTC | INFO     | news_collector | Dedup: 43 → 43 articles
2026-04-27T21:16:35 UTC | INFO     | news_collector | Sector confirmed: consumer_discretionary score=24.5 headlines=17
2026-04-27T21:16:35 UTC | INFO     | news_collector | Sector confirmed: financials score=22.9 headlines=16
2026-04-27T21:16:35 UTC | INFO     | news_collector | Sector confirmed: industrials score=5.9 headlines=7
2026-04-27T21:16:35 UTC | INFO     | news_collector | Sector confirmed: real_estate score=15.4 headlines=7
2026-04-27T21:16:35 UTC | INFO     | news_collector | Sector confirmed: consumer_staples score=5.3 headlines=4
2026-04-27T21:16:35 UTC | INFO     | news_collector | Sector confirmed: utilities score=15.0 headlines=9
2026-04-27T21:16:35 UTC | INFO     | news_collector | Sector confirmed: technology score=15.6 headlines=12
2026-04-27T21:16:35 UTC | INFO     | news_collector | Sector gated: semiconductors score=0.9 headlines=1 (need score>=4, headlines>=2)
2026-04-27T21:16:35 UTC | INFO     | news_collector | Sector gated: communication_services score=0.8 headlines=1 (need score>=4, headlines>=2)
2026-04-27T21:16:35 UTC | INFO     | news_collector | Sector gated: defense score=2.7 headlines=1 (need score>=4, headlines>=2)
2026-04-27T21:16:35 UTC | INFO     | news_collector | Sector gated: energy score=2.2 headlines=1 (need score>=4, headlines>=2)
2026-04-27T21:16:35 UTC | INFO     | news_collector | Sector gated: materials score=2.0 headlines=1 (need score>=4, headlines>=2)
2026-04-27T21:16:35 UTC | INFO     | news_collector | Confirmed sectors: ['consumer_discretionary', 'financials', 'industrials', 'real_estate', 'consumer_staples', 'utilities', 'technology']
2026-04-27T21:16:35 UTC | INFO     | market_collector | get_index_history dow: 30 points
2026-04-27T21:16:35 UTC | INFO     | market_collector | get_index_history sp500: 30 points
2026-04-27T21:16:35 UTC | INFO     | market_collector | get_index_history nasdaq: 30 points
2026-04-27T21:16:35 UTC | INFO     | main | News: 43 articles, 7 candidate sectors
2026-04-27T21:16:35 UTC | INFO     | news_impact_scorer | SPY day move: 0.17%
2026-04-27T21:16:35 UTC | INFO     | news_impact_scorer | Impact [consumer_discretionary]: sources=17 kw=24.5 spy=0.17% → impact=0.726 ✓ passes
2026-04-27T21:16:35 UTC | INFO     | news_impact_scorer | Impact [financials]: sources=16 kw=22.9 spy=0.17% → impact=0.726 ✓ passes
2026-04-27T21:16:35 UTC | INFO     | news_impact_scorer | Impact [industrials]: sources=7 kw=5.8 spy=0.17% → impact=0.514 ✗ below threshold
2026-04-27T21:16:35 UTC | INFO     | news_impact_scorer | Sector dropped by impact gate: industrials (sources=7 kw=5.8 spy=0.17% → impact=0.514 ✗ below threshold)
2026-04-27T21:16:35 UTC | INFO     | news_impact_scorer | Impact [real_estate]: sources=7 kw=15.4 spy=0.17% → impact=0.657 ✓ passes
2026-04-27T21:16:35 UTC | INFO     | news_impact_scorer | Impact [consumer_staples]: sources=4 kw=5.3 spy=0.17% → impact=0.505 ✗ below threshold
2026-04-27T21:16:35 UTC | INFO     | news_impact_scorer | Sector dropped by impact gate: consumer_staples (sources=4 kw=5.3 spy=0.17% → impact=0.505 ✗ below threshold)
2026-04-27T21:16:35 UTC | INFO     | news_impact_scorer | Impact [utilities]: sources=9 kw=15.0 spy=0.17% → impact=0.651 ✓ passes
2026-04-27T21:16:35 UTC | INFO     | news_impact_scorer | Impact [technology]: sources=12 kw=15.6 spy=0.17% → impact=0.660 ✓ passes
2026-04-27T21:16:35 UTC | INFO     | news_impact_scorer | Impact gate: 7 → 5 sectors passed
2026-04-27T21:16:35 UTC | INFO     | main | Momentum gate: 5 → 2 sectors
2026-04-27T21:16:35 UTC | INFO     | sector_mapper | Mapped 0 events → 0 sectors
2026-04-27T21:16:35 UTC | INFO     | sector_validator | Sector utilities/XLU: sig1=True sig2=True sig3=False tf_ok=False → REJECTED
2026-04-27T21:16:35 UTC | INFO     | main | Sector utilities: ETF confirmation failed
2026-04-27T21:16:35 UTC | INFO     | sector_validator | Sector technology/XLK: sig1=True sig2=True sig3=False tf_ok=True → CONFIRMED
2026-04-27T21:16:35 UTC | INFO     | main | Confirmed sectors: ['technology']
2026-04-27T21:16:36 UTC | INFO     | financial_parser | AAPL: using cached financials (4d old)
2026-04-27T21:16:36 UTC | INFO     | main | DEBUG filter AAPL: ok=True reason=
2026-04-27T21:16:36 UTC | INFO     | volume_confirmation | AAPL volume ratio=0.98 score=0.33 label=normal trading activity
2026-04-27T21:16:36 UTC | INFO     | risk_adjusted_momentum | AAPL RAM raw=2.28 score=0.61
2026-04-27T21:16:36 UTC | INFO     | multi_timeframe_momentum | AAPL MTF 1m=5.8207070257585665 3m=4.8746682842487505 6m=3.2899613474389953 score=0.58
2026-04-27T21:16:37 UTC | INFO     | trend_stability | AAPL trend stability: dev=0.0252 score=0.75
2026-04-27T21:16:37 UTC | INFO     | drawdown_risk | AAPL drawdown=3.7% score=0.91
2026-04-27T21:16:37 UTC | INFO     | risk_model | Earnings proximity penalty: 3 days away
2026-04-27T21:16:37 UTC | INFO     | risk_model | Risk score: raw=13.9 penalty=10 mult=1.0 final=23.9
2026-04-27T21:16:37 UTC | INFO     | opportunity_model | Opp score: b1=52.9 b2=57.0 b3=54.7 raw=54.9 x1.0 x0.85 = 46.7
2026-04-27T21:16:37 UTC | INFO     | signal_agreement | Signal agreement: m=0.61 s=0.92 e=0.50 v=0.33 -> 0.092
2026-04-27T21:16:37 UTC | INFO     | opportunity_model | Composite confidence: 54.8 (Moderate confidence)
2026-04-27T21:16:37 UTC | INFO     | main | DEBUG confidence AAPL: conf=54.8 min=35 risk=23.9 opp=46.7
2026-04-27T21:16:37 UTC | INFO     | financial_parser | MSFT: using cached financials (4d old)
2026-04-27T21:16:37 UTC | INFO     | main | DEBUG filter MSFT: ok=True reason=
2026-04-27T21:16:37 UTC | INFO     | volume_confirmation | MSFT volume ratio=0.93 score=0.31 label=normal trading activity
2026-04-27T21:16:37 UTC | INFO     | risk_adjusted_momentum | MSFT RAM raw=-5.14 score=0.24
2026-04-27T21:16:37 UTC | INFO     | multi_timeframe_momentum | MSFT MTF 1m=16.080554664923298 3m=-9.460396921192151 6m=-18.052375359332085 score=0.38
2026-04-27T21:16:37 UTC | INFO     | trend_stability | MSFT trend stability: dev=0.0612 score=0.39
2026-04-27T21:16:37 UTC | INFO     | drawdown_risk | MSFT drawdown=12.8% score=0.68
2026-04-27T21:16:37 UTC | INFO     | risk_model | Earnings proximity penalty: 2 days away
2026-04-27T21:16:37 UTC | INFO     | risk_model | Risk score: raw=11.8 penalty=10 mult=1.0 final=21.8
2026-04-27T21:16:37 UTC | INFO     | opportunity_model | Opp score: b1=63.3 b2=39.2 b3=53.9 raw=51.8 x1.0 x0.85 = 44.0
2026-04-27T21:16:37 UTC | INFO     | signal_agreement | Signal agreement: m=0.24 s=0.92 e=0.50 v=0.31 -> 0.034
2026-04-27T21:16:37 UTC | INFO     | opportunity_model | Composite confidence: 53.4 (Moderate confidence)
2026-04-27T21:16:37 UTC | INFO     | main | DEBUG confidence MSFT: conf=53.4 min=35 risk=21.8 opp=44.0
2026-04-27T21:16:37 UTC | INFO     | financial_parser | NVDA: using cached financials (4d old)
2026-04-27T21:16:37 UTC | INFO     | main | DEBUG filter NVDA: ok=True reason=
2026-04-27T21:16:37 UTC | INFO     | main | AV budget exhausted — skipping AV for NVDA
2026-04-27T21:16:37 UTC | INFO     | volume_confirmation | NVDA volume ratio=1.15 score=0.38 label=normal trading activity
2026-04-27T21:16:38 UTC | INFO     | risk_adjusted_momentum | NVDA RAM raw=6.28 score=0.81
2026-04-27T21:16:38 UTC | INFO     | multi_timeframe_momentum | NVDA MTF 1m=26.494974107553787 3m=16.16974105301077 6m=18.925003478759294 score=0.82
2026-04-27T21:16:38 UTC | INFO     | trend_stability | NVDA trend stability: dev=0.0844 score=0.16
2026-04-27T21:16:38 UTC | INFO     | drawdown_risk | NVDA drawdown=0.0% score=1.00
2026-04-27T21:16:38 UTC | INFO     | risk_model | Risk score: raw=19.3 penalty=0 mult=1.0 final=19.3
2026-04-27T21:16:38 UTC | INFO     | opportunity_model | Opp score: b1=85.6 b2=68.1 b3=56.9 raw=72.9 x1.0 x0.85 = 61.9
2026-04-27T21:16:38 UTC | INFO     | signal_agreement | Signal agreement: m=0.81 s=0.92 e=0.50 v=0.38 -> 0.143
2026-04-27T21:16:38 UTC | INFO     | opportunity_model | Composite confidence: 62.8 (Moderate confidence)
2026-04-27T21:16:38 UTC | INFO     | main | DEBUG confidence NVDA: conf=62.8 min=35 risk=19.3 opp=61.9
2026-04-27T21:16:38 UTC | INFO     | financial_parser | AVGO: using cached financials (4d old)
2026-04-27T21:16:38 UTC | INFO     | main | DEBUG filter AVGO: ok=True reason=
2026-04-27T21:16:38 UTC | INFO     | main | AV budget exhausted — skipping AV for AVGO
2026-04-27T21:16:38 UTC | INFO     | volume_confirmation | AVGO volume ratio=0.70 score=0.23 label=lower activity than usual
2026-04-27T21:16:38 UTC | INFO     | risk_adjusted_momentum | AVGO RAM raw=9.91 score=1.00
2026-04-27T21:16:38 UTC | INFO     | multi_timeframe_momentum | AVGO MTF 1m=35.15609658672019 3m=29.00639610513705 6m=21.955071912901605 score=0.97
2026-04-27T21:16:38 UTC | INFO     | trend_stability | AVGO trend stability: dev=0.1938 score=0.00
2026-04-27T21:16:39 UTC | INFO     | drawdown_risk | AVGO drawdown=1.1% score=0.97
2026-04-27T21:16:39 UTC | INFO     | risk_model | Risk score: raw=13.6 penalty=0 mult=1.0 final=13.6
2026-04-27T21:16:39 UTC | INFO     | opportunity_model | Opp score: b1=45.4 b2=76.4 b3=51.0 raw=58.9 x1.0 x0.85 = 50.1
2026-04-27T21:16:39 UTC | INFO     | signal_agreement | Signal agreement: m=0.99 s=0.92 e=0.50 v=0.23 -> 0.107
2026-04-27T21:16:39 UTC | INFO     | opportunity_model | Composite confidence: 59.9 (Moderate confidence)
2026-04-27T21:16:39 UTC | INFO     | main | DEBUG confidence AVGO: conf=59.9 min=35 risk=13.6 opp=50.1
2026-04-27T21:16:39 UTC | INFO     | financial_parser | ORCL: using cached financials (4d old)
2026-04-27T21:16:39 UTC | INFO     | main | DEBUG filter ORCL: ok=False reason=debt-to-equity 4.15 above 2.5 threshold
2026-04-27T21:16:39 UTC | INFO     | financial_parser | ADBE: using cached financials (4d old)
2026-04-27T21:16:39 UTC | INFO     | main | DEBUG filter ADBE: ok=True reason=
2026-04-27T21:16:39 UTC | INFO     | main | AV budget exhausted — skipping AV for ADBE
2026-04-27T21:16:39 UTC | INFO     | volume_confirmation | ADBE volume ratio=0.82 score=0.27 label=normal trading activity
2026-04-27T21:16:39 UTC | INFO     | risk_adjusted_momentum | ADBE RAM raw=-7.39 score=0.13
2026-04-27T21:16:39 UTC | INFO     | multi_timeframe_momentum | ADBE MTF 1m=-0.6517798457296422 3m=-21.465608886872545 6m=-32.42121290569885 score=0.16
2026-04-27T21:16:39 UTC | INFO     | trend_stability | ADBE trend stability: dev=0.0523 score=0.48
2026-04-27T21:16:39 UTC | INFO     | drawdown_risk | ADBE drawdown=33.1% score=0.17
2026-04-27T21:16:39 UTC | INFO     | risk_model | Risk score: raw=30.5 penalty=0 mult=1.0 final=30.5
2026-04-27T21:16:39 UTC | INFO     | opportunity_model | Opp score: b1=54.8 b2=30.7 b3=52.5 raw=44.7 x1.0 x0.85 = 38.0
2026-04-27T21:16:39 UTC | INFO     | signal_agreement | Signal agreement: m=0.13 s=0.92 e=0.50 v=0.27 -> 0.016
2026-04-27T21:16:39 UTC | INFO     | opportunity_model | Composite confidence: 47.9 (Weak confidence)
2026-04-27T21:16:39 UTC | INFO     | main | DEBUG confidence ADBE: conf=47.9 min=35 risk=30.5 opp=38.0
2026-04-27T21:16:39 UTC | INFO     | financial_parser | CRM: using cached financials (4d old)
2026-04-27T21:16:39 UTC | INFO     | main | DEBUG filter CRM: ok=True reason=
2026-04-27T21:16:39 UTC | INFO     | main | AV budget exhausted — skipping AV for CRM
2026-04-27T21:16:39 UTC | INFO     | volume_confirmation | CRM volume ratio=0.86 score=0.29 label=normal trading activity
2026-04-27T21:16:39 UTC | INFO     | risk_adjusted_momentum | CRM RAM raw=-7.36 score=0.13
2026-04-27T21:16:39 UTC | INFO     | multi_timeframe_momentum | CRM MTF 1m=-2.6984401131466758 3m=-21.259535255405744 6m=-29.064034792412624 score=0.17
2026-04-27T21:16:39 UTC | INFO     | trend_stability | CRM trend stability: dev=0.0556 score=0.44
2026-04-27T21:16:39 UTC | INFO     | drawdown_risk | CRM drawdown=32.2% score=0.20
2026-04-27T21:16:39 UTC | INFO     | risk_model | Risk score: raw=20.2 penalty=0 mult=1.0 final=20.2
2026-04-27T21:16:39 UTC | INFO     | opportunity_model | Opp score: b1=52.3 b2=31.0 b3=53.1 raw=43.9 x1.0 x0.85 = 37.3
2026-04-27T21:16:39 UTC | INFO     | signal_agreement | Signal agreement: m=0.13 s=0.92 e=0.50 v=0.29 -> 0.017
2026-04-27T21:16:39 UTC | INFO     | opportunity_model | Composite confidence: 51.3 (Moderate confidence)
2026-04-27T21:16:39 UTC | INFO     | main | DEBUG confidence CRM: conf=51.3 min=35 risk=20.2 opp=37.3
2026-04-27T21:16:39 UTC | INFO     | financial_parser | AMD: using cached financials (4d old)
2026-04-27T21:16:39 UTC | INFO     | main | DEBUG filter AMD: ok=True reason=
2026-04-27T21:16:39 UTC | INFO     | main | AV budget exhausted — skipping AV for AMD
2026-04-27T21:16:40 UTC | INFO     | volume_confirmation | AMD volume ratio=1.36 score=0.45 label=higher activity than usual
2026-04-27T21:16:40 UTC | INFO     | risk_adjusted_momentum | AMD RAM raw=7.38 score=0.87
2026-04-27T21:16:40 UTC | INFO     | multi_timeframe_momentum | AMD MTF 1m=64.21946207321987 3m=33.1542748532288 6m=42.401803081172744 score=1.00
2026-04-27T21:16:40 UTC | INFO     | trend_stability | AMD trend stability: dev=0.3095 score=0.00
2026-04-27T21:16:40 UTC | INFO     | drawdown_risk | AMD drawdown=3.8% score=0.91
2026-04-27T21:16:40 UTC | INFO     | risk_model | Risk score: raw=21.9 penalty=0 mult=1.0 final=21.9
2026-04-27T21:16:40 UTC | INFO     | opportunity_model | Opp score: b1=55.9 b2=74.0 b3=59.8 raw=63.9 x1.0 x0.85 = 54.3
2026-04-27T21:16:40 UTC | INFO     | signal_agreement | Signal agreement: m=0.87 s=0.92 e=0.50 v=0.46 -> 0.181
2026-04-27T21:16:40 UTC | INFO     | opportunity_model | Composite confidence: 60.0 (Moderate confidence)
2026-04-27T21:16:40 UTC | INFO     | main | DEBUG confidence AMD: conf=60.0 min=35 risk=21.9 opp=54.3
2026-04-27T21:16:40 UTC | INFO     | financial_parser | INTC: using cached financials (4d old)
2026-04-27T21:16:40 UTC | INFO     | main | DEBUG filter INTC: ok=True reason=
2026-04-27T21:16:40 UTC | INFO     | main | AV budget exhausted — skipping AV for INTC
2026-04-27T21:16:40 UTC | INFO     | volume_confirmation | INTC volume ratio=1.61 score=0.54 label=higher activity than usual
2026-04-27T21:16:40 UTC | INFO     | risk_adjusted_momentum | INTC RAM raw=18.81 score=1.00
2026-04-27T21:16:40 UTC | INFO     | multi_timeframe_momentum | INTC MTF 1m=92.72109025954649 3m=100.02352202033684 6m=122.72012107865164 score=1.00
2026-04-27T21:16:40 UTC | INFO     | trend_stability | INTC trend stability: dev=0.3886 score=0.00
2026-04-27T21:16:41 UTC | INFO     | drawdown_risk | INTC drawdown=0.0% score=1.00
2026-04-27T21:16:41 UTC | INFO     | risk_model | Risk score: raw=32.7 penalty=0 mult=1.0 final=32.7
2026-04-27T21:16:41 UTC | INFO     | opportunity_model | Opp score: b1=11.2 b2=77.3 b3=63.0 raw=48.0 x1.0 x0.85 = 40.8
2026-04-27T21:16:41 UTC | INFO     | signal_agreement | Signal agreement: m=1.00 s=0.92 e=0.50 v=0.54 -> 0.246
2026-04-27T21:16:41 UTC | INFO     | opportunity_model | Composite confidence: 52.8 (Moderate confidence)
2026-04-27T21:16:41 UTC | INFO     | main | DEBUG confidence INTC: conf=52.8 min=35 risk=32.7 opp=40.8
2026-04-27T21:16:41 UTC | INFO     | financial_parser | QCOM: using cached financials (4d old)
2026-04-27T21:16:41 UTC | INFO     | main | DEBUG filter QCOM: ok=True reason=
2026-04-27T21:16:41 UTC | INFO     | main | AV budget exhausted — skipping AV for QCOM
2026-04-27T21:16:41 UTC | INFO     | volume_confirmation | QCOM volume ratio=3.32 score=1.00 label=unusually high trading activity
2026-04-27T21:16:41 UTC | INFO     | unusual_volume | QCOM UNUSUAL VOLUME: ratio=3.3x — very unusual trading volume
2026-04-27T21:16:41 UTC | INFO     | risk_adjusted_momentum | QCOM RAM raw=-0.53 score=0.47
2026-04-27T21:16:41 UTC | INFO     | multi_timeframe_momentum | QCOM MTF 1m=15.106482484244136 3m=-2.1325837157946417 6m=-10.605515104243828 score=0.48
2026-04-27T21:16:41 UTC | INFO     | trend_stability | QCOM trend stability: dev=0.0361 score=0.64
2026-04-27T21:16:41 UTC | INFO     | drawdown_risk | QCOM drawdown=17.1% score=0.57
2026-04-27T21:16:41 UTC | INFO     | risk_model | Earnings proximity penalty: 2 days away
2026-04-27T21:16:41 UTC | INFO     | risk_model | Risk score: raw=32.3 penalty=10 mult=1.0 final=42.3
2026-04-27T21:16:41 UTC | INFO     | opportunity_model | Opp score: b1=47.1 b2=47.4 b3=81.6 raw=54.1 x1.0 x0.85 = 46.0
2026-04-27T21:16:41 UTC | INFO     | signal_agreement | Signal agreement: m=0.47 s=0.92 e=0.50 v=1.00 -> 0.217
2026-04-27T21:16:41 UTC | INFO     | opportunity_model | Composite confidence: 50.6 (Moderate confidence)
2026-04-27T21:16:41 UTC | INFO     | main | DEBUG confidence QCOM: conf=50.6 min=35 risk=42.3 opp=46.0
2026-04-27T21:16:41 UTC | INFO     | financial_parser | TXN: using cached financials (4d old)
2026-04-27T21:16:41 UTC | INFO     | main | DEBUG filter TXN: ok=True reason=
2026-04-27T21:16:41 UTC | INFO     | main | AV budget exhausted — skipping AV for TXN
2026-04-27T21:16:41 UTC | INFO     | volume_confirmation | TXN volume ratio=1.35 score=0.45 label=higher activity than usual
2026-04-27T21:16:41 UTC | INFO     | risk_adjusted_momentum | TXN RAM raw=11.48 score=1.00
2026-04-27T21:16:42 UTC | INFO     | multi_timeframe_momentum | TXN MTF 1m=39.34129305473835 3m=37.98214586491494 6m=58.940876029199416 score=1.00
2026-04-27T21:16:42 UTC | INFO     | trend_stability | TXN trend stability: dev=0.1366 score=0.00
2026-04-27T21:16:42 UTC | INFO     | drawdown_risk | TXN drawdown=4.5% score=0.89
2026-04-27T21:16:42 UTC | INFO     | risk_model | Risk score: raw=18.7 penalty=0 mult=1.0 final=18.7
2026-04-27T21:16:42 UTC | INFO     | opportunity_model | Opp score: b1=50.9 b2=77.3 b3=59.5 raw=63.2 x1.0 x0.85 = 53.7
2026-04-27T21:16:42 UTC | INFO     | signal_agreement | Signal agreement: m=1.00 s=0.92 e=0.50 v=0.45 -> 0.205
2026-04-27T21:16:42 UTC | INFO     | opportunity_model | Composite confidence: 61.4 (Moderate confidence)
2026-04-27T21:16:42 UTC | INFO     | main | DEBUG confidence TXN: conf=61.4 min=35 risk=18.7 opp=53.7
2026-04-27T21:16:42 UTC | INFO     | financial_parser | NOW: using cached financials (4d old)
2026-04-27T21:16:42 UTC | INFO     | main | DEBUG filter NOW: ok=True reason=
2026-04-27T21:16:42 UTC | INFO     | main | AV budget exhausted — skipping AV for NOW
2026-04-27T21:16:42 UTC | INFO     | volume_confirmation | NOW volume ratio=1.28 score=0.43 label=higher activity than usual
2026-04-27T21:16:42 UTC | INFO     | risk_adjusted_momentum | NOW RAM raw=-7.32 score=0.13
2026-04-27T21:16:42 UTC | INFO     | multi_timeframe_momentum | NOW MTF 1m=-12.726748860559784 3m=-33.6585012632093 6m=-51.845780250333696 score=0.00
2026-04-27T21:16:42 UTC | INFO     | trend_stability | NOW trend stability: dev=0.1258 score=0.00
2026-04-27T21:16:42 UTC | INFO     | drawdown_risk | NOW drawdown=42.3% score=0.00
2026-04-27T21:16:42 UTC | INFO     | risk_model | Risk score: raw=20.6 penalty=0 mult=1.0 final=20.6
2026-04-27T21:16:42 UTC | INFO     | opportunity_model | Opp score: b1=47.3 b2=26.9 b3=58.7 raw=41.4 x1.0 x0.85 = 35.2
2026-04-27T21:16:42 UTC | INFO     | signal_agreement | Signal agreement: m=0.13 s=0.92 e=0.50 v=0.43 -> 0.026
2026-04-27T21:16:42 UTC | INFO     | opportunity_model | Composite confidence: 50.6 (Moderate confidence)
2026-04-27T21:16:42 UTC | INFO     | main | DEBUG confidence NOW: conf=50.6 min=35 risk=20.6 opp=35.2
2026-04-27T21:16:42 UTC | INFO     | financial_parser | SNOW: using cached financials (4d old)
2026-04-27T21:16:42 UTC | INFO     | main | DEBUG filter SNOW: ok=True reason=
2026-04-27T21:16:42 UTC | INFO     | main | AV budget exhausted — skipping AV for SNOW
2026-04-27T21:16:43 UTC | INFO     | volume_confirmation | SNOW volume ratio=0.78 score=0.26 label=lower activity than usual
2026-04-27T21:16:43 UTC | INFO     | risk_adjusted_momentum | SNOW RAM raw=-7.51 score=0.12
2026-04-27T21:16:43 UTC | INFO     | multi_timeframe_momentum | SNOW MTF 1m=-11.13780670677962 3m=-31.722441859768068 6m=-42.981937282934396 score=0.00
2026-04-27T21:16:43 UTC | INFO     | trend_stability | SNOW trend stability: dev=0.1381 score=0.00
2026-04-27T21:16:43 UTC | INFO     | drawdown_risk | SNOW drawdown=38.5% score=0.04
2026-04-27T21:16:43 UTC | INFO     | risk_model | Risk score: raw=42.1 penalty=0 mult=1.0 final=42.1
2026-04-27T21:16:43 UTC | INFO     | opportunity_model | Opp score: b1=35.9 b2=26.6 b3=52.0 raw=35.4 x1.0 x0.85 = 30.1
2026-04-27T21:16:43 UTC | INFO     | signal_agreement | Signal agreement: m=0.12 s=0.92 e=0.50 v=0.26 -> 0.015
2026-04-27T21:16:43 UTC | INFO     | opportunity_model | Composite confidence: 41.1 (Weak confidence)
2026-04-27T21:16:43 UTC | INFO     | main | DEBUG confidence SNOW: conf=41.1 min=35 risk=42.1 opp=30.1
2026-04-27T21:16:43 UTC | INFO     | financial_parser | PLTR: using cached financials (4d old)
2026-04-27T21:16:43 UTC | INFO     | main | DEBUG filter PLTR: ok=True reason=
2026-04-27T21:16:43 UTC | INFO     | main | AV budget exhausted — skipping AV for PLTR
2026-04-27T21:16:43 UTC | INFO     | volume_confirmation | PLTR volume ratio=0.66 score=0.22 label=lower activity than usual
2026-04-27T21:16:43 UTC | INFO     | risk_adjusted_momentum | PLTR RAM raw=-3.65 score=0.32
2026-04-27T21:16:43 UTC | INFO     | multi_timeframe_momentum | PLTR MTF 1m=-3.0224935815054708 3m=-14.551857012929197 6m=-20.71143091140915 score=0.27
2026-04-27T21:16:43 UTC | INFO     | trend_stability | PLTR trend stability: dev=0.0391 score=0.61
2026-04-27T21:16:43 UTC | INFO     | drawdown_risk | PLTR drawdown=26.3% score=0.34
2026-04-27T21:16:43 UTC | INFO     | risk_model | Risk score: raw=21.7 penalty=0 mult=1.0 final=21.7
2026-04-27T21:16:43 UTC | INFO     | opportunity_model | Opp score: b1=77.5 b2=38.1 b3=50.4 raw=56.3 x1.0 x0.85 = 47.8
2026-04-27T21:16:43 UTC | INFO     | signal_agreement | Signal agreement: m=0.32 s=0.92 e=0.50 v=0.22 -> 0.032
2026-04-27T21:16:43 UTC | INFO     | opportunity_model | Composite confidence: 54.8 (Moderate confidence)
2026-04-27T21:16:43 UTC | INFO     | main | DEBUG confidence PLTR: conf=54.8 min=35 risk=21.7 opp=47.8
2026-04-27T21:16:43 UTC | INFO     | financial_parser | PANW: using cached financials (4d old)
2026-04-27T21:16:43 UTC | INFO     | main | DEBUG filter PANW: ok=True reason=
2026-04-27T21:16:43 UTC | INFO     | main | AV budget exhausted — skipping AV for PANW
2026-04-27T21:16:44 UTC | INFO     | volume_confirmation | PANW volume ratio=1.00 score=0.33 label=normal trading activity
2026-04-27T21:16:44 UTC | INFO     | risk_adjusted_momentum | PANW RAM raw=-0.11 score=0.49
2026-04-27T21:16:44 UTC | INFO     | multi_timeframe_momentum | PANW MTF 1m=16.973646189904002 3m=-0.7165385492736628 6m=-14.938149817575082 score=0.48
2026-04-27T21:16:44 UTC | INFO     | trend_stability | PANW trend stability: dev=0.0593 score=0.41
2026-04-27T21:16:44 UTC | INFO     | drawdown_risk | PANW drawdown=5.7% score=0.86
2026-04-27T21:16:44 UTC | INFO     | risk_model | Risk score: raw=12.1 penalty=0 mult=1.0 final=12.1
2026-04-27T21:16:44 UTC | INFO     | opportunity_model | Opp score: b1=32.1 b2=47.8 b3=54.9 raw=42.9 x1.0 x0.85 = 36.5
2026-04-27T21:16:44 UTC | INFO     | signal_agreement | Signal agreement: m=0.49 s=0.92 e=0.50 v=0.33 -> 0.076
2026-04-27T21:16:44 UTC | INFO     | opportunity_model | Composite confidence: 55.1 (Moderate confidence)
2026-04-27T21:16:44 UTC | INFO     | main | DEBUG confidence PANW: conf=55.1 min=35 risk=12.1 opp=36.5
2026-04-27T21:16:44 UTC | INFO     | financial_parser | CRWD: using cached financials (4d old)
2026-04-27T21:16:44 UTC | INFO     | main | DEBUG filter CRWD: ok=True reason=
2026-04-27T21:16:44 UTC | INFO     | main | AV budget exhausted — skipping AV for CRWD
2026-04-27T21:16:44 UTC | INFO     | volume_confirmation | CRWD volume ratio=0.62 score=0.21 label=lower activity than usual
2026-04-27T21:16:44 UTC | INFO     | risk_adjusted_momentum | CRWD RAM raw=-1.27 score=0.44
2026-04-27T21:16:44 UTC | INFO     | multi_timeframe_momentum | CRWD MTF 1m=15.788801132217554 3m=-2.929558562141325 6m=-12.906624322390236 score=0.46
2026-04-27T21:16:44 UTC | INFO     | trend_stability | CRWD trend stability: dev=0.0635 score=0.37
2026-04-27T21:16:44 UTC | INFO     | drawdown_risk | CRWD drawdown=6.9% score=0.83
2026-04-27T21:16:44 UTC | INFO     | risk_model | Risk score: raw=36.3 penalty=0 mult=1.0 final=36.3
2026-04-27T21:16:44 UTC | INFO     | opportunity_model | Opp score: b1=47.5 b2=46.0 b3=49.8 raw=47.3 x1.0 x0.85 = 40.2
2026-04-27T21:16:44 UTC | INFO     | signal_agreement | Signal agreement: m=0.44 s=0.92 e=0.50 v=0.21 -> 0.041
2026-04-27T21:16:44 UTC | INFO     | opportunity_model | Composite confidence: 47.2 (Weak confidence)
2026-04-27T21:16:44 UTC | INFO     | main | DEBUG confidence CRWD: conf=47.2 min=35 risk=36.3 opp=40.2
2026-04-27T21:16:44 UTC | INFO     | financial_parser | ZS: using cached financials (4d old)
2026-04-27T21:16:44 UTC | INFO     | main | DEBUG filter ZS: ok=True reason=
2026-04-27T21:16:44 UTC | INFO     | main | AV budget exhausted — skipping AV for ZS
2026-04-27T21:16:45 UTC | INFO     | volume_confirmation | ZS volume ratio=0.71 score=0.24 label=lower activity than usual
2026-04-27T21:16:45 UTC | INFO     | risk_adjusted_momentum | ZS RAM raw=-9.51 score=0.02
2026-04-27T21:16:45 UTC | INFO     | multi_timeframe_momentum | ZS MTF 1m=-5.222614409645539 3m=-37.492426612551014 6m=-57.92891262276272 score=0.00
2026-04-27T21:16:45 UTC | INFO     | trend_stability | ZS trend stability: dev=0.1340 score=0.00
2026-04-27T21:16:45 UTC | INFO     | drawdown_risk | ZS drawdown=42.4% score=0.00
2026-04-27T21:16:45 UTC | INFO     | risk_model | Risk score: raw=48.1 penalty=0 mult=1.0 final=48.1
2026-04-27T21:16:45 UTC | INFO     | opportunity_model | Opp score: b1=30.2 b2=24.1 b3=51.1 raw=31.9 x1.0 x0.85 = 27.2
2026-04-27T21:16:45 UTC | INFO     | signal_agreement | Signal agreement: m=0.03 s=0.92 e=0.50 v=0.24 -> 0.003
2026-04-27T21:16:45 UTC | INFO     | opportunity_model | Composite confidence: 37.7 (Weak confidence)
2026-04-27T21:16:45 UTC | INFO     | main | DEBUG confidence ZS: conf=37.7 min=35 risk=48.1 opp=27.2
2026-04-27T21:16:45 UTC | INFO     | financial_parser | FTNT: using cached financials (4d old)
2026-04-27T21:16:45 UTC | INFO     | main | DEBUG filter FTNT: ok=True reason=
2026-04-27T21:16:45 UTC | INFO     | main | AV budget exhausted — skipping AV for FTNT
2026-04-27T21:16:45 UTC | INFO     | volume_confirmation | FTNT volume ratio=0.95 score=0.32 label=normal trading activity
2026-04-27T21:16:45 UTC | INFO     | risk_adjusted_momentum | FTNT RAM raw=2.05 score=0.60
2026-04-27T21:16:45 UTC | INFO     | multi_timeframe_momentum | FTNT MTF 1m=5.726273552448769 3m=3.1298886284732825 6m=0.871303262817055 score=0.55
2026-04-27T21:16:46 UTC | INFO     | trend_stability | FTNT trend stability: dev=0.0305 score=0.70
2026-04-27T21:16:46 UTC | INFO     | drawdown_risk | FTNT drawdown=2.4% score=0.94
2026-04-27T21:16:46 UTC | INFO     | risk_model | Risk score: raw=19.0 penalty=0 mult=1.0 final=19.0
2026-04-27T21:16:46 UTC | INFO     | opportunity_model | Opp score: b1=56.5 b2=56.1 b3=54.2 raw=55.9 x1.0 x0.85 = 47.5
2026-04-27T21:16:46 UTC | INFO     | signal_agreement | Signal agreement: m=0.60 s=0.92 e=0.50 v=0.32 -> 0.087
2026-04-27T21:16:46 UTC | INFO     | opportunity_model | Composite confidence: 56.7 (Moderate confidence)
2026-04-27T21:16:46 UTC | INFO     | main | DEBUG confidence FTNT: conf=56.7 min=35 risk=19.0 opp=47.5
2026-04-27T21:16:46 UTC | INFO     | financial_parser | DDOG: using cached financials (4d old)
2026-04-27T21:16:46 UTC | INFO     | main | DEBUG filter DDOG: ok=True reason=
2026-04-27T21:16:46 UTC | INFO     | main | AV budget exhausted — skipping AV for DDOG
2026-04-27T21:16:46 UTC | INFO     | volume_confirmation | DDOG volume ratio=0.78 score=0.26 label=lower activity than usual
2026-04-27T21:16:46 UTC | INFO     | risk_adjusted_momentum | DDOG RAM raw=-0.95 score=0.45
2026-04-27T21:16:46 UTC | INFO     | multi_timeframe_momentum | DDOG MTF 1m=6.725664042719698 3m=-2.9127603522520062 6m=-15.281942164520522 score=0.42
2026-04-27T21:16:46 UTC | INFO     | trend_stability | DDOG trend stability: dev=0.0747 score=0.25
2026-04-27T21:16:46 UTC | INFO     | drawdown_risk | DDOG drawdown=6.5% score=0.84
2026-04-27T21:16:46 UTC | INFO     | risk_model | Risk score: raw=32.4 penalty=0 mult=1.0 final=32.4
2026-04-27T21:16:46 UTC | INFO     | opportunity_model | Opp score: b1=26.0 b2=45.4 b3=51.9 raw=38.9 x1.0 x0.85 = 33.1
2026-04-27T21:16:46 UTC | INFO     | signal_agreement | Signal agreement: m=0.45 s=0.92 e=0.50 v=0.26 -> 0.054
2026-04-27T21:16:46 UTC | INFO     | opportunity_model | Composite confidence: 46.3 (Weak confidence)
2026-04-27T21:16:46 UTC | INFO     | main | DEBUG confidence DDOG: conf=46.3 min=35 risk=32.4 opp=33.1
2026-04-27T21:16:46 UTC | INFO     | financial_parser | MDB: using cached financials (4d old)
2026-04-27T21:16:46 UTC | INFO     | main | DEBUG filter MDB: ok=True reason=
2026-04-27T21:16:46 UTC | INFO     | main | AV budget exhausted — skipping AV for MDB
2026-04-27T21:16:46 UTC | INFO     | volume_confirmation | MDB volume ratio=0.80 score=0.27 label=normal trading activity
2026-04-27T21:16:46 UTC | INFO     | risk_adjusted_momentum | MDB RAM raw=-7.68 score=0.12
2026-04-27T21:16:46 UTC | INFO     | multi_timeframe_momentum | MDB MTF 1m=9.57394157011979 3m=-35.71306872150456 6m=-19.887277034240054 score=0.13
2026-04-27T21:16:47 UTC | INFO     | trend_stability | MDB trend stability: dev=0.1202 score=0.00
2026-04-27T21:16:47 UTC | INFO     | drawdown_risk | MDB drawdown=40.0% score=0.00
2026-04-27T21:16:47 UTC | INFO     | risk_model | Risk score: raw=58.3 penalty=0 mult=1.0 final=58.3
2026-04-27T21:16:47 UTC | INFO     | opportunity_model | Opp score: b1=29.8 b2=29.8 b3=52.3 raw=34.3 x1.0 x0.85 = 29.1
2026-04-27T21:16:47 UTC | INFO     | signal_agreement | Signal agreement: m=0.12 s=0.92 e=0.50 v=0.27 -> 0.014
2026-04-27T21:16:47 UTC | INFO     | opportunity_model | Composite confidence: 35.1 (Weak confidence)
2026-04-27T21:16:47 UTC | INFO     | main | DEBUG confidence MDB: conf=35.1 min=35 risk=58.3 opp=29.1
2026-04-27T21:16:47 UTC | INFO     | financial_parser | NET: using cached financials (4d old)
2026-04-27T21:16:47 UTC | INFO     | main | DEBUG filter NET: ok=True reason=
2026-04-27T21:16:47 UTC | INFO     | main | AV budget exhausted — skipping AV for NET
2026-04-27T21:16:47 UTC | INFO     | volume_confirmation | NET volume ratio=0.83 score=0.28 label=normal trading activity
2026-04-27T21:16:47 UTC | INFO     | risk_adjusted_momentum | NET RAM raw=0.69 score=0.53
2026-04-27T21:16:47 UTC | INFO     | multi_timeframe_momentum | NET MTF 1m=1.061245741074774 3m=12.152095994259762 6m=-2.210353182359671 score=0.59
2026-04-27T21:16:47 UTC | INFO     | trend_stability | NET trend stability: dev=0.0492 score=0.51
2026-04-27T21:16:47 UTC | INFO     | drawdown_risk | NET drawdown=5.8% score=0.85
2026-04-27T21:16:47 UTC | INFO     | risk_model | Risk score: raw=53.3 penalty=0 mult=1.0 final=53.3
2026-04-27T21:16:47 UTC | INFO     | opportunity_model | Opp score: b1=37.0 b2=55.5 b3=52.7 raw=47.5 x1.0 x0.85 = 40.4
2026-04-27T21:16:47 UTC | INFO     | signal_agreement | Signal agreement: m=0.53 s=0.92 e=0.50 v=0.28 -> 0.068
2026-04-27T21:16:47 UTC | INFO     | opportunity_model | Composite confidence: 41.8 (Weak confidence)
2026-04-27T21:16:47 UTC | INFO     | main | DEBUG confidence NET: conf=41.8 min=35 risk=53.3 opp=40.4
2026-04-27T21:16:47 UTC | INFO     | financial_parser | TWLO: using cached financials (4d old)
2026-04-27T21:16:47 UTC | INFO     | main | DEBUG filter TWLO: ok=True reason=
2026-04-27T21:16:47 UTC | INFO     | main | AV budget exhausted — skipping AV for TWLO
2026-04-27T21:16:47 UTC | INFO     | volume_confirmation | TWLO volume ratio=0.88 score=0.29 label=normal trading activity
2026-04-27T21:16:47 UTC | INFO     | risk_adjusted_momentum | TWLO RAM raw=1.97 score=0.60
2026-04-27T21:16:47 UTC | INFO     | multi_timeframe_momentum | TWLO MTF 1m=13.076921541084472 3m=6.4342726271882755 6m=28.66810749914684 score=0.74
2026-04-27T21:16:48 UTC | INFO     | trend_stability | TWLO trend stability: dev=0.1111 score=0.00
2026-04-27T21:16:48 UTC | INFO     | drawdown_risk | TWLO drawdown=5.2% score=0.87
2026-04-27T21:16:48 UTC | INFO     | risk_model | Earnings proximity penalty: 3 days away
2026-04-27T21:16:48 UTC | INFO     | risk_model | Risk score: raw=46.4 penalty=10 mult=1.0 final=56.4
2026-04-27T21:16:48 UTC | INFO     | opportunity_model | Opp score: b1=11.9 b2=60.8 b3=53.4 raw=39.7 x1.0 x0.85 = 33.8
2026-04-27T21:16:48 UTC | INFO     | signal_agreement | Signal agreement: m=0.60 s=0.92 e=0.50 v=0.29 -> 0.081
2026-04-27T21:16:48 UTC | INFO     | opportunity_model | Composite confidence: 38.7 (Weak confidence)
2026-04-27T21:16:48 UTC | INFO     | main | DEBUG confidence TWLO: conf=38.7 min=35 risk=56.4 opp=33.8
2026-04-27T21:16:48 UTC | INFO     | financial_parser | HPE: using cached financials (4d old)
2026-04-27T21:16:48 UTC | INFO     | main | DEBUG filter HPE: ok=True reason=
2026-04-27T21:16:48 UTC | INFO     | main | AV budget exhausted — skipping AV for HPE
2026-04-27T21:16:48 UTC | INFO     | volume_confirmation | HPE volume ratio=0.48 score=0.16 label=lower activity than usual
2026-04-27T21:16:48 UTC | INFO     | risk_adjusted_momentum | HPE RAM raw=11.20 score=1.00
2026-04-27T21:16:48 UTC | INFO     | multi_timeframe_momentum | HPE MTF 1m=14.160355754380358 3m=34.78963332938984 6m=24.958095036327073 score=0.96
2026-04-27T21:16:48 UTC | INFO     | trend_stability | HPE trend stability: dev=0.1648 score=0.00
2026-04-27T21:16:48 UTC | INFO     | drawdown_risk | HPE drawdown=0.5% score=0.99
2026-04-27T21:16:48 UTC | INFO     | risk_model | Risk score: raw=34.4 penalty=0 mult=1.0 final=34.4
2026-04-27T21:16:48 UTC | INFO     | opportunity_model | Opp score: b1=22.5 b2=76.3 b3=47.9 raw=49.1 x1.0 x0.85 = 41.7
2026-04-27T21:16:48 UTC | INFO     | signal_agreement | Signal agreement: m=1.00 s=0.92 e=0.50 v=0.16 -> 0.073
2026-04-27T21:16:48 UTC | INFO     | opportunity_model | Composite confidence: 49.0 (Weak confidence)
2026-04-27T21:16:48 UTC | INFO     | main | DEBUG confidence HPE: conf=49.0 min=35 risk=34.4 opp=41.7
2026-04-27T21:16:48 UTC | INFO     | financial_parser | STX: using cached financials (4d old)
2026-04-27T21:16:48 UTC | INFO     | main | DEBUG filter STX: ok=False reason=debt-to-equity 10.47 above 2.5 threshold
2026-04-27T21:16:48 UTC | INFO     | financial_parser | WDC: using cached financials (4d old)
2026-04-27T21:16:48 UTC | INFO     | main | DEBUG filter WDC: ok=True reason=
2026-04-27T21:16:48 UTC | INFO     | main | AV budget exhausted — skipping AV for WDC
2026-04-27T21:16:49 UTC | INFO     | volume_confirmation | WDC volume ratio=0.71 score=0.24 label=lower activity than usual
2026-04-27T21:16:49 UTC | INFO     | risk_adjusted_momentum | WDC RAM raw=11.93 score=1.00
2026-04-27T21:16:49 UTC | INFO     | multi_timeframe_momentum | WDC MTF 1m=46.59959833129641 3m=66.46119823449567 6m=219.15699676786943 score=1.00
2026-04-27T21:16:49 UTC | INFO     | trend_stability | WDC trend stability: dev=0.2719 score=0.00
2026-04-27T21:16:49 UTC | INFO     | drawdown_risk | WDC drawdown=0.8% score=0.98
2026-04-27T21:16:49 UTC | INFO     | risk_model | Earnings proximity penalty: 3 days away
2026-04-27T21:16:49 UTC | INFO     | risk_model | Risk score: raw=24.7 penalty=10 mult=1.0 final=34.7
2026-04-27T21:16:49 UTC | INFO     | opportunity_model | Opp score: b1=98.1 b2=77.3 b3=51.1 raw=80.4 x1.0 x0.85 = 68.3
2026-04-27T21:16:49 UTC | INFO     | signal_agreement | Signal agreement: m=1.00 s=0.92 e=0.50 v=0.24 -> 0.109
2026-04-27T21:16:49 UTC | INFO     | opportunity_model | Composite confidence: 58.9 (Moderate confidence)
2026-04-27T21:16:49 UTC | INFO     | main | DEBUG confidence WDC: conf=58.9 min=35 risk=34.7 opp=68.3
2026-04-27T21:16:49 UTC | INFO     | financial_parser | AMAT: using cached financials (4d old)
2026-04-27T21:16:49 UTC | INFO     | main | DEBUG filter AMAT: ok=True reason=
2026-04-27T21:16:49 UTC | INFO     | main | AV budget exhausted — skipping AV for AMAT
2026-04-27T21:16:49 UTC | INFO     | volume_confirmation | AMAT volume ratio=0.94 score=0.31 label=normal trading activity
2026-04-27T21:16:49 UTC | INFO     | risk_adjusted_momentum | AMAT RAM raw=6.50 score=0.83
2026-04-27T21:16:49 UTC | INFO     | multi_timeframe_momentum | AMAT MTF 1m=19.58647170270875 3m=26.890664834310314 6m=77.77367432573162 score=1.00
2026-04-27T21:16:49 UTC | INFO     | trend_stability | AMAT trend stability: dev=0.1132 score=0.00
2026-04-27T21:16:50 UTC | INFO     | drawdown_risk | AMAT drawdown=2.9% score=0.93
2026-04-27T21:16:50 UTC | INFO     | risk_model | Risk score: raw=22.0 penalty=0 mult=1.0 final=22.0
2026-04-27T21:16:50 UTC | INFO     | opportunity_model | Opp score: b1=52.3 b2=72.9 b3=54.1 raw=60.9 x1.0 x0.85 = 51.8
2026-04-27T21:16:50 UTC | INFO     | signal_agreement | Signal agreement: m=0.82 s=0.92 e=0.50 v=0.31 -> 0.118
2026-04-27T21:16:50 UTC | INFO     | opportunity_model | Composite confidence: 57.8 (Moderate confidence)
2026-04-27T21:16:50 UTC | INFO     | main | DEBUG confidence AMAT: conf=57.8 min=35 risk=22.0 opp=51.8
2026-04-27T21:16:50 UTC | INFO     | financial_parser | KLAC: using cached financials (4d old)
2026-04-27T21:16:50 UTC | INFO     | main | DEBUG filter KLAC: ok=True reason=
2026-04-27T21:16:50 UTC | INFO     | main | AV budget exhausted — skipping AV for KLAC
2026-04-27T21:16:50 UTC | INFO     | volume_confirmation | KLAC volume ratio=1.22 score=0.41 label=higher activity than usual
2026-04-27T21:16:50 UTC | INFO     | risk_adjusted_momentum | KLAC RAM raw=4.84 score=0.74
2026-04-27T21:16:50 UTC | INFO     | multi_timeframe_momentum | KLAC MTF 1m=30.932445308608752 3m=23.294353386673645 6m=64.42285305256824 score=1.00
2026-04-27T21:16:50 UTC | INFO     | trend_stability | KLAC trend stability: dev=0.1834 score=0.00
2026-04-27T21:16:50 UTC | INFO     | drawdown_risk | KLAC drawdown=1.8% score=0.95
2026-04-27T21:16:50 UTC | INFO     | risk_model | Earnings proximity penalty: 2 days away
2026-04-27T21:16:50 UTC | INFO     | risk_model | Risk score: raw=32.5 penalty=10 mult=1.0 final=42.5
2026-04-27T21:16:50 UTC | INFO     | opportunity_model | Opp score: b1=59.4 b2=70.8 b3=57.9 raw=63.7 x1.0 x0.85 = 54.1
2026-04-27T21:16:50 UTC | INFO     | signal_agreement | Signal agreement: m=0.74 s=0.92 e=0.50 v=0.41 -> 0.138
2026-04-27T21:16:50 UTC | INFO     | opportunity_model | Composite confidence: 51.8 (Moderate confidence)
2026-04-27T21:16:50 UTC | INFO     | main | DEBUG confidence KLAC: conf=51.8 min=35 risk=42.5 opp=54.1
2026-04-27T21:16:50 UTC | INFO     | main | DEBUG candidate: AAPL risk=23.9 opp=46.7 cap=70
2026-04-27T21:16:50 UTC | INFO     | main | DEBUG candidate: MSFT risk=21.8 opp=44.0 cap=70
2026-04-27T21:16:50 UTC | INFO     | main | DEBUG candidate: NVDA risk=19.3 opp=61.9 cap=70
2026-04-27T21:16:50 UTC | INFO     | main | DEBUG candidate: AVGO risk=13.6 opp=50.1 cap=70
2026-04-27T21:16:50 UTC | INFO     | main | DEBUG candidate: ADBE risk=30.5 opp=38.0 cap=70
2026-04-27T21:16:50 UTC | INFO     | main | DEBUG candidate: CRM risk=20.2 opp=37.3 cap=70
2026-04-27T21:16:50 UTC | INFO     | main | DEBUG candidate: AMD risk=21.9 opp=54.3 cap=70
2026-04-27T21:16:50 UTC | INFO     | main | DEBUG candidate: INTC risk=32.7 opp=40.8 cap=70
2026-04-27T21:16:50 UTC | INFO     | main | DEBUG candidate: QCOM risk=42.3 opp=46.0 cap=70
2026-04-27T21:16:50 UTC | INFO     | main | DEBUG candidate: TXN risk=18.7 opp=53.7 cap=70
2026-04-27T21:16:50 UTC | INFO     | main | DEBUG candidate: NOW risk=20.6 opp=35.2 cap=70
2026-04-27T21:16:50 UTC | INFO     | main | DEBUG candidate: SNOW risk=42.1 opp=30.1 cap=70
2026-04-27T21:16:50 UTC | INFO     | main | DEBUG candidate: PLTR risk=21.7 opp=47.8 cap=70
2026-04-27T21:16:50 UTC | INFO     | main | DEBUG candidate: PANW risk=12.1 opp=36.5 cap=70
2026-04-27T21:16:50 UTC | INFO     | main | DEBUG candidate: CRWD risk=36.3 opp=40.2 cap=70
2026-04-27T21:16:50 UTC | INFO     | main | DEBUG candidate: ZS risk=48.1 opp=27.2 cap=70
2026-04-27T21:16:50 UTC | INFO     | main | DEBUG candidate: FTNT risk=19.0 opp=47.5 cap=70
2026-04-27T21:16:50 UTC | INFO     | main | DEBUG candidate: DDOG risk=32.4 opp=33.1 cap=70
2026-04-27T21:16:50 UTC | INFO     | main | DEBUG candidate: MDB risk=58.3 opp=29.1 cap=70
2026-04-27T21:16:50 UTC | INFO     | main | DEBUG candidate: NET risk=53.3 opp=40.4 cap=70
2026-04-27T21:16:50 UTC | INFO     | main | DEBUG candidate: TWLO risk=56.4 opp=33.8 cap=70
2026-04-27T21:16:50 UTC | INFO     | main | DEBUG candidate: HPE risk=34.4 opp=41.7 cap=70
2026-04-27T21:16:50 UTC | INFO     | main | DEBUG candidate: WDC risk=34.7 opp=68.3 cap=70
2026-04-27T21:16:50 UTC | INFO     | main | DEBUG candidate: AMAT risk=22.0 opp=51.8 cap=70
2026-04-27T21:16:50 UTC | INFO     | main | DEBUG candidate: KLAC risk=42.5 opp=54.1 cap=70
2026-04-27T21:16:50 UTC | INFO     | zscore_ranker | Sector cap (3): skipped TXN (technology)
2026-04-27T21:16:50 UTC | INFO     | zscore_ranker | Sector cap (3): skipped AMD (technology)
2026-04-27T21:16:50 UTC | INFO     | zscore_ranker | Sector cap (3): skipped AMAT (technology)
2026-04-27T21:16:50 UTC | INFO     | zscore_ranker | Sector cap (3): skipped FTNT (technology)
2026-04-27T21:16:50 UTC | INFO     | zscore_ranker | Sector cap (3): skipped PLTR (technology)
2026-04-27T21:16:50 UTC | INFO     | zscore_ranker | Sector cap (3): skipped AAPL (technology)
2026-04-27T21:16:50 UTC | INFO     | zscore_ranker | Sector cap (3): skipped MSFT (technology)
2026-04-27T21:16:50 UTC | INFO     | zscore_ranker | Sector cap (3): skipped PANW (technology)
2026-04-27T21:16:50 UTC | INFO     | zscore_ranker | Sector cap (3): skipped CRM (technology)
2026-04-27T21:16:50 UTC | INFO     | zscore_ranker | Sector cap (3): skipped KLAC (technology)
2026-04-27T21:16:50 UTC | INFO     | zscore_ranker | Sector cap (3): skipped NOW (technology)
2026-04-27T21:16:50 UTC | INFO     | zscore_ranker | Sector cap (3): skipped QCOM (technology)
2026-04-27T21:16:50 UTC | INFO     | zscore_ranker | Sector cap (3): skipped INTC (technology)
2026-04-27T21:16:50 UTC | INFO     | zscore_ranker | Sector cap (3): skipped HPE (technology)
2026-04-27T21:16:50 UTC | INFO     | zscore_ranker | Sector cap (3): skipped ADBE (technology)
2026-04-27T21:16:50 UTC | INFO     | zscore_ranker | Sector cap (3): skipped CRWD (technology)
2026-04-27T21:16:50 UTC | INFO     | zscore_ranker | Sector cap (3): skipped DDOG (technology)
2026-04-27T21:16:50 UTC | INFO     | zscore_ranker | Sector cap (3): skipped NET (technology)
2026-04-27T21:16:50 UTC | INFO     | zscore_ranker | Sector cap (3): skipped SNOW (technology)
2026-04-27T21:16:50 UTC | INFO     | zscore_ranker | Sector cap (3): skipped TWLO (technology)
2026-04-27T21:16:50 UTC | INFO     | zscore_ranker | Sector cap (3): skipped ZS (technology)
2026-04-27T21:16:50 UTC | INFO     | zscore_ranker | Sector cap (3): skipped MDB (technology)
2026-04-27T21:16:50 UTC | INFO     | zscore_ranker | Z-score ranking complete: 25 → 25 eligible → 3 final (max 25, cap 3/sector)
2026-04-27T21:16:50 UTC | INFO     | main | Post-ranking count: 3
2026-04-27T21:16:50 UTC | INFO     | main | Final company count after industry dedup: 3
2026-04-27T21:16:50 UTC | INFO     | main | Final company count after score stability filter: 3
2026-04-27T21:16:50 UTC | INFO     | main | [EQ] Running earnings quality analysis on 3 tickers
2026-04-27T21:16:54 UTC | INFO     | main | [EQ] AVGO: no EQ data — skipped or error
2026-04-27T21:16:54 UTC | INFO     | main | [EQ] Enrichment complete. 2 enriched / 3 total
2026-04-27T21:16:54 UTC | INFO     | main | [ROT] Running rotation analysis on 3 candidates
2026-04-27T21:16:57 UTC | INFO     | main | [ROT] Enrichment complete. 3 enriched / 3 total
2026-04-27T21:16:57 UTC | INFO     | main | [PS] Running price structure analysis on 3 tickers
2026-04-27T21:16:58 UTC | INFO     | main | [PS] Enrichment complete. 3 enriched / 3 total
2026-04-27T21:16:58 UTC | INFO     | main | [ER] Event risk enrichment complete. 3/3 processed
2026-04-27T21:17:56 UTC | INFO     | main | [INS] Insider enrichment complete. 3/3 processed
2026-04-27T21:17:56 UTC | INFO     | expectations | [EXP] NVDA: no Finnhub token — skipping beat streak
2026-04-27T21:17:56 UTC | INFO     | expectations | [EXP] AVGO: no Finnhub token — skipping beat streak
2026-04-27T21:17:56 UTC | INFO     | expectations | [EXP] WDC: no Finnhub token — skipping beat streak
2026-04-27T21:17:56 UTC | INFO     | main | [EXP] Expectations enrichment complete. 3/3 processed
2026-04-27T21:17:56 UTC | INFO     | main | [PL] Portfolio analysis complete. Selected: ['NVDA'] | Diversification: 0.5139
2026-04-27T21:17:58 UTC | INFO     | main | [PT] Paper trading complete. Open: 0 | New: 0 | Closed: 0 | Replay enriched: 0
2026-04-27T21:17:58 UTC | ERROR    | validator.contradiction | [FSV][B] INCONSISTENT: rr_override True but entry_quality is EXTENDED (expected WEAK)
2026-04-27T21:17:58 UTC | INFO     | main | [FSV] NVDA → CRITICAL | INCONSISTENT=1 QUESTIONABLE=0
2026-04-27T21:17:58 UTC | ERROR    | validator.contradiction | [FSV][B] INCONSISTENT: rr_override True but entry_quality is EXTENDED (expected WEAK)
2026-04-27T21:17:58 UTC | INFO     | main | [FSV] AVGO → CRITICAL | INCONSISTENT=1 QUESTIONABLE=0
2026-04-27T21:17:58 UTC | ERROR    | validator.contradiction | [FSV][B] INCONSISTENT: rr_override True but entry_quality is EXTENDED (expected WEAK)
2026-04-27T21:17:58 UTC | WARNING  | validator.expectation | [FSV][C] QUESTIONABLE: avg_volume 9,453,998 but liquidity risk 24.4 > 15
2026-04-27T21:17:58 UTC | INFO     | main | [FSV] WDC → CRITICAL | INCONSISTENT=1 QUESTIONABLE=1
2026-04-27T21:17:58 UTC | INFO     | dashboard_builder | tests.json updated. Total entries: 18
2026-04-27T21:17:58 UTC | INFO     | main | [Step 27m] Scheduled run log written to tests.json/tests.html
2026-04-27T21:17:58 UTC | INFO     | report_builder | Email report written: /home/runner/work/Financial_Assistant_Project/Financial_Assistant_Project/reports/output/intraday_email_1600_1720_20260427T211758Z.html
2026-04-27T21:17:58 UTC | INFO     | report_builder | Full report written: /home/runner/work/Financial_Assistant_Project/Financial_Assistant_Project/reports/output/intraday_full_1600_1720_20260427T211758Z.html
2026-04-27T21:17:58 UTC | INFO     | report_builder | Full report served at docs/reports/intraday_full_1600_1720_20260427T211758Z.html
2026-04-27T21:17:58 UTC | INFO     | dashboard_builder | News JSON written: 7 sectors
2026-04-27T21:17:58 UTC | INFO     | dashboard_builder | index.html written
2026-04-27T21:17:58 UTC | INFO     | dashboard_builder | rank.html written
2026-04-27T21:17:58 UTC | INFO     | dashboard_builder | archive.html written
2026-04-27T21:17:58 UTC | INFO     | dashboard_builder | news.html written
2026-04-27T21:17:58 UTC | INFO     | dashboard_builder | trades.json written: 0 total trades (0 real open, 0 real closed, 0 test).
2026-04-27T21:17:58 UTC | INFO     | dashboard_builder | trades.html written
2026-04-27T21:17:58 UTC | INFO     | dashboard_builder | build_dashboard complete
2026-04-27T21:17:58 UTC | INFO     | email_sender | Using pre-built HTML: /home/runner/work/Financial_Assistant_Project/Financial_Assistant_Project/reports/output/intraday_email_1600_1720_20260427T211758Z.html
2026-04-27T21:18:00 UTC | INFO     | email_sender | Email sent to francisco.ale.caballero01+stocks@gmail.com: ■ Stock Research — 16:00-17:20 Update — 3 opportunities found
2026-04-27T21:18:00 UTC | INFO     | summary_builder | Closing email written: /home/runner/work/Financial_Assistant_Project/Financial_Assistant_Project/reports/output/closing_email_20260427T211800Z.html
2026-04-27T21:18:00 UTC | INFO     | summary_builder | Closing full report written: /home/runner/work/Financial_Assistant_Project/Financial_Assistant_Project/reports/output/closing_full_20260427T211800Z.html
2026-04-27T21:18:02 UTC | INFO     | main | Git: committed and pushed
2026-04-27T21:18:02 UTC | INFO     | state_manager | Added to reported: ['NVDA', 'AVGO', 'WDC']
2026-04-27T21:18:02 UTC | INFO     | state_manager | Slot 16:00-17:20 marked complete
2026-04-27T21:18:02 UTC | INFO     | main | Run complete. Reported: ['NVDA', 'AVGO', 'WDC']
