2026-04-23T15:28:07 UTC | INFO     | main | ============================================================
2026-04-23T15:28:07 UTC | INFO     | main | AUTOMATED STOCK RESEARCH SYSTEM — starting run
2026-04-23T15:28:07 UTC | INFO     | main | DISCLAIMER: This system does NOT perform trading, does NOT give investment advice, and does NOT make price predictions. It is a research data aggregation and scoring tool only.
2026-04-23T15:28:07 UTC | INFO     | main | ============================================================
2026-04-23T15:28:07 UTC | INFO     | main | [SCHEDULER] Current ET time 11:28 is outside all scheduled windows — exiting.
2026-04-23T16:21:23 UTC | INFO     | main | ============================================================
2026-04-23T16:21:23 UTC | INFO     | main | AUTOMATED STOCK RESEARCH SYSTEM — starting run
2026-04-23T16:21:23 UTC | INFO     | main | DISCLAIMER: This system does NOT perform trading, does NOT give investment advice, and does NOT make price predictions. It is a research data aggregation and scoring tool only.
2026-04-23T16:21:23 UTC | INFO     | main | ============================================================
2026-04-23T16:21:23 UTC | INFO     | main | [SCHEDULER] Time gate passed — matched slot 11:45-13:15
2026-04-23T16:21:23 UTC | WARNING  | main | Validated tickers file is 44 days old (limit 30). Consider re-running validate_tickers.py.
2026-04-23T16:21:23 UTC | INFO     | main | Run slot: 11:45-13:15
2026-04-23T16:21:23 UTC | INFO     | state_manager | New trading day (2026-04-23) — resetting state
2026-04-23T16:21:23 UTC | INFO     | market_collector | Index dow: 49391.75 Falling (-0.20%)
2026-04-23T16:21:23 UTC | INFO     | market_collector | Index sp500: 7129.49 Falling (-0.12%)
2026-04-23T16:21:23 UTC | INFO     | market_collector | Index nasdaq: 24564.89 Falling (-0.38%)
2026-04-23T16:21:23 UTC | INFO     | market_regime | VIX fetched: 19.31
2026-04-23T16:21:23 UTC | INFO     | market_regime | Regime: normal vix=19.31 risk_mult=1.0 opp_mult=1.0
2026-04-23T16:21:23 UTC | INFO     | main | Regime: normal vix=19.31
2026-04-23T16:21:47 UTC | INFO     | market_breadth | Market breadth: 83/130 advancing (0.64) — strong breadth — most stocks rising
2026-04-23T16:21:47 UTC | INFO     | spy_sma | [SPY] price=710.54 sma200=665.06 above=True
2026-04-23T16:21:52 UTC | INFO     | market_breadth | [B200] 86/125 above 200d SMA = 68.8%
2026-04-23T16:21:52 UTC | INFO     | market_regime_classifier | [MRC] regime=BULL score=3 spy_above=True vix=19.31 breadth_pct=68.8
2026-04-23T16:21:52 UTC | INFO     | main | [MR] market_regime=BULL score=3 breadth_pct=68.8
2026-04-23T16:21:52 UTC | INFO     | sector_breadth_ma | Sector breadth MA technology: 8/10 = 0.80 (sector is genuinely strong)
2026-04-23T16:21:53 UTC | INFO     | sector_breadth_ma | Sector breadth MA semiconductors: 10/10 = 1.00 (sector is genuinely strong)
2026-04-23T16:21:54 UTC | INFO     | sector_breadth_ma | Sector breadth MA healthcare: 1/10 = 0.10 (sector is structurally weak)
2026-04-23T16:21:55 UTC | INFO     | sector_breadth_ma | Sector breadth MA financials: 8/10 = 0.80 (sector is genuinely strong)
2026-04-23T16:21:56 UTC | INFO     | sector_breadth_ma | Sector breadth MA consumer_discretionary: 4/10 = 0.40 (mixed signals)
2026-04-23T16:21:57 UTC | INFO     | sector_breadth_ma | Sector breadth MA consumer_staples: 3/10 = 0.30 (mixed signals)
2026-04-23T16:21:59 UTC | INFO     | sector_breadth_ma | Sector breadth MA industrials: 7/10 = 0.70 (healthy participation)
2026-04-23T16:22:00 UTC | INFO     | sector_breadth_ma | Sector breadth MA defense: 1/10 = 0.10 (sector is structurally weak)
2026-04-23T16:22:01 UTC | INFO     | sector_breadth_ma | Sector breadth MA energy: 6/10 = 0.60 (healthy participation)
2026-04-23T16:22:02 UTC | INFO     | sector_breadth_ma | Sector breadth MA materials: 6/10 = 0.60 (healthy participation)
2026-04-23T16:22:03 UTC | INFO     | sector_breadth_ma | Sector breadth MA utilities: 2/10 = 0.20 (sector is structurally weak)
2026-04-23T16:22:04 UTC | INFO     | sector_breadth_ma | Sector breadth MA real_estate: 9/10 = 0.90 (sector is genuinely strong)
2026-04-23T16:22:05 UTC | INFO     | sector_breadth_ma | Sector breadth MA communication_services: 5/10 = 0.50 (mixed signals)
2026-04-23T16:22:07 UTC | INFO     | sector_momentum | Top 5 sectors: ['semiconductors', 'technology', 'consumer_discretionary', 'industrials', 'consumer_staples']
2026-04-23T16:22:07 UTC | INFO     | sector_momentum | Sector momentum history updated (6 entries)
2026-04-23T16:22:07 UTC | INFO     | sector_rotation_speed | Rotation technology: rank 4 -> 2 speed=2 (gaining momentum)
2026-04-23T16:22:07 UTC | INFO     | sector_rotation_speed | Rotation healthcare: rank 7 -> 11 speed=-4 (rapidly losing strength)
2026-04-23T16:22:07 UTC | INFO     | sector_rotation_speed | Rotation financials: rank 3 -> 7 speed=-4 (rapidly losing strength)
2026-04-23T16:22:07 UTC | INFO     | sector_rotation_speed | Rotation consumer_discretionary: rank 8 -> 3 speed=5 (rapidly gaining strength)
2026-04-23T16:22:07 UTC | INFO     | sector_rotation_speed | Rotation consumer_staples: rank 10 -> 5 speed=5 (rapidly gaining strength)
2026-04-23T16:22:07 UTC | INFO     | sector_rotation_speed | Rotation industrials: rank 6 -> 4 speed=2 (gaining momentum)
2026-04-23T16:22:07 UTC | INFO     | sector_rotation_speed | Rotation materials: rank 13 -> 9 speed=4 (rapidly gaining strength)
2026-04-23T16:22:07 UTC | INFO     | sector_rotation_speed | Rotation energy: rank 1 -> 10 speed=-9 (rapidly losing strength)
2026-04-23T16:22:07 UTC | INFO     | sector_rotation_speed | Rotation utilities: rank 12 -> 12 speed=0 (stable)
2026-04-23T16:22:07 UTC | INFO     | sector_rotation_speed | Rotation real_estate: rank 9 -> 6 speed=3 (gaining momentum)
2026-04-23T16:22:07 UTC | INFO     | sector_rotation_speed | Rotation communication_services: rank 5 -> 8 speed=-3 (losing momentum)
2026-04-23T16:22:07 UTC | INFO     | sector_rotation_speed | Rotation semiconductors: rank 2 -> 1 speed=1 (stable)
2026-04-23T16:22:07 UTC | INFO     | sector_rotation_speed | Rotation defense: rank 11 -> 13 speed=-2 (losing momentum)
2026-04-23T16:22:07 UTC | INFO     | news_collector | reuters RSS: fetched 0 articles
2026-04-23T16:22:08 UTC | INFO     | news_collector | ft RSS: fetched 11 articles
2026-04-23T16:22:08 UTC | INFO     | news_collector | Finnhub: fetched 100 articles
2026-04-23T16:22:08 UTC | INFO     | news_collector | Filter: 111 raw → 37 passed
2026-04-23T16:22:08 UTC | INFO     | news_collector | Dedup: 37 → 37 articles
2026-04-23T16:22:08 UTC | INFO     | news_collector | Sector confirmed: technology score=5.0 headlines=5
2026-04-23T16:22:08 UTC | INFO     | news_collector | Sector gated: financials score=2.9 headlines=4 (need score>=4, headlines>=2)
2026-04-23T16:22:08 UTC | INFO     | news_collector | Sector confirmed: consumer_discretionary score=5.0 headlines=5
2026-04-23T16:22:08 UTC | INFO     | news_collector | Sector gated: industrials score=1.3 headlines=2 (need score>=4, headlines>=2)
2026-04-23T16:22:08 UTC | INFO     | news_collector | Sector gated: defense score=2.7 headlines=1 (need score>=4, headlines>=2)
2026-04-23T16:22:08 UTC | INFO     | news_collector | Sector gated: energy score=2.2 headlines=1 (need score>=4, headlines>=2)
2026-04-23T16:22:08 UTC | INFO     | news_collector | Sector gated: materials score=2.0 headlines=1 (need score>=4, headlines>=2)
2026-04-23T16:22:08 UTC | INFO     | news_collector | Confirmed sectors: ['technology', 'consumer_discretionary']
2026-04-23T16:22:08 UTC | INFO     | market_collector | get_index_history dow: 30 points
2026-04-23T16:22:08 UTC | INFO     | market_collector | get_index_history sp500: 30 points
2026-04-23T16:22:08 UTC | INFO     | market_collector | get_index_history nasdaq: 30 points
2026-04-23T16:22:08 UTC | INFO     | main | News: 37 articles, 2 candidate sectors
2026-04-23T16:22:08 UTC | INFO     | news_impact_scorer | SPY day move: 0.09%
2026-04-23T16:22:08 UTC | INFO     | news_impact_scorer | Impact [technology]: sources=5 kw=5.0 spy=0.09% → impact=0.489 ✗ below threshold
2026-04-23T16:22:08 UTC | INFO     | news_impact_scorer | Sector dropped by impact gate: technology (sources=5 kw=5.0 spy=0.09% → impact=0.489 ✗ below threshold)
2026-04-23T16:22:08 UTC | INFO     | news_impact_scorer | Impact [consumer_discretionary]: sources=5 kw=5.0 spy=0.09% → impact=0.489 ✗ below threshold
2026-04-23T16:22:08 UTC | INFO     | news_impact_scorer | Sector dropped by impact gate: consumer_discretionary (sources=5 kw=5.0 spy=0.09% → impact=0.489 ✗ below threshold)
2026-04-23T16:22:08 UTC | INFO     | news_impact_scorer | Impact gate: 2 → 0 sectors passed
2026-04-23T16:22:08 UTC | INFO     | main | Momentum gate: 0 → 0 sectors
2026-04-23T16:22:08 UTC | INFO     | sector_mapper | Mapped 0 events → 0 sectors
2026-04-23T16:22:08 UTC | INFO     | main | No sectors confirmed — writing empty report
2026-04-23T16:22:08 UTC | INFO     | main | Empty report written: reports/output/empty_1145-1315_2026-04-23T162208Z.html
2026-04-23T16:22:09 UTC | INFO     | main | Git: committed and pushed
2026-04-23T16:22:09 UTC | INFO     | state_manager | Slot 11:45-13:15 marked complete
2026-04-23T17:04:32 UTC | INFO     | main | ============================================================
2026-04-23T17:04:32 UTC | INFO     | main | AUTOMATED STOCK RESEARCH SYSTEM — starting run
2026-04-23T17:04:32 UTC | INFO     | main | DISCLAIMER: This system does NOT perform trading, does NOT give investment advice, and does NOT make price predictions. It is a research data aggregation and scoring tool only.
2026-04-23T17:04:32 UTC | INFO     | main | ============================================================
2026-04-23T17:04:32 UTC | INFO     | main | [SCHEDULER] Time gate passed — matched slot 11:45-13:15
2026-04-23T17:04:32 UTC | WARNING  | main | Validated tickers file is 44 days old (limit 30). Consider re-running validate_tickers.py.
2026-04-23T17:04:32 UTC | INFO     | main | Run slot: 11:45-13:15
2026-04-23T17:04:32 UTC | INFO     | main | Slot 11:45-13:15 already complete today — exiting
2026-04-23T17:58:06 UTC | INFO     | main | ============================================================
2026-04-23T17:58:06 UTC | INFO     | main | AUTOMATED STOCK RESEARCH SYSTEM — starting run
2026-04-23T17:58:06 UTC | INFO     | main | DISCLAIMER: This system does NOT perform trading, does NOT give investment advice, and does NOT make price predictions. It is a research data aggregation and scoring tool only.
2026-04-23T17:58:06 UTC | INFO     | main | ============================================================
2026-04-23T17:58:06 UTC | INFO     | main | [SCHEDULER] Time gate passed — matched slot 13:45-15:15
2026-04-23T17:58:06 UTC | WARNING  | main | Validated tickers file is 44 days old (limit 30). Consider re-running validate_tickers.py.
2026-04-23T17:58:06 UTC | INFO     | main | Run slot: 13:45-15:15
2026-04-23T17:58:06 UTC | INFO     | market_collector | Index dow: 49127.63 Falling (-0.73%)
2026-04-23T17:58:06 UTC | INFO     | market_collector | Index sp500: 7085.82 Falling (-0.73%)
2026-04-23T17:58:06 UTC | INFO     | market_collector | Index nasdaq: 24372.76 Falling (-1.16%)
2026-04-23T17:58:06 UTC | INFO     | market_regime | VIX fetched: 21.09
2026-04-23T17:58:06 UTC | INFO     | market_regime | Regime: normal vix=21.09 risk_mult=1.0 opp_mult=1.0
2026-04-23T17:58:06 UTC | INFO     | main | Regime: normal vix=21.09
2026-04-23T17:58:30 UTC | INFO     | market_breadth | Market breadth: 64/130 advancing (0.49) — neutral breadth — mixed market movement
2026-04-23T17:58:31 UTC | INFO     | spy_sma | [SPY] price=706.28 sma200=665.03 above=True
2026-04-23T17:58:35 UTC | INFO     | market_breadth | [B200] 85/125 above 200d SMA = 68.0%
2026-04-23T17:58:35 UTC | INFO     | market_regime_classifier | [MRC] regime=BULL score=2 spy_above=True vix=21.09 breadth_pct=68.0
2026-04-23T17:58:35 UTC | INFO     | main | [MR] market_regime=BULL score=2 breadth_pct=68.0
2026-04-23T17:58:35 UTC | INFO     | sector_breadth_ma | Sector breadth MA technology: 8/10 = 0.80 (sector is genuinely strong)
2026-04-23T17:58:36 UTC | INFO     | sector_breadth_ma | Sector breadth MA semiconductors: 9/10 = 0.90 (sector is genuinely strong)
2026-04-23T17:58:37 UTC | INFO     | sector_breadth_ma | Sector breadth MA healthcare: 1/10 = 0.10 (sector is structurally weak)
2026-04-23T17:58:38 UTC | INFO     | sector_breadth_ma | Sector breadth MA financials: 8/10 = 0.80 (sector is genuinely strong)
2026-04-23T17:58:39 UTC | INFO     | sector_breadth_ma | Sector breadth MA consumer_discretionary: 4/10 = 0.40 (mixed signals)
2026-04-23T17:58:40 UTC | INFO     | sector_breadth_ma | Sector breadth MA consumer_staples: 4/10 = 0.40 (mixed signals)
2026-04-23T17:58:41 UTC | INFO     | sector_breadth_ma | Sector breadth MA industrials: 7/10 = 0.70 (healthy participation)
2026-04-23T17:58:43 UTC | INFO     | sector_breadth_ma | Sector breadth MA defense: 1/10 = 0.10 (sector is structurally weak)
2026-04-23T17:58:44 UTC | INFO     | sector_breadth_ma | Sector breadth MA energy: 6/10 = 0.60 (healthy participation)
2026-04-23T17:58:46 UTC | INFO     | sector_breadth_ma | Sector breadth MA materials: 6/10 = 0.60 (healthy participation)
2026-04-23T17:58:47 UTC | INFO     | sector_breadth_ma | Sector breadth MA utilities: 2/10 = 0.20 (sector is structurally weak)
2026-04-23T17:58:48 UTC | INFO     | sector_breadth_ma | Sector breadth MA real_estate: 9/10 = 0.90 (sector is genuinely strong)
2026-04-23T17:58:49 UTC | INFO     | sector_breadth_ma | Sector breadth MA communication_services: 5/10 = 0.50 (mixed signals)
2026-04-23T17:58:52 UTC | INFO     | sector_momentum | Top 5 sectors: ['semiconductors', 'technology', 'consumer_staples', 'industrials', 'consumer_discretionary']
2026-04-23T17:58:52 UTC | INFO     | sector_momentum | Sector momentum history updated (6 entries)
2026-04-23T17:58:52 UTC | INFO     | sector_rotation_speed | Rotation technology: rank 4 -> 2 speed=2 (gaining momentum)
2026-04-23T17:58:52 UTC | INFO     | sector_rotation_speed | Rotation healthcare: rank 7 -> 11 speed=-4 (rapidly losing strength)
2026-04-23T17:58:52 UTC | INFO     | sector_rotation_speed | Rotation financials: rank 3 -> 10 speed=-7 (rapidly losing strength)
2026-04-23T17:58:52 UTC | INFO     | sector_rotation_speed | Rotation consumer_discretionary: rank 8 -> 5 speed=3 (gaining momentum)
2026-04-23T17:58:52 UTC | INFO     | sector_rotation_speed | Rotation consumer_staples: rank 10 -> 3 speed=7 (rapidly gaining strength)
2026-04-23T17:58:52 UTC | INFO     | sector_rotation_speed | Rotation industrials: rank 6 -> 4 speed=2 (gaining momentum)
2026-04-23T17:58:52 UTC | INFO     | sector_rotation_speed | Rotation materials: rank 13 -> 9 speed=4 (rapidly gaining strength)
2026-04-23T17:58:52 UTC | INFO     | sector_rotation_speed | Rotation energy: rank 1 -> 7 speed=-6 (rapidly losing strength)
2026-04-23T17:58:52 UTC | INFO     | sector_rotation_speed | Rotation utilities: rank 12 -> 12 speed=0 (stable)
2026-04-23T17:58:52 UTC | INFO     | sector_rotation_speed | Rotation real_estate: rank 9 -> 6 speed=3 (gaining momentum)
2026-04-23T17:58:52 UTC | INFO     | sector_rotation_speed | Rotation communication_services: rank 5 -> 8 speed=-3 (losing momentum)
2026-04-23T17:58:52 UTC | INFO     | sector_rotation_speed | Rotation semiconductors: rank 2 -> 1 speed=1 (stable)
2026-04-23T17:58:52 UTC | INFO     | sector_rotation_speed | Rotation defense: rank 11 -> 13 speed=-2 (losing momentum)
2026-04-23T17:58:52 UTC | INFO     | news_collector | reuters RSS: fetched 0 articles
2026-04-23T17:58:52 UTC | INFO     | news_collector | ft RSS: fetched 11 articles
2026-04-23T17:58:52 UTC | INFO     | news_collector | Finnhub: fetched 100 articles
2026-04-23T17:58:52 UTC | INFO     | news_collector | Filter: 111 raw → 34 passed
2026-04-23T17:58:52 UTC | INFO     | news_collector | Dedup: 34 → 34 articles
2026-04-23T17:58:52 UTC | INFO     | news_collector | Sector confirmed: technology score=11.1 headlines=6
2026-04-23T17:58:52 UTC | INFO     | news_collector | Sector gated: semiconductors score=4.5 headlines=1 (need score>=4, headlines>=2)
2026-04-23T17:58:52 UTC | INFO     | news_collector | Sector gated: communication_services score=3.8 headlines=1 (need score>=4, headlines>=2)
2026-04-23T17:58:52 UTC | INFO     | news_collector | Sector confirmed: industrials score=4.7 headlines=3
2026-04-23T17:58:52 UTC | INFO     | news_collector | Sector gated: utilities score=2.5 headlines=1 (need score>=4, headlines>=2)
2026-04-23T17:58:52 UTC | INFO     | news_collector | Sector confirmed: financials score=4.3 headlines=4
2026-04-23T17:58:52 UTC | INFO     | news_collector | Sector confirmed: consumer_discretionary score=6.4 headlines=5
2026-04-23T17:58:52 UTC | INFO     | news_collector | Sector gated: defense score=2.7 headlines=1 (need score>=4, headlines>=2)
2026-04-23T17:58:52 UTC | INFO     | news_collector | Sector gated: energy score=2.2 headlines=1 (need score>=4, headlines>=2)
2026-04-23T17:58:52 UTC | INFO     | news_collector | Sector gated: materials score=2.0 headlines=1 (need score>=4, headlines>=2)
2026-04-23T17:58:52 UTC | INFO     | news_collector | Confirmed sectors: ['technology', 'industrials', 'financials', 'consumer_discretionary']
2026-04-23T17:58:52 UTC | INFO     | market_collector | get_index_history dow: 30 points
2026-04-23T17:58:52 UTC | INFO     | market_collector | get_index_history sp500: 30 points
2026-04-23T17:58:52 UTC | INFO     | market_collector | get_index_history nasdaq: 30 points
2026-04-23T17:58:52 UTC | INFO     | main | News: 34 articles, 4 candidate sectors
2026-04-23T17:58:53 UTC | INFO     | news_impact_scorer | SPY day move: 0.69%
2026-04-23T17:58:53 UTC | INFO     | news_impact_scorer | Impact [technology]: sources=6 kw=11.1 spy=0.69% → impact=0.670 ✓ passes
2026-04-23T17:58:53 UTC | INFO     | news_impact_scorer | Impact [industrials]: sources=3 kw=4.7 spy=0.69% → impact=0.574 ✗ below threshold
2026-04-23T17:58:53 UTC | INFO     | news_impact_scorer | Sector dropped by impact gate: industrials (sources=3 kw=4.7 spy=0.69% → impact=0.574 ✗ below threshold)
2026-04-23T17:58:53 UTC | INFO     | news_impact_scorer | Impact [financials]: sources=4 kw=4.3 spy=0.69% → impact=0.568 ✗ below threshold
2026-04-23T17:58:53 UTC | INFO     | news_impact_scorer | Sector dropped by impact gate: financials (sources=4 kw=4.3 spy=0.69% → impact=0.568 ✗ below threshold)
2026-04-23T17:58:53 UTC | INFO     | news_impact_scorer | Impact [consumer_discretionary]: sources=5 kw=6.5 spy=0.69% → impact=0.600 ✓ passes
2026-04-23T17:58:53 UTC | INFO     | news_impact_scorer | Impact gate: 4 → 2 sectors passed
2026-04-23T17:58:53 UTC | INFO     | main | Momentum gate: 2 → 2 sectors
2026-04-23T17:58:53 UTC | INFO     | sector_mapper | Mapped 0 events → 0 sectors
2026-04-23T17:58:53 UTC | INFO     | sector_validator | Sector technology/XLK: sig1=False sig2=False sig3=False tf_ok=True → REJECTED
2026-04-23T17:58:53 UTC | INFO     | main | Sector technology: ETF confirmation failed
2026-04-23T17:58:53 UTC | INFO     | sector_validator | Sector consumer_discretionary/XLY: sig1=False sig2=False sig3=False tf_ok=False → REJECTED
2026-04-23T17:58:53 UTC | INFO     | main | Sector consumer_discretionary: ETF confirmation failed
2026-04-23T17:58:53 UTC | INFO     | main | No sectors confirmed — writing empty report
2026-04-23T17:58:53 UTC | INFO     | main | Empty report written: reports/output/empty_1345-1515_2026-04-23T175853Z.html
2026-04-23T17:58:54 UTC | INFO     | main | Git: committed and pushed
2026-04-23T17:58:54 UTC | INFO     | state_manager | Slot 13:45-15:15 marked complete
2026-04-23T18:44:58 UTC | INFO     | main | ============================================================
2026-04-23T18:44:58 UTC | INFO     | main | AUTOMATED STOCK RESEARCH SYSTEM — starting run
2026-04-23T18:44:58 UTC | INFO     | main | DISCLAIMER: This system does NOT perform trading, does NOT give investment advice, and does NOT make price predictions. It is a research data aggregation and scoring tool only.
2026-04-23T18:44:58 UTC | INFO     | main | ============================================================
2026-04-23T18:44:58 UTC | INFO     | main | [SCHEDULER] Time gate passed — matched slot 13:45-15:15
2026-04-23T18:44:58 UTC | WARNING  | main | Validated tickers file is 44 days old (limit 30). Consider re-running validate_tickers.py.
2026-04-23T18:44:58 UTC | INFO     | main | Run slot: 13:45-15:15
2026-04-23T18:44:58 UTC | INFO     | main | Slot 13:45-15:15 already complete today — exiting
2026-04-23T19:53:17 UTC | INFO     | main | ============================================================
2026-04-23T19:53:17 UTC | INFO     | main | AUTOMATED STOCK RESEARCH SYSTEM — starting run
2026-04-23T19:53:17 UTC | INFO     | main | DISCLAIMER: This system does NOT perform trading, does NOT give investment advice, and does NOT make price predictions. It is a research data aggregation and scoring tool only.
2026-04-23T19:53:17 UTC | INFO     | main | ============================================================
2026-04-23T19:53:17 UTC | INFO     | main | [SCHEDULER] Current ET time 15:53 is outside all scheduled windows — exiting.
2026-04-23T21:05:31 UTC | INFO     | main | ============================================================
2026-04-23T21:05:31 UTC | INFO     | main | AUTOMATED STOCK RESEARCH SYSTEM — starting run
2026-04-23T21:05:31 UTC | INFO     | main | DISCLAIMER: This system does NOT perform trading, does NOT give investment advice, and does NOT make price predictions. It is a research data aggregation and scoring tool only.
2026-04-23T21:05:31 UTC | INFO     | main | ============================================================
2026-04-23T21:05:31 UTC | INFO     | main | [SCHEDULER] Time gate passed — matched slot 16:00-17:20
2026-04-23T21:05:31 UTC | WARNING  | main | Validated tickers file is 44 days old (limit 30). Consider re-running validate_tickers.py.
2026-04-23T21:05:31 UTC | INFO     | main | Run slot: 16:00-17:20
2026-04-23T21:05:32 UTC | INFO     | market_collector | Index dow: 49310.32 Falling (-0.36%)
2026-04-23T21:05:32 UTC | INFO     | market_collector | Index sp500: 7108.40 Falling (-0.41%)
2026-04-23T21:05:32 UTC | INFO     | market_collector | Index nasdaq: 24438.50 Falling (-0.89%)
2026-04-23T21:05:32 UTC | INFO     | market_regime | VIX fetched: 19.31
2026-04-23T21:05:32 UTC | INFO     | market_regime | Regime: normal vix=19.31 risk_mult=1.0 opp_mult=1.0
2026-04-23T21:05:32 UTC | INFO     | main | Regime: normal vix=19.31
2026-04-23T21:05:55 UTC | INFO     | market_breadth | Market breadth: 76/130 advancing (0.58) — neutral breadth — mixed market movement
2026-04-23T21:05:55 UTC | INFO     | spy_sma | [SPY] price=708.45 sma200=665.05 above=True
2026-04-23T21:05:59 UTC | INFO     | market_breadth | [B200] 85/125 above 200d SMA = 68.0%
2026-04-23T21:05:59 UTC | INFO     | market_regime_classifier | [MRC] regime=BULL score=3 spy_above=True vix=19.31 breadth_pct=68.0
2026-04-23T21:05:59 UTC | INFO     | main | [MR] market_regime=BULL score=3 breadth_pct=68.0
2026-04-23T21:06:00 UTC | INFO     | sector_breadth_ma | Sector breadth MA technology: 8/10 = 0.80 (sector is genuinely strong)
2026-04-23T21:06:00 UTC | INFO     | sector_breadth_ma | Sector breadth MA semiconductors: 9/10 = 0.90 (sector is genuinely strong)
2026-04-23T21:06:01 UTC | INFO     | sector_breadth_ma | Sector breadth MA healthcare: 1/10 = 0.10 (sector is structurally weak)
2026-04-23T21:06:02 UTC | INFO     | sector_breadth_ma | Sector breadth MA financials: 8/10 = 0.80 (sector is genuinely strong)
2026-04-23T21:06:03 UTC | INFO     | sector_breadth_ma | Sector breadth MA consumer_discretionary: 5/10 = 0.50 (mixed signals)
2026-04-23T21:06:04 UTC | INFO     | sector_breadth_ma | Sector breadth MA consumer_staples: 3/10 = 0.30 (mixed signals)
2026-04-23T21:06:05 UTC | INFO     | sector_breadth_ma | Sector breadth MA industrials: 7/10 = 0.70 (healthy participation)
2026-04-23T21:06:06 UTC | INFO     | sector_breadth_ma | Sector breadth MA defense: 1/10 = 0.10 (sector is structurally weak)
2026-04-23T21:06:07 UTC | INFO     | sector_breadth_ma | Sector breadth MA energy: 6/10 = 0.60 (healthy participation)
2026-04-23T21:06:08 UTC | INFO     | sector_breadth_ma | Sector breadth MA materials: 6/10 = 0.60 (healthy participation)
2026-04-23T21:06:09 UTC | INFO     | sector_breadth_ma | Sector breadth MA utilities: 3/10 = 0.30 (mixed signals)
2026-04-23T21:06:10 UTC | INFO     | sector_breadth_ma | Sector breadth MA real_estate: 9/10 = 0.90 (sector is genuinely strong)
2026-04-23T21:06:11 UTC | INFO     | sector_breadth_ma | Sector breadth MA communication_services: 5/10 = 0.50 (mixed signals)
2026-04-23T21:06:13 UTC | INFO     | sector_momentum | Top 5 sectors: ['semiconductors', 'technology', 'industrials', 'consumer_staples', 'consumer_discretionary']
2026-04-23T21:06:13 UTC | INFO     | sector_momentum | Sector momentum history updated (6 entries)
2026-04-23T21:06:13 UTC | INFO     | sector_rotation_speed | Rotation technology: rank 4 -> 2 speed=2 (gaining momentum)
2026-04-23T21:06:13 UTC | INFO     | sector_rotation_speed | Rotation healthcare: rank 7 -> 11 speed=-4 (rapidly losing strength)
2026-04-23T21:06:13 UTC | INFO     | sector_rotation_speed | Rotation financials: rank 3 -> 10 speed=-7 (rapidly losing strength)
2026-04-23T21:06:13 UTC | INFO     | sector_rotation_speed | Rotation consumer_discretionary: rank 8 -> 5 speed=3 (gaining momentum)
2026-04-23T21:06:13 UTC | INFO     | sector_rotation_speed | Rotation consumer_staples: rank 10 -> 4 speed=6 (rapidly gaining strength)
2026-04-23T21:06:13 UTC | INFO     | sector_rotation_speed | Rotation industrials: rank 6 -> 3 speed=3 (gaining momentum)
2026-04-23T21:06:13 UTC | INFO     | sector_rotation_speed | Rotation materials: rank 13 -> 8 speed=5 (rapidly gaining strength)
2026-04-23T21:06:13 UTC | INFO     | sector_rotation_speed | Rotation energy: rank 1 -> 7 speed=-6 (rapidly losing strength)
2026-04-23T21:06:13 UTC | INFO     | sector_rotation_speed | Rotation utilities: rank 12 -> 12 speed=0 (stable)
2026-04-23T21:06:13 UTC | INFO     | sector_rotation_speed | Rotation real_estate: rank 9 -> 6 speed=3 (gaining momentum)
2026-04-23T21:06:13 UTC | INFO     | sector_rotation_speed | Rotation communication_services: rank 5 -> 9 speed=-4 (rapidly losing strength)
2026-04-23T21:06:13 UTC | INFO     | sector_rotation_speed | Rotation semiconductors: rank 2 -> 1 speed=1 (stable)
2026-04-23T21:06:13 UTC | INFO     | sector_rotation_speed | Rotation defense: rank 11 -> 13 speed=-2 (losing momentum)
2026-04-23T21:06:13 UTC | INFO     | news_collector | reuters RSS: fetched 0 articles
2026-04-23T21:06:13 UTC | INFO     | news_collector | ft RSS: fetched 12 articles
2026-04-23T21:06:14 UTC | INFO     | news_collector | Finnhub: fetched 100 articles
2026-04-23T21:06:14 UTC | INFO     | news_collector | Filter: 112 raw → 35 passed
2026-04-23T21:06:14 UTC | INFO     | news_collector | Dedup: 35 → 35 articles
2026-04-23T21:06:14 UTC | INFO     | news_collector | Sector confirmed: technology score=12.9 headlines=6
2026-04-23T21:06:14 UTC | INFO     | news_collector | Sector gated: semiconductors score=4.5 headlines=1 (need score>=4, headlines>=2)
2026-04-23T21:06:14 UTC | INFO     | news_collector | Sector gated: communication_services score=3.8 headlines=1 (need score>=4, headlines>=2)
2026-04-23T21:06:14 UTC | INFO     | news_collector | Sector confirmed: industrials score=4.7 headlines=3
2026-04-23T21:06:14 UTC | INFO     | news_collector | Sector confirmed: utilities score=4.3 headlines=3
2026-04-23T21:06:14 UTC | INFO     | news_collector | Sector confirmed: financials score=6.7 headlines=6
2026-04-23T21:06:14 UTC | INFO     | news_collector | Sector gated: real_estate score=0.8 headlines=1 (need score>=4, headlines>=2)
2026-04-23T21:06:14 UTC | INFO     | news_collector | Sector confirmed: consumer_discretionary score=10.8 headlines=7
2026-04-23T21:06:14 UTC | INFO     | news_collector | Sector gated: consumer_staples score=2.0 headlines=2 (need score>=4, headlines>=2)
2026-04-23T21:06:14 UTC | INFO     | news_collector | Sector gated: defense score=5.4 headlines=1 (need score>=4, headlines>=2)
2026-04-23T21:06:14 UTC | INFO     | news_collector | Sector gated: energy score=4.5 headlines=1 (need score>=4, headlines>=2)
2026-04-23T21:06:14 UTC | INFO     | news_collector | Sector gated: materials score=3.9 headlines=1 (need score>=4, headlines>=2)
2026-04-23T21:06:14 UTC | INFO     | news_collector | Confirmed sectors: ['technology', 'industrials', 'utilities', 'financials', 'consumer_discretionary']
2026-04-23T21:06:14 UTC | INFO     | market_collector | get_index_history dow: 30 points
2026-04-23T21:06:14 UTC | INFO     | market_collector | get_index_history sp500: 30 points
2026-04-23T21:06:14 UTC | INFO     | market_collector | get_index_history nasdaq: 30 points
2026-04-23T21:06:14 UTC | INFO     | main | News: 35 articles, 5 candidate sectors
2026-04-23T21:06:14 UTC | INFO     | news_impact_scorer | SPY day move: 0.39%
2026-04-23T21:06:14 UTC | INFO     | news_impact_scorer | Impact [technology]: sources=6 kw=12.9 spy=0.39% → impact=0.652 ✓ passes
2026-04-23T21:06:14 UTC | INFO     | news_impact_scorer | Impact [industrials]: sources=3 kw=4.7 spy=0.39% → impact=0.529 ✗ below threshold
2026-04-23T21:06:14 UTC | INFO     | news_impact_scorer | Sector dropped by impact gate: industrials (sources=3 kw=4.7 spy=0.39% → impact=0.529 ✗ below threshold)
2026-04-23T21:06:14 UTC | INFO     | news_impact_scorer | Impact [utilities]: sources=3 kw=4.3 spy=0.39% → impact=0.523 ✗ below threshold
2026-04-23T21:06:14 UTC | INFO     | news_impact_scorer | Sector dropped by impact gate: utilities (sources=3 kw=4.3 spy=0.39% → impact=0.523 ✗ below threshold)
2026-04-23T21:06:14 UTC | INFO     | news_impact_scorer | Impact [financials]: sources=6 kw=6.7 spy=0.39% → impact=0.559 ✗ below threshold
2026-04-23T21:06:14 UTC | INFO     | news_impact_scorer | Sector dropped by impact gate: financials (sources=6 kw=6.7 spy=0.39% → impact=0.559 ✗ below threshold)
2026-04-23T21:06:14 UTC | INFO     | news_impact_scorer | Impact [consumer_discretionary]: sources=7 kw=10.8 spy=0.39% → impact=0.621 ✓ passes
2026-04-23T21:06:14 UTC | INFO     | news_impact_scorer | Impact gate: 5 → 2 sectors passed
2026-04-23T21:06:14 UTC | INFO     | main | Momentum gate: 2 → 2 sectors
2026-04-23T21:06:14 UTC | INFO     | sector_mapper | Mapped 0 events → 0 sectors
2026-04-23T21:06:14 UTC | INFO     | sector_validator | Sector technology/XLK: sig1=False sig2=True sig3=True tf_ok=True → CONFIRMED
2026-04-23T21:06:14 UTC | INFO     | sector_validator | Sector consumer_discretionary/XLY: sig1=False sig2=False sig3=True tf_ok=True → REJECTED
2026-04-23T21:06:14 UTC | INFO     | main | Sector consumer_discretionary: ETF confirmation failed
2026-04-23T21:06:14 UTC | INFO     | main | Confirmed sectors: ['technology']
2026-04-23T21:06:14 UTC | INFO     | financial_parser | AAPL: cache expired (8d old) — refreshing
2026-04-23T21:06:15 UTC | INFO     | financial_parser | AAPL: financials fetched OK (price=273.43)
2026-04-23T21:06:15 UTC | INFO     | main | DEBUG filter AAPL: ok=True reason=
2026-04-23T21:06:15 UTC | INFO     | volume_confirmation | AAPL volume ratio=0.79 score=0.26 label=lower activity than usual
2026-04-23T21:06:15 UTC | INFO     | risk_adjusted_momentum | AAPL RAM raw=6.26 score=0.81
2026-04-23T21:06:15 UTC | INFO     | multi_timeframe_momentum | AAPL MTF 1m=8.659193029321385 3m=10.201664127715429 6m=4.255122080747344 score=0.64
2026-04-23T21:06:15 UTC | INFO     | trend_stability | AAPL trend stability: dev=0.0224 score=0.78
2026-04-23T21:06:15 UTC | INFO     | drawdown_risk | AAPL drawdown=1.7% score=0.96
2026-04-23T21:06:15 UTC | INFO     | risk_model | Risk score: raw=13.4 penalty=0 mult=1.0 final=13.4
2026-04-23T21:06:15 UTC | INFO     | opportunity_model | Opp score: b1=52.9 b2=63.4 b3=50.7 raw=56.7 x1.0 x1.0 = 56.7
2026-04-23T21:06:15 UTC | INFO     | signal_agreement | Signal agreement: m=0.81 s=0.92 e=0.50 v=0.27 -> 0.099
2026-04-23T21:06:15 UTC | INFO     | opportunity_model | Composite confidence: 61.6 (Moderate confidence)
2026-04-23T21:06:15 UTC | INFO     | main | DEBUG confidence AAPL: conf=61.6 min=35 risk=13.4 opp=56.7
2026-04-23T21:06:15 UTC | INFO     | financial_parser | MSFT: cache expired (8d old) — refreshing
2026-04-23T21:06:16 UTC | INFO     | financial_parser | MSFT: financials fetched OK (price=415.75)
2026-04-23T21:06:16 UTC | INFO     | main | DEBUG filter MSFT: ok=True reason=
2026-04-23T21:06:16 UTC | INFO     | volume_confirmation | MSFT volume ratio=1.16 score=0.39 label=normal trading activity
2026-04-23T21:06:16 UTC | INFO     | risk_adjusted_momentum | MSFT RAM raw=-4.71 score=0.26
2026-04-23T21:06:16 UTC | INFO     | multi_timeframe_momentum | MSFT MTF 1m=11.538877204611385 3m=-7.634231367460307 6m=-19.352694975112534 score=0.38
2026-04-23T21:06:16 UTC | INFO     | trend_stability | MSFT trend stability: dev=0.0591 score=0.41
2026-04-23T21:06:16 UTC | INFO     | drawdown_risk | MSFT drawdown=14.6% score=0.63
2026-04-23T21:06:16 UTC | INFO     | risk_model | Risk score: raw=12.2 penalty=0 mult=1.0 final=12.2
2026-04-23T21:06:16 UTC | INFO     | opportunity_model | Opp score: b1=63.3 b2=39.6 b3=55.6 raw=52.3 x1.0 x1.0 = 52.3
2026-04-23T21:06:16 UTC | INFO     | signal_agreement | Signal agreement: m=0.27 s=0.92 e=0.50 v=0.39 -> 0.047
2026-04-23T21:06:16 UTC | INFO     | opportunity_model | Composite confidence: 59.4 (Moderate confidence)
2026-04-23T21:06:16 UTC | INFO     | main | DEBUG confidence MSFT: conf=59.4 min=35 risk=12.2 opp=52.3
2026-04-23T21:06:16 UTC | INFO     | financial_parser | NVDA: cache expired (8d old) — refreshing
2026-04-23T21:06:17 UTC | INFO     | financial_parser | NVDA: financials fetched OK (price=199.64)
2026-04-23T21:06:17 UTC | INFO     | main | DEBUG filter NVDA: ok=True reason=
2026-04-23T21:06:17 UTC | INFO     | volume_confirmation | NVDA volume ratio=0.68 score=0.23 label=lower activity than usual
2026-04-23T21:06:17 UTC | INFO     | risk_adjusted_momentum | NVDA RAM raw=2.81 score=0.64
2026-04-23T21:06:17 UTC | INFO     | multi_timeframe_momentum | NVDA MTF 1m=13.949773325981477 3m=8.012776006772219 6m=10.213029889653933 score=0.66
2026-04-23T21:06:17 UTC | INFO     | trend_stability | NVDA trend stability: dev=0.0637 score=0.36
2026-04-23T21:06:17 UTC | INFO     | drawdown_risk | NVDA drawdown=1.4% score=0.96
2026-04-23T21:06:17 UTC | INFO     | risk_model | Risk score: raw=19.6 penalty=0 mult=1.0 final=19.6
2026-04-23T21:06:17 UTC | INFO     | opportunity_model | Opp score: b1=84.9 b2=59.8 b3=49.2 raw=67.7 x1.0 x1.0 = 67.7
2026-04-23T21:06:17 UTC | INFO     | signal_agreement | Signal agreement: m=0.64 s=0.92 e=0.50 v=0.23 -> 0.067
2026-04-23T21:06:17 UTC | INFO     | opportunity_model | Composite confidence: 62.6 (Moderate confidence)
2026-04-23T21:06:17 UTC | INFO     | main | DEBUG confidence NVDA: conf=62.6 min=35 risk=19.6 opp=67.7
2026-04-23T21:06:17 UTC | INFO     | financial_parser | AVGO: cache expired (8d old) — refreshing
2026-04-23T21:06:18 UTC | INFO     | financial_parser | AVGO: financials fetched OK (price=419.94)
2026-04-23T21:06:18 UTC | INFO     | main | DEBUG filter AVGO: ok=True reason=
2026-04-23T21:06:18 UTC | INFO     | main | AV budget exhausted — skipping AV for AVGO
2026-04-23T21:06:18 UTC | INFO     | volume_confirmation | AVGO volume ratio=0.78 score=0.26 label=lower activity than usual
2026-04-23T21:06:18 UTC | INFO     | risk_adjusted_momentum | AVGO RAM raw=11.99 score=1.00
2026-04-23T21:06:18 UTC | INFO     | multi_timeframe_momentum | AVGO MTF 1m=31.93628174543782 3m=29.28843973534972 6m=23.045025471277427 score=0.97
2026-04-23T21:06:18 UTC | INFO     | trend_stability | AVGO trend stability: dev=0.1668 score=0.00
2026-04-23T21:06:18 UTC | INFO     | drawdown_risk | AVGO drawdown=0.6% score=0.98
2026-04-23T21:06:18 UTC | INFO     | risk_model | Risk score: raw=13.5 penalty=0 mult=1.0 final=13.5
2026-04-23T21:06:18 UTC | INFO     | opportunity_model | Opp score: b1=45.4 b2=76.4 b3=50.6 raw=58.8 x1.0 x1.0 = 58.8
2026-04-23T21:06:18 UTC | INFO     | signal_agreement | Signal agreement: m=1.00 s=0.92 e=0.50 v=0.26 -> 0.120
2026-04-23T21:06:18 UTC | INFO     | opportunity_model | Composite confidence: 62.7 (Moderate confidence)
2026-04-23T21:06:18 UTC | INFO     | main | DEBUG confidence AVGO: conf=62.7 min=35 risk=13.5 opp=58.8
2026-04-23T21:06:18 UTC | INFO     | financial_parser | ORCL: cache expired (8d old) — refreshing
2026-04-23T21:06:19 UTC | INFO     | financial_parser | ORCL: financials fetched OK (price=176.28)
2026-04-23T21:06:19 UTC | INFO     | main | DEBUG filter ORCL: ok=False reason=debt-to-equity 4.15 above 2.5 threshold
2026-04-23T21:06:19 UTC | INFO     | financial_parser | ADBE: cache expired (8d old) — refreshing
2026-04-23T21:06:20 UTC | INFO     | financial_parser | ADBE: financials fetched OK (price=238.98)
2026-04-23T21:06:20 UTC | INFO     | main | DEBUG filter ADBE: ok=True reason=
2026-04-23T21:06:20 UTC | INFO     | main | AV budget exhausted — skipping AV for ADBE
2026-04-23T21:06:20 UTC | INFO     | volume_confirmation | ADBE volume ratio=1.56 score=0.52 label=higher activity than usual
2026-04-23T21:06:20 UTC | INFO     | risk_adjusted_momentum | ADBE RAM raw=-7.90 score=0.11
2026-04-23T21:06:20 UTC | INFO     | multi_timeframe_momentum | ADBE MTF 1m=0.04605040926031634 3m=-20.268245765206377 6m=-33.16179446608874 score=0.17
2026-04-23T21:06:20 UTC | INFO     | trend_stability | ADBE trend stability: dev=0.0595 score=0.41
2026-04-23T21:06:20 UTC | INFO     | drawdown_risk | ADBE drawdown=33.2% score=0.17
2026-04-23T21:06:20 UTC | INFO     | risk_model | Risk score: raw=30.5 penalty=0 mult=1.0 final=30.5
2026-04-23T21:06:20 UTC | INFO     | opportunity_model | Opp score: b1=54.8 b2=30.2 b3=60.9 raw=46.2 x1.0 x1.0 = 46.2
2026-04-23T21:06:20 UTC | INFO     | signal_agreement | Signal agreement: m=0.10 s=0.92 e=0.50 v=0.52 -> 0.025
2026-04-23T21:06:20 UTC | INFO     | opportunity_model | Composite confidence: 50.5 (Moderate confidence)
2026-04-23T21:06:20 UTC | INFO     | main | DEBUG confidence ADBE: conf=50.5 min=35 risk=30.5 opp=46.2
2026-04-23T21:06:20 UTC | INFO     | financial_parser | CRM: cache expired (8d old) — refreshing
2026-04-23T21:06:20 UTC | INFO     | financial_parser | CRM: financials fetched OK (price=173.3)
2026-04-23T21:06:20 UTC | INFO     | main | DEBUG filter CRM: ok=True reason=
2026-04-23T21:06:20 UTC | INFO     | main | AV budget exhausted — skipping AV for CRM
2026-04-23T21:06:20 UTC | INFO     | volume_confirmation | CRM volume ratio=1.63 score=0.54 label=higher activity than usual
2026-04-23T21:06:20 UTC | INFO     | risk_adjusted_momentum | CRM RAM raw=-8.46 score=0.08
2026-04-23T21:06:21 UTC | INFO     | multi_timeframe_momentum | CRM MTF 1m=-5.074079299419381 3m=-23.83119392408758 6m=-33.93801891807943 score=0.11
2026-04-23T21:06:21 UTC | INFO     | trend_stability | CRM trend stability: dev=0.0606 score=0.39
2026-04-23T21:06:21 UTC | INFO     | drawdown_risk | CRM drawdown=34.7% score=0.13
2026-04-23T21:06:21 UTC | INFO     | risk_model | Risk score: raw=20.8 penalty=0 mult=1.0 final=20.8
2026-04-23T21:06:21 UTC | INFO     | opportunity_model | Opp score: b1=52.3 b2=28.3 b3=61.9 raw=44.6 x1.0 x1.0 = 44.6
2026-04-23T21:06:21 UTC | INFO     | signal_agreement | Signal agreement: m=0.08 s=0.92 e=0.50 v=0.55 -> 0.019
2026-04-23T21:06:21 UTC | INFO     | opportunity_model | Composite confidence: 53.2 (Moderate confidence)
2026-04-23T21:06:21 UTC | INFO     | main | DEBUG confidence CRM: conf=53.2 min=35 risk=20.8 opp=44.6
2026-04-23T21:06:21 UTC | INFO     | financial_parser | AMD: cache expired (8d old) — refreshing
2026-04-23T21:06:21 UTC | INFO     | financial_parser | AMD: financials fetched OK (price=305.33)
2026-04-23T21:06:21 UTC | INFO     | main | DEBUG filter AMD: ok=True reason=
2026-04-23T21:06:21 UTC | INFO     | main | AV budget exhausted — skipping AV for AMD
2026-04-23T21:06:21 UTC | INFO     | volume_confirmation | AMD volume ratio=1.21 score=0.40 label=higher activity than usual
2026-04-23T21:06:21 UTC | INFO     | risk_adjusted_momentum | AMD RAM raw=4.29 score=0.71
2026-04-23T21:06:21 UTC | INFO     | multi_timeframe_momentum | AMD MTF 1m=48.673123548568675 3m=20.336574986638862 6m=28.273742023319414 score=0.97
2026-04-23T21:06:21 UTC | INFO     | trend_stability | AMD trend stability: dev=0.2400 score=0.00
2026-04-23T21:06:21 UTC | INFO     | drawdown_risk | AMD drawdown=0.0% score=1.00
2026-04-23T21:06:21 UTC | INFO     | risk_model | Risk score: raw=21.0 penalty=0 mult=1.0 final=21.0
2026-04-23T21:06:21 UTC | INFO     | opportunity_model | Opp score: b1=55.9 b2=69.4 b3=56.3 raw=61.4 x1.0 x1.0 = 61.4
2026-04-23T21:06:21 UTC | INFO     | signal_agreement | Signal agreement: m=0.71 s=0.92 e=0.50 v=0.40 -> 0.132
2026-04-23T21:06:21 UTC | INFO     | opportunity_model | Composite confidence: 61.3 (Moderate confidence)
2026-04-23T21:06:21 UTC | INFO     | main | DEBUG confidence AMD: conf=61.3 min=35 risk=21.0 opp=61.4
2026-04-23T21:06:21 UTC | INFO     | financial_parser | INTC: cache expired (8d old) — refreshing
2026-04-23T21:06:22 UTC | INFO     | financial_parser | INTC: financials fetched OK (price=66.78)
2026-04-23T21:06:22 UTC | INFO     | main | DEBUG filter INTC: ok=True reason=
2026-04-23T21:06:22 UTC | INFO     | main | AV budget exhausted — skipping AV for INTC
2026-04-23T21:06:22 UTC | INFO     | volume_confirmation | INTC volume ratio=1.23 score=0.41 label=higher activity than usual
2026-04-23T21:06:22 UTC | INFO     | risk_adjusted_momentum | INTC RAM raw=10.25 score=1.00
2026-04-23T21:06:22 UTC | INFO     | multi_timeframe_momentum | INTC MTF 1m=51.56603880584222 3m=22.938142773332682 6m=75.18363234643216 score=1.00
2026-04-23T21:06:22 UTC | INFO     | trend_stability | INTC trend stability: dev=0.3234 score=0.00
2026-04-23T21:06:23 UTC | INFO     | drawdown_risk | INTC drawdown=2.5% score=0.94
2026-04-23T21:06:23 UTC | INFO     | risk_model | Earnings proximity penalty: 0 days away
2026-04-23T21:06:23 UTC | INFO     | risk_model | Risk score: raw=33.3 penalty=10 mult=1.0 final=43.3
2026-04-23T21:06:23 UTC | INFO     | opportunity_model | Opp score: b1=11.2 b2=77.2 b3=56.5 raw=46.7 x1.0 x1.0 = 46.7
2026-04-23T21:06:23 UTC | INFO     | signal_agreement | Signal agreement: m=1.00 s=0.92 e=0.50 v=0.41 -> 0.187
2026-04-23T21:06:23 UTC | INFO     | opportunity_model | Composite confidence: 49.4 (Weak confidence)
2026-04-23T21:06:23 UTC | INFO     | main | DEBUG confidence INTC: conf=49.4 min=35 risk=43.3 opp=46.7
2026-04-23T21:06:23 UTC | INFO     | financial_parser | QCOM: cache expired (8d old) — refreshing
2026-04-23T21:06:23 UTC | INFO     | financial_parser | QCOM: financials fetched OK (price=133.95)
2026-04-23T21:06:23 UTC | INFO     | main | DEBUG filter QCOM: ok=True reason=
2026-04-23T21:06:23 UTC | INFO     | main | AV budget exhausted — skipping AV for QCOM
2026-04-23T21:06:23 UTC | INFO     | volume_confirmation | QCOM volume ratio=0.85 score=0.28 label=normal trading activity
2026-04-23T21:06:23 UTC | INFO     | risk_adjusted_momentum | QCOM RAM raw=-7.79 score=0.11
2026-04-23T21:06:23 UTC | INFO     | multi_timeframe_momentum | QCOM MTF 1m=4.103519743867698 3m=-14.569066333502246 6m=-19.74244030130274 score=0.29
2026-04-23T21:06:24 UTC | INFO     | trend_stability | QCOM trend stability: dev=0.0314 score=0.69
2026-04-23T21:06:24 UTC | INFO     | drawdown_risk | QCOM drawdown=26.1% score=0.35
2026-04-23T21:06:24 UTC | INFO     | risk_model | Risk score: raw=34.6 penalty=0 mult=1.0 final=34.6
2026-04-23T21:06:24 UTC | INFO     | opportunity_model | Opp score: b1=47.1 b2=33.6 b3=51.5 raw=42.6 x1.0 x1.0 = 42.6
2026-04-23T21:06:24 UTC | INFO     | signal_agreement | Signal agreement: m=0.11 s=0.92 e=0.50 v=0.28 -> 0.014
2026-04-23T21:06:24 UTC | INFO     | opportunity_model | Composite confidence: 47.6 (Weak confidence)
2026-04-23T21:06:24 UTC | INFO     | main | DEBUG confidence QCOM: conf=47.6 min=35 risk=34.6 opp=42.6
2026-04-23T21:06:24 UTC | INFO     | financial_parser | TXN: cache expired (8d old) — refreshing
2026-04-23T21:06:24 UTC | INFO     | financial_parser | TXN: financials fetched OK (price=282.23)
2026-04-23T21:06:24 UTC | INFO     | main | DEBUG filter TXN: ok=True reason=
2026-04-23T21:06:24 UTC | INFO     | main | AV budget exhausted — skipping AV for TXN
2026-04-23T21:06:25 UTC | INFO     | volume_confirmation | TXN volume ratio=4.20 score=1.00 label=unusually high trading activity
2026-04-23T21:06:25 UTC | INFO     | unusual_volume | TXN UNUSUAL VOLUME: ratio=4.2x — very unusual trading volume
2026-04-23T21:06:25 UTC | INFO     | risk_adjusted_momentum | TXN RAM raw=14.34 score=1.00
2026-04-23T21:06:25 UTC | INFO     | multi_timeframe_momentum | TXN MTF 1m=45.00847963101061 3m=45.685517361971236 6m=58.48692421733899 score=1.00
2026-04-23T21:06:25 UTC | INFO     | trend_stability | TXN trend stability: dev=0.0937 score=0.06
2026-04-23T21:06:25 UTC | INFO     | drawdown_risk | TXN drawdown=0.0% score=1.00
2026-04-23T21:06:25 UTC | INFO     | risk_model | Risk score: raw=17.6 penalty=0 mult=1.0 final=17.6
2026-04-23T21:06:25 UTC | INFO     | opportunity_model | Opp score: b1=50.0 b2=77.2 b3=80.1 raw=66.9 x1.0 x1.0 = 66.9
2026-04-23T21:06:25 UTC | INFO     | signal_agreement | Signal agreement: m=1.00 s=0.92 e=0.50 v=1.00 -> 0.458
2026-04-23T21:06:25 UTC | INFO     | opportunity_model | Composite confidence: 70.9 (Moderate confidence)
2026-04-23T21:06:25 UTC | INFO     | main | DEBUG confidence TXN: conf=70.9 min=35 risk=17.6 opp=66.9
2026-04-23T21:06:25 UTC | INFO     | financial_parser | NOW: cache expired (8d old) — refreshing
2026-04-23T21:06:26 UTC | INFO     | financial_parser | NOW: financials fetched OK (price=84.78)
2026-04-23T21:06:26 UTC | INFO     | main | DEBUG filter NOW: ok=True reason=
2026-04-23T21:06:26 UTC | INFO     | main | AV budget exhausted — skipping AV for NOW
2026-04-23T21:06:26 UTC | INFO     | volume_confirmation | NOW volume ratio=4.20 score=1.00 label=unusually high trading activity
2026-04-23T21:06:26 UTC | INFO     | unusual_volume | NOW UNUSUAL VOLUME: ratio=4.2x — very unusual trading volume
2026-04-23T21:06:26 UTC | INFO     | risk_adjusted_momentum | NOW RAM raw=-8.56 score=0.07
2026-04-23T21:06:26 UTC | INFO     | multi_timeframe_momentum | NOW MTF 1m=-18.987102204359143 3m=-34.05413784279459 6m=-54.97610334292268 score=0.00
2026-04-23T21:06:26 UTC | INFO     | trend_stability | NOW trend stability: dev=0.1199 score=0.00
2026-04-23T21:06:26 UTC | INFO     | drawdown_risk | NOW drawdown=51.0% score=0.00
2026-04-23T21:06:26 UTC | INFO     | risk_model | Risk score: raw=20.6 penalty=0 mult=1.0 final=20.6
2026-04-23T21:06:26 UTC | INFO     | opportunity_model | Opp score: b1=46.4 b2=25.3 b3=80.1 raw=44.7 x1.0 x1.0 = 44.7
2026-04-23T21:06:26 UTC | INFO     | signal_agreement | Signal agreement: m=0.07 s=0.92 e=0.50 v=1.00 -> 0.033
2026-04-23T21:06:26 UTC | INFO     | opportunity_model | Composite confidence: 53.6 (Moderate confidence)
2026-04-23T21:06:26 UTC | INFO     | main | DEBUG confidence NOW: conf=53.6 min=35 risk=20.6 opp=44.7
2026-04-23T21:06:26 UTC | INFO     | financial_parser | SNOW: cache expired (8d old) — refreshing
2026-04-23T21:06:27 UTC | INFO     | financial_parser | SNOW: financials fetched OK (price=146.4)
2026-04-23T21:06:27 UTC | INFO     | main | DEBUG filter SNOW: ok=True reason=
2026-04-23T21:06:27 UTC | INFO     | main | AV budget exhausted — skipping AV for SNOW
2026-04-23T21:06:27 UTC | INFO     | volume_confirmation | SNOW volume ratio=1.09 score=0.36 label=normal trading activity
2026-04-23T21:06:27 UTC | INFO     | risk_adjusted_momentum | SNOW RAM raw=-7.11 score=0.14
2026-04-23T21:06:27 UTC | INFO     | multi_timeframe_momentum | SNOW MTF 1m=-9.259949659424652 3m=-30.658840282913108 6m=-40.8532678694799 score=0.01
2026-04-23T21:06:27 UTC | INFO     | trend_stability | SNOW trend stability: dev=0.1404 score=0.00
2026-04-23T21:06:27 UTC | INFO     | drawdown_risk | SNOW drawdown=37.6% score=0.06
2026-04-23T21:06:27 UTC | INFO     | risk_model | Risk score: raw=41.9 penalty=0 mult=1.0 final=41.9
2026-04-23T21:06:27 UTC | INFO     | opportunity_model | Opp score: b1=35.9 b2=27.3 b3=54.7 raw=36.2 x1.0 x1.0 = 36.2
2026-04-23T21:06:27 UTC | INFO     | signal_agreement | Signal agreement: m=0.14 s=0.92 e=0.50 v=0.36 -> 0.024
2026-04-23T21:06:27 UTC | INFO     | opportunity_model | Composite confidence: 43.0 (Weak confidence)
2026-04-23T21:06:27 UTC | INFO     | main | DEBUG confidence SNOW: conf=43.0 min=35 risk=41.9 opp=36.2
2026-04-23T21:06:27 UTC | INFO     | financial_parser | PLTR: cache expired (8d old) — refreshing
2026-04-23T21:06:28 UTC | INFO     | financial_parser | PLTR: financials fetched OK (price=141.57)
2026-04-23T21:06:28 UTC | INFO     | main | DEBUG filter PLTR: ok=True reason=
2026-04-23T21:06:28 UTC | INFO     | main | AV budget exhausted — skipping AV for PLTR
2026-04-23T21:06:28 UTC | INFO     | volume_confirmation | PLTR volume ratio=1.24 score=0.41 label=higher activity than usual
2026-04-23T21:06:28 UTC | INFO     | risk_adjusted_momentum | PLTR RAM raw=-4.41 score=0.28
2026-04-23T21:06:28 UTC | INFO     | multi_timeframe_momentum | PLTR MTF 1m=-8.534688951583757 3m=-14.66545356683175 6m=-22.004290888297607 score=0.24
2026-04-23T21:06:28 UTC | INFO     | trend_stability | PLTR trend stability: dev=0.0422 score=0.58
2026-04-23T21:06:28 UTC | INFO     | drawdown_risk | PLTR drawdown=27.1% score=0.32
2026-04-23T21:06:28 UTC | INFO     | risk_model | Risk score: raw=21.9 penalty=0 mult=1.0 final=21.9
2026-04-23T21:06:28 UTC | INFO     | opportunity_model | Opp score: b1=77.5 b2=36.5 b3=56.7 raw=56.9 x1.0 x1.0 = 56.9
2026-04-23T21:06:28 UTC | INFO     | signal_agreement | Signal agreement: m=0.28 s=0.92 e=0.50 v=0.41 -> 0.053
2026-04-23T21:06:28 UTC | INFO     | opportunity_model | Composite confidence: 57.8 (Moderate confidence)
2026-04-23T21:06:28 UTC | INFO     | main | DEBUG confidence PLTR: conf=57.8 min=35 risk=21.9 opp=56.9
2026-04-23T21:06:28 UTC | INFO     | financial_parser | PANW: cache expired (8d old) — refreshing
2026-04-23T21:06:29 UTC | INFO     | financial_parser | PANW: financials fetched OK (price=173.21)
2026-04-23T21:06:29 UTC | INFO     | main | DEBUG filter PANW: ok=True reason=
2026-04-23T21:06:29 UTC | INFO     | main | AV budget exhausted — skipping AV for PANW
2026-04-23T21:06:29 UTC | INFO     | volume_confirmation | PANW volume ratio=0.88 score=0.29 label=normal trading activity
2026-04-23T21:06:29 UTC | INFO     | risk_adjusted_momentum | PANW RAM raw=-1.32 score=0.43
2026-04-23T21:06:29 UTC | INFO     | multi_timeframe_momentum | PANW MTF 1m=10.177469191971399 3m=-4.970646483911132 6m=-19.211748300004313 score=0.40
2026-04-23T21:06:29 UTC | INFO     | trend_stability | PANW trend stability: dev=0.0506 score=0.49
2026-04-23T21:06:29 UTC | INFO     | drawdown_risk | PANW drawdown=10.7% score=0.73
2026-04-23T21:06:29 UTC | INFO     | risk_model | Risk score: raw=13.4 penalty=0 mult=1.0 final=13.4
2026-04-23T21:06:29 UTC | INFO     | opportunity_model | Opp score: b1=32.1 b2=44.2 b3=51.9 raw=40.9 x1.0 x1.0 = 40.9
2026-04-23T21:06:29 UTC | INFO     | signal_agreement | Signal agreement: m=0.43 s=0.92 e=0.50 v=0.29 -> 0.058
2026-04-23T21:06:29 UTC | INFO     | opportunity_model | Composite confidence: 55.3 (Moderate confidence)
2026-04-23T21:06:29 UTC | INFO     | main | DEBUG confidence PANW: conf=55.3 min=35 risk=13.4 opp=40.9
2026-04-23T21:06:29 UTC | INFO     | financial_parser | CRWD: cache expired (8d old) — refreshing
2026-04-23T21:06:30 UTC | INFO     | financial_parser | CRWD: financials fetched OK (price=445.39)
2026-04-23T21:06:30 UTC | INFO     | main | DEBUG filter CRWD: ok=True reason=
2026-04-23T21:06:30 UTC | INFO     | main | AV budget exhausted — skipping AV for CRWD
2026-04-23T21:06:30 UTC | INFO     | volume_confirmation | CRWD volume ratio=0.79 score=0.26 label=lower activity than usual
2026-04-23T21:06:30 UTC | INFO     | risk_adjusted_momentum | CRWD RAM raw=-0.43 score=0.48
2026-04-23T21:06:30 UTC | INFO     | multi_timeframe_momentum | CRWD MTF 1m=13.333679156258329 3m=-1.8467449518751429 6m=-11.620199650781297 score=0.47
2026-04-23T21:06:30 UTC | INFO     | trend_stability | CRWD trend stability: dev=0.0532 score=0.47
2026-04-23T21:06:30 UTC | INFO     | drawdown_risk | CRWD drawdown=11.8% score=0.71
2026-04-23T21:06:30 UTC | INFO     | risk_model | Risk score: raw=37.5 penalty=0 mult=1.0 final=37.5
2026-04-23T21:06:30 UTC | INFO     | opportunity_model | Opp score: b1=47.5 b2=47.2 b3=50.7 raw=48.0 x1.0 x1.0 = 48.0
2026-04-23T21:06:30 UTC | INFO     | signal_agreement | Signal agreement: m=0.48 s=0.92 e=0.50 v=0.27 -> 0.058
2026-04-23T21:06:30 UTC | INFO     | opportunity_model | Composite confidence: 49.3 (Weak confidence)
2026-04-23T21:06:30 UTC | INFO     | main | DEBUG confidence CRWD: conf=49.3 min=35 risk=37.5 opp=48.0
2026-04-23T21:06:30 UTC | INFO     | financial_parser | ZS: cache expired (8d old) — refreshing
2026-04-23T21:06:30 UTC | INFO     | financial_parser | ZS: financials fetched OK (price=132.97)
2026-04-23T21:06:30 UTC | INFO     | main | DEBUG filter ZS: ok=True reason=
2026-04-23T21:06:30 UTC | INFO     | main | AV budget exhausted — skipping AV for ZS
2026-04-23T21:06:30 UTC | INFO     | volume_confirmation | ZS volume ratio=1.07 score=0.36 label=normal trading activity
2026-04-23T21:06:30 UTC | INFO     | risk_adjusted_momentum | ZS RAM raw=-8.91 score=0.05
2026-04-23T21:06:31 UTC | INFO     | multi_timeframe_momentum | ZS MTF 1m=-4.619469386870547 3m=-36.167249397955025 6m=-57.15758503959213 score=0.00
2026-04-23T21:06:31 UTC | INFO     | trend_stability | ZS trend stability: dev=0.1421 score=0.00
2026-04-23T21:06:31 UTC | INFO     | drawdown_risk | ZS drawdown=43.7% score=0.00
2026-04-23T21:06:31 UTC | INFO     | risk_model | Risk score: raw=48.1 penalty=0 mult=1.0 final=48.1
2026-04-23T21:06:31 UTC | INFO     | opportunity_model | Opp score: b1=30.2 b2=24.9 b3=54.4 raw=32.9 x1.0 x1.0 = 32.9
2026-04-23T21:06:31 UTC | INFO     | signal_agreement | Signal agreement: m=0.06 s=0.92 e=0.50 v=0.36 -> 0.009
2026-04-23T21:06:31 UTC | INFO     | opportunity_model | Composite confidence: 39.3 (Weak confidence)
2026-04-23T21:06:31 UTC | INFO     | main | DEBUG confidence ZS: conf=39.3 min=35 risk=48.1 opp=32.9
2026-04-23T21:06:31 UTC | INFO     | financial_parser | FTNT: cache expired (8d old) — refreshing
2026-04-23T21:06:31 UTC | INFO     | financial_parser | FTNT: financials fetched OK (price=82.76)
2026-04-23T21:06:31 UTC | INFO     | main | DEBUG filter FTNT: ok=True reason=
2026-04-23T21:06:31 UTC | INFO     | main | AV budget exhausted — skipping AV for FTNT
2026-04-23T21:06:31 UTC | INFO     | volume_confirmation | FTNT volume ratio=0.90 score=0.30 label=normal trading activity
2026-04-23T21:06:31 UTC | INFO     | risk_adjusted_momentum | FTNT RAM raw=0.56 score=0.53
2026-04-23T21:06:31 UTC | INFO     | multi_timeframe_momentum | FTNT MTF 1m=4.310569644816762 3m=6.62200361732759 6m=-2.3826334892088794 score=0.56
2026-04-23T21:06:31 UTC | INFO     | trend_stability | FTNT trend stability: dev=0.0276 score=0.72
2026-04-23T21:06:32 UTC | INFO     | drawdown_risk | FTNT drawdown=5.8% score=0.86
2026-04-23T21:06:32 UTC | INFO     | risk_model | Risk score: raw=19.8 penalty=0 mult=1.0 final=19.8
2026-04-23T21:06:32 UTC | INFO     | opportunity_model | Opp score: b1=56.5 b2=54.4 b3=52.2 raw=54.8 x1.0 x1.0 = 54.8
2026-04-23T21:06:32 UTC | INFO     | signal_agreement | Signal agreement: m=0.53 s=0.92 e=0.50 v=0.30 -> 0.073
2026-04-23T21:06:32 UTC | INFO     | opportunity_model | Composite confidence: 58.2 (Moderate confidence)
2026-04-23T21:06:32 UTC | INFO     | main | DEBUG confidence FTNT: conf=58.2 min=35 risk=19.8 opp=54.8
2026-04-23T21:06:32 UTC | INFO     | financial_parser | DDOG: cache expired (8d old) — refreshing
2026-04-23T21:06:32 UTC | INFO     | financial_parser | DDOG: financials fetched OK (price=127.86)
2026-04-23T21:06:32 UTC | INFO     | main | DEBUG filter DDOG: ok=True reason=
2026-04-23T21:06:32 UTC | INFO     | main | AV budget exhausted — skipping AV for DDOG
2026-04-23T21:06:32 UTC | INFO     | volume_confirmation | DDOG volume ratio=1.34 score=0.45 label=higher activity than usual
2026-04-23T21:06:32 UTC | INFO     | risk_adjusted_momentum | DDOG RAM raw=-0.41 score=0.48
2026-04-23T21:06:32 UTC | INFO     | multi_timeframe_momentum | DDOG MTF 1m=4.3159018754168486 3m=-2.582856677827381 6m=-18.169599609375002 score=0.40
2026-04-23T21:06:32 UTC | INFO     | trend_stability | DDOG trend stability: dev=0.0677 score=0.32
2026-04-23T21:06:32 UTC | INFO     | drawdown_risk | DDOG drawdown=12.4% score=0.69
2026-04-23T21:06:32 UTC | INFO     | risk_model | Risk score: raw=33.9 penalty=0 mult=1.0 final=33.9
2026-04-23T21:06:32 UTC | INFO     | opportunity_model | Opp score: b1=26.0 b2=45.5 b3=58.0 raw=40.2 x1.0 x1.0 = 40.2
2026-04-23T21:06:32 UTC | INFO     | signal_agreement | Signal agreement: m=0.48 s=0.92 e=0.50 v=0.45 -> 0.098
2026-04-23T21:06:32 UTC | INFO     | opportunity_model | Composite confidence: 48.6 (Weak confidence)
2026-04-23T21:06:32 UTC | INFO     | main | DEBUG confidence DDOG: conf=48.6 min=35 risk=33.9 opp=40.2
2026-04-23T21:06:32 UTC | INFO     | financial_parser | MDB: cache expired (8d old) — refreshing
2026-04-23T21:06:33 UTC | INFO     | financial_parser | MDB: financials fetched OK (price=258.11)
2026-04-23T21:06:33 UTC | INFO     | main | DEBUG filter MDB: ok=True reason=
2026-04-23T21:06:33 UTC | INFO     | main | AV budget exhausted — skipping AV for MDB
2026-04-23T21:06:33 UTC | INFO     | volume_confirmation | MDB volume ratio=1.17 score=0.39 label=normal trading activity
2026-04-23T21:06:33 UTC | INFO     | risk_adjusted_momentum | MDB RAM raw=-7.59 score=0.12
2026-04-23T21:06:33 UTC | INFO     | multi_timeframe_momentum | MDB MTF 1m=1.7142145881506865 3m=-36.21244167465355 6m=-20.7668290723391 score=0.10
2026-04-23T21:06:33 UTC | INFO     | trend_stability | MDB trend stability: dev=0.1383 score=0.00
2026-04-23T21:06:33 UTC | INFO     | drawdown_risk | MDB drawdown=41.4% score=0.00
2026-04-23T21:06:33 UTC | INFO     | risk_model | Risk score: raw=58.3 penalty=0 mult=1.0 final=58.3
2026-04-23T21:06:33 UTC | INFO     | opportunity_model | Opp score: b1=29.8 b2=29.0 b3=55.7 raw=34.6 x1.0 x1.0 = 34.6
2026-04-23T21:06:33 UTC | INFO     | signal_agreement | Signal agreement: m=0.12 s=0.92 e=0.50 v=0.39 -> 0.021
2026-04-23T21:06:33 UTC | INFO     | opportunity_model | Composite confidence: 36.6 (Weak confidence)
2026-04-23T21:06:33 UTC | INFO     | main | DEBUG confidence MDB: conf=36.6 min=35 risk=58.3 opp=34.6
2026-04-23T21:06:33 UTC | INFO     | financial_parser | NET: cache expired (8d old) — refreshing
2026-04-23T21:06:34 UTC | INFO     | financial_parser | NET: financials fetched OK (price=205.0)
2026-04-23T21:06:34 UTC | INFO     | main | DEBUG filter NET: ok=True reason=
2026-04-23T21:06:34 UTC | INFO     | main | AV budget exhausted — skipping AV for NET
2026-04-23T21:06:34 UTC | INFO     | volume_confirmation | NET volume ratio=0.57 score=0.19 label=lower activity than usual
2026-04-23T21:06:34 UTC | INFO     | risk_adjusted_momentum | NET RAM raw=3.91 score=0.70
2026-04-23T21:06:34 UTC | INFO     | multi_timeframe_momentum | NET MTF 1m=-3.8235956508834783 3m=18.291977143690332 6m=-3.746828757451807 score=0.62
2026-04-23T21:06:34 UTC | INFO     | trend_stability | NET trend stability: dev=0.0561 score=0.44
2026-04-23T21:06:34 UTC | INFO     | drawdown_risk | NET drawdown=9.1% score=0.77
2026-04-23T21:06:34 UTC | INFO     | risk_model | Risk score: raw=54.1 penalty=0 mult=1.0 final=54.1
2026-04-23T21:06:34 UTC | INFO     | opportunity_model | Opp score: b1=37.0 b2=60.2 b3=47.7 raw=48.4 x1.0 x1.0 = 48.4
2026-04-23T21:06:34 UTC | INFO     | signal_agreement | Signal agreement: m=0.70 s=0.92 e=0.50 v=0.19 -> 0.060
2026-04-23T21:06:34 UTC | INFO     | opportunity_model | Composite confidence: 43.7 (Weak confidence)
2026-04-23T21:06:34 UTC | INFO     | main | DEBUG confidence NET: conf=43.7 min=35 risk=54.1 opp=48.4
2026-04-23T21:06:34 UTC | INFO     | financial_parser | TWLO: cache expired (8d old) — refreshing
2026-04-23T21:06:35 UTC | INFO     | financial_parser | TWLO: financials fetched OK (price=141.59)
2026-04-23T21:06:35 UTC | INFO     | main | DEBUG filter TWLO: ok=True reason=
2026-04-23T21:06:35 UTC | INFO     | main | AV budget exhausted — skipping AV for TWLO
2026-04-23T21:06:35 UTC | INFO     | volume_confirmation | TWLO volume ratio=1.24 score=0.41 label=higher activity than usual
2026-04-23T21:06:35 UTC | INFO     | risk_adjusted_momentum | TWLO RAM raw=3.09 score=0.65
2026-04-23T21:06:35 UTC | INFO     | multi_timeframe_momentum | TWLO MTF 1m=15.310689211002309 3m=11.999682319780144 6m=27.432270326798463 score=0.79
2026-04-23T21:06:35 UTC | INFO     | trend_stability | TWLO trend stability: dev=0.1021 score=0.00
2026-04-23T21:06:35 UTC | INFO     | drawdown_risk | TWLO drawdown=5.9% score=0.85
2026-04-23T21:06:35 UTC | INFO     | risk_model | Risk score: raw=46.5 penalty=0 mult=1.0 final=46.5
2026-04-23T21:06:35 UTC | INFO     | opportunity_model | Opp score: b1=11.9 b2=63.3 b3=56.6 raw=41.4 x1.0 x1.0 = 41.4
2026-04-23T21:06:35 UTC | INFO     | signal_agreement | Signal agreement: m=0.66 s=0.92 e=0.50 v=0.41 -> 0.124
2026-04-23T21:06:35 UTC | INFO     | opportunity_model | Composite confidence: 45.2 (Weak confidence)
2026-04-23T21:06:35 UTC | INFO     | main | DEBUG confidence TWLO: conf=45.2 min=35 risk=46.5 opp=41.4
2026-04-23T21:06:35 UTC | INFO     | financial_parser | HPE: cache expired (8d old) — refreshing
2026-04-23T21:06:35 UTC | INFO     | financial_parser | HPE: financials fetched OK (price=27.93)
2026-04-23T21:06:35 UTC | INFO     | main | DEBUG filter HPE: ok=True reason=
2026-04-23T21:06:35 UTC | INFO     | main | AV budget exhausted — skipping AV for HPE
2026-04-23T21:06:35 UTC | INFO     | volume_confirmation | HPE volume ratio=0.62 score=0.21 label=lower activity than usual
2026-04-23T21:06:35 UTC | INFO     | risk_adjusted_momentum | HPE RAM raw=11.23 score=1.00
2026-04-23T21:06:36 UTC | INFO     | multi_timeframe_momentum | HPE MTF 1m=16.861927828320745 3m=31.60156462039694 6m=21.526241355589327 score=0.93
2026-04-23T21:06:36 UTC | INFO     | trend_stability | HPE trend stability: dev=0.1488 score=0.00
2026-04-23T21:06:36 UTC | INFO     | drawdown_risk | HPE drawdown=2.9% score=0.93
2026-04-23T21:06:36 UTC | INFO     | risk_model | Risk score: raw=35.0 penalty=0 mult=1.0 final=35.0
2026-04-23T21:06:36 UTC | INFO     | opportunity_model | Opp score: b1=22.5 b2=75.4 b3=48.5 raw=48.9 x1.0 x1.0 = 48.9
2026-04-23T21:06:36 UTC | INFO     | signal_agreement | Signal agreement: m=1.00 s=0.92 e=0.50 v=0.21 -> 0.095
2026-04-23T21:06:36 UTC | INFO     | opportunity_model | Composite confidence: 51.2 (Moderate confidence)
2026-04-23T21:06:36 UTC | INFO     | main | DEBUG confidence HPE: conf=51.2 min=35 risk=35.0 opp=48.9
2026-04-23T21:06:36 UTC | INFO     | financial_parser | STX: cache expired (8d old) — refreshing
2026-04-23T21:06:36 UTC | INFO     | financial_parser | STX: financials fetched OK (price=587.62)
2026-04-23T21:06:36 UTC | INFO     | main | DEBUG filter STX: ok=False reason=debt-to-equity 10.47 above 2.5 threshold
2026-04-23T21:06:36 UTC | INFO     | financial_parser | WDC: cache expired (8d old) — refreshing
2026-04-23T21:06:37 UTC | INFO     | financial_parser | WDC: financials fetched OK (price=403.12)
2026-04-23T21:06:37 UTC | INFO     | main | DEBUG filter WDC: ok=True reason=
2026-04-23T21:06:37 UTC | INFO     | main | AV budget exhausted — skipping AV for WDC
2026-04-23T21:06:37 UTC | INFO     | volume_confirmation | WDC volume ratio=0.84 score=0.28 label=normal trading activity
2026-04-23T21:06:37 UTC | INFO     | risk_adjusted_momentum | WDC RAM raw=14.31 score=1.00
2026-04-23T21:06:37 UTC | INFO     | multi_timeframe_momentum | WDC MTF 1m=33.904670806501414 3m=65.77457272163963 6m=232.45796592978317 score=1.00
2026-04-23T21:06:37 UTC | INFO     | trend_stability | WDC trend stability: dev=0.2484 score=0.00
2026-04-23T21:06:37 UTC | INFO     | drawdown_risk | WDC drawdown=0.0% score=1.00
2026-04-23T21:06:37 UTC | INFO     | risk_model | Risk score: raw=24.5 penalty=0 mult=1.0 final=24.5
2026-04-23T21:06:37 UTC | INFO     | opportunity_model | Opp score: b1=97.4 b2=77.2 b3=51.3 raw=80.1 x1.0 x1.0 = 80.1
2026-04-23T21:06:37 UTC | INFO     | signal_agreement | Signal agreement: m=1.00 s=0.92 e=0.50 v=0.28 -> 0.128
2026-04-23T21:06:37 UTC | INFO     | opportunity_model | Composite confidence: 66.5 (Moderate confidence)
2026-04-23T21:06:37 UTC | INFO     | main | DEBUG confidence WDC: conf=66.5 min=35 risk=24.5 opp=80.1
2026-04-23T21:06:37 UTC | INFO     | financial_parser | AMAT: cache expired (8d old) — refreshing
2026-04-23T21:06:38 UTC | INFO     | financial_parser | AMAT: financials fetched OK (price=403.91)
2026-04-23T21:06:38 UTC | INFO     | main | DEBUG filter AMAT: ok=True reason=
2026-04-23T21:06:38 UTC | INFO     | main | AV budget exhausted — skipping AV for AMAT
2026-04-23T21:06:38 UTC | INFO     | volume_confirmation | AMAT volume ratio=0.73 score=0.24 label=lower activity than usual
2026-04-23T21:06:38 UTC | INFO     | risk_adjusted_momentum | AMAT RAM raw=7.67 score=0.88
2026-04-23T21:06:38 UTC | INFO     | multi_timeframe_momentum | AMAT MTF 1m=8.000217708763774 3m=26.858980251217783 6m=79.294903929199 score=1.00
2026-04-23T21:06:38 UTC | INFO     | trend_stability | AMAT trend stability: dev=0.1046 score=0.00
2026-04-23T21:06:38 UTC | INFO     | drawdown_risk | AMAT drawdown=0.0% score=1.00
2026-04-23T21:06:38 UTC | INFO     | risk_model | Risk score: raw=21.2 penalty=0 mult=1.0 final=21.2
2026-04-23T21:06:38 UTC | INFO     | opportunity_model | Opp score: b1=51.6 b2=74.3 b3=49.9 raw=60.3 x1.0 x1.0 = 60.3
2026-04-23T21:06:38 UTC | INFO     | signal_agreement | Signal agreement: m=0.88 s=0.92 e=0.50 v=0.24 -> 0.099
2026-04-23T21:06:38 UTC | INFO     | opportunity_model | Composite confidence: 60.1 (Moderate confidence)
2026-04-23T21:06:38 UTC | INFO     | main | DEBUG confidence AMAT: conf=60.1 min=35 risk=21.2 opp=60.3
2026-04-23T21:06:38 UTC | INFO     | financial_parser | KLAC: cache expired (8d old) — refreshing
2026-04-23T21:06:39 UTC | INFO     | financial_parser | KLAC: financials fetched OK (price=1815.43)
2026-04-23T21:06:39 UTC | INFO     | main | DEBUG filter KLAC: ok=True reason=
2026-04-23T21:06:39 UTC | INFO     | main | AV budget exhausted — skipping AV for KLAC
2026-04-23T21:06:39 UTC | INFO     | volume_confirmation | KLAC volume ratio=1.01 score=0.34 label=normal trading activity
2026-04-23T21:06:39 UTC | INFO     | risk_adjusted_momentum | KLAC RAM raw=5.65 score=0.78
2026-04-23T21:06:39 UTC | INFO     | multi_timeframe_momentum | KLAC MTF 1m=15.913785787750614 3m=21.185931874158964 6m=58.688458084573504 score=1.00
2026-04-23T21:06:39 UTC | INFO     | trend_stability | KLAC trend stability: dev=0.1622 score=0.00
2026-04-23T21:06:39 UTC | INFO     | drawdown_risk | KLAC drawdown=0.0% score=1.00
2026-04-23T21:06:39 UTC | INFO     | risk_model | Risk score: raw=32.0 penalty=0 mult=1.0 final=32.0
2026-04-23T21:06:39 UTC | INFO     | opportunity_model | Opp score: b1=58.5 b2=71.8 b3=53.6 raw=62.8 x1.0 x1.0 = 62.8
2026-04-23T21:06:39 UTC | INFO     | signal_agreement | Signal agreement: m=0.78 s=0.92 e=0.50 v=0.34 -> 0.121
2026-04-23T21:06:39 UTC | INFO     | opportunity_model | Composite confidence: 57.7 (Moderate confidence)
2026-04-23T21:06:39 UTC | INFO     | main | DEBUG confidence KLAC: conf=57.7 min=35 risk=32.0 opp=62.8
2026-04-23T21:06:39 UTC | INFO     | main | DEBUG candidate: AAPL risk=13.4 opp=56.7 cap=70
2026-04-23T21:06:39 UTC | INFO     | main | DEBUG candidate: MSFT risk=12.2 opp=52.3 cap=70
2026-04-23T21:06:39 UTC | INFO     | main | DEBUG candidate: NVDA risk=19.6 opp=67.7 cap=70
2026-04-23T21:06:39 UTC | INFO     | main | DEBUG candidate: AVGO risk=13.5 opp=58.8 cap=70
2026-04-23T21:06:39 UTC | INFO     | main | DEBUG candidate: ADBE risk=30.5 opp=46.2 cap=70
2026-04-23T21:06:39 UTC | INFO     | main | DEBUG candidate: CRM risk=20.8 opp=44.6 cap=70
2026-04-23T21:06:39 UTC | INFO     | main | DEBUG candidate: AMD risk=21.0 opp=61.4 cap=70
2026-04-23T21:06:39 UTC | INFO     | main | DEBUG candidate: INTC risk=43.3 opp=46.7 cap=70
2026-04-23T21:06:39 UTC | INFO     | main | DEBUG candidate: QCOM risk=34.6 opp=42.6 cap=70
2026-04-23T21:06:39 UTC | INFO     | main | DEBUG candidate: TXN risk=17.6 opp=66.9 cap=70
2026-04-23T21:06:39 UTC | INFO     | main | DEBUG candidate: NOW risk=20.6 opp=44.7 cap=70
2026-04-23T21:06:39 UTC | INFO     | main | DEBUG candidate: SNOW risk=41.9 opp=36.2 cap=70
2026-04-23T21:06:39 UTC | INFO     | main | DEBUG candidate: PLTR risk=21.9 opp=56.9 cap=70
2026-04-23T21:06:39 UTC | INFO     | main | DEBUG candidate: PANW risk=13.4 opp=40.9 cap=70
2026-04-23T21:06:39 UTC | INFO     | main | DEBUG candidate: CRWD risk=37.5 opp=48.0 cap=70
2026-04-23T21:06:39 UTC | INFO     | main | DEBUG candidate: ZS risk=48.1 opp=32.9 cap=70
2026-04-23T21:06:39 UTC | INFO     | main | DEBUG candidate: FTNT risk=19.8 opp=54.8 cap=70
2026-04-23T21:06:39 UTC | INFO     | main | DEBUG candidate: DDOG risk=33.9 opp=40.2 cap=70
2026-04-23T21:06:39 UTC | INFO     | main | DEBUG candidate: MDB risk=58.3 opp=34.6 cap=70
2026-04-23T21:06:39 UTC | INFO     | main | DEBUG candidate: NET risk=54.1 opp=48.4 cap=70
2026-04-23T21:06:39 UTC | INFO     | main | DEBUG candidate: TWLO risk=46.5 opp=41.4 cap=70
2026-04-23T21:06:39 UTC | INFO     | main | DEBUG candidate: HPE risk=35.0 opp=48.9 cap=70
2026-04-23T21:06:39 UTC | INFO     | main | DEBUG candidate: WDC risk=24.5 opp=80.1 cap=70
2026-04-23T21:06:39 UTC | INFO     | main | DEBUG candidate: AMAT risk=21.2 opp=60.3 cap=70
2026-04-23T21:06:39 UTC | INFO     | main | DEBUG candidate: KLAC risk=32.0 opp=62.8 cap=70
2026-04-23T21:06:39 UTC | INFO     | zscore_ranker | Sector cap (3): skipped AVGO (technology)
2026-04-23T21:06:39 UTC | INFO     | zscore_ranker | Sector cap (3): skipped AAPL (technology)
2026-04-23T21:06:39 UTC | INFO     | zscore_ranker | Sector cap (3): skipped AMD (technology)
2026-04-23T21:06:39 UTC | INFO     | zscore_ranker | Sector cap (3): skipped AMAT (technology)
2026-04-23T21:06:39 UTC | INFO     | zscore_ranker | Sector cap (3): skipped MSFT (technology)
2026-04-23T21:06:39 UTC | INFO     | zscore_ranker | Sector cap (3): skipped PLTR (technology)
2026-04-23T21:06:39 UTC | INFO     | zscore_ranker | Sector cap (3): skipped FTNT (technology)
2026-04-23T21:06:39 UTC | INFO     | zscore_ranker | Sector cap (3): skipped KLAC (technology)
2026-04-23T21:06:39 UTC | INFO     | zscore_ranker | Sector cap (3): skipped NOW (technology)
2026-04-23T21:06:39 UTC | INFO     | zscore_ranker | Sector cap (3): skipped PANW (technology)
2026-04-23T21:06:39 UTC | INFO     | zscore_ranker | Sector cap (3): skipped CRM (technology)
2026-04-23T21:06:39 UTC | INFO     | zscore_ranker | Sector cap (3): skipped ADBE (technology)
2026-04-23T21:06:39 UTC | INFO     | zscore_ranker | Sector cap (3): skipped HPE (technology)
2026-04-23T21:06:39 UTC | INFO     | zscore_ranker | Sector cap (3): skipped CRWD (technology)
2026-04-23T21:06:39 UTC | INFO     | zscore_ranker | Sector cap (3): skipped QCOM (technology)
2026-04-23T21:06:39 UTC | INFO     | zscore_ranker | Sector cap (3): skipped DDOG (technology)
2026-04-23T21:06:39 UTC | INFO     | zscore_ranker | Sector cap (3): skipped INTC (technology)
2026-04-23T21:06:39 UTC | INFO     | zscore_ranker | Sector cap (3): skipped NET (technology)
2026-04-23T21:06:39 UTC | INFO     | zscore_ranker | Sector cap (3): skipped TWLO (technology)
2026-04-23T21:06:39 UTC | INFO     | zscore_ranker | Sector cap (3): skipped SNOW (technology)
2026-04-23T21:06:39 UTC | INFO     | zscore_ranker | Sector cap (3): skipped ZS (technology)
2026-04-23T21:06:39 UTC | INFO     | zscore_ranker | Sector cap (3): skipped MDB (technology)
2026-04-23T21:06:39 UTC | INFO     | zscore_ranker | Z-score ranking complete: 25 → 25 eligible → 3 final (max 25, cap 3/sector)
2026-04-23T21:06:39 UTC | INFO     | main | Post-ranking count: 3
2026-04-23T21:06:39 UTC | INFO     | main | Final company count after industry dedup: 3
2026-04-23T21:06:39 UTC | INFO     | main | Final company count after score stability filter: 3
2026-04-23T21:06:39 UTC | INFO     | main | [EQ] Running earnings quality analysis on 3 tickers
2026-04-23T21:06:43 UTC | INFO     | main | [EQ] Enrichment complete. 3 enriched / 3 total
2026-04-23T21:06:43 UTC | INFO     | main | [ROT] Running rotation analysis on 3 candidates
2026-04-23T21:06:45 UTC | INFO     | main | [ROT] Enrichment complete. 3 enriched / 3 total
2026-04-23T21:06:45 UTC | INFO     | main | [PS] Running price structure analysis on 3 tickers
2026-04-23T21:06:45 UTC | INFO     | main | [PS] Enrichment complete. 3 enriched / 3 total
2026-04-23T21:06:45 UTC | INFO     | main | [ER] Event risk enrichment complete. 3/3 processed
2026-04-23T21:07:38 UTC | INFO     | main | [INS] Insider enrichment complete. 3/3 processed
2026-04-23T21:07:38 UTC | INFO     | expectations | [EXP] TXN: no Finnhub token — skipping beat streak
2026-04-23T21:07:38 UTC | INFO     | expectations | [EXP] WDC: no Finnhub token — skipping beat streak
2026-04-23T21:07:38 UTC | INFO     | expectations | [EXP] NVDA: no Finnhub token — skipping beat streak
2026-04-23T21:07:38 UTC | INFO     | main | [EXP] Expectations enrichment complete. 3/3 processed
2026-04-23T21:07:39 UTC | INFO     | main | [PL] Portfolio analysis complete. Selected: [] | Diversification: None
2026-04-23T21:07:40 UTC | INFO     | main | [PT] Paper trading complete. Open: 0 | New: 0 | Closed: 0 | Replay enriched: 0
2026-04-23T21:07:40 UTC | WARNING  | validator.expectation | [FSV][C] QUESTIONABLE: avg_volume 7,441,127 but liquidity risk 40.5 > 15
2026-04-23T21:07:40 UTC | INFO     | main | [FSV] TXN → REVIEW | INCONSISTENT=0 QUESTIONABLE=1
2026-04-23T21:07:40 UTC | WARNING  | validator.expectation | [FSV][C] QUESTIONABLE: avg_volume 9,453,998 but liquidity risk 24.4 > 15
2026-04-23T21:07:40 UTC | INFO     | main | [FSV] WDC → REVIEW | INCONSISTENT=0 QUESTIONABLE=1
2026-04-23T21:07:40 UTC | INFO     | main | [FSV] NVDA → CLEAN | INCONSISTENT=0 QUESTIONABLE=0
2026-04-23T21:07:40 UTC | INFO     | dashboard_builder | tests.json updated. Total entries: 14
2026-04-23T21:07:40 UTC | INFO     | main | [Step 27m] Scheduled run log written to tests.json/tests.html
2026-04-23T21:07:41 UTC | INFO     | report_builder | Email report written: /home/runner/work/Financial_Assistant_Project/Financial_Assistant_Project/reports/output/intraday_email_1600_1720_20260423T210740Z.html
2026-04-23T21:07:41 UTC | INFO     | report_builder | Full report written: /home/runner/work/Financial_Assistant_Project/Financial_Assistant_Project/reports/output/intraday_full_1600_1720_20260423T210740Z.html
2026-04-23T21:07:41 UTC | INFO     | report_builder | Full report served at docs/reports/intraday_full_1600_1720_20260423T210740Z.html
2026-04-23T21:07:41 UTC | INFO     | dashboard_builder | News JSON written: 5 sectors
2026-04-23T21:07:41 UTC | INFO     | dashboard_builder | index.html written
2026-04-23T21:07:41 UTC | INFO     | dashboard_builder | rank.html written
2026-04-23T21:07:41 UTC | INFO     | dashboard_builder | archive.html written
2026-04-23T21:07:41 UTC | INFO     | dashboard_builder | news.html written
2026-04-23T21:07:41 UTC | INFO     | dashboard_builder | trades.json written: 0 total trades (0 real open, 0 real closed, 0 test).
2026-04-23T21:07:41 UTC | INFO     | dashboard_builder | trades.html written
2026-04-23T21:07:41 UTC | INFO     | dashboard_builder | build_dashboard complete
2026-04-23T21:07:41 UTC | INFO     | email_sender | Using pre-built HTML: /home/runner/work/Financial_Assistant_Project/Financial_Assistant_Project/reports/output/intraday_email_1600_1720_20260423T210740Z.html
2026-04-23T21:07:42 UTC | INFO     | email_sender | Email sent to francisco.ale.caballero01+stocks@gmail.com: ■ Stock Research — 16:00-17:20 Update — 3 opportunities found
2026-04-23T21:07:42 UTC | INFO     | summary_builder | Closing email written: /home/runner/work/Financial_Assistant_Project/Financial_Assistant_Project/reports/output/closing_email_20260423T210742Z.html
2026-04-23T21:07:42 UTC | INFO     | summary_builder | Closing full report written: /home/runner/work/Financial_Assistant_Project/Financial_Assistant_Project/reports/output/closing_full_20260423T210742Z.html
2026-04-23T21:07:43 UTC | INFO     | main | Git: committed and pushed
2026-04-23T21:07:43 UTC | INFO     | state_manager | Added to reported: ['TXN', 'WDC', 'NVDA']
2026-04-23T21:07:43 UTC | INFO     | state_manager | Slot 16:00-17:20 marked complete
2026-04-23T21:07:43 UTC | INFO     | main | Run complete. Reported: ['TXN', 'WDC', 'NVDA']
2026-04-23T21:59:14 UTC | INFO     | main | ============================================================
2026-04-23T21:59:14 UTC | INFO     | main | AUTOMATED STOCK RESEARCH SYSTEM — starting run
2026-04-23T21:59:14 UTC | INFO     | main | DISCLAIMER: This system does NOT perform trading, does NOT give investment advice, and does NOT make price predictions. It is a research data aggregation and scoring tool only.
2026-04-23T21:59:14 UTC | INFO     | main | ============================================================
2026-04-23T21:59:14 UTC | INFO     | main | [SCHEDULER] Current ET time 17:59 is outside all scheduled windows — exiting.
