2026-04-09T01:25:50 UTC | INFO     | expectations | [EXP] TEST: no Finnhub token — skipping beat streak
2026-04-09T01:25:50 UTC | INFO     | expectations | [EXP] TEST: no Finnhub token — skipping beat streak
2026-04-09T01:25:50 UTC | INFO     | expectations | [EXP] TEST: no Finnhub token — skipping beat streak
2026-04-09T01:26:35 UTC | INFO     | expectations | [EXP] TEST: no Finnhub token — skipping beat streak
2026-04-09T01:27:01 UTC | INFO     | expectations | [EXP] TEST: no Finnhub token — skipping beat streak
2026-04-09T01:27:01 UTC | INFO     | expectations | [EXP] TEST: no Finnhub token — skipping beat streak
2026-04-09T01:27:01 UTC | INFO     | expectations | [EXP] TEST: no Finnhub token — skipping beat streak
2026-04-09T01:27:01 UTC | INFO     | expectations | [EXP] TEST: no Finnhub token — skipping beat streak
2026-04-09T01:27:01 UTC | INFO     | expectations | [EXP] TEST: no Finnhub token — skipping beat streak
2026-04-09T01:27:01 UTC | INFO     | expectations | [EXP] TEST: no Finnhub token — skipping beat streak
2026-04-09T01:27:01 UTC | INFO     | expectations | [EXP] TEST: no Finnhub token — skipping beat streak
2026-04-09T01:27:01 UTC | INFO     | expectations | [EXP] TEST: no Finnhub token — skipping beat streak
2026-04-09T01:27:01 UTC | INFO     | expectations | [EXP] TEST: no Finnhub token — skipping beat streak
2026-04-09T02:04:01 UTC | INFO     | main | ============================================================
2026-04-09T02:04:01 UTC | INFO     | main | AUTOMATED STOCK RESEARCH SYSTEM — starting run
2026-04-09T02:04:01 UTC | INFO     | main | DISCLAIMER: This system does NOT perform trading, does NOT give investment advice, and does NOT make price predictions. It is a research data aggregation and scoring tool only.
2026-04-09T02:04:01 UTC | INFO     | main | ============================================================
2026-04-09T02:04:01 UTC | INFO     | main | [DEBUG] FORCE_TICKERS detected — entering debug mode
2026-04-09T02:04:01 UTC | INFO     | main | [DEBUG] Using slot: 9:45-11:15
2026-04-09T02:04:01 UTC | INFO     | main | [DEBUG] Force-ticker mode active — tickers: ['XOM', 'CVX', 'COP']
2026-04-09T02:04:01 UTC | INFO     | main | [DEBUG] Skipping all sector/news gates
2026-04-09T02:04:02 UTC | INFO     | market_collector | Index dow: 47909.92 Rising (+2.85%)
2026-04-09T02:04:02 UTC | INFO     | market_collector | Index sp500: 6782.81 Rising (+2.51%)
2026-04-09T02:04:02 UTC | INFO     | market_collector | Index nasdaq: 22634.99 Rising (+2.80%)
2026-04-09T02:04:02 UTC | INFO     | market_regime | VIX fetched: 21.04
2026-04-09T02:04:02 UTC | INFO     | market_regime | Regime: normal vix=21.04 risk_mult=1.0 opp_mult=1.0
2026-04-09T02:04:24 UTC | INFO     | market_breadth | Market breadth: 110/130 advancing (0.85) — strong breadth — most stocks rising
2026-04-09T02:04:24 UTC | INFO     | spy_sma | [SPY] price=676.01 sma200=660.16 above=True
2026-04-09T02:04:28 UTC | INFO     | market_breadth | [B200] 85/125 above 200d SMA = 68.0%
2026-04-09T02:04:28 UTC | INFO     | market_regime_classifier | [MRC] regime=BULL score=2 spy_above=True vix=21.04 breadth_pct=68.0
2026-04-09T02:04:28 UTC | INFO     | main | [MR] market_regime=BULL score=2 breadth_pct=68.0
2026-04-09T02:04:28 UTC | INFO     | sector_breadth_ma | Sector breadth MA technology: 3/10 = 0.30 (mixed signals)
2026-04-09T02:04:29 UTC | INFO     | sector_breadth_ma | Sector breadth MA semiconductors: 8/10 = 0.80 (sector is genuinely strong)
2026-04-09T02:04:30 UTC | INFO     | sector_breadth_ma | Sector breadth MA healthcare: 4/10 = 0.40 (mixed signals)
2026-04-09T02:04:31 UTC | INFO     | sector_breadth_ma | Sector breadth MA financials: 7/10 = 0.70 (healthy participation)
2026-04-09T02:04:31 UTC | INFO     | sector_breadth_ma | Sector breadth MA consumer_discretionary: 5/10 = 0.50 (mixed signals)
2026-04-09T02:04:33 UTC | INFO     | sector_breadth_ma | Sector breadth MA consumer_staples: 5/10 = 0.50 (mixed signals)
2026-04-09T02:04:34 UTC | INFO     | sector_breadth_ma | Sector breadth MA industrials: 7/10 = 0.70 (healthy participation)
2026-04-09T02:04:34 UTC | INFO     | sector_breadth_ma | Sector breadth MA defense: 1/10 = 0.10 (sector is structurally weak)
2026-04-09T02:04:36 UTC | INFO     | sector_breadth_ma | Sector breadth MA energy: 10/10 = 1.00 (sector is genuinely strong)
2026-04-09T02:04:36 UTC | INFO     | sector_breadth_ma | Sector breadth MA materials: 7/10 = 0.70 (healthy participation)
2026-04-09T02:04:38 UTC | INFO     | sector_breadth_ma | Sector breadth MA utilities: 10/10 = 1.00 (sector is genuinely strong)
2026-04-09T02:04:38 UTC | INFO     | sector_breadth_ma | Sector breadth MA real_estate: 7/10 = 0.70 (healthy participation)
2026-04-09T02:04:39 UTC | INFO     | sector_breadth_ma | Sector breadth MA communication_services: 2/10 = 0.20 (sector is structurally weak)
2026-04-09T02:04:41 UTC | INFO     | sector_momentum | Top 5 sectors: ['semiconductors', 'technology', 'defense', 'industrials', 'materials']
2026-04-09T02:04:41 UTC | INFO     | sector_momentum | Sector momentum history updated (5 entries)
2026-04-09T02:04:41 UTC | INFO     | sector_rotation_speed | Rotation technology: rank 4 -> 2 speed=2 (gaining momentum)
2026-04-09T02:04:41 UTC | INFO     | sector_rotation_speed | Rotation healthcare: rank 7 -> 10 speed=-3 (losing momentum)
2026-04-09T02:04:41 UTC | INFO     | sector_rotation_speed | Rotation financials: rank 3 -> 7 speed=-4 (rapidly losing strength)
2026-04-09T02:04:41 UTC | INFO     | sector_rotation_speed | Rotation consumer_discretionary: rank 8 -> 11 speed=-3 (losing momentum)
2026-04-09T02:04:41 UTC | INFO     | sector_rotation_speed | Rotation consumer_staples: rank 10 -> 12 speed=-2 (losing momentum)
2026-04-09T02:04:41 UTC | INFO     | sector_rotation_speed | Rotation industrials: rank 6 -> 4 speed=2 (gaining momentum)
2026-04-09T02:04:41 UTC | INFO     | sector_rotation_speed | Rotation materials: rank 13 -> 5 speed=8 (rapidly gaining strength)
2026-04-09T02:04:41 UTC | INFO     | sector_rotation_speed | Rotation energy: rank 1 -> 13 speed=-12 (rapidly losing strength)
2026-04-09T02:04:41 UTC | INFO     | sector_rotation_speed | Rotation utilities: rank 12 -> 9 speed=3 (gaining momentum)
2026-04-09T02:04:41 UTC | INFO     | sector_rotation_speed | Rotation real_estate: rank 9 -> 6 speed=3 (gaining momentum)
2026-04-09T02:04:41 UTC | INFO     | sector_rotation_speed | Rotation communication_services: rank 5 -> 8 speed=-3 (losing momentum)
2026-04-09T02:04:41 UTC | INFO     | sector_rotation_speed | Rotation semiconductors: rank 2 -> 1 speed=1 (stable)
2026-04-09T02:04:41 UTC | INFO     | sector_rotation_speed | Rotation defense: rank 11 -> 3 speed=8 (rapidly gaining strength)
2026-04-09T02:04:41 UTC | INFO     | news_collector | reuters RSS: fetched 0 articles
2026-04-09T02:04:41 UTC | INFO     | news_collector | ft RSS: fetched 10 articles
2026-04-09T02:04:42 UTC | INFO     | news_collector | Finnhub: fetched 100 articles
2026-04-09T02:04:42 UTC | INFO     | news_collector | Filter: 110 raw → 67 passed
2026-04-09T02:04:42 UTC | INFO     | news_collector | Dedup: 67 → 67 articles
2026-04-09T02:04:42 UTC | INFO     | news_collector | Sector confirmed: defense score=13.7 headlines=6
2026-04-09T02:04:42 UTC | INFO     | news_collector | Sector confirmed: energy score=24.3 headlines=10
2026-04-09T02:04:42 UTC | INFO     | news_collector | Sector confirmed: materials score=29.7 headlines=14
2026-04-09T02:04:42 UTC | INFO     | news_collector | Sector confirmed: technology score=43.8 headlines=17
2026-04-09T02:04:42 UTC | INFO     | news_collector | Sector confirmed: consumer_discretionary score=75.3 headlines=31
2026-04-09T02:04:42 UTC | INFO     | news_collector | Sector gated: semiconductors score=2.7 headlines=1 (need score>=4, headlines>=2)
2026-04-09T02:04:42 UTC | INFO     | news_collector | Sector gated: communication_services score=2.2 headlines=1 (need score>=4, headlines>=2)
2026-04-09T02:04:42 UTC | INFO     | news_collector | Sector confirmed: industrials score=41.5 headlines=19
2026-04-09T02:04:42 UTC | INFO     | news_collector | Sector confirmed: utilities score=41.8 headlines=17
2026-04-09T02:04:42 UTC | INFO     | news_collector | Sector confirmed: financials score=35.4 headlines=13
2026-04-09T02:04:42 UTC | INFO     | news_collector | Sector confirmed: real_estate score=30.5 headlines=9
2026-04-09T02:04:42 UTC | INFO     | news_collector | Sector confirmed: consumer_staples score=11.6 headlines=6
2026-04-09T02:04:42 UTC | INFO     | news_collector | Confirmed sectors: ['defense', 'energy', 'materials', 'technology', 'consumer_discretionary', 'industrials', 'utilities', 'financials', 'real_estate', 'consumer_staples']
2026-04-09T02:04:42 UTC | INFO     | market_collector | get_index_history dow: 30 points
2026-04-09T02:04:42 UTC | INFO     | market_collector | get_index_history sp500: 30 points
2026-04-09T02:04:42 UTC | INFO     | market_collector | get_index_history nasdaq: 30 points
2026-04-09T02:04:42 UTC | INFO     | main | [DEBUG] Processing forced ticker: XOM
2026-04-09T02:04:42 UTC | INFO     | financial_parser | XOM: using cached financials (0d old)
2026-04-09T02:04:43 UTC | INFO     | volume_confirmation | XOM volume ratio=1.28 score=0.43 label=higher activity than usual
2026-04-09T02:04:43 UTC | INFO     | risk_adjusted_momentum | XOM RAM raw=17.52 score=1.00
2026-04-09T02:04:43 UTC | INFO     | multi_timeframe_momentum | XOM MTF 1m=3.842062407269691 3m=29.914298468924848 6m=38.911360789515385 score=0.96
2026-04-09T02:04:43 UTC | INFO     | trend_stability | XOM trend stability: dev=0.0997 score=0.00
2026-04-09T02:04:43 UTC | INFO     | drawdown_risk | XOM drawdown=8.9% score=0.78
2026-04-09T02:04:43 UTC | INFO     | risk_model | Risk score: raw=9.5 penalty=0 mult=1.0 final=9.5
2026-04-09T02:04:43 UTC | INFO     | opportunity_model | Opp score: b1=31.6 b2=76.2 b3=47.1 raw=52.5 x1.0 x1.15 = 60.4
2026-04-09T02:04:43 UTC | INFO     | signal_agreement | Signal agreement: m=1.00 s=0.50 e=0.50 v=0.43 -> 0.107
2026-04-09T02:04:43 UTC | INFO     | opportunity_model | Composite confidence: 65.0 (Moderate confidence)
2026-04-09T02:04:43 UTC | INFO     | main | [DEBUG] XOM: conf=65.0 risk=9.5 opp=60.4
2026-04-09T02:04:43 UTC | INFO     | main | [DEBUG] Processing forced ticker: CVX
2026-04-09T02:04:43 UTC | INFO     | financial_parser | CVX: using cached financials (0d old)
2026-04-09T02:04:43 UTC | INFO     | volume_confirmation | CVX volume ratio=1.06 score=0.35 label=normal trading activity
2026-04-09T02:04:43 UTC | INFO     | risk_adjusted_momentum | CVX RAM raw=17.26 score=1.00
2026-04-09T02:04:43 UTC | INFO     | multi_timeframe_momentum | CVX MTF 1m=1.821155460188125 3m=24.426297440258594 6m=27.874481243643572 score=0.85
2026-04-09T02:04:43 UTC | INFO     | trend_stability | CVX trend stability: dev=0.0980 score=0.02
2026-04-09T02:04:44 UTC | INFO     | drawdown_risk | CVX drawdown=8.6% score=0.78
2026-04-09T02:04:44 UTC | INFO     | risk_model | Risk score: raw=12.0 penalty=0 mult=1.0 final=12.0
2026-04-09T02:04:44 UTC | INFO     | opportunity_model | Opp score: b1=23.2 b2=73.5 b3=44.1 raw=47.5 x1.0 x1.15 = 54.6
2026-04-09T02:04:44 UTC | INFO     | signal_agreement | Signal agreement: m=1.00 s=0.50 e=0.50 v=0.35 -> 0.088
2026-04-09T02:04:44 UTC | INFO     | opportunity_model | Composite confidence: 61.7 (Moderate confidence)
2026-04-09T02:04:44 UTC | INFO     | main | [DEBUG] CVX: conf=61.7 risk=12.0 opp=54.6
2026-04-09T02:04:44 UTC | INFO     | main | [DEBUG] Processing forced ticker: COP
2026-04-09T02:04:44 UTC | INFO     | financial_parser | COP: using cached financials (0d old)
2026-04-09T02:04:44 UTC | INFO     | main | AV budget exhausted — skipping AV for COP
2026-04-09T02:04:44 UTC | INFO     | volume_confirmation | COP volume ratio=1.17 score=0.39 label=normal trading activity
2026-04-09T02:04:44 UTC | INFO     | risk_adjusted_momentum | COP RAM raw=17.30 score=1.00
2026-04-09T02:04:44 UTC | INFO     | multi_timeframe_momentum | COP MTF 1m=6.998207747443895 3m=29.95003290944428 6m=34.19596371333664 score=0.94
2026-04-09T02:04:44 UTC | INFO     | trend_stability | COP trend stability: dev=0.1552 score=0.00
2026-04-09T02:04:44 UTC | INFO     | drawdown_risk | COP drawdown=6.4% score=0.84
2026-04-09T02:04:44 UTC | INFO     | risk_model | Risk score: raw=13.6 penalty=0 mult=1.0 final=13.6
2026-04-09T02:04:44 UTC | INFO     | opportunity_model | Opp score: b1=43.6 b2=75.8 b3=45.6 raw=56.9 x1.0 x1.15 = 65.5
2026-04-09T02:04:44 UTC | INFO     | signal_agreement | Signal agreement: m=1.00 s=0.50 e=0.50 v=0.39 -> 0.098
2026-04-09T02:04:44 UTC | INFO     | opportunity_model | Composite confidence: 65.1 (Moderate confidence)
2026-04-09T02:04:44 UTC | INFO     | main | [DEBUG] COP: conf=65.1 risk=13.6 opp=65.5
2026-04-09T02:04:44 UTC | INFO     | main | [DEBUG][EQ] Running EQ analysis on 3 forced tickers
2026-04-09T02:04:46 UTC | INFO     | main | [DEBUG][EQ] XOM: no EQ data — skipped or error
2026-04-09T02:04:46 UTC | INFO     | main | [DEBUG][EQ] CVX: no EQ data — skipped or error
2026-04-09T02:04:46 UTC | INFO     | main | [ROT] Running rotation analysis on 3 candidates
2026-04-09T02:04:49 UTC | INFO     | main | [ROT] Enrichment complete. 3 enriched / 3 total
2026-04-09T02:04:49 UTC | INFO     | main | [PS] Running price structure analysis on 3 forced tickers
2026-04-09T02:04:49 UTC | INFO     | main | [PS] Enrichment complete. 3 enriched / 3 total
2026-04-09T02:04:49 UTC | INFO     | main | [ER] Event risk enrichment complete. 3/3 processed
2026-04-09T02:05:41 UTC | INFO     | main | [INS] Insider enrichment complete. 3/3 processed
2026-04-09T02:05:41 UTC | INFO     | expectations | [EXP] XOM: no Finnhub token — skipping beat streak
2026-04-09T02:05:41 UTC | INFO     | expectations | [EXP] CVX: no Finnhub token — skipping beat streak
2026-04-09T02:05:41 UTC | INFO     | expectations | [EXP] COP: no Finnhub token — skipping beat streak
2026-04-09T02:05:41 UTC | INFO     | main | [EXP] Expectations enrichment complete. 3/3 processed
2026-04-09T02:05:41 UTC | INFO     | report_builder | Email report written: /home/runner/work/Financial_Assistant_Project/Financial_Assistant_Project/reports/output/intraday_email_945_1115_20260409T020541Z.html
2026-04-09T02:05:41 UTC | INFO     | report_builder | Full report written: /home/runner/work/Financial_Assistant_Project/Financial_Assistant_Project/reports/output/intraday_full_945_1115_20260409T020541Z.html
2026-04-09T02:05:41 UTC | INFO     | report_builder | Full report served at docs/reports/intraday_full_945_1115_20260409T020541Z.html
2026-04-09T02:05:41 UTC | INFO     | dashboard_builder | News JSON written: 10 sectors
2026-04-09T02:05:41 UTC | INFO     | dashboard_builder | index.html written
2026-04-09T02:05:41 UTC | INFO     | dashboard_builder | rank.html written
2026-04-09T02:05:41 UTC | INFO     | dashboard_builder | archive.html written
2026-04-09T02:05:41 UTC | INFO     | dashboard_builder | news.html written
2026-04-09T02:05:41 UTC | INFO     | dashboard_builder | build_dashboard complete
2026-04-09T02:05:41 UTC | INFO     | email_sender | Using pre-built HTML: /home/runner/work/Financial_Assistant_Project/Financial_Assistant_Project/reports/output/intraday_email_945_1115_20260409T020541Z.html
2026-04-09T02:05:44 UTC | INFO     | email_sender | Email sent to francisco.ale.caballero01+stocks@gmail.com: ■ Stock Research — 9:45-11:15 Update — 3 opportunities found
2026-04-09T02:05:44 UTC | INFO     | main | Git: committed and pushed
2026-04-09T02:05:44 UTC | INFO     | main | [DEBUG] Force-ticker run complete. Tickers: ['XOM', 'CVX', 'COP']
2026-04-09T02:15:15 UTC | INFO     | main | ============================================================
2026-04-09T02:15:15 UTC | INFO     | main | AUTOMATED STOCK RESEARCH SYSTEM — starting run
2026-04-09T02:15:15 UTC | INFO     | main | DISCLAIMER: This system does NOT perform trading, does NOT give investment advice, and does NOT make price predictions. It is a research data aggregation and scoring tool only.
2026-04-09T02:15:15 UTC | INFO     | main | ============================================================
2026-04-09T02:15:15 UTC | INFO     | main | [DEBUG] FORCE_TICKERS detected — entering debug mode
2026-04-09T02:15:15 UTC | INFO     | main | [DEBUG] Using slot: 9:45-11:15
2026-04-09T02:15:15 UTC | INFO     | main | [DEBUG] Force-ticker mode active — tickers: ['WDC']
2026-04-09T02:15:15 UTC | INFO     | main | [DEBUG] Skipping all sector/news gates
2026-04-09T02:15:16 UTC | INFO     | market_collector | Index dow: 47909.92 Rising (+2.85%)
2026-04-09T02:15:16 UTC | INFO     | market_collector | Index sp500: 6782.81 Rising (+2.51%)
2026-04-09T02:15:16 UTC | INFO     | market_collector | Index nasdaq: 22634.99 Rising (+2.80%)
2026-04-09T02:15:16 UTC | INFO     | market_regime | VIX fetched: 21.04
2026-04-09T02:15:16 UTC | INFO     | market_regime | Regime: normal vix=21.04 risk_mult=1.0 opp_mult=1.0
2026-04-09T02:15:44 UTC | INFO     | market_breadth | Market breadth: 110/130 advancing (0.85) — strong breadth — most stocks rising
2026-04-09T02:15:44 UTC | INFO     | spy_sma | [SPY] price=676.01 sma200=660.16 above=True
2026-04-09T02:15:48 UTC | INFO     | market_breadth | [B200] 85/125 above 200d SMA = 68.0%
2026-04-09T02:15:48 UTC | INFO     | market_regime_classifier | [MRC] regime=BULL score=2 spy_above=True vix=21.04 breadth_pct=68.0
2026-04-09T02:15:48 UTC | INFO     | main | [MR] market_regime=BULL score=2 breadth_pct=68.0
2026-04-09T02:15:48 UTC | INFO     | sector_breadth_ma | Sector breadth MA technology: 3/10 = 0.30 (mixed signals)
2026-04-09T02:15:49 UTC | INFO     | sector_breadth_ma | Sector breadth MA semiconductors: 8/10 = 0.80 (sector is genuinely strong)
2026-04-09T02:15:50 UTC | INFO     | sector_breadth_ma | Sector breadth MA healthcare: 4/10 = 0.40 (mixed signals)
2026-04-09T02:15:51 UTC | INFO     | sector_breadth_ma | Sector breadth MA financials: 7/10 = 0.70 (healthy participation)
2026-04-09T02:15:52 UTC | INFO     | sector_breadth_ma | Sector breadth MA consumer_discretionary: 5/10 = 0.50 (mixed signals)
2026-04-09T02:15:53 UTC | INFO     | sector_breadth_ma | Sector breadth MA consumer_staples: 5/10 = 0.50 (mixed signals)
2026-04-09T02:15:54 UTC | INFO     | sector_breadth_ma | Sector breadth MA industrials: 7/10 = 0.70 (healthy participation)
2026-04-09T02:15:56 UTC | INFO     | sector_breadth_ma | Sector breadth MA defense: 1/10 = 0.10 (sector is structurally weak)
2026-04-09T02:15:57 UTC | INFO     | sector_breadth_ma | Sector breadth MA energy: 10/10 = 1.00 (sector is genuinely strong)
2026-04-09T02:15:58 UTC | INFO     | sector_breadth_ma | Sector breadth MA materials: 7/10 = 0.70 (healthy participation)
2026-04-09T02:15:59 UTC | INFO     | sector_breadth_ma | Sector breadth MA utilities: 10/10 = 1.00 (sector is genuinely strong)
2026-04-09T02:16:00 UTC | INFO     | sector_breadth_ma | Sector breadth MA real_estate: 7/10 = 0.70 (healthy participation)
2026-04-09T02:16:00 UTC | INFO     | sector_breadth_ma | Sector breadth MA communication_services: 2/10 = 0.20 (sector is structurally weak)
2026-04-09T02:16:03 UTC | INFO     | sector_momentum | Top 5 sectors: ['semiconductors', 'technology', 'defense', 'industrials', 'materials']
2026-04-09T02:16:03 UTC | INFO     | sector_momentum | Sector momentum history updated (5 entries)
2026-04-09T02:16:03 UTC | INFO     | sector_rotation_speed | Rotation technology: rank 4 -> 2 speed=2 (gaining momentum)
2026-04-09T02:16:03 UTC | INFO     | sector_rotation_speed | Rotation healthcare: rank 7 -> 10 speed=-3 (losing momentum)
2026-04-09T02:16:03 UTC | INFO     | sector_rotation_speed | Rotation financials: rank 3 -> 7 speed=-4 (rapidly losing strength)
2026-04-09T02:16:03 UTC | INFO     | sector_rotation_speed | Rotation consumer_discretionary: rank 8 -> 11 speed=-3 (losing momentum)
2026-04-09T02:16:03 UTC | INFO     | sector_rotation_speed | Rotation consumer_staples: rank 10 -> 12 speed=-2 (losing momentum)
2026-04-09T02:16:03 UTC | INFO     | sector_rotation_speed | Rotation industrials: rank 6 -> 4 speed=2 (gaining momentum)
2026-04-09T02:16:03 UTC | INFO     | sector_rotation_speed | Rotation materials: rank 13 -> 5 speed=8 (rapidly gaining strength)
2026-04-09T02:16:03 UTC | INFO     | sector_rotation_speed | Rotation energy: rank 1 -> 13 speed=-12 (rapidly losing strength)
2026-04-09T02:16:03 UTC | INFO     | sector_rotation_speed | Rotation utilities: rank 12 -> 9 speed=3 (gaining momentum)
2026-04-09T02:16:03 UTC | INFO     | sector_rotation_speed | Rotation real_estate: rank 9 -> 6 speed=3 (gaining momentum)
2026-04-09T02:16:03 UTC | INFO     | sector_rotation_speed | Rotation communication_services: rank 5 -> 8 speed=-3 (losing momentum)
2026-04-09T02:16:03 UTC | INFO     | sector_rotation_speed | Rotation semiconductors: rank 2 -> 1 speed=1 (stable)
2026-04-09T02:16:03 UTC | INFO     | sector_rotation_speed | Rotation defense: rank 11 -> 3 speed=8 (rapidly gaining strength)
2026-04-09T02:16:03 UTC | INFO     | news_collector | reuters RSS: fetched 0 articles
2026-04-09T02:16:03 UTC | INFO     | news_collector | ft RSS: fetched 10 articles
2026-04-09T02:16:03 UTC | INFO     | news_collector | Finnhub: fetched 100 articles
2026-04-09T02:16:03 UTC | INFO     | news_collector | Filter: 110 raw → 66 passed
2026-04-09T02:16:04 UTC | INFO     | news_collector | Dedup: 66 → 66 articles
2026-04-09T02:16:04 UTC | INFO     | news_collector | Sector confirmed: defense score=13.7 headlines=6
2026-04-09T02:16:04 UTC | INFO     | news_collector | Sector confirmed: energy score=24.3 headlines=10
2026-04-09T02:16:04 UTC | INFO     | news_collector | Sector confirmed: materials score=29.7 headlines=14
2026-04-09T02:16:04 UTC | INFO     | news_collector | Sector confirmed: technology score=43.8 headlines=17
2026-04-09T02:16:04 UTC | INFO     | news_collector | Sector confirmed: consumer_discretionary score=75.3 headlines=31
2026-04-09T02:16:04 UTC | INFO     | news_collector | Sector gated: semiconductors score=2.7 headlines=1 (need score>=4, headlines>=2)
2026-04-09T02:16:04 UTC | INFO     | news_collector | Sector gated: communication_services score=2.2 headlines=1 (need score>=4, headlines>=2)
2026-04-09T02:16:04 UTC | INFO     | news_collector | Sector confirmed: industrials score=41.5 headlines=19
2026-04-09T02:16:04 UTC | INFO     | news_collector | Sector confirmed: utilities score=41.8 headlines=17
2026-04-09T02:16:04 UTC | INFO     | news_collector | Sector confirmed: financials score=35.4 headlines=13
2026-04-09T02:16:04 UTC | INFO     | news_collector | Sector confirmed: real_estate score=30.5 headlines=9
2026-04-09T02:16:04 UTC | INFO     | news_collector | Sector confirmed: consumer_staples score=11.6 headlines=6
2026-04-09T02:16:04 UTC | INFO     | news_collector | Confirmed sectors: ['defense', 'energy', 'materials', 'technology', 'consumer_discretionary', 'industrials', 'utilities', 'financials', 'real_estate', 'consumer_staples']
2026-04-09T02:16:04 UTC | INFO     | market_collector | get_index_history dow: 30 points
2026-04-09T02:16:04 UTC | INFO     | market_collector | get_index_history sp500: 30 points
2026-04-09T02:16:04 UTC | INFO     | market_collector | get_index_history nasdaq: 30 points
2026-04-09T02:16:04 UTC | INFO     | main | [DEBUG] Processing forced ticker: WDC
2026-04-09T02:16:04 UTC | INFO     | financial_parser | WDC: using cached financials (1d old)
2026-04-09T02:16:04 UTC | INFO     | main | AV budget exhausted — skipping AV for WDC
2026-04-09T02:16:04 UTC | INFO     | volume_confirmation | WDC volume ratio=1.01 score=0.34 label=normal trading activity
2026-04-09T02:16:04 UTC | INFO     | risk_adjusted_momentum | WDC RAM raw=13.12 score=1.00
2026-04-09T02:16:04 UTC | INFO     | multi_timeframe_momentum | WDC MTF 1m=29.27573911907306 3m=54.50001774479642 6m=170.76521530112302 score=1.00
2026-04-09T02:16:04 UTC | INFO     | trend_stability | WDC trend stability: dev=0.0858 score=0.14
2026-04-09T02:16:05 UTC | INFO     | drawdown_risk | WDC drawdown=0.0% score=1.00
2026-04-09T02:16:05 UTC | INFO     | risk_model | Risk score: raw=23.9 penalty=0 mult=1.0 final=23.9
2026-04-09T02:16:05 UTC | INFO     | opportunity_model | Opp score: b1=90.9 b2=77.2 b3=43.5 raw=76.0 x1.0 x1.15 = 87.4
2026-04-09T02:16:05 UTC | INFO     | signal_agreement | Signal agreement: m=1.00 s=0.50 e=0.50 v=0.34 -> 0.085
2026-04-09T02:16:05 UTC | INFO     | opportunity_model | Composite confidence: 68.9 (Moderate confidence)
2026-04-09T02:16:05 UTC | INFO     | main | [DEBUG] WDC: conf=68.9 risk=23.9 opp=87.4
2026-04-09T02:16:05 UTC | INFO     | main | [DEBUG][EQ] Running EQ analysis on 1 forced tickers
2026-04-09T02:16:06 UTC | INFO     | main | [ROT] Running rotation analysis on 1 candidates
2026-04-09T02:16:06 UTC | INFO     | main | [ROT] Enrichment complete. 1 enriched / 1 total
2026-04-09T02:16:06 UTC | INFO     | main | [PS] Running price structure analysis on 1 forced tickers
2026-04-09T02:16:06 UTC | INFO     | main | [PS] Enrichment complete. 1 enriched / 1 total
2026-04-09T02:16:06 UTC | INFO     | main | [ER] Event risk enrichment complete. 1/1 processed
2026-04-09T02:16:28 UTC | INFO     | main | [INS] Insider enrichment complete. 1/1 processed
2026-04-09T02:16:28 UTC | INFO     | expectations | [EXP] WDC: no Finnhub token — skipping beat streak
2026-04-09T02:16:28 UTC | INFO     | main | [EXP] Expectations enrichment complete. 1/1 processed
2026-04-09T02:16:28 UTC | INFO     | report_builder | Email report written: /home/runner/work/Financial_Assistant_Project/Financial_Assistant_Project/reports/output/intraday_email_945_1115_20260409T021628Z.html
2026-04-09T02:16:28 UTC | INFO     | report_builder | Full report written: /home/runner/work/Financial_Assistant_Project/Financial_Assistant_Project/reports/output/intraday_full_945_1115_20260409T021628Z.html
2026-04-09T02:16:28 UTC | INFO     | report_builder | Full report served at docs/reports/intraday_full_945_1115_20260409T021628Z.html
2026-04-09T02:16:28 UTC | INFO     | dashboard_builder | News JSON written: 10 sectors
2026-04-09T02:16:28 UTC | INFO     | dashboard_builder | index.html written
2026-04-09T02:16:28 UTC | INFO     | dashboard_builder | rank.html written
2026-04-09T02:16:28 UTC | INFO     | dashboard_builder | archive.html written
2026-04-09T02:16:28 UTC | INFO     | dashboard_builder | news.html written
2026-04-09T02:16:28 UTC | INFO     | dashboard_builder | build_dashboard complete
2026-04-09T02:16:29 UTC | INFO     | email_sender | Using pre-built HTML: /home/runner/work/Financial_Assistant_Project/Financial_Assistant_Project/reports/output/intraday_email_945_1115_20260409T021628Z.html
2026-04-09T02:16:31 UTC | INFO     | email_sender | Email sent to francisco.ale.caballero01+stocks@gmail.com: ■ Stock Research — 9:45-11:15 Update — 1 opportunity found
2026-04-09T02:16:31 UTC | INFO     | main | Git: committed and pushed
2026-04-09T02:16:31 UTC | INFO     | main | [DEBUG] Force-ticker run complete. Tickers: ['WDC']
2026-04-09T15:10:13 UTC | INFO     | main | ============================================================
2026-04-09T15:10:13 UTC | INFO     | main | AUTOMATED STOCK RESEARCH SYSTEM — starting run
2026-04-09T15:10:13 UTC | INFO     | main | DISCLAIMER: This system does NOT perform trading, does NOT give investment advice, and does NOT make price predictions. It is a research data aggregation and scoring tool only.
2026-04-09T15:10:13 UTC | INFO     | main | ============================================================
2026-04-09T15:10:13 UTC | INFO     | main | [SCHEDULER] Time gate passed — matched slot 9:45-11:15
2026-04-09T15:10:13 UTC | INFO     | main | Run slot: 9:45-11:15
2026-04-09T15:10:13 UTC | INFO     | market_collector | Index dow: 47774.08 Falling (-0.28%)
2026-04-09T15:10:13 UTC | INFO     | market_collector | Index sp500: 6774.19 Falling (-0.13%)
2026-04-09T15:10:13 UTC | INFO     | market_collector | Index nasdaq: 22607.65 Falling (-0.12%)
2026-04-09T15:10:13 UTC | INFO     | market_regime | VIX fetched: 21.04
2026-04-09T15:10:13 UTC | INFO     | market_regime | Regime: normal vix=21.04 risk_mult=1.0 opp_mult=1.0
2026-04-09T15:10:13 UTC | INFO     | main | Regime: normal vix=21.04
2026-04-09T15:10:38 UTC | INFO     | market_breadth | Market breadth: 73/130 advancing (0.56) — neutral breadth — mixed market movement
2026-04-09T15:10:39 UTC | INFO     | spy_sma | [SPY] price=675.12 sma200=660.56 above=True
2026-04-09T15:10:43 UTC | INFO     | market_breadth | [B200] 85/125 above 200d SMA = 68.0%
2026-04-09T15:10:43 UTC | INFO     | market_regime_classifier | [MRC] regime=BULL score=2 spy_above=True vix=21.04 breadth_pct=68.0
2026-04-09T15:10:43 UTC | INFO     | main | [MR] market_regime=BULL score=2 breadth_pct=68.0
2026-04-09T15:10:44 UTC | INFO     | sector_breadth_ma | Sector breadth MA technology: 4/10 = 0.40 (mixed signals)
2026-04-09T15:10:45 UTC | INFO     | sector_breadth_ma | Sector breadth MA semiconductors: 9/10 = 0.90 (sector is genuinely strong)
2026-04-09T15:10:46 UTC | INFO     | sector_breadth_ma | Sector breadth MA healthcare: 4/10 = 0.40 (mixed signals)
2026-04-09T15:10:47 UTC | INFO     | sector_breadth_ma | Sector breadth MA financials: 7/10 = 0.70 (healthy participation)
2026-04-09T15:10:48 UTC | INFO     | sector_breadth_ma | Sector breadth MA consumer_discretionary: 5/10 = 0.50 (mixed signals)
2026-04-09T15:10:49 UTC | INFO     | sector_breadth_ma | Sector breadth MA consumer_staples: 5/10 = 0.50 (mixed signals)
2026-04-09T15:10:50 UTC | INFO     | sector_breadth_ma | Sector breadth MA industrials: 7/10 = 0.70 (healthy participation)
2026-04-09T15:10:51 UTC | INFO     | sector_breadth_ma | Sector breadth MA defense: 1/10 = 0.10 (sector is structurally weak)
2026-04-09T15:10:52 UTC | INFO     | sector_breadth_ma | Sector breadth MA energy: 10/10 = 1.00 (sector is genuinely strong)
2026-04-09T15:10:54 UTC | INFO     | sector_breadth_ma | Sector breadth MA materials: 7/10 = 0.70 (healthy participation)
2026-04-09T15:10:55 UTC | INFO     | sector_breadth_ma | Sector breadth MA utilities: 10/10 = 1.00 (sector is genuinely strong)
2026-04-09T15:10:56 UTC | INFO     | sector_breadth_ma | Sector breadth MA real_estate: 7/10 = 0.70 (healthy participation)
2026-04-09T15:10:57 UTC | INFO     | sector_breadth_ma | Sector breadth MA communication_services: 3/10 = 0.30 (mixed signals)
2026-04-09T15:10:59 UTC | INFO     | sector_momentum | Top 5 sectors: ['semiconductors', 'real_estate', 'technology', 'industrials', 'utilities']
2026-04-09T15:10:59 UTC | INFO     | sector_momentum | Sector momentum history updated (5 entries)
2026-04-09T15:10:59 UTC | INFO     | sector_rotation_speed | Rotation technology: rank 4 -> 3 speed=1 (stable)
2026-04-09T15:10:59 UTC | INFO     | sector_rotation_speed | Rotation healthcare: rank 7 -> 12 speed=-5 (rapidly losing strength)
2026-04-09T15:10:59 UTC | INFO     | sector_rotation_speed | Rotation financials: rank 3 -> 7 speed=-4 (rapidly losing strength)
2026-04-09T15:10:59 UTC | INFO     | sector_rotation_speed | Rotation consumer_discretionary: rank 8 -> 11 speed=-3 (losing momentum)
2026-04-09T15:10:59 UTC | INFO     | sector_rotation_speed | Rotation consumer_staples: rank 10 -> 10 speed=0 (stable)
2026-04-09T15:10:59 UTC | INFO     | sector_rotation_speed | Rotation industrials: rank 6 -> 4 speed=2 (gaining momentum)
2026-04-09T15:10:59 UTC | INFO     | sector_rotation_speed | Rotation materials: rank 13 -> 8 speed=5 (rapidly gaining strength)
2026-04-09T15:10:59 UTC | INFO     | sector_rotation_speed | Rotation energy: rank 1 -> 13 speed=-12 (rapidly losing strength)
2026-04-09T15:10:59 UTC | INFO     | sector_rotation_speed | Rotation utilities: rank 12 -> 5 speed=7 (rapidly gaining strength)
2026-04-09T15:10:59 UTC | INFO     | sector_rotation_speed | Rotation real_estate: rank 9 -> 2 speed=7 (rapidly gaining strength)
2026-04-09T15:10:59 UTC | INFO     | sector_rotation_speed | Rotation communication_services: rank 5 -> 9 speed=-4 (rapidly losing strength)
2026-04-09T15:10:59 UTC | INFO     | sector_rotation_speed | Rotation semiconductors: rank 2 -> 1 speed=1 (stable)
2026-04-09T15:10:59 UTC | INFO     | sector_rotation_speed | Rotation defense: rank 11 -> 6 speed=5 (rapidly gaining strength)
2026-04-09T15:10:59 UTC | INFO     | news_collector | reuters RSS: fetched 0 articles
2026-04-09T15:11:00 UTC | INFO     | news_collector | ft RSS: fetched 9 articles
2026-04-09T15:11:00 UTC | INFO     | news_collector | Finnhub: fetched 100 articles
2026-04-09T15:11:00 UTC | INFO     | news_collector | Filter: 109 raw → 41 passed
2026-04-09T15:11:00 UTC | INFO     | news_collector | Dedup: 41 → 40 articles
2026-04-09T15:11:00 UTC | INFO     | news_collector | Sector confirmed: consumer_discretionary score=21.1 headlines=8
2026-04-09T15:11:00 UTC | INFO     | news_collector | Sector confirmed: financials score=9.6 headlines=3
2026-04-09T15:11:00 UTC | INFO     | news_collector | Sector confirmed: consumer_staples score=5.2 headlines=2
2026-04-09T15:11:00 UTC | INFO     | news_collector | Sector confirmed: utilities score=8.8 headlines=4
2026-04-09T15:11:00 UTC | INFO     | news_collector | Sector confirmed: technology score=11.6 headlines=5
2026-04-09T15:11:00 UTC | INFO     | news_collector | Sector gated: real_estate score=2.7 headlines=1 (need score>=4, headlines>=2)
2026-04-09T15:11:00 UTC | INFO     | news_collector | Sector confirmed: energy score=7.7 headlines=3
2026-04-09T15:11:00 UTC | INFO     | news_collector | Sector confirmed: materials score=8.1 headlines=4
2026-04-09T15:11:00 UTC | INFO     | news_collector | Sector confirmed: industrials score=8.9 headlines=4
2026-04-09T15:11:00 UTC | INFO     | news_collector | Sector gated: defense score=1.7 headlines=1 (need score>=4, headlines>=2)
2026-04-09T15:11:00 UTC | INFO     | news_collector | Confirmed sectors: ['consumer_discretionary', 'financials', 'consumer_staples', 'utilities', 'technology', 'energy', 'materials', 'industrials']
2026-04-09T15:11:00 UTC | INFO     | market_collector | get_index_history dow: 30 points
2026-04-09T15:11:00 UTC | INFO     | market_collector | get_index_history sp500: 30 points
2026-04-09T15:11:00 UTC | INFO     | market_collector | get_index_history nasdaq: 30 points
2026-04-09T15:11:00 UTC | INFO     | main | News: 40 articles, 8 candidate sectors
2026-04-09T15:11:00 UTC | INFO     | event_decay | Event decay: 3.00 -> 3.00 (0d old)
2026-04-09T15:11:00 UTC | INFO     | event_detector | Event "oil_supply_disruption": 1 occurrences, max adjusted score = 3.00
2026-04-09T15:11:00 UTC | INFO     | news_impact_scorer | SPY day move: 0.11%
2026-04-09T15:11:00 UTC | INFO     | news_impact_scorer | Impact [consumer_discretionary]: sources=8 kw=21.1 spy=0.11% → impact=0.717 ✓ passes
2026-04-09T15:11:00 UTC | INFO     | news_impact_scorer | Impact [financials]: sources=3 kw=9.6 spy=0.11% → impact=0.560 ✗ below threshold
2026-04-09T15:11:00 UTC | INFO     | news_impact_scorer | Sector dropped by impact gate: financials (sources=3 kw=9.6 spy=0.11% → impact=0.560 ✗ below threshold)
2026-04-09T15:11:00 UTC | INFO     | news_impact_scorer | Impact [consumer_staples]: sources=2 kw=5.2 spy=0.11% → impact=0.362 ✗ below threshold
2026-04-09T15:11:00 UTC | INFO     | news_impact_scorer | Sector dropped by impact gate: consumer_staples (sources=2 kw=5.2 spy=0.11% → impact=0.362 ✗ below threshold)
2026-04-09T15:11:00 UTC | INFO     | news_impact_scorer | Impact [utilities]: sources=4 kw=8.8 spy=0.11% → impact=0.550 ✗ below threshold
2026-04-09T15:11:00 UTC | INFO     | news_impact_scorer | Sector dropped by impact gate: utilities (sources=4 kw=8.8 spy=0.11% → impact=0.550 ✗ below threshold)
2026-04-09T15:11:00 UTC | INFO     | news_impact_scorer | Impact [technology]: sources=5 kw=11.7 spy=0.11% → impact=0.592 ✗ below threshold
2026-04-09T15:11:00 UTC | INFO     | news_impact_scorer | Sector dropped by impact gate: technology (sources=5 kw=11.7 spy=0.11% → impact=0.592 ✗ below threshold)
2026-04-09T15:11:00 UTC | INFO     | news_impact_scorer | Impact [energy]: sources=3 kw=7.7 spy=0.11% → impact=0.532 ✗ below threshold
2026-04-09T15:11:00 UTC | INFO     | news_impact_scorer | Sector dropped by impact gate: energy (sources=3 kw=7.7 spy=0.11% → impact=0.532 ✗ below threshold)
2026-04-09T15:11:00 UTC | INFO     | news_impact_scorer | Impact [materials]: sources=4 kw=8.1 spy=0.11% → impact=0.539 ✗ below threshold
2026-04-09T15:11:00 UTC | INFO     | news_impact_scorer | Sector dropped by impact gate: materials (sources=4 kw=8.1 spy=0.11% → impact=0.539 ✗ below threshold)
2026-04-09T15:11:00 UTC | INFO     | news_impact_scorer | Impact [industrials]: sources=4 kw=8.8 spy=0.11% → impact=0.550 ✗ below threshold
2026-04-09T15:11:00 UTC | INFO     | news_impact_scorer | Sector dropped by impact gate: industrials (sources=4 kw=8.8 spy=0.11% → impact=0.550 ✗ below threshold)
2026-04-09T15:11:00 UTC | INFO     | news_impact_scorer | Impact gate: 8 → 1 sectors passed
2026-04-09T15:11:00 UTC | INFO     | main | Momentum gate: 1 → 0 sectors
2026-04-09T15:11:00 UTC | INFO     | sector_mapper | Mapped 1 events → 5 sectors
2026-04-09T15:11:00 UTC | INFO     | main | No sectors confirmed — writing empty report
2026-04-09T15:11:00 UTC | INFO     | main | Empty report written: reports/output/empty_945-1115_2026-04-09T151100Z.html
2026-04-09T15:11:01 UTC | INFO     | main | Git: committed and pushed
2026-04-09T15:11:01 UTC | INFO     | state_manager | Slot 9:45-11:15 marked complete
2026-04-09T16:07:06 UTC | INFO     | main | ============================================================
2026-04-09T16:07:06 UTC | INFO     | main | AUTOMATED STOCK RESEARCH SYSTEM — starting run
2026-04-09T16:07:06 UTC | INFO     | main | DISCLAIMER: This system does NOT perform trading, does NOT give investment advice, and does NOT make price predictions. It is a research data aggregation and scoring tool only.
2026-04-09T16:07:06 UTC | INFO     | main | ============================================================
2026-04-09T16:07:06 UTC | INFO     | main | [SCHEDULER] Time gate passed — matched slot 11:45-13:15
2026-04-09T16:07:06 UTC | INFO     | main | Run slot: 11:45-13:15
2026-04-09T16:07:06 UTC | INFO     | market_collector | Index dow: 48158.72 Rising (+0.52%)
2026-04-09T16:07:06 UTC | INFO     | market_collector | Index sp500: 6822.26 Rising (+0.58%)
2026-04-09T16:07:06 UTC | INFO     | market_collector | Index nasdaq: 22807.03 Rising (+0.76%)
2026-04-09T16:07:07 UTC | INFO     | market_regime | VIX fetched: 20.17
2026-04-09T16:07:07 UTC | INFO     | market_regime | Regime: normal vix=20.17 risk_mult=1.0 opp_mult=1.0
2026-04-09T16:07:07 UTC | INFO     | main | Regime: normal vix=20.17
2026-04-09T16:07:29 UTC | INFO     | market_breadth | Market breadth: 94/130 advancing (0.72) — strong breadth — most stocks rising
2026-04-09T16:07:29 UTC | INFO     | spy_sma | [SPY] price=679.95 sma200=660.58 above=True
2026-04-09T16:07:33 UTC | INFO     | market_breadth | [B200] 86/125 above 200d SMA = 68.8%
2026-04-09T16:07:33 UTC | INFO     | market_regime_classifier | [MRC] regime=BULL score=2 spy_above=True vix=20.17 breadth_pct=68.8
2026-04-09T16:07:33 UTC | INFO     | main | [MR] market_regime=BULL score=2 breadth_pct=68.8
2026-04-09T16:07:34 UTC | INFO     | sector_breadth_ma | Sector breadth MA technology: 5/10 = 0.50 (mixed signals)
2026-04-09T16:07:34 UTC | INFO     | sector_breadth_ma | Sector breadth MA semiconductors: 9/10 = 0.90 (sector is genuinely strong)
2026-04-09T16:07:36 UTC | INFO     | sector_breadth_ma | Sector breadth MA healthcare: 4/10 = 0.40 (mixed signals)
2026-04-09T16:07:37 UTC | INFO     | sector_breadth_ma | Sector breadth MA financials: 7/10 = 0.70 (healthy participation)
2026-04-09T16:07:37 UTC | INFO     | sector_breadth_ma | Sector breadth MA consumer_discretionary: 5/10 = 0.50 (mixed signals)
2026-04-09T16:07:38 UTC | INFO     | sector_breadth_ma | Sector breadth MA consumer_staples: 5/10 = 0.50 (mixed signals)
2026-04-09T16:07:40 UTC | INFO     | sector_breadth_ma | Sector breadth MA industrials: 8/10 = 0.80 (sector is genuinely strong)
2026-04-09T16:07:41 UTC | INFO     | sector_breadth_ma | Sector breadth MA defense: 1/10 = 0.10 (sector is structurally weak)
2026-04-09T16:07:42 UTC | INFO     | sector_breadth_ma | Sector breadth MA energy: 10/10 = 1.00 (sector is genuinely strong)
2026-04-09T16:07:43 UTC | INFO     | sector_breadth_ma | Sector breadth MA materials: 7/10 = 0.70 (healthy participation)
2026-04-09T16:07:44 UTC | INFO     | sector_breadth_ma | Sector breadth MA utilities: 10/10 = 1.00 (sector is genuinely strong)
2026-04-09T16:07:45 UTC | INFO     | sector_breadth_ma | Sector breadth MA real_estate: 8/10 = 0.80 (sector is genuinely strong)
2026-04-09T16:07:45 UTC | INFO     | sector_breadth_ma | Sector breadth MA communication_services: 4/10 = 0.40 (mixed signals)
2026-04-09T16:07:47 UTC | INFO     | sector_momentum | Top 5 sectors: ['semiconductors', 'real_estate', 'industrials', 'technology', 'defense']
2026-04-09T16:07:47 UTC | INFO     | sector_momentum | Sector momentum history updated (5 entries)
2026-04-09T16:07:47 UTC | INFO     | sector_rotation_speed | Rotation technology: rank 4 -> 4 speed=0 (stable)
2026-04-09T16:07:47 UTC | INFO     | sector_rotation_speed | Rotation healthcare: rank 7 -> 12 speed=-5 (rapidly losing strength)
2026-04-09T16:07:47 UTC | INFO     | sector_rotation_speed | Rotation financials: rank 3 -> 6 speed=-3 (losing momentum)
2026-04-09T16:07:47 UTC | INFO     | sector_rotation_speed | Rotation consumer_discretionary: rank 8 -> 10 speed=-2 (losing momentum)
2026-04-09T16:07:47 UTC | INFO     | sector_rotation_speed | Rotation consumer_staples: rank 10 -> 11 speed=-1 (stable)
2026-04-09T16:07:47 UTC | INFO     | sector_rotation_speed | Rotation industrials: rank 6 -> 3 speed=3 (gaining momentum)
2026-04-09T16:07:47 UTC | INFO     | sector_rotation_speed | Rotation materials: rank 13 -> 8 speed=5 (rapidly gaining strength)
2026-04-09T16:07:47 UTC | INFO     | sector_rotation_speed | Rotation energy: rank 1 -> 13 speed=-12 (rapidly losing strength)
2026-04-09T16:07:47 UTC | INFO     | sector_rotation_speed | Rotation utilities: rank 12 -> 7 speed=5 (rapidly gaining strength)
2026-04-09T16:07:47 UTC | INFO     | sector_rotation_speed | Rotation real_estate: rank 9 -> 2 speed=7 (rapidly gaining strength)
2026-04-09T16:07:47 UTC | INFO     | sector_rotation_speed | Rotation communication_services: rank 5 -> 9 speed=-4 (rapidly losing strength)
2026-04-09T16:07:47 UTC | INFO     | sector_rotation_speed | Rotation semiconductors: rank 2 -> 1 speed=1 (stable)
2026-04-09T16:07:47 UTC | INFO     | sector_rotation_speed | Rotation defense: rank 11 -> 5 speed=6 (rapidly gaining strength)
2026-04-09T16:07:48 UTC | INFO     | news_collector | reuters RSS: fetched 0 articles
2026-04-09T16:07:48 UTC | INFO     | news_collector | ft RSS: fetched 9 articles
2026-04-09T16:07:48 UTC | INFO     | news_collector | Finnhub: fetched 100 articles
2026-04-09T16:07:48 UTC | INFO     | news_collector | Filter: 109 raw → 40 passed
2026-04-09T16:07:48 UTC | INFO     | news_collector | Dedup: 40 → 39 articles
2026-04-09T16:07:48 UTC | INFO     | news_collector | Sector confirmed: consumer_discretionary score=21.1 headlines=8
2026-04-09T16:07:48 UTC | INFO     | news_collector | Sector confirmed: financials score=9.6 headlines=3
2026-04-09T16:07:48 UTC | INFO     | news_collector | Sector confirmed: consumer_staples score=5.2 headlines=2
2026-04-09T16:07:48 UTC | INFO     | news_collector | Sector confirmed: utilities score=8.8 headlines=4
2026-04-09T16:07:48 UTC | INFO     | news_collector | Sector confirmed: technology score=11.6 headlines=5
2026-04-09T16:07:48 UTC | INFO     | news_collector | Sector gated: real_estate score=2.7 headlines=1 (need score>=4, headlines>=2)
2026-04-09T16:07:48 UTC | INFO     | news_collector | Sector confirmed: energy score=7.7 headlines=3
2026-04-09T16:07:48 UTC | INFO     | news_collector | Sector confirmed: materials score=8.1 headlines=4
2026-04-09T16:07:48 UTC | INFO     | news_collector | Sector confirmed: industrials score=8.9 headlines=4
2026-04-09T16:07:48 UTC | INFO     | news_collector | Sector gated: defense score=1.7 headlines=1 (need score>=4, headlines>=2)
2026-04-09T16:07:48 UTC | INFO     | news_collector | Confirmed sectors: ['consumer_discretionary', 'financials', 'consumer_staples', 'utilities', 'technology', 'energy', 'materials', 'industrials']
2026-04-09T16:07:48 UTC | INFO     | market_collector | get_index_history dow: 30 points
2026-04-09T16:07:49 UTC | INFO     | market_collector | get_index_history sp500: 30 points
2026-04-09T16:07:49 UTC | INFO     | market_collector | get_index_history nasdaq: 30 points
2026-04-09T16:07:49 UTC | INFO     | main | News: 39 articles, 8 candidate sectors
2026-04-09T16:07:49 UTC | INFO     | event_decay | Event decay: 3.00 -> 3.00 (0d old)
2026-04-09T16:07:49 UTC | INFO     | event_detector | Event "oil_supply_disruption": 1 occurrences, max adjusted score = 3.00
2026-04-09T16:07:49 UTC | INFO     | news_impact_scorer | SPY day move: 0.59%
2026-04-09T16:07:49 UTC | INFO     | news_impact_scorer | Impact [consumer_discretionary]: sources=8 kw=21.1 spy=0.59% → impact=0.789 ✓ passes
2026-04-09T16:07:49 UTC | INFO     | news_impact_scorer | Impact [financials]: sources=3 kw=9.6 spy=0.59% → impact=0.632 ✓ passes
2026-04-09T16:07:49 UTC | INFO     | news_impact_scorer | Impact [consumer_staples]: sources=2 kw=5.2 spy=0.59% → impact=0.433 ✗ below threshold
2026-04-09T16:07:49 UTC | INFO     | news_impact_scorer | Sector dropped by impact gate: consumer_staples (sources=2 kw=5.2 spy=0.59% → impact=0.433 ✗ below threshold)
2026-04-09T16:07:49 UTC | INFO     | news_impact_scorer | Impact [utilities]: sources=4 kw=8.8 spy=0.59% → impact=0.621 ✓ passes
2026-04-09T16:07:49 UTC | INFO     | news_impact_scorer | Impact [technology]: sources=5 kw=11.7 spy=0.59% → impact=0.663 ✓ passes
2026-04-09T16:07:49 UTC | INFO     | news_impact_scorer | Impact [energy]: sources=3 kw=7.7 spy=0.59% → impact=0.603 ✓ passes
2026-04-09T16:07:49 UTC | INFO     | news_impact_scorer | Impact [materials]: sources=4 kw=8.1 spy=0.59% → impact=0.610 ✓ passes
2026-04-09T16:07:49 UTC | INFO     | news_impact_scorer | Impact [industrials]: sources=4 kw=8.8 spy=0.59% → impact=0.621 ✓ passes
2026-04-09T16:07:49 UTC | INFO     | news_impact_scorer | Impact gate: 8 → 7 sectors passed
2026-04-09T16:07:49 UTC | INFO     | main | Momentum gate: 7 → 2 sectors
2026-04-09T16:07:49 UTC | INFO     | sector_mapper | Mapped 1 events → 5 sectors
2026-04-09T16:07:49 UTC | INFO     | sector_validator | Sector technology/XLK: sig1=False sig2=True sig3=False tf_ok=True → REJECTED
2026-04-09T16:07:49 UTC | INFO     | main | Sector technology: ETF confirmation failed
2026-04-09T16:07:49 UTC | INFO     | sector_validator | Sector industrials/XLI: sig1=False sig2=True sig3=False tf_ok=False → REJECTED
2026-04-09T16:07:49 UTC | INFO     | main | Sector industrials: ETF confirmation failed
2026-04-09T16:07:49 UTC | INFO     | main | No sectors confirmed — writing empty report
2026-04-09T16:07:49 UTC | INFO     | main | Empty report written: reports/output/empty_1145-1315_2026-04-09T160749Z.html
2026-04-09T16:07:49 UTC | INFO     | main | Git: committed and pushed
2026-04-09T16:07:49 UTC | INFO     | state_manager | Slot 11:45-13:15 marked complete
2026-04-09T16:51:20 UTC | INFO     | main | ============================================================
2026-04-09T16:51:20 UTC | INFO     | main | AUTOMATED STOCK RESEARCH SYSTEM — starting run
2026-04-09T16:51:20 UTC | INFO     | main | DISCLAIMER: This system does NOT perform trading, does NOT give investment advice, and does NOT make price predictions. It is a research data aggregation and scoring tool only.
2026-04-09T16:51:20 UTC | INFO     | main | ============================================================
2026-04-09T16:51:21 UTC | INFO     | main | [SCHEDULER] Time gate passed — matched slot 11:45-13:15
2026-04-09T16:51:21 UTC | INFO     | main | Run slot: 11:45-13:15
2026-04-09T16:51:21 UTC | INFO     | main | Slot 11:45-13:15 already complete today — exiting
2026-04-09T17:46:05 UTC | INFO     | main | ============================================================
2026-04-09T17:46:05 UTC | INFO     | main | AUTOMATED STOCK RESEARCH SYSTEM — starting run
2026-04-09T17:46:05 UTC | INFO     | main | DISCLAIMER: This system does NOT perform trading, does NOT give investment advice, and does NOT make price predictions. It is a research data aggregation and scoring tool only.
2026-04-09T17:46:05 UTC | INFO     | main | ============================================================
2026-04-09T17:46:05 UTC | INFO     | main | [SCHEDULER] Time gate passed — matched slot 13:45-15:15
2026-04-09T17:46:05 UTC | INFO     | main | Run slot: 13:45-15:15
2026-04-09T17:46:05 UTC | INFO     | market_collector | Index dow: 48303.53 Rising (+0.82%)
2026-04-09T17:46:05 UTC | INFO     | market_collector | Index sp500: 6831.73 Rising (+0.72%)
2026-04-09T17:46:05 UTC | INFO     | market_collector | Index nasdaq: 22821.74 Rising (+0.83%)
2026-04-09T17:46:05 UTC | INFO     | market_regime | VIX fetched: 19.89
2026-04-09T17:46:05 UTC | INFO     | market_regime | Regime: normal vix=19.89 risk_mult=1.0 opp_mult=1.0
2026-04-09T17:46:05 UTC | INFO     | main | Regime: normal vix=19.89
2026-04-09T17:46:29 UTC | INFO     | market_breadth | Market breadth: 100/130 advancing (0.77) — strong breadth — most stocks rising
2026-04-09T17:46:29 UTC | INFO     | spy_sma | [SPY] price=680.75 sma200=660.58 above=True
2026-04-09T17:46:33 UTC | INFO     | market_breadth | [B200] 88/125 above 200d SMA = 70.4%
2026-04-09T17:46:33 UTC | INFO     | market_regime_classifier | [MRC] regime=BULL score=3 spy_above=True vix=19.89 breadth_pct=70.4
2026-04-09T17:46:33 UTC | INFO     | main | [MR] market_regime=BULL score=3 breadth_pct=70.4
2026-04-09T17:46:33 UTC | INFO     | sector_breadth_ma | Sector breadth MA technology: 4/10 = 0.40 (mixed signals)
2026-04-09T17:46:34 UTC | INFO     | sector_breadth_ma | Sector breadth MA semiconductors: 9/10 = 0.90 (sector is genuinely strong)
2026-04-09T17:46:35 UTC | INFO     | sector_breadth_ma | Sector breadth MA healthcare: 4/10 = 0.40 (mixed signals)
2026-04-09T17:46:36 UTC | INFO     | sector_breadth_ma | Sector breadth MA financials: 7/10 = 0.70 (healthy participation)
2026-04-09T17:46:37 UTC | INFO     | sector_breadth_ma | Sector breadth MA consumer_discretionary: 5/10 = 0.50 (mixed signals)
2026-04-09T17:46:38 UTC | INFO     | sector_breadth_ma | Sector breadth MA consumer_staples: 5/10 = 0.50 (mixed signals)
2026-04-09T17:46:39 UTC | INFO     | sector_breadth_ma | Sector breadth MA industrials: 8/10 = 0.80 (sector is genuinely strong)
2026-04-09T17:46:40 UTC | INFO     | sector_breadth_ma | Sector breadth MA defense: 1/10 = 0.10 (sector is structurally weak)
2026-04-09T17:46:41 UTC | INFO     | sector_breadth_ma | Sector breadth MA energy: 8/10 = 0.80 (sector is genuinely strong)
2026-04-09T17:46:42 UTC | INFO     | sector_breadth_ma | Sector breadth MA materials: 7/10 = 0.70 (healthy participation)
2026-04-09T17:46:43 UTC | INFO     | sector_breadth_ma | Sector breadth MA utilities: 10/10 = 1.00 (sector is genuinely strong)
2026-04-09T17:46:44 UTC | INFO     | sector_breadth_ma | Sector breadth MA real_estate: 8/10 = 0.80 (sector is genuinely strong)
2026-04-09T17:46:45 UTC | INFO     | sector_breadth_ma | Sector breadth MA communication_services: 3/10 = 0.30 (mixed signals)
2026-04-09T17:46:47 UTC | INFO     | sector_momentum | Top 5 sectors: ['semiconductors', 'real_estate', 'industrials', 'technology', 'defense']
2026-04-09T17:46:47 UTC | INFO     | sector_momentum | Sector momentum history updated (5 entries)
2026-04-09T17:46:47 UTC | INFO     | sector_rotation_speed | Rotation technology: rank 4 -> 4 speed=0 (stable)
2026-04-09T17:46:47 UTC | INFO     | sector_rotation_speed | Rotation healthcare: rank 7 -> 12 speed=-5 (rapidly losing strength)
2026-04-09T17:46:47 UTC | INFO     | sector_rotation_speed | Rotation financials: rank 3 -> 6 speed=-3 (losing momentum)
2026-04-09T17:46:47 UTC | INFO     | sector_rotation_speed | Rotation consumer_discretionary: rank 8 -> 11 speed=-3 (losing momentum)
2026-04-09T17:46:47 UTC | INFO     | sector_rotation_speed | Rotation consumer_staples: rank 10 -> 9 speed=1 (stable)
2026-04-09T17:46:47 UTC | INFO     | sector_rotation_speed | Rotation industrials: rank 6 -> 3 speed=3 (gaining momentum)
2026-04-09T17:46:47 UTC | INFO     | sector_rotation_speed | Rotation materials: rank 13 -> 8 speed=5 (rapidly gaining strength)
2026-04-09T17:46:47 UTC | INFO     | sector_rotation_speed | Rotation energy: rank 1 -> 13 speed=-12 (rapidly losing strength)
2026-04-09T17:46:47 UTC | INFO     | sector_rotation_speed | Rotation utilities: rank 12 -> 7 speed=5 (rapidly gaining strength)
2026-04-09T17:46:47 UTC | INFO     | sector_rotation_speed | Rotation real_estate: rank 9 -> 2 speed=7 (rapidly gaining strength)
2026-04-09T17:46:47 UTC | INFO     | sector_rotation_speed | Rotation communication_services: rank 5 -> 10 speed=-5 (rapidly losing strength)
2026-04-09T17:46:47 UTC | INFO     | sector_rotation_speed | Rotation semiconductors: rank 2 -> 1 speed=1 (stable)
2026-04-09T17:46:47 UTC | INFO     | sector_rotation_speed | Rotation defense: rank 11 -> 5 speed=6 (rapidly gaining strength)
2026-04-09T17:46:47 UTC | INFO     | news_collector | reuters RSS: fetched 0 articles
2026-04-09T17:46:48 UTC | INFO     | news_collector | ft RSS: fetched 10 articles
2026-04-09T17:46:48 UTC | INFO     | news_collector | Finnhub: fetched 100 articles
2026-04-09T17:46:48 UTC | INFO     | news_collector | Filter: 110 raw → 42 passed
2026-04-09T17:46:48 UTC | INFO     | news_collector | Dedup: 42 → 41 articles
2026-04-09T17:46:48 UTC | INFO     | news_collector | Sector confirmed: financials score=7.2 headlines=3
2026-04-09T17:46:48 UTC | INFO     | news_collector | Sector confirmed: real_estate score=8.1 headlines=3
2026-04-09T17:46:48 UTC | INFO     | news_collector | Sector confirmed: utilities score=12.2 headlines=6
2026-04-09T17:46:48 UTC | INFO     | news_collector | Sector confirmed: consumer_discretionary score=22.2 headlines=9
2026-04-09T17:46:48 UTC | INFO     | news_collector | Sector confirmed: technology score=18.0 headlines=8
2026-04-09T17:46:48 UTC | INFO     | news_collector | Sector gated: semiconductors score=2.7 headlines=1 (need score>=4, headlines>=2)
2026-04-09T17:46:48 UTC | INFO     | news_collector | Sector gated: communication_services score=2.2 headlines=1 (need score>=4, headlines>=2)
2026-04-09T17:46:48 UTC | INFO     | news_collector | Sector confirmed: industrials score=10.5 headlines=5
2026-04-09T17:46:48 UTC | INFO     | news_collector | Sector confirmed: energy score=12.5 headlines=4
2026-04-09T17:46:48 UTC | INFO     | news_collector | Sector confirmed: materials score=12.6 headlines=5
2026-04-09T17:46:48 UTC | INFO     | news_collector | Sector confirmed: consumer_staples score=5.9 headlines=2
2026-04-09T17:46:48 UTC | INFO     | news_collector | Sector gated: defense score=1.7 headlines=1 (need score>=4, headlines>=2)
2026-04-09T17:46:48 UTC | INFO     | news_collector | Confirmed sectors: ['financials', 'real_estate', 'utilities', 'consumer_discretionary', 'technology', 'industrials', 'energy', 'materials', 'consumer_staples']
2026-04-09T17:46:48 UTC | INFO     | market_collector | get_index_history dow: 30 points
2026-04-09T17:46:48 UTC | INFO     | market_collector | get_index_history sp500: 30 points
2026-04-09T17:46:48 UTC | INFO     | market_collector | get_index_history nasdaq: 30 points
2026-04-09T17:46:48 UTC | INFO     | main | News: 41 articles, 9 candidate sectors
2026-04-09T17:46:48 UTC | INFO     | event_decay | Event decay: 3.00 -> 3.00 (0d old)
2026-04-09T17:46:48 UTC | INFO     | event_detector | Event "oil_supply_disruption": 1 occurrences, max adjusted score = 3.00
2026-04-09T17:46:48 UTC | INFO     | news_impact_scorer | SPY day move: 0.70%
2026-04-09T17:46:48 UTC | INFO     | news_impact_scorer | Impact [financials]: sources=3 kw=7.2 spy=0.70% → impact=0.612 ✓ passes
2026-04-09T17:46:48 UTC | INFO     | news_impact_scorer | Impact [real_estate]: sources=3 kw=8.1 spy=0.70% → impact=0.626 ✓ passes
2026-04-09T17:46:48 UTC | INFO     | news_impact_scorer | Impact [utilities]: sources=6 kw=12.2 spy=0.70% → impact=0.687 ✓ passes
2026-04-09T17:46:48 UTC | INFO     | news_impact_scorer | Impact [consumer_discretionary]: sources=9 kw=22.2 spy=0.70% → impact=0.804 ✓ passes
2026-04-09T17:46:48 UTC | INFO     | news_impact_scorer | Impact [technology]: sources=8 kw=18.0 spy=0.70% → impact=0.774 ✓ passes
2026-04-09T17:46:48 UTC | INFO     | news_impact_scorer | Impact [industrials]: sources=5 kw=10.5 spy=0.70% → impact=0.662 ✓ passes
2026-04-09T17:46:48 UTC | INFO     | news_impact_scorer | Impact [energy]: sources=4 kw=12.4 spy=0.70% → impact=0.691 ✓ passes
2026-04-09T17:46:48 UTC | INFO     | news_impact_scorer | Impact [materials]: sources=5 kw=12.6 spy=0.70% → impact=0.693 ✓ passes
2026-04-09T17:46:48 UTC | INFO     | news_impact_scorer | Impact [consumer_staples]: sources=2 kw=5.8 spy=0.70% → impact=0.459 ✗ below threshold
2026-04-09T17:46:48 UTC | INFO     | news_impact_scorer | Sector dropped by impact gate: consumer_staples (sources=2 kw=5.8 spy=0.70% → impact=0.459 ✗ below threshold)
2026-04-09T17:46:48 UTC | INFO     | news_impact_scorer | Impact gate: 9 → 8 sectors passed
2026-04-09T17:46:48 UTC | INFO     | main | Momentum gate: 8 → 3 sectors
2026-04-09T17:46:48 UTC | INFO     | sector_mapper | Mapped 1 events → 5 sectors
2026-04-09T17:46:48 UTC | INFO     | sector_validator | Sector real_estate/XLRE: sig1=True sig2=True sig3=False tf_ok=True → CONFIRMED
2026-04-09T17:46:48 UTC | INFO     | sector_validator | Sector technology/XLK: sig1=False sig2=True sig3=False tf_ok=True → REJECTED
2026-04-09T17:46:48 UTC | INFO     | main | Sector technology: ETF confirmation failed
2026-04-09T17:46:48 UTC | INFO     | sector_validator | Sector industrials/XLI: sig1=False sig2=True sig3=False tf_ok=False → REJECTED
2026-04-09T17:46:48 UTC | INFO     | main | Sector industrials: ETF confirmation failed
2026-04-09T17:46:48 UTC | INFO     | main | Confirmed sectors: ['real_estate']
2026-04-09T17:46:49 UTC | INFO     | financial_parser | PLD: using cached financials (1d old)
2026-04-09T17:46:49 UTC | INFO     | main | DEBUG filter PLD: ok=True reason=
2026-04-09T17:46:49 UTC | INFO     | main | AV budget exhausted — skipping AV for PLD
2026-04-09T17:46:49 UTC | INFO     | volume_confirmation | PLD volume ratio=0.24 score=0.08 label=lower activity than usual
2026-04-09T17:46:49 UTC | INFO     | risk_adjusted_momentum | PLD RAM raw=7.00 score=0.85
2026-04-09T17:46:49 UTC | INFO     | multi_timeframe_momentum | PLD MTF 1m=3.5548587769366278 3m=11.111349490745345 6m=22.53059890546695 score=0.72
2026-04-09T17:46:49 UTC | INFO     | trend_stability | PLD trend stability: dev=0.0208 score=0.79
2026-04-09T17:46:49 UTC | INFO     | drawdown_risk | PLD drawdown=1.2% score=0.97
2026-04-09T17:46:49 UTC | INFO     | risk_model | Risk score: raw=26.8 penalty=0 mult=1.0 final=26.8
2026-04-09T17:46:49 UTC | INFO     | opportunity_model | Opp score: b1=58.1 b2=66.4 b3=46.2 raw=59.1 x1.0 x1.15 = 67.9
2026-04-09T17:46:49 UTC | INFO     | signal_agreement | Signal agreement: m=0.85 s=0.92 e=0.50 v=0.08 -> 0.032
2026-04-09T17:46:49 UTC | INFO     | opportunity_model | Composite confidence: 60.0 (Moderate confidence)
2026-04-09T17:46:49 UTC | INFO     | main | DEBUG confidence PLD: conf=60.0 min=35 risk=26.8 opp=67.9
2026-04-09T17:46:49 UTC | INFO     | financial_parser | AMT: using cached financials (1d old)
2026-04-09T17:46:49 UTC | INFO     | main | DEBUG filter AMT: ok=False reason=debt-to-equity 4.34 above 2.5 threshold
2026-04-09T17:46:49 UTC | INFO     | financial_parser | EQIX: using cached financials (1d old)
2026-04-09T17:46:49 UTC | INFO     | main | DEBUG filter EQIX: ok=True reason=
2026-04-09T17:46:49 UTC | INFO     | main | AV budget exhausted — skipping AV for EQIX
2026-04-09T17:46:49 UTC | INFO     | volume_confirmation | EQIX volume ratio=0.28 score=0.09 label=lower activity than usual
2026-04-09T17:46:49 UTC | INFO     | risk_adjusted_momentum | EQIX RAM raw=17.94 score=1.00
2026-04-09T17:46:49 UTC | INFO     | multi_timeframe_momentum | EQIX MTF 1m=8.25200643171512 3m=34.00371281015917 6m=33.01155218028656 score=0.98
2026-04-09T17:46:49 UTC | INFO     | trend_stability | EQIX trend stability: dev=0.0849 score=0.15
2026-04-09T17:46:49 UTC | INFO     | drawdown_risk | EQIX drawdown=0.0% score=1.00
2026-04-09T17:46:49 UTC | INFO     | risk_model | Risk score: raw=38.4 penalty=0 mult=1.0 final=38.4
2026-04-09T17:46:49 UTC | INFO     | opportunity_model | Opp score: b1=32.4 b2=76.7 b3=46.7 raw=53.0 x1.0 x1.15 = 60.9
2026-04-09T17:46:49 UTC | INFO     | signal_agreement | Signal agreement: m=1.00 s=0.92 e=0.50 v=0.09 -> 0.043
2026-04-09T17:46:49 UTC | INFO     | opportunity_model | Composite confidence: 53.7 (Moderate confidence)
2026-04-09T17:46:49 UTC | INFO     | main | DEBUG confidence EQIX: conf=53.7 min=35 risk=38.4 opp=60.9
2026-04-09T17:46:49 UTC | INFO     | financial_parser | CCI: using cached financials (1d old)
2026-04-09T17:46:49 UTC | INFO     | candidate_filter | CCI: D/E missing — will be flagged in report but not excluded
2026-04-09T17:46:49 UTC | INFO     | main | DEBUG filter CCI: ok=True reason=
2026-04-09T17:46:49 UTC | INFO     | main | AV budget exhausted — skipping AV for CCI
2026-04-09T17:46:49 UTC | INFO     | volume_confirmation | CCI volume ratio=0.42 score=0.14 label=lower activity than usual
2026-04-09T17:46:49 UTC | INFO     | risk_adjusted_momentum | CCI RAM raw=1.92 score=0.60
2026-04-09T17:46:50 UTC | INFO     | multi_timeframe_momentum | CCI MTF 1m=-0.27136123227460335 3m=3.7487255153929055 6m=-6.113453995652594 score=0.50
2026-04-09T17:46:50 UTC | INFO     | trend_stability | CCI trend stability: dev=0.0477 score=0.52
2026-04-09T17:46:50 UTC | INFO     | drawdown_risk | CCI drawdown=3.9% score=0.90
2026-04-09T17:46:50 UTC | INFO     | risk_model | Risk score: raw=48.4 penalty=0 mult=1.0 final=48.4
2026-04-09T17:46:50 UTC | INFO     | opportunity_model | Opp score: b1=56.3 b2=54.7 b3=48.5 raw=54.1 x1.0 x1.15 = 62.2
2026-04-09T17:46:50 UTC | INFO     | signal_agreement | Signal agreement: m=0.60 s=0.92 e=0.50 v=0.14 -> 0.038
2026-04-09T17:46:50 UTC | INFO     | opportunity_model | Composite confidence: 50.5 (Moderate confidence)
2026-04-09T17:46:50 UTC | INFO     | main | DEBUG confidence CCI: conf=50.5 min=35 risk=48.4 opp=62.2
2026-04-09T17:46:50 UTC | INFO     | financial_parser | SBAC: using cached financials (1d old)
2026-04-09T17:46:50 UTC | INFO     | candidate_filter | SBAC: D/E missing — will be flagged in report but not excluded
2026-04-09T17:46:50 UTC | INFO     | main | DEBUG filter SBAC: ok=True reason=
2026-04-09T17:46:50 UTC | INFO     | main | AV budget exhausted — skipping AV for SBAC
2026-04-09T17:46:50 UTC | INFO     | volume_confirmation | SBAC volume ratio=0.49 score=0.16 label=lower activity than usual
2026-04-09T17:46:50 UTC | INFO     | risk_adjusted_momentum | SBAC RAM raw=6.69 score=0.83
2026-04-09T17:46:50 UTC | INFO     | multi_timeframe_momentum | SBAC MTF 1m=13.33270412442474 3m=21.003991078397327 6m=17.085162669208277 score=0.80
2026-04-09T17:46:50 UTC | INFO     | trend_stability | SBAC trend stability: dev=0.1107 score=0.00
2026-04-09T17:46:50 UTC | INFO     | drawdown_risk | SBAC drawdown=0.3% score=0.99
2026-04-09T17:46:50 UTC | INFO     | risk_model | Risk score: raw=33.2 penalty=0 mult=1.0 final=33.2
2026-04-09T17:46:50 UTC | INFO     | opportunity_model | Opp score: b1=60.0 b2=68.2 b3=49.5 raw=61.2 x1.0 x1.15 = 70.4
2026-04-09T17:46:50 UTC | INFO     | signal_agreement | Signal agreement: m=0.83 s=0.92 e=0.50 v=0.16 -> 0.063
2026-04-09T17:46:50 UTC | INFO     | opportunity_model | Composite confidence: 59.2 (Moderate confidence)
2026-04-09T17:46:50 UTC | INFO     | main | DEBUG confidence SBAC: conf=59.2 min=35 risk=33.2 opp=70.4
2026-04-09T17:46:50 UTC | INFO     | financial_parser | WELL: using cached financials (1d old)
2026-04-09T17:46:50 UTC | INFO     | main | DEBUG filter WELL: ok=True reason=
2026-04-09T17:46:50 UTC | INFO     | main | AV budget exhausted — skipping AV for WELL
2026-04-09T17:46:50 UTC | INFO     | volume_confirmation | WELL volume ratio=0.33 score=0.11 label=lower activity than usual
2026-04-09T17:46:50 UTC | INFO     | risk_adjusted_momentum | WELL RAM raw=9.21 score=0.96
2026-04-09T17:46:50 UTC | INFO     | multi_timeframe_momentum | WELL MTF 1m=0.9508020854559764 3m=13.352560620310133 6m=22.116032949163387 score=0.73
2026-04-09T17:46:50 UTC | INFO     | trend_stability | WELL trend stability: dev=0.0140 score=0.86
2026-04-09T17:46:50 UTC | INFO     | drawdown_risk | WELL drawdown=2.3% score=0.94
2026-04-09T17:46:50 UTC | INFO     | risk_model | Risk score: raw=28.6 penalty=0 mult=1.0 final=28.6
2026-04-09T17:46:50 UTC | INFO     | opportunity_model | Opp score: b1=38.8 b2=69.4 b3=47.3 raw=52.8 x1.0 x1.15 = 60.7
2026-04-09T17:46:50 UTC | INFO     | signal_agreement | Signal agreement: m=0.96 s=0.92 e=0.50 v=0.11 -> 0.048
2026-04-09T17:46:50 UTC | INFO     | opportunity_model | Composite confidence: 57.1 (Moderate confidence)
2026-04-09T17:46:50 UTC | INFO     | main | DEBUG confidence WELL: conf=57.1 min=35 risk=28.6 opp=60.7
2026-04-09T17:46:50 UTC | INFO     | financial_parser | DLR: using cached financials (1d old)
2026-04-09T17:46:50 UTC | INFO     | main | DEBUG filter DLR: ok=True reason=
2026-04-09T17:46:50 UTC | INFO     | main | AV budget exhausted — skipping AV for DLR
2026-04-09T17:46:51 UTC | INFO     | volume_confirmation | DLR volume ratio=0.65 score=0.22 label=lower activity than usual
2026-04-09T17:46:51 UTC | INFO     | risk_adjusted_momentum | DLR RAM raw=16.83 score=1.00
2026-04-09T17:46:51 UTC | INFO     | multi_timeframe_momentum | DLR MTF 1m=5.546254834178411 3m=23.258837163786918 6m=9.86581572474186 score=0.76
2026-04-09T17:46:51 UTC | INFO     | trend_stability | DLR trend stability: dev=0.0371 score=0.63
2026-04-09T17:46:51 UTC | INFO     | drawdown_risk | DLR drawdown=0.0% score=1.00
2026-04-09T17:46:51 UTC | INFO     | risk_model | Risk score: raw=36.1 penalty=0 mult=1.0 final=36.1
2026-04-09T17:46:51 UTC | INFO     | opportunity_model | Opp score: b1=40.4 b2=71.3 b3=51.6 raw=55.0 x1.0 x1.15 = 63.3
2026-04-09T17:46:51 UTC | INFO     | signal_agreement | Signal agreement: m=1.00 s=0.92 e=0.50 v=0.22 -> 0.099
2026-04-09T17:46:51 UTC | INFO     | opportunity_model | Composite confidence: 56.4 (Moderate confidence)
2026-04-09T17:46:51 UTC | INFO     | main | DEBUG confidence DLR: conf=56.4 min=35 risk=36.1 opp=63.3
2026-04-09T17:46:51 UTC | INFO     | financial_parser | PSA: using cached financials (1d old)
2026-04-09T17:46:51 UTC | INFO     | main | DEBUG filter PSA: ok=True reason=
2026-04-09T17:46:51 UTC | INFO     | main | AV budget exhausted — skipping AV for PSA
2026-04-09T17:46:51 UTC | INFO     | volume_confirmation | PSA volume ratio=0.26 score=0.09 label=lower activity than usual
2026-04-09T17:46:51 UTC | INFO     | risk_adjusted_momentum | PSA RAM raw=5.89 score=0.79
2026-04-09T17:46:51 UTC | INFO     | multi_timeframe_momentum | PSA MTF 1m=-2.8661109681033325 3m=11.871418647106541 6m=2.3740367491124053 score=0.60
2026-04-09T17:46:51 UTC | INFO     | trend_stability | PSA trend stability: dev=0.0476 score=0.52
2026-04-09T17:46:51 UTC | INFO     | drawdown_risk | PSA drawdown=4.4% score=0.89
2026-04-09T17:46:51 UTC | INFO     | risk_model | Risk score: raw=29.4 penalty=0 mult=1.0 final=29.4
2026-04-09T17:46:51 UTC | INFO     | opportunity_model | Opp score: b1=47.2 b2=62.1 b3=46.4 raw=53.0 x1.0 x1.15 = 61.0
2026-04-09T17:46:51 UTC | INFO     | signal_agreement | Signal agreement: m=0.79 s=0.92 e=0.50 v=0.09 -> 0.031
2026-04-09T17:46:51 UTC | INFO     | opportunity_model | Composite confidence: 56.6 (Moderate confidence)
2026-04-09T17:46:51 UTC | INFO     | main | DEBUG confidence PSA: conf=56.6 min=35 risk=29.4 opp=61.0
2026-04-09T17:46:51 UTC | INFO     | financial_parser | EQR: using cached financials (1d old)
2026-04-09T17:46:51 UTC | INFO     | main | DEBUG filter EQR: ok=True reason=
2026-04-09T17:46:51 UTC | INFO     | main | AV budget exhausted — skipping AV for EQR
2026-04-09T17:46:51 UTC | INFO     | volume_confirmation | EQR volume ratio=0.22 score=0.07 label=lower activity than usual
2026-04-09T17:46:52 UTC | INFO     | risk_adjusted_momentum | EQR RAM raw=-1.44 score=0.43
2026-04-09T17:46:52 UTC | INFO     | multi_timeframe_momentum | EQR MTF 1m=0.3056501154909176 3m=-0.43927203712344887 6m=-0.18670428290013863 score=0.50
2026-04-09T17:46:52 UTC | INFO     | trend_stability | EQR trend stability: dev=0.0304 score=0.70
2026-04-09T17:46:52 UTC | INFO     | drawdown_risk | EQR drawdown=6.0% score=0.85
2026-04-09T17:46:52 UTC | INFO     | risk_model | Risk score: raw=24.1 penalty=0 mult=1.0 final=24.1
2026-04-09T17:46:52 UTC | INFO     | opportunity_model | Opp score: b1=48.1 b2=46.6 b3=45.8 raw=47.0 x1.0 x1.15 = 54.1
2026-04-09T17:46:52 UTC | INFO     | signal_agreement | Signal agreement: m=0.43 s=0.92 e=0.50 v=0.07 -> 0.014
2026-04-09T17:46:52 UTC | INFO     | opportunity_model | Composite confidence: 55.7 (Moderate confidence)
2026-04-09T17:46:52 UTC | INFO     | main | DEBUG confidence EQR: conf=55.7 min=35 risk=24.1 opp=54.1
2026-04-09T17:46:52 UTC | INFO     | financial_parser | AVB: using cached financials (1d old)
2026-04-09T17:46:52 UTC | INFO     | main | DEBUG filter AVB: ok=True reason=
2026-04-09T17:46:52 UTC | INFO     | main | AV budget exhausted — skipping AV for AVB
2026-04-09T17:46:52 UTC | INFO     | volume_confirmation | AVB volume ratio=0.36 score=0.12 label=lower activity than usual
2026-04-09T17:46:52 UTC | INFO     | risk_adjusted_momentum | AVB RAM raw=-5.10 score=0.24
2026-04-09T17:46:52 UTC | INFO     | multi_timeframe_momentum | AVB MTF 1m=-1.9463430571035432 3m=-4.704960115109843 6m=-7.909489403721788 score=0.41
2026-04-09T17:46:52 UTC | INFO     | trend_stability | AVB trend stability: dev=0.0454 score=0.55
2026-04-09T17:46:52 UTC | INFO     | drawdown_risk | AVB drawdown=7.1% score=0.82
2026-04-09T17:46:52 UTC | INFO     | risk_model | Risk score: raw=27.0 penalty=0 mult=1.0 final=27.0
2026-04-09T17:46:52 UTC | INFO     | opportunity_model | Opp score: b1=48.5 b2=40.0 b3=47.8 raw=45.0 x1.0 x1.15 = 51.7
2026-04-09T17:46:52 UTC | INFO     | signal_agreement | Signal agreement: m=0.24 s=0.92 e=0.50 v=0.12 -> 0.014
2026-04-09T17:46:52 UTC | INFO     | opportunity_model | Composite confidence: 53.9 (Moderate confidence)
2026-04-09T17:46:52 UTC | INFO     | main | DEBUG confidence AVB: conf=53.9 min=35 risk=27.0 opp=51.7
2026-04-09T17:46:52 UTC | INFO     | financial_parser | VTR: using cached financials (1d old)
2026-04-09T17:46:52 UTC | INFO     | main | DEBUG filter VTR: ok=True reason=
2026-04-09T17:46:52 UTC | INFO     | main | AV budget exhausted — skipping AV for VTR
2026-04-09T17:46:52 UTC | INFO     | volume_confirmation | VTR volume ratio=0.31 score=0.10 label=lower activity than usual
2026-04-09T17:46:52 UTC | INFO     | risk_adjusted_momentum | VTR RAM raw=13.11 score=1.00
2026-04-09T17:46:53 UTC | INFO     | multi_timeframe_momentum | VTR MTF 1m=0.5008832557474063 3m=14.296674608057614 6m=26.421238325590412 score=0.75
2026-04-09T17:46:53 UTC | INFO     | trend_stability | VTR trend stability: dev=0.0087 score=0.91
2026-04-09T17:46:53 UTC | INFO     | drawdown_risk | VTR drawdown=1.7% score=0.96
2026-04-09T17:46:53 UTC | INFO     | risk_model | Risk score: raw=30.4 penalty=0 mult=1.0 final=30.4
2026-04-09T17:46:53 UTC | INFO     | opportunity_model | Opp score: b1=21.6 b2=71.1 b3=47.1 raw=46.5 x1.0 x1.15 = 53.4
2026-04-09T17:46:53 UTC | INFO     | signal_agreement | Signal agreement: m=1.00 s=0.92 e=0.50 v=0.10 -> 0.047
2026-04-09T17:46:53 UTC | INFO     | opportunity_model | Composite confidence: 53.9 (Moderate confidence)
2026-04-09T17:46:53 UTC | INFO     | main | DEBUG confidence VTR: conf=53.9 min=35 risk=30.4 opp=53.4
2026-04-09T17:46:53 UTC | INFO     | financial_parser | O: using cached financials (1d old)
2026-04-09T17:46:53 UTC | INFO     | main | DEBUG filter O: ok=True reason=
2026-04-09T17:46:53 UTC | INFO     | main | AV budget exhausted — skipping AV for O
2026-04-09T17:46:53 UTC | INFO     | volume_confirmation | O volume ratio=0.28 score=0.09 label=lower activity than usual
2026-04-09T17:46:53 UTC | INFO     | risk_adjusted_momentum | O RAM raw=10.17 score=1.00
2026-04-09T17:46:53 UTC | INFO     | multi_timeframe_momentum | O MTF 1m=-1.4978035175846158 3m=12.388303468753001 6m=9.63198912547996 score=0.65
2026-04-09T17:46:53 UTC | INFO     | trend_stability | O trend stability: dev=0.0270 score=0.73
2026-04-09T17:46:54 UTC | INFO     | drawdown_risk | O drawdown=5.4% score=0.86
2026-04-09T17:46:54 UTC | INFO     | risk_model | Risk score: raw=20.5 penalty=0 mult=1.0 final=20.5
2026-04-09T17:46:54 UTC | INFO     | opportunity_model | Opp score: b1=40.3 b2=68.4 b3=46.7 raw=52.8 x1.0 x1.15 = 60.7
2026-04-09T17:46:54 UTC | INFO     | signal_agreement | Signal agreement: m=1.00 s=0.92 e=0.50 v=0.09 -> 0.043
2026-04-09T17:46:54 UTC | INFO     | opportunity_model | Composite confidence: 59.9 (Moderate confidence)
2026-04-09T17:46:54 UTC | INFO     | main | DEBUG confidence O: conf=59.9 min=35 risk=20.5 opp=60.7
2026-04-09T17:46:54 UTC | INFO     | financial_parser | NNN: using cached financials (1d old)
2026-04-09T17:46:54 UTC | INFO     | main | DEBUG filter NNN: ok=True reason=
2026-04-09T17:46:54 UTC | INFO     | main | AV budget exhausted — skipping AV for NNN
2026-04-09T17:46:54 UTC | INFO     | volume_confirmation | NNN volume ratio=0.18 score=0.06 label=lower activity than usual
2026-04-09T17:46:54 UTC | INFO     | risk_adjusted_momentum | NNN RAM raw=8.56 score=0.93
2026-04-09T17:46:54 UTC | INFO     | multi_timeframe_momentum | NNN MTF 1m=-2.3730701568312176 3m=10.814365269419296 6m=7.80718136263684 score=0.62
2026-04-09T17:46:54 UTC | INFO     | trend_stability | NNN trend stability: dev=0.0221 score=0.78
2026-04-09T17:46:54 UTC | INFO     | drawdown_risk | NNN drawdown=3.5% score=0.91
2026-04-09T17:46:54 UTC | INFO     | risk_model | Risk score: raw=28.9 penalty=0 mult=1.0 final=28.9
2026-04-09T17:46:54 UTC | INFO     | opportunity_model | Opp score: b1=50.3 b2=66.0 b3=45.3 raw=55.6 x1.0 x1.15 = 63.9
2026-04-09T17:46:54 UTC | INFO     | signal_agreement | Signal agreement: m=0.93 s=0.92 e=0.50 v=0.06 -> 0.026
2026-04-09T17:46:54 UTC | INFO     | opportunity_model | Composite confidence: 57.7 (Moderate confidence)
2026-04-09T17:46:54 UTC | INFO     | main | DEBUG confidence NNN: conf=57.7 min=35 risk=28.9 opp=63.9
2026-04-09T17:46:54 UTC | INFO     | financial_parser | SPG: using cached financials (1d old)
2026-04-09T17:46:54 UTC | INFO     | main | DEBUG filter SPG: ok=False reason=debt-to-equity 4.35 above 2.5 threshold
2026-04-09T17:46:54 UTC | INFO     | financial_parser | SLG: using cached financials (1d old)
2026-04-09T17:46:54 UTC | INFO     | main | DEBUG filter SLG: ok=True reason=
2026-04-09T17:46:54 UTC | INFO     | main | AV budget exhausted — skipping AV for SLG
2026-04-09T17:46:54 UTC | INFO     | volume_confirmation | SLG volume ratio=0.34 score=0.11 label=lower activity than usual
2026-04-09T17:46:54 UTC | INFO     | risk_adjusted_momentum | SLG RAM raw=-7.62 score=0.12
2026-04-09T17:46:54 UTC | INFO     | multi_timeframe_momentum | SLG MTF 1m=1.0403006296932507 3m=-18.572413963697823 6m=-33.32858980094496 score=0.18
2026-04-09T17:46:55 UTC | INFO     | trend_stability | SLG trend stability: dev=0.0689 score=0.31
2026-04-09T17:46:55 UTC | INFO     | drawdown_risk | SLG drawdown=21.1% score=0.47
2026-04-09T17:46:55 UTC | INFO     | risk_model | Risk score: raw=68.6 penalty=0 mult=1.0 final=68.6
2026-04-09T17:46:55 UTC | INFO     | opportunity_model | Opp score: b1=18.1 b2=31.0 b3=47.4 raw=29.1 x1.0 x1.15 = 33.5
2026-04-09T17:46:55 UTC | INFO     | signal_agreement | Signal agreement: m=0.12 s=0.92 e=0.50 v=0.11 -> 0.006
2026-04-09T17:46:55 UTC | INFO     | opportunity_model | Composite confidence: 32.8 (Excluded)
2026-04-09T17:46:55 UTC | INFO     | main | DEBUG confidence SLG: conf=32.8 min=35 risk=68.6 opp=33.5
2026-04-09T17:46:55 UTC | INFO     | main | SLG: confidence 32.8 < 35 — excluded
2026-04-09T17:46:55 UTC | INFO     | financial_parser | KIM: using cached financials (1d old)
2026-04-09T17:46:55 UTC | INFO     | main | DEBUG filter KIM: ok=True reason=
2026-04-09T17:46:55 UTC | INFO     | main | AV budget exhausted — skipping AV for KIM
2026-04-09T17:46:55 UTC | INFO     | volume_confirmation | KIM volume ratio=0.30 score=0.10 label=lower activity than usual
2026-04-09T17:46:55 UTC | INFO     | risk_adjusted_momentum | KIM RAM raw=11.89 score=1.00
2026-04-09T17:46:55 UTC | INFO     | multi_timeframe_momentum | KIM MTF 1m=0.19430084883603144 3m=15.531747315994032 6m=11.221420446229432 score=0.69
2026-04-09T17:46:55 UTC | INFO     | trend_stability | KIM trend stability: dev=0.0143 score=0.86
2026-04-09T17:46:55 UTC | INFO     | drawdown_risk | KIM drawdown=0.7% score=0.98
2026-04-09T17:46:55 UTC | INFO     | risk_model | Risk score: raw=19.6 penalty=0 mult=1.0 final=19.6
2026-04-09T17:46:55 UTC | INFO     | opportunity_model | Opp score: b1=49.1 b2=69.4 b3=47.0 raw=56.8 x1.0 x1.15 = 65.3
2026-04-09T17:46:55 UTC | INFO     | signal_agreement | Signal agreement: m=1.00 s=0.92 e=0.50 v=0.10 -> 0.046
2026-04-09T17:46:55 UTC | INFO     | opportunity_model | Composite confidence: 61.8 (Moderate confidence)
2026-04-09T17:46:55 UTC | INFO     | main | DEBUG confidence KIM: conf=61.8 min=35 risk=19.6 opp=65.3
2026-04-09T17:46:55 UTC | INFO     | financial_parser | REG: using cached financials (1d old)
2026-04-09T17:46:55 UTC | INFO     | main | DEBUG filter REG: ok=True reason=
2026-04-09T17:46:55 UTC | INFO     | main | AV budget exhausted — skipping AV for REG
2026-04-09T17:46:55 UTC | INFO     | volume_confirmation | REG volume ratio=0.33 score=0.11 label=lower activity than usual
2026-04-09T17:46:56 UTC | INFO     | risk_adjusted_momentum | REG RAM raw=12.79 score=1.00
2026-04-09T17:46:56 UTC | INFO     | multi_timeframe_momentum | REG MTF 1m=1.8797158855306064 3m=13.772243254184813 6m=12.655903598647694 score=0.68
2026-04-09T17:46:56 UTC | INFO     | trend_stability | REG trend stability: dev=0.0130 score=0.87
2026-04-09T17:46:56 UTC | INFO     | drawdown_risk | REG drawdown=0.2% score=1.00
2026-04-09T17:46:56 UTC | INFO     | risk_model | Risk score: raw=26.3 penalty=0 mult=1.0 final=26.3
2026-04-09T17:46:56 UTC | INFO     | opportunity_model | Opp score: b1=63.5 b2=69.4 b3=47.3 raw=62.6 x1.0 x1.15 = 72.0
2026-04-09T17:46:56 UTC | INFO     | signal_agreement | Signal agreement: m=1.00 s=0.92 e=0.50 v=0.11 -> 0.050
2026-04-09T17:46:56 UTC | INFO     | opportunity_model | Composite confidence: 61.9 (Moderate confidence)
2026-04-09T17:46:56 UTC | INFO     | main | DEBUG confidence REG: conf=61.9 min=35 risk=26.3 opp=72.0
2026-04-09T17:46:56 UTC | INFO     | financial_parser | FRT: using cached financials (1d old)
2026-04-09T17:46:56 UTC | INFO     | main | DEBUG filter FRT: ok=True reason=
2026-04-09T17:46:56 UTC | INFO     | main | AV budget exhausted — skipping AV for FRT
2026-04-09T17:46:56 UTC | INFO     | volume_confirmation | FRT volume ratio=1.05 score=0.35 label=normal trading activity
2026-04-09T17:46:56 UTC | INFO     | risk_adjusted_momentum | FRT RAM raw=5.72 score=0.79
2026-04-09T17:46:56 UTC | INFO     | multi_timeframe_momentum | FRT MTF 1m=2.1731888011427944 3m=7.328582231455419 6m=13.071843302871141 score=0.63
2026-04-09T17:46:56 UTC | INFO     | trend_stability | FRT trend stability: dev=0.0187 score=0.81
2026-04-09T17:46:57 UTC | INFO     | drawdown_risk | FRT drawdown=1.3% score=0.97
2026-04-09T17:46:57 UTC | INFO     | risk_model | Risk score: raw=35.0 penalty=0 mult=1.0 final=35.0
2026-04-09T17:46:57 UTC | INFO     | opportunity_model | Opp score: b1=58.5 b2=62.8 b3=56.9 raw=59.9 x1.0 x1.15 = 68.9
2026-04-09T17:46:57 UTC | INFO     | signal_agreement | Signal agreement: m=0.79 s=0.92 e=0.50 v=0.35 -> 0.126
2026-04-09T17:46:57 UTC | INFO     | opportunity_model | Composite confidence: 59.3 (Moderate confidence)
2026-04-09T17:46:57 UTC | INFO     | main | DEBUG confidence FRT: conf=59.3 min=35 risk=35.0 opp=68.9
2026-04-09T17:46:57 UTC | INFO     | financial_parser | UDR: using cached financials (1d old)
2026-04-09T17:46:57 UTC | INFO     | main | DEBUG filter UDR: ok=True reason=
2026-04-09T17:46:57 UTC | INFO     | main | AV budget exhausted — skipping AV for UDR
2026-04-09T17:46:57 UTC | INFO     | volume_confirmation | UDR volume ratio=0.36 score=0.12 label=lower activity than usual
2026-04-09T17:46:57 UTC | INFO     | risk_adjusted_momentum | UDR RAM raw=-3.49 score=0.33
2026-04-09T17:46:57 UTC | INFO     | multi_timeframe_momentum | UDR MTF 1m=-4.363783565810687 3m=-3.3388298240354235 6m=-0.3103047401854585 score=0.46
2026-04-09T17:46:57 UTC | INFO     | trend_stability | UDR trend stability: dev=0.0657 score=0.34
2026-04-09T17:46:58 UTC | INFO     | drawdown_risk | UDR drawdown=11.6% score=0.71
2026-04-09T17:46:58 UTC | INFO     | risk_model | Risk score: raw=34.3 penalty=0 mult=1.0 final=34.3
2026-04-09T17:46:58 UTC | INFO     | opportunity_model | Opp score: b1=69.5 b2=43.1 b3=47.7 raw=54.5 x1.0 x1.15 = 62.7
2026-04-09T17:46:58 UTC | INFO     | signal_agreement | Signal agreement: m=0.33 s=0.92 e=0.50 v=0.12 -> 0.018
2026-04-09T17:46:58 UTC | INFO     | opportunity_model | Composite confidence: 55.2 (Moderate confidence)
2026-04-09T17:46:58 UTC | INFO     | main | DEBUG confidence UDR: conf=55.2 min=35 risk=34.3 opp=62.7
2026-04-09T17:46:58 UTC | INFO     | financial_parser | CPT: using cached financials (1d old)
2026-04-09T17:46:58 UTC | INFO     | main | DEBUG filter CPT: ok=True reason=
2026-04-09T17:46:58 UTC | INFO     | main | AV budget exhausted — skipping AV for CPT
2026-04-09T17:46:58 UTC | INFO     | volume_confirmation | CPT volume ratio=0.39 score=0.13 label=lower activity than usual
2026-04-09T17:46:58 UTC | INFO     | risk_adjusted_momentum | CPT RAM raw=-5.89 score=0.21
2026-04-09T17:46:58 UTC | INFO     | multi_timeframe_momentum | CPT MTF 1m=-0.622016728652209 3m=-4.864151333871903 6m=0.6109073555780916 score=0.46
2026-04-09T17:46:58 UTC | INFO     | trend_stability | CPT trend stability: dev=0.0549 score=0.45
2026-04-09T17:46:59 UTC | INFO     | drawdown_risk | CPT drawdown=7.5% score=0.81
2026-04-09T17:46:59 UTC | INFO     | risk_model | Risk score: raw=31.7 penalty=0 mult=1.0 final=31.7
2026-04-09T17:46:59 UTC | INFO     | opportunity_model | Opp score: b1=66.1 b2=40.1 b3=48.2 raw=52.1 x1.0 x1.15 = 59.9
2026-04-09T17:46:59 UTC | INFO     | signal_agreement | Signal agreement: m=0.20 s=0.92 e=0.50 v=0.13 -> 0.012
2026-04-09T17:46:59 UTC | INFO     | opportunity_model | Composite confidence: 55.0 (Moderate confidence)
2026-04-09T17:46:59 UTC | INFO     | main | DEBUG confidence CPT: conf=55.0 min=35 risk=31.7 opp=59.9
2026-04-09T17:46:59 UTC | INFO     | financial_parser | IRM: using cached financials (1d old)
2026-04-09T17:46:59 UTC | INFO     | candidate_filter | IRM: D/E missing — will be flagged in report but not excluded
2026-04-09T17:46:59 UTC | INFO     | main | DEBUG filter IRM: ok=True reason=
2026-04-09T17:46:59 UTC | INFO     | main | AV budget exhausted — skipping AV for IRM
2026-04-09T17:46:59 UTC | INFO     | volume_confirmation | IRM volume ratio=0.23 score=0.08 label=lower activity than usual
2026-04-09T17:46:59 UTC | INFO     | risk_adjusted_momentum | IRM RAM raw=11.99 score=1.00
2026-04-09T17:46:59 UTC | INFO     | multi_timeframe_momentum | IRM MTF 1m=2.279287354430111 3m=26.62422107686223 6m=5.18552667824258 score=0.76
2026-04-09T17:46:59 UTC | INFO     | trend_stability | IRM trend stability: dev=0.0215 score=0.78
2026-04-09T17:46:59 UTC | INFO     | drawdown_risk | IRM drawdown=2.7% score=0.93
2026-04-09T17:46:59 UTC | INFO     | risk_model | Risk score: raw=50.0 penalty=0 mult=1.0 final=50.0
2026-04-09T17:46:59 UTC | INFO     | opportunity_model | Opp score: b1=12.3 b2=71.1 b3=46.0 raw=42.6 x1.0 x1.15 = 49.0
2026-04-09T17:46:59 UTC | INFO     | signal_agreement | Signal agreement: m=1.00 s=0.92 e=0.50 v=0.08 -> 0.035
2026-04-09T17:46:59 UTC | INFO     | opportunity_model | Composite confidence: 45.3 (Weak confidence)
2026-04-09T17:46:59 UTC | INFO     | main | DEBUG confidence IRM: conf=45.3 min=35 risk=50.0 opp=49.0
2026-04-09T17:46:59 UTC | INFO     | financial_parser | WY: using cached financials (1d old)
2026-04-09T17:46:59 UTC | INFO     | main | DEBUG filter WY: ok=True reason=
2026-04-09T17:46:59 UTC | INFO     | main | AV budget exhausted — skipping AV for WY
2026-04-09T17:46:59 UTC | INFO     | volume_confirmation | WY volume ratio=0.21 score=0.07 label=lower activity than usual
2026-04-09T17:46:59 UTC | INFO     | risk_adjusted_momentum | WY RAM raw=2.93 score=0.65
2026-04-09T17:46:59 UTC | INFO     | multi_timeframe_momentum | WY MTF 1m=3.535978211105786 3m=8.938256300683216 6m=4.3914053166680995 score=0.61
2026-04-09T17:46:59 UTC | INFO     | trend_stability | WY trend stability: dev=0.0382 score=0.62
2026-04-09T17:47:00 UTC | INFO     | drawdown_risk | WY drawdown=6.8% score=0.83
2026-04-09T17:47:00 UTC | INFO     | risk_model | Risk score: raw=25.6 penalty=0 mult=1.0 final=25.6
2026-04-09T17:47:00 UTC | INFO     | opportunity_model | Opp score: b1=12.3 b2=58.6 b3=45.8 raw=37.5 x1.0 x1.15 = 43.2
2026-04-09T17:47:00 UTC | INFO     | signal_agreement | Signal agreement: m=0.65 s=0.92 e=0.50 v=0.07 -> 0.021
2026-04-09T17:47:00 UTC | INFO     | opportunity_model | Composite confidence: 51.5 (Moderate confidence)
2026-04-09T17:47:00 UTC | INFO     | main | DEBUG confidence WY: conf=51.5 min=35 risk=25.6 opp=43.2
2026-04-09T17:47:00 UTC | INFO     | financial_parser | LAMR: using cached financials (1d old)
2026-04-09T17:47:00 UTC | INFO     | main | DEBUG filter LAMR: ok=False reason=debt-to-equity 4.80 above 2.5 threshold
2026-04-09T17:47:00 UTC | INFO     | financial_parser | GLPI: using cached financials (1d old)
2026-04-09T17:47:00 UTC | INFO     | main | DEBUG filter GLPI: ok=True reason=
2026-04-09T17:47:00 UTC | INFO     | main | AV budget exhausted — skipping AV for GLPI
2026-04-09T17:47:00 UTC | INFO     | volume_confirmation | GLPI volume ratio=0.27 score=0.09 label=lower activity than usual
2026-04-09T17:47:00 UTC | INFO     | risk_adjusted_momentum | GLPI RAM raw=5.09 score=0.75
2026-04-09T17:47:00 UTC | INFO     | multi_timeframe_momentum | GLPI MTF 1m=-1.7339233526489455 3m=5.862059107210212 6m=5.43285469431117 score=0.57
2026-04-09T17:47:00 UTC | INFO     | trend_stability | GLPI trend stability: dev=0.0219 score=0.78
2026-04-09T17:47:00 UTC | INFO     | drawdown_risk | GLPI drawdown=4.6% score=0.88
2026-04-09T17:47:00 UTC | INFO     | risk_model | Risk score: raw=27.4 penalty=0 mult=1.0 final=27.4
2026-04-09T17:47:00 UTC | INFO     | opportunity_model | Opp score: b1=50.8 b2=60.4 b3=46.5 raw=53.7 x1.0 x1.15 = 61.8
2026-04-09T17:47:00 UTC | INFO     | signal_agreement | Signal agreement: m=0.75 s=0.92 e=0.50 v=0.09 -> 0.031
2026-04-09T17:47:00 UTC | INFO     | opportunity_model | Composite confidence: 57.6 (Moderate confidence)
2026-04-09T17:47:00 UTC | INFO     | main | DEBUG confidence GLPI: conf=57.6 min=35 risk=27.4 opp=61.8
2026-04-09T17:47:00 UTC | INFO     | financial_parser | VICI: using cached financials (1d old)
2026-04-09T17:47:00 UTC | INFO     | main | DEBUG filter VICI: ok=True reason=
2026-04-09T17:47:00 UTC | INFO     | main | AV budget exhausted — skipping AV for VICI
2026-04-09T17:47:00 UTC | INFO     | volume_confirmation | VICI volume ratio=0.23 score=0.08 label=lower activity than usual
2026-04-09T17:47:00 UTC | INFO     | risk_adjusted_momentum | VICI RAM raw=2.50 score=0.63
2026-04-09T17:47:00 UTC | INFO     | multi_timeframe_momentum | VICI MTF 1m=-2.099890005761603 3m=4.116547622581038 6m=-8.852768493179784 score=0.48
2026-04-09T17:47:00 UTC | INFO     | trend_stability | VICI trend stability: dev=0.0345 score=0.65
2026-04-09T17:47:00 UTC | INFO     | drawdown_risk | VICI drawdown=5.5% score=0.86
2026-04-09T17:47:00 UTC | INFO     | risk_model | Risk score: raw=12.3 penalty=0 mult=1.0 final=12.3
2026-04-09T17:47:00 UTC | INFO     | opportunity_model | Opp score: b1=48.3 b2=55.0 b3=46.0 raw=50.5 x1.0 x1.15 = 58.1
2026-04-09T17:47:00 UTC | INFO     | signal_agreement | Signal agreement: m=0.62 s=0.92 e=0.50 v=0.08 -> 0.022
2026-04-09T17:47:00 UTC | INFO     | opportunity_model | Composite confidence: 61.4 (Moderate confidence)
2026-04-09T17:47:00 UTC | INFO     | main | DEBUG confidence VICI: conf=61.4 min=35 risk=12.3 opp=58.1
2026-04-09T17:47:00 UTC | INFO     | financial_parser | MAA: using cached financials (1d old)
2026-04-09T17:47:00 UTC | INFO     | main | DEBUG filter MAA: ok=True reason=
2026-04-09T17:47:00 UTC | INFO     | main | AV budget exhausted — skipping AV for MAA
2026-04-09T17:47:00 UTC | INFO     | volume_confirmation | MAA volume ratio=0.31 score=0.10 label=lower activity than usual
2026-04-09T17:47:00 UTC | INFO     | risk_adjusted_momentum | MAA RAM raw=-6.40 score=0.18
2026-04-09T17:47:01 UTC | INFO     | multi_timeframe_momentum | MAA MTF 1m=-2.8894198072277852 3m=-5.315627741024987 6m=-5.102707049521474 score=0.42
2026-04-09T17:47:01 UTC | INFO     | trend_stability | MAA trend stability: dev=0.0600 score=0.40
2026-04-09T17:47:01 UTC | INFO     | drawdown_risk | MAA drawdown=8.7% score=0.78
2026-04-09T17:47:01 UTC | INFO     | risk_model | Risk score: raw=31.2 penalty=0 mult=1.0 final=31.2
2026-04-09T17:47:01 UTC | INFO     | opportunity_model | Opp score: b1=45.3 b2=38.5 b3=47.1 raw=43.0 x1.0 x1.15 = 49.4
2026-04-09T17:47:01 UTC | INFO     | signal_agreement | Signal agreement: m=0.18 s=0.92 e=0.50 v=0.10 -> 0.009
2026-04-09T17:47:01 UTC | INFO     | opportunity_model | Composite confidence: 51.5 (Moderate confidence)
2026-04-09T17:47:01 UTC | INFO     | main | DEBUG confidence MAA: conf=51.5 min=35 risk=31.2 opp=49.4
2026-04-09T17:47:01 UTC | INFO     | financial_parser | TWO: using cached financials (1d old)
2026-04-09T17:47:01 UTC | INFO     | main | DEBUG filter TWO: ok=False reason=debt-to-equity 4.79 above 2.5 threshold
2026-04-09T17:47:01 UTC | INFO     | financial_parser | NLY: using cached financials (1d old)
2026-04-09T17:47:01 UTC | INFO     | main | DEBUG filter NLY: ok=False reason=debt-to-equity 7.20 above 2.5 threshold
2026-04-09T17:47:01 UTC | INFO     | main | DEBUG candidate: PLD risk=26.8 opp=67.9 cap=70
2026-04-09T17:47:01 UTC | INFO     | main | DEBUG candidate: EQIX risk=38.4 opp=60.9 cap=70
2026-04-09T17:47:01 UTC | INFO     | main | DEBUG candidate: CCI risk=48.4 opp=62.2 cap=70
2026-04-09T17:47:01 UTC | INFO     | main | DEBUG candidate: SBAC risk=33.2 opp=70.4 cap=70
2026-04-09T17:47:01 UTC | INFO     | main | DEBUG candidate: WELL risk=28.6 opp=60.7 cap=70
2026-04-09T17:47:01 UTC | INFO     | main | DEBUG candidate: DLR risk=36.1 opp=63.3 cap=70
2026-04-09T17:47:01 UTC | INFO     | main | DEBUG candidate: PSA risk=29.4 opp=61.0 cap=70
2026-04-09T17:47:01 UTC | INFO     | main | DEBUG candidate: EQR risk=24.1 opp=54.1 cap=70
2026-04-09T17:47:01 UTC | INFO     | main | DEBUG candidate: AVB risk=27.0 opp=51.7 cap=70
2026-04-09T17:47:01 UTC | INFO     | main | DEBUG candidate: VTR risk=30.4 opp=53.4 cap=70
2026-04-09T17:47:01 UTC | INFO     | main | DEBUG candidate: O risk=20.5 opp=60.7 cap=70
2026-04-09T17:47:01 UTC | INFO     | main | DEBUG candidate: NNN risk=28.9 opp=63.9 cap=70
2026-04-09T17:47:01 UTC | INFO     | main | DEBUG candidate: KIM risk=19.6 opp=65.3 cap=70
2026-04-09T17:47:01 UTC | INFO     | main | DEBUG candidate: REG risk=26.3 opp=72.0 cap=70
2026-04-09T17:47:01 UTC | INFO     | main | DEBUG candidate: FRT risk=35.0 opp=68.9 cap=70
2026-04-09T17:47:01 UTC | INFO     | main | DEBUG candidate: UDR risk=34.3 opp=62.7 cap=70
2026-04-09T17:47:01 UTC | INFO     | main | DEBUG candidate: CPT risk=31.7 opp=59.9 cap=70
2026-04-09T17:47:01 UTC | INFO     | main | DEBUG candidate: IRM risk=50.0 opp=49.0 cap=70
2026-04-09T17:47:01 UTC | INFO     | main | DEBUG candidate: WY risk=25.6 opp=43.2 cap=70
2026-04-09T17:47:01 UTC | INFO     | main | DEBUG candidate: GLPI risk=27.4 opp=61.8 cap=70
2026-04-09T17:47:01 UTC | INFO     | main | DEBUG candidate: VICI risk=12.3 opp=58.1 cap=70
2026-04-09T17:47:01 UTC | INFO     | main | DEBUG candidate: MAA risk=31.2 opp=49.4 cap=70
2026-04-09T17:47:01 UTC | INFO     | zscore_ranker | Sector cap (3): skipped PLD (real_estate)
2026-04-09T17:47:01 UTC | INFO     | zscore_ranker | Sector cap (3): skipped O (real_estate)
2026-04-09T17:47:01 UTC | INFO     | zscore_ranker | Sector cap (3): skipped SBAC (real_estate)
2026-04-09T17:47:01 UTC | INFO     | zscore_ranker | Sector cap (3): skipped NNN (real_estate)
2026-04-09T17:47:01 UTC | INFO     | zscore_ranker | Sector cap (3): skipped FRT (real_estate)
2026-04-09T17:47:01 UTC | INFO     | zscore_ranker | Sector cap (3): skipped GLPI (real_estate)
2026-04-09T17:47:01 UTC | INFO     | zscore_ranker | Sector cap (3): skipped WELL (real_estate)
2026-04-09T17:47:01 UTC | INFO     | zscore_ranker | Sector cap (3): skipped PSA (real_estate)
2026-04-09T17:47:01 UTC | INFO     | zscore_ranker | Sector cap (3): skipped EQR (real_estate)
2026-04-09T17:47:01 UTC | INFO     | zscore_ranker | Sector cap (3): skipped UDR (real_estate)
2026-04-09T17:47:01 UTC | INFO     | zscore_ranker | Sector cap (3): skipped CPT (real_estate)
2026-04-09T17:47:01 UTC | INFO     | zscore_ranker | Sector cap (3): skipped DLR (real_estate)
2026-04-09T17:47:01 UTC | INFO     | zscore_ranker | Sector cap (3): skipped AVB (real_estate)
2026-04-09T17:47:01 UTC | INFO     | zscore_ranker | Sector cap (3): skipped EQIX (real_estate)
2026-04-09T17:47:01 UTC | INFO     | zscore_ranker | Sector cap (3): skipped VTR (real_estate)
2026-04-09T17:47:01 UTC | INFO     | zscore_ranker | Sector cap (3): skipped MAA (real_estate)
2026-04-09T17:47:01 UTC | INFO     | zscore_ranker | Sector cap (3): skipped WY (real_estate)
2026-04-09T17:47:01 UTC | INFO     | zscore_ranker | Sector cap (3): skipped CCI (real_estate)
2026-04-09T17:47:01 UTC | INFO     | zscore_ranker | Sector cap (3): skipped IRM (real_estate)
2026-04-09T17:47:01 UTC | INFO     | zscore_ranker | Z-score ranking complete: 22 → 22 eligible → 3 final (max 25, cap 3/sector)
2026-04-09T17:47:01 UTC | INFO     | main | Post-ranking count: 3
2026-04-09T17:47:01 UTC | INFO     | main | Final company count after industry dedup: 3
2026-04-09T17:47:01 UTC | INFO     | main | Final company count after score stability filter: 3
2026-04-09T17:47:01 UTC | INFO     | main | [EQ] Running earnings quality analysis on 3 tickers
2026-04-09T17:47:04 UTC | INFO     | main | [EQ] KIM: no EQ data — skipped or error
2026-04-09T17:47:04 UTC | INFO     | main | [EQ] Enrichment complete. 2 enriched / 3 total
2026-04-09T17:47:04 UTC | INFO     | main | [ROT] Running rotation analysis on 3 candidates
2026-04-09T17:47:06 UTC | INFO     | main | [ROT] Enrichment complete. 3 enriched / 3 total
2026-04-09T17:47:06 UTC | INFO     | main | [PS] Running price structure analysis on 3 tickers
2026-04-09T17:47:06 UTC | INFO     | main | [PS] Enrichment complete. 3 enriched / 3 total
2026-04-09T17:47:06 UTC | INFO     | main | [ER] Event risk enrichment complete. 3/3 processed
2026-04-09T17:47:44 UTC | INFO     | main | [INS] Insider enrichment complete. 3/3 processed
2026-04-09T17:47:44 UTC | INFO     | expectations | [EXP] REG: no Finnhub token — skipping beat streak
2026-04-09T17:47:44 UTC | INFO     | expectations | [EXP] KIM: no Finnhub token — skipping beat streak
2026-04-09T17:47:44 UTC | INFO     | expectations | [EXP] VICI: no Finnhub token — skipping beat streak
2026-04-09T17:47:44 UTC | INFO     | main | [EXP] Expectations enrichment complete. 3/3 processed
2026-04-09T17:47:45 UTC | INFO     | report_builder | Email report written: /home/runner/work/Financial_Assistant_Project/Financial_Assistant_Project/reports/output/intraday_email_1345_1515_20260409T174744Z.html
2026-04-09T17:47:45 UTC | INFO     | report_builder | Full report written: /home/runner/work/Financial_Assistant_Project/Financial_Assistant_Project/reports/output/intraday_full_1345_1515_20260409T174744Z.html
2026-04-09T17:47:45 UTC | INFO     | report_builder | Full report served at docs/reports/intraday_full_1345_1515_20260409T174744Z.html
2026-04-09T17:47:45 UTC | INFO     | dashboard_builder | News JSON written: 9 sectors
2026-04-09T17:47:45 UTC | INFO     | dashboard_builder | index.html written
2026-04-09T17:47:45 UTC | INFO     | dashboard_builder | rank.html written
2026-04-09T17:47:45 UTC | INFO     | dashboard_builder | archive.html written
2026-04-09T17:47:45 UTC | INFO     | dashboard_builder | news.html written
2026-04-09T17:47:45 UTC | INFO     | dashboard_builder | build_dashboard complete
2026-04-09T17:47:45 UTC | INFO     | email_sender | Using pre-built HTML: /home/runner/work/Financial_Assistant_Project/Financial_Assistant_Project/reports/output/intraday_email_1345_1515_20260409T174744Z.html
2026-04-09T17:47:46 UTC | INFO     | email_sender | Email sent to francisco.ale.caballero01+stocks@gmail.com: ■ Stock Research — 13:45-15:15 Update — 3 opportunities found
